
Welcome to IBM(R) ILOG(R) CPLEX(R) Interactive Optimizer 12.7.1.0
  with Simplex, Mixed Integer & Barrier Optimizers
5725-A06 5725-A29 5724-Y48 5724-Y49 5724-Y54 5724-Y55 5655-Y21
Copyright IBM Corp. 1988, 2017.  All Rights Reserved.

Type 'help' for a list of available commands.
Type 'help' followed by a command name for more
information on commands.

CPLEX> New value for default parallel thread count: 1
CPLEX> New value for time limit in seconds: 3600
CPLEX> Problem 'burma14_m2.lp' read.
Read time = 0.01 sec. (0.05 ticks)
CPLEX> CPXPARAM_TimeLimit                               3600
CPXPARAM_Threads                                 1
CPXPARAM_Read_APIEncoding                        "UTF-8"
Tried aggregator 1 time.
Reduced MIP has 214 rows, 378 columns, and 2394 nonzeros.
Reduced MIP has 364 binaries, 13 generals, 0 SOSs, and 0 indicators.
Presolve time = 0.00 sec. (1.06 ticks)
Probing time = 0.00 sec. (2.37 ticks)
Cover probing fixed 0 vars, tightened 1 bounds.
Tried aggregator 1 time.
Reduced MIP has 214 rows, 378 columns, and 2394 nonzeros.
Reduced MIP has 364 binaries, 14 generals, 0 SOSs, and 0 indicators.
Presolve time = 0.00 sec. (1.48 ticks)
Probing time = 0.00 sec. (2.36 ticks)
Clique table members: 1297.
MIP emphasis: balance optimality and feasibility.
MIP search method: dynamic search.
Parallel mode: none, using 1 thread.
Root relaxation solution time = 0.00 sec. (1.36 ticks)

        Nodes                                         Cuts/
   Node  Left     Objective  IInf  Best Integer    Best Bound    ItCnt     Gap

      0     0     1369.4167    25                   1369.4167       91         
      0     0     1444.0000    35                    Cuts: 27      213         
      0     0     1444.0000    34                    Cuts: 22      231         
*     0+    0                         5102.0000     1444.0000            71.70%
      0     2     1444.0000    28     5102.0000     1444.0000      231   71.70%
Elapsed time = 0.10 sec. (107.05 ticks, tree = 0.01 MB, solutions = 1)
*    46    42      integral     0     2319.0000     1456.2500      954   37.20%
*   156    93      integral     0     2261.0000     1467.9167     1939   35.08%
*   252   155      integral     0     2208.0000     1474.1042     2894   33.24%
*   817   499      integral     0     2189.0000     1500.6684     8672   31.45%
    853   518     1621.6711    44     2189.0000     1506.5000     9117   31.18%
*   897   488      integral     0     2123.0000     1509.8966     9743   28.88%
   1022   566     1499.0000    24     2123.0000     1522.6458    11878   28.28%
   1153   489     1562.7961    47     2123.0000     1527.8333    13447   28.03%
   1683   684     1606.2497    44     2123.0000     1575.8333    16627   25.77%
   2662  1330     1720.4464    34     2123.0000     1592.4144    22558   24.99%
   3711  2148     1651.0856    51     2123.0000     1616.2500    28620   23.87%
   4631  2901    infeasible           2123.0000     1626.7500    34041   23.37%
*  4802  2927      integral     0     2072.0000     1630.6250    34929   21.30%
   5694  3637     1788.7921    43     2072.0000     1641.7500    40338   20.76%
   9183  6166     1844.4908    41     2072.0000     1678.1929    62258   19.01%
Elapsed time = 2.53 sec. (3037.55 ticks, tree = 2.79 MB, solutions = 7)
  11306  7531     2027.2500    24     2072.0000     1700.3333    77390   17.94%
* 12724  8353      integral     0     2069.0000     1709.5845    87957   17.37%
  14051  9101     1906.5588    27     2069.0000     1719.0000    98684   16.92%
* 14369  9225      integral     0     2066.0000     1720.5748   101542   16.72%
  16514 10380     1736.1997    44     2066.0000     1735.9328   118507   15.98%
  18809 11368     1902.1667    32     2066.0000     1753.6200   140175   15.12%
* 18961 11343      integral     0     2062.0000     1754.5833   141724   14.91%
* 19507 11380      integral     0     2052.0000     1758.0000   146786   14.33%
  20874 11672     1879.4353    36     2052.0000     1769.3682   161562   13.77%
  23059 12188     1908.2591    44     2052.0000     1785.6881   183886   12.98%
* 24102 11900      integral     0     2038.0000     1795.2747   196024   11.91%
  26022 11998     1928.2804    37     2038.0000     1810.4144   216986   11.17%
  27952 11947     1885.4474    34     2038.0000     1825.0646   237430   10.45%
  29778 11627        cutoff           2038.0000     1839.7481   257720    9.73%
Elapsed time = 10.16 sec. (12181.08 ticks, tree = 5.22 MB, solutions = 12)
  31714 11288        cutoff           2038.0000     1853.5833   277576    9.05%
  33547 10810        cutoff           2038.0000     1867.0828   295677    8.39%
  35401 10140     1973.7851    30     2038.0000     1880.7500   315332    7.72%
  37254  9255     1919.1549    26     2038.0000     1895.9965   334697    6.97%
  39250  8155     2013.0657    33     2038.0000     1912.4815   354112    6.16%
  41401  6822     1963.2917    33     2038.0000     1930.8333   373221    5.26%
  43664  5327        cutoff           2038.0000     1952.0317   392061    4.22%
  46149  3559     2028.5000    34     2038.0000     1977.6667   409759    2.96%
  48887  1419        cutoff           2038.0000     2009.4659   428433    1.40%

GUB cover cuts applied:  62
Cover cuts applied:  29
Implied bound cuts applied:  1
Mixed integer rounding cuts applied:  81
Zero-half cuts applied:  15
Gomory fractional cuts applied:  5

Root node processing (before b&c):
  Real time             =    0.10 sec. (107.09 ticks)
Sequential b&c:
  Real time             =   17.49 sec. (21132.94 ticks)
                          ------------
Total (root+branch&cut) =   17.59 sec. (21240.03 ticks)

Solution pool: 12 solutions saved.

MIP - Integer optimal solution:  Objective =  2.0380000000e+03
Solution time =   17.59 sec.  Iterations = 436493  Nodes = 50478
Deterministic time = 21240.04 ticks  (1207.84 ticks/sec)

CPLEX> Incumbent solution
Variable Name           Solution Value
y                          2038.000000
x8                            1.000000
x206                          1.000000
x15                           1.000000
x225                          1.000000
x184                          1.000000
x241                          1.000000
x340                          1.000000
x89                           1.000000
x62                           1.000000
x175                          1.000000
x331                          1.000000
x319                          1.000000
x82                           1.000000
x111                          1.000000
x168                          1.000000
u2                            7.000000
u3                            4.000000
u4                            3.000000
u5                            3.000000
u6                            4.000000
u7                            2.000000
u9                            1.000000
u11                           2.000000
u12                           5.000000
u13                           1.000000
u14                           6.000000
All other variables in the range 1-378 are 0.
CPLEX> 