
Welcome to IBM(R) ILOG(R) CPLEX(R) Interactive Optimizer 12.7.1.0
  with Simplex, Mixed Integer & Barrier Optimizers
5725-A06 5725-A29 5724-Y48 5724-Y49 5724-Y54 5724-Y55 5655-Y21
Copyright IBM Corp. 1988, 2017.  All Rights Reserved.

Type 'help' for a list of available commands.
Type 'help' followed by a command name for more
information on commands.

CPLEX> New value for default parallel thread count: 1
CPLEX> New value for time limit in seconds: 3600
CPLEX> Problem 'ulysses16_m2.lp' read.
Read time = 0.00 sec. (0.07 ticks)
CPLEX> CPXPARAM_TimeLimit                               3600
CPXPARAM_Threads                                 1
CPXPARAM_Read_APIEncoding                        "UTF-8"
Tried aggregator 1 time.
Reduced MIP has 276 rows, 496 columns, and 3182 nonzeros.
Reduced MIP has 480 binaries, 15 generals, 0 SOSs, and 0 indicators.
Presolve time = 0.00 sec. (1.34 ticks)
Probing time = 0.00 sec. (2.46 ticks)
Cover probing fixed 0 vars, tightened 1 bounds.
Tried aggregator 1 time.
Reduced MIP has 276 rows, 496 columns, and 3182 nonzeros.
Reduced MIP has 480 binaries, 16 generals, 0 SOSs, and 0 indicators.
Presolve time = 0.00 sec. (1.90 ticks)
Probing time = 0.00 sec. (2.44 ticks)
Clique table members: 1714.
MIP emphasis: balance optimality and feasibility.
MIP search method: dynamic search.
Parallel mode: none, using 1 thread.
Root relaxation solution time = 0.00 sec. (2.76 ticks)

        Nodes                                         Cuts/
   Node  Left     Objective  IInf  Best Integer    Best Bound    ItCnt     Gap

      0     0     3020.2857    34                   3020.2857      162         
      0     0     3163.0000    37                    Cuts: 41      341         
      0     0     3163.0000    32                    Cuts: 51      366         
      0     0     3163.0000    30                     Cuts: 9      372         
      0     0     3163.0000    30                 ZeroHalf: 6      374         
      0     2     3163.0000    30                   3163.0000      374         
Elapsed time = 0.14 sec. (187.97 ticks, tree = 0.01 MB, solutions = 0)
*    48    26      integral     0     6454.0000     3318.0536      952   48.59%
*    82    36      integral     0     6123.0000     3318.0536     1300   45.81%
*   258   193      integral     0     6069.0000     3463.0000     3066   42.94%
*   445   352      integral     0     5991.0000     3499.3810     5175   41.59%
*   514   394      integral     0     5985.0000     3531.2321     5750   41.00%
*   569   425      integral     0     5834.0000     3561.0000     6165   38.96%
    679   524     3362.0000    48     5834.0000     3597.6012     8430   38.33%
*   739   357      integral     0     5479.0000     3597.6012     9112   34.34%
    799   380     3773.5483    36     5479.0000     3597.6012     9793   34.34%
*   938   359      integral     0     5468.0000     3597.6012    10921   34.21%
*  1249   458      integral     0     5420.0000     3597.6012    14395   33.62%
   1337   542     4711.2857    31     5420.0000     3597.6012    15113   33.62%
*  1463   578      integral     0     5294.0000     3597.6012    16681   32.04%
   1493   602     3364.0000    45     5294.0000     3597.6012    17995   32.04%
   1924   713     4731.8065    23     5294.0000     3597.6012    24624   32.04%
   2510   936     4842.5714    39     5294.0000     3597.6012    30929   32.04%
*  2873  1048      integral     0     5266.0000     3597.6012    34733   31.68%
   3028  1155     5058.5000    16     5266.0000     3597.6012    36491   31.68%
   3553  1552     4383.9643    33     5266.0000     3642.8377    42699   30.82%
*  5613  2895      integral     0     5263.0000     3772.7198    62475   28.32%
   5867  3068     4689.1429    26     5263.0000     3796.1790    65281   27.87%
Elapsed time = 2.95 sec. (3706.80 ticks, tree = 8.47 MB, solutions = 12)
*  6101  2999      integral     0     5218.0000     3803.6686    67704   27.10%
*  6287  3045      integral     0     5214.0000     3826.5750    69980   26.61%
   8047  4314     4133.5000    33     5214.0000     3933.5217    88257   24.56%
*  8848  4793      integral     0     5213.0000     3956.0000    96173   24.11%
*  9248  4695      integral     0     5161.0000     3968.0714   100500   23.11%
  10313  5378     4436.1429    32     5161.0000     4025.3571   111746   22.00%
  12341  6722     4698.1429    29     5161.0000     4122.0714   132975   20.13%
* 13493+ 7427                         5153.0000     4153.0000            19.41%
  14053  7809     4929.4286    27     5153.0000     4168.5000   152453   19.11%
  15786  8937     4541.7857    28     5153.0000     4193.0412   172379   18.63%
  17577 10092     4817.0980    31     5153.0000     4229.8571   193240   17.91%
* 18405 10074      integral     0     5145.0000     4242.3571   203424   17.54%
  19033 10518    infeasible           5145.0000     4246.3929   211316   17.47%
  20667 11553     4568.8333    32     5145.0000     4259.0000   228184   17.22%
  22236 12640     4897.4643    35     5145.0000     4267.8571   246755   17.05%
  23554 13432     4865.4286    34     5145.0000     4278.9286   261934   16.83%
Elapsed time = 11.10 sec. (13249.91 ticks, tree = 11.45 MB, solutions = 18)
  24886 14367     4293.8741    26     5145.0000     4284.4667   276779   16.73%
  26317 15384    infeasible           5145.0000     4289.1429   293037   16.63%
  27562 16139     4988.9289    26     5145.0000     4297.5714   307974   16.47%
* 28493+16524                         5144.0000     4302.0000            16.37%
  28881 16777     4573.9286    19     5144.0000     4303.0000   322840   16.35%
  30047 17512     4453.1055    21     5144.0000     4305.4286   336715   16.30%
  31359 18390     4456.1429    20     5144.0000     4309.9397   351268   16.21%
  32524 19077     4422.0763    36     5144.0000     4314.0000   365822   16.14%
  33941 20014     4415.3095    36     5144.0000     4320.0000   381669   16.02%
  35210 20732     4377.5409    38     5144.0000     4324.0000   396403   15.94%
  36449 21480     4662.7242    38     5144.0000     4328.5280   411084   15.85%
Elapsed time = 19.33 sec. (22799.65 ticks, tree = 15.72 MB, solutions = 19)
  37631 22196     4534.5000    32     5144.0000     4332.4074   424649   15.78%
  38932 22935    infeasible           5144.0000     4336.2143   440778   15.70%
  40199 23621     4437.3714    31     5144.0000     4340.0000   455791   15.63%
  41596 24380     4345.4286    30     5144.0000     4345.4286   472039   15.52%
  42985 25153     4429.0000    34     5144.0000     4351.1429   488388   15.41%
  44429 26003     4766.8214    41     5144.0000     4356.1196   504884   15.32%
  45671 26730     4776.4286    35     5144.0000     4360.6584   518579   15.23%
  46892 27413     4501.0000    16     5144.0000     4364.2480   532897   15.16%
  48085 28064     4565.6429    20     5144.0000     4368.5000   546788   15.08%
  49168 28657     4472.3756    41     5144.0000     4370.6429   558967   15.03%
Elapsed time = 27.09 sec. (32340.83 ticks, tree = 19.06 MB, solutions = 19)
  50426 29407     4550.7500    33     5144.0000     4373.7143   573619   14.97%
  51621 30090     4482.5714    25     5144.0000     4375.4454   588192   14.94%
  52711 30659     4755.4286    32     5144.0000     4379.6667   601739   14.86%
  53717 31196     4382.2143    30     5144.0000     4382.2143   614401   14.81%
  54806 31819     4782.5673    19     5144.0000     4384.8571   627765   14.76%
  55831 32271     4431.6373    41     5144.0000     4386.6409   640931   14.72%
  56984 32870     4499.7143    27     5144.0000     4388.2857   655429   14.69%
  58133 33503     4480.4000    38     5144.0000     4389.6809   670781   14.66%
  59163 34075     4659.0000    32     5144.0000     4392.4286   682906   14.61%
  60147 34553     4395.2143    22     5144.0000     4395.2143   695261   14.56%
Elapsed time = 34.93 sec. (41893.29 ticks, tree = 23.26 MB, solutions = 19)
  61091 35004    infeasible           5144.0000     4397.0000   707489   14.52%
  62089 35552     4531.6439    23     5144.0000     4398.7143   719819   14.49%
  63239 36118     4783.9268    27     5144.0000     4401.4677   734666   14.43%
  64413 36753     4776.9286    24     5144.0000     4404.0714   749278   14.38%
  65404 37287     4562.7619    44     5144.0000     4406.6098   761237   14.33%
  66351 37737     4465.2857    20     5144.0000     4408.9694   773131   14.29%
  67312 38193     4472.5000    24     5144.0000     4412.3437   784514   14.22%
  68353 38738     4886.7605    33     5144.0000     4415.9023   797235   14.15%
  69292 39174     4502.5000    39     5144.0000     4418.2732   809115   14.11%
  70236 39633    infeasible           5144.0000     4420.4286   822053   14.07%
Elapsed time = 42.81 sec. (51446.49 ticks, tree = 25.74 MB, solutions = 19)
  71357 40138     4544.0714    39     5144.0000     4422.5000   837349   14.03%
  72564 40714     4516.6429    33     5144.0000     4424.0008   852909   14.00%
  73747 41295        cutoff           5144.0000     4426.4286   868470   13.95%
  74963 41892     4567.0930    37     5144.0000     4428.9806   884501   13.90%
  76210 42553     4515.6456    35     5144.0000     4429.4901   900834   13.89%
  77458 43140     4449.9286    21     5144.0000     4431.0000   915935   13.86%
  78619 43684    infeasible           5144.0000     4432.9295   931516   13.82%
  79817 44300     4802.2143    30     5144.0000     4434.4286   947443   13.79%
  81036 44916     4436.4286    29     5144.0000     4436.4286   962779   13.76%
  82230 45462     4578.4643    23     5144.0000     4438.2912   976917   13.72%
Elapsed time = 49.82 sec. (60991.40 ticks, tree = 28.69 MB, solutions = 19)
  83367 45937     4810.1429    34     5144.0000     4440.7143   991568   13.67%
  84723 46601     4459.5588    31     5144.0000     4441.2857  1006984   13.66%
  86032 47161     4641.8354    24     5144.0000     4442.1429  1022026   13.64%
  87353 47768     4475.2500    24     5144.0000     4443.4612  1037409   13.62%
  88553 48337     4910.2857    19     5144.0000     4444.7143  1052607   13.59%
  89716 48872     4445.7143    26     5144.0000     4445.7143  1068054   13.57%
  90875 49402     4446.4286    32     5144.0000     4446.4286  1082627   13.56%
  92061 49939     4856.5183    31     5144.0000     4446.8929  1096645   13.55%
  93155 50415     4980.2500    35     5144.0000     4448.0000  1109996   13.53%
  94377 51006     4774.0238    30     5144.0000     4449.0000  1124944   13.51%
Elapsed time = 56.78 sec. (70535.31 ticks, tree = 31.56 MB, solutions = 19)
  95518 51558    infeasible           5144.0000     4449.0000  1140378   13.51%
  96799 52217        cutoff           5144.0000     4449.0000  1156433   13.51%
  98102 52875     4839.8571    35     5144.0000     4449.0000  1172946   13.51%
  99348 53484     4576.5714    42     5144.0000     4449.4249  1188743   13.50%
 100493 53974     4650.7143    29     5144.0000     4450.0000  1203296   13.49%
 101665 54505     4451.2857    31     5144.0000     4451.2857  1217933   13.47%
 102766 54980     5049.7500    34     5144.0000     4453.3571  1231968   13.43%
 104084 55607     4847.6129    32     5144.0000     4453.9659  1246374   13.41%
 105225 56113     4907.7764    31     5144.0000     4455.5000  1260481   13.38%
 106337 56575    infeasible           5144.0000     4456.2857  1274855   13.37%
Elapsed time = 63.68 sec. (80084.28 ticks, tree = 34.48 MB, solutions = 19)
 107649 57225     4942.1966    23     5144.0000     4456.6767  1290338   13.36%
 108830 57775     4936.2570    31     5144.0000     4458.0000  1304838   13.34%
 110079 58377        cutoff           5144.0000     4458.8571  1319410   13.32%
 111250 58849     5045.0243    36     5144.0000     4460.8929  1333589   13.28%
 112360 59265     4642.0714    36     5144.0000     4462.0000  1347545   13.26%
 113628 59839     4775.0000    30     5144.0000     4462.5714  1362916   13.25%
 114853 60386     5041.6667    36     5144.0000     4463.6071  1376599   13.23%
 115952 60818        cutoff           5144.0000     4465.0000  1390055   13.20%
 117198 61380     5072.2957    41     5144.0000     4466.2403  1404832   13.18%
 122193 63548     4505.8571    32     5144.0000     4468.1429  1465121   13.14%
Elapsed time = 72.58 sec. (92487.93 ticks, tree = 38.13 MB, solutions = 19)
 126925 65542    infeasible           5144.0000     4471.0000  1519662   13.08%
 131604 67467     5015.7143    30     5144.0000     4474.4030  1577293   13.02%
 136211 69203     4690.6115    35     5144.0000     4479.0357  1632257   12.93%
 140885 71033     4514.4286    36     5144.0000     4483.6627  1687533   12.84%
 145535 73004    infeasible           5144.0000     4486.5519  1741476   12.78%
 150219 74952     4555.3640    45     5144.0000     4490.0000  1794923   12.71%
 154900 76809     4522.4286    31     5144.0000     4493.8571  1849484   12.64%
 159579 78465     4604.4321    27     5144.0000     4497.1429  1902934   12.57%
 164325 80383     4928.0000    25     5144.0000     4499.2690  1957743   12.53%
 168846 82308     4835.0000    18     5144.0000     4500.7143  2010434   12.51%
Elapsed time = 99.89 sec. (130640.90 ticks, tree = 50.87 MB, solutions = 19)
 173589 84284     5019.0000    24     5144.0000     4503.0714  2062720   12.46%
 178105 85821     4552.5714    37     5144.0000     4505.9385  2115976   12.40%
 182529 87290     4684.0955    26     5144.0000     4509.0000  2166897   12.34%
 186993 88929     4575.5238    36     5144.0000     4511.7143  2217848   12.29%
 191497 90414     4653.5361    35     5144.0000     4514.1343  2269050   12.24%
 195921 91971     4605.7143    14     5144.0000     4517.2692  2320277   12.18%
 200585 93599     4530.2500    36     5144.0000     4519.0000  2374331   12.15%
 205600 95503        cutoff           5144.0000     4519.9286  2429938   12.13%
 210148 97036     4630.3821    34     5144.0000     4521.4375  2482796   12.10%
 214822 98780        cutoff           5144.0000     4523.1755  2536972   12.07%
Elapsed time = 127.00 sec. (168795.05 ticks, tree = 59.80 MB, solutions = 19)
 219641 100412     4856.2679    24     5144.0000     4525.1918  2588670   12.03%
 224240 102005     4668.0000    34     5144.0000     4526.7143  2641459   12.00%
 228567 103411     4987.5357    34     5144.0000     4529.0000  2691509   11.96%
 233103 104523     4637.1523    30     5144.0000     4531.0967  2742797   11.91%
 237348 105737     4591.0000    26     5144.0000     4533.1429  2791332   11.88%
 241746 106947     4539.1330    27     5144.0000     4536.1429  2840677   11.82%
 246282 108379     4581.3880    17     5144.0000     4538.3029  2892985   11.77%
 250642 109539     4659.2130    25     5144.0000     4540.0000  2943716   11.74%
 254994 110836     4747.3214    31     5144.0000     4542.5501  2991130   11.69%
 259432 112072     4696.6429    38     5144.0000     4545.2857  3039988   11.64%
Elapsed time = 153.96 sec. (206950.86 ticks, tree = 67.04 MB, solutions = 19)
 263817 113249     4684.1429    36     5144.0000     4547.0000  3089989   11.61%
 268263 114617     4598.0926    25     5144.0000     4549.4286  3140404   11.56%
 272318 115630     4876.2349    29     5144.0000     4551.4733  3187683   11.52%
 276748 116820     4839.5714    20     5144.0000     4553.9286  3235895   11.47%
 280824 117862    infeasible           5144.0000     4556.2857  3282781   11.43%
 284959 118723        cutoff           5144.0000     4558.5983  3330790   11.38%
 289071 119690     5000.1073    21     5144.0000     4560.5000  3380354   11.34%
 293283 120784    infeasible           5144.0000     4562.6493  3427480   11.30%
 298083 122257     4616.1892    15     5144.0000     4564.7143  3478224   11.26%
 302394 123420     4817.5000    41     5144.0000     4566.8630  3524810   11.22%
Elapsed time = 180.83 sec. (245104.02 ticks, tree = 73.26 MB, solutions = 19)
 306652 124588     4758.0312    21     5144.0000     4568.9286  3573251   11.18%
 310910 125930    infeasible           5144.0000     4571.0000  3621016   11.14%
 315096 127099    infeasible           5144.0000     4573.0000  3667365   11.10%
 319385 128321        cutoff           5144.0000     4575.2609  3714871   11.06%
 323670 129480     4847.5714    23     5144.0000     4577.5714  3761644   11.01%
 327892 130497     4934.1671    20     5144.0000     4579.9669  3806303   10.96%
 332182 131479     4794.9437    31     5144.0000     4582.0454  3852712   10.92%
 336582 132726     4819.6536    44     5144.0000     4583.6751  3900271   10.89%
 341212 134098    infeasible           5144.0000     4585.3407  3949731   10.86%
 345399 135067     4954.0000    30     5144.0000     4587.4500  3995810   10.82%
Elapsed time = 207.30 sec. (283258.34 ticks, tree = 82.64 MB, solutions = 19)
 349572 136105     4590.2644    39     5144.0000     4589.0878  4043759   10.79%
 353598 136952     4632.4286    29     5144.0000     4591.0000  4088762   10.75%
 357656 137826     4674.9635    33     5144.0000     4593.4081  4133779   10.70%
 361739 138656     4629.3544    22     5144.0000     4595.5575  4178361   10.66%
 365783 139648     4597.7143    28     5144.0000     4597.7143  4223850   10.62%
 370022 140824     4634.1637    30     5144.0000     4599.6429  4270718   10.58%
 374514 141949     4720.7889    26     5144.0000     4601.0000  4318664   10.56%
 378780 142941    infeasible           5144.0000     4603.1445  4364813   10.51%
 383008 143997    infeasible           5144.0000     4604.6429  4411007   10.49%
 387248 144828     4945.4196    37     5144.0000     4606.5131  4458283   10.45%
Elapsed time = 233.45 sec. (321412.85 ticks, tree = 88.10 MB, solutions = 19)
 391458 145753     4710.5714    30     5144.0000     4608.4286  4504529   10.41%
 395598 146652     4616.3717    33     5144.0000     4610.2187  4549115   10.38%
 400073 148100     4743.1429    20     5144.0000     4611.5714  4595647   10.35%
 404171 148870     4685.2857    31     5144.0000     4613.9286  4639055   10.30%
 408155 149565    infeasible           5144.0000     4616.0000  4682677   10.26%
 412184 150313     4829.2857    19     5144.0000     4617.6034  4726842   10.23%
 416393 151310     4619.2143    18     5144.0000     4619.2143  4770991   10.20%
 420665 152275     4993.0024    46     5144.0000     4620.8638  4815082   10.17%
 424708 152876     4691.1782    37     5144.0000     4622.5983  4858188   10.14%
 428588 153493     4888.3403    38     5144.0000     4624.5714  4900020   10.10%
Elapsed time = 259.28 sec. (359568.98 ticks, tree = 93.08 MB, solutions = 19)
 432675 154281    infeasible           5144.0000     4626.1429  4944950   10.07%
 436746 154996     4821.9008    38     5144.0000     4628.0659  4986667   10.03%
 440564 155545     5055.2857    27     5144.0000     4630.3571  5028292    9.99%
 444369 156059     4648.9557    31     5144.0000     4632.4196  5069914    9.95%
 448459 156756     4733.4614    40     5144.0000     4634.1687  5113077    9.91%
 452464 157602     5104.9408    17     5144.0000     4635.4575  5155518    9.89%
 456419 158377     4637.2143    19     5144.0000     4637.2143  5197388    9.85%
 460180 158707    infeasible           5144.0000     4639.0000  5240193    9.82%
 464089 159282     4761.4400    20     5144.0000     4640.7381  5280850    9.78%
 468278 160155     5035.9497    35     5144.0000     4642.0300  5325100    9.76%
Elapsed time = 285.00 sec. (397722.35 ticks, tree = 98.69 MB, solutions = 19)
 472303 160702     4760.1429    18     5144.0000     4643.8929  5367751    9.72%
 476137 161352    infeasible           5144.0000     4645.5000  5410558    9.69%
 480049 162032     4949.3571    26     5144.0000     4647.0714  5452324    9.66%
 484265 162753     4679.1071    29     5144.0000     4648.9286  5493763    9.62%
 489464 163953     4985.9875    42     5144.0000     4649.3428  5542239    9.62%
 493344 164467    infeasible           5144.0000     4651.1645  5584053    9.58%
 497356 165183        cutoff           5144.0000     4652.5676  5626589    9.55%
 501436 165682     4680.3984    29     5144.0000     4654.1685  5669086    9.52%
 505433 166530     4882.3847    28     5144.0000     4655.8167  5712160    9.49%
 509440 167019     4820.5000    20     5144.0000     4657.1429  5756136    9.46%
Elapsed time = 310.64 sec. (435875.47 ticks, tree = 102.63 MB, solutions = 19)
 513136 167404     4835.4737    48     5144.0000     4659.0000  5797076    9.43%
 517302 168509     5014.1826    32     5144.0000     4659.5166  5846637    9.42%
 521223 168907     4847.6089    27     5144.0000     4661.0000  5888883    9.39%
 524984 169302     4663.6728    22     5144.0000     4662.9674  5929632    9.35%
 528940 169858     4990.7310    34     5144.0000     4664.5000  5971109    9.32%
 532871 170540     4772.6924    21     5144.0000     4665.9286  6013671    9.29%
 536644 170902     4715.4762    38     5144.0000     4667.5000  6055443    9.26%
 540491 171487     4679.6071    33     5144.0000     4669.1801  6096420    9.23%
 544381 171977     4775.8994    21     5144.0000     4670.5714  6137717    9.20%
 548460 172388     4803.4286    31     5144.0000     4672.0000  6178411    9.18%
Elapsed time = 336.17 sec. (474029.01 ticks, tree = 105.80 MB, solutions = 19)
 552161 172768     4763.5714    39     5144.0000     4673.6190  6217767    9.14%
 556009 173279     4805.2857    13     5144.0000     4675.1899  6258594    9.11%
 559872 173676     4817.0113    32     5144.0000     4676.7857  6298907    9.08%
 563696 174214     4702.9360    27     5144.0000     4678.1569  6340024    9.06%
 567785 174636     4942.5714    31     5144.0000     4679.5714  6380577    9.03%
 571723 175132     4750.1786    37     5144.0000     4680.9719  6422464    9.00%
 575554 175336     4923.6017    41     5144.0000     4682.4687  6463381    8.97%
 579245 175747     4707.0000    28     5144.0000     4683.8456  6503323    8.95%
 582857 176063     4956.5000    32     5144.0000     4685.2857  6541842    8.92%
 586603 176485     4686.5714    26     5144.0000     4686.5714  6581606    8.89%
Elapsed time = 361.27 sec. (512182.40 ticks, tree = 108.18 MB, solutions = 19)
 590268 176882     4995.5714    33     5144.0000     4688.2089  6619972    8.86%
 593908 177201     4737.0714    33     5144.0000     4689.9286  6657988    8.83%
 597683 177572     5031.2857    30     5144.0000     4691.1429  6696609    8.80%
 601332 177941     4930.2621    35     5144.0000     4692.7760  6735235    8.77%
 604905 178214    infeasible           5144.0000     4694.2854  6773330    8.74%
 608472 178491     5061.2883    23     5144.0000     4695.9390  6810187    8.71%
 612434 178863     4971.6071    28     5144.0000     4697.1429  6849545    8.69%
 616223 179158     4705.0477    35     5144.0000     4698.6637  6887964    8.66%
 619823 179395     5026.4000    33     5144.0000     4700.1781  6926354    8.63%
 623354 179796     4761.4318    30     5144.0000     4701.7857  6962489    8.60%
Elapsed time = 386.01 sec. (550334.21 ticks, tree = 110.29 MB, solutions = 19)
 626987 180149     4901.9048    21     5144.0000     4703.1429  7000360    8.57%
 630684 180388     4836.0077    24     5144.0000     4704.4286  7040729    8.55%
 634999 180876    infeasible           5144.0000     4705.2000  7078618    8.53%
 638820 181334     4966.7143    33     5144.0000     4706.7143  7116411    8.50%
 642532 181628     4892.7249    45     5144.0000     4708.0000  7155816    8.48%
 646091 181885    infeasible           5144.0000     4709.4738  7192327    8.45%
 649932 182366     4826.5431    17     5144.0000     4710.6107  7230424    8.43%
 653702 182891     4830.4137    28     5144.0000     4711.8069  7271616    8.40%
 657294 183035     4966.0000    14     5144.0000     4713.0472  7308668    8.38%
 661053 183467     4714.4643    37     5144.0000     4714.4643  7345661    8.35%
Elapsed time = 410.72 sec. (588487.14 ticks, tree = 112.53 MB, solutions = 19)
 664617 183782        cutoff           5144.0000     4716.0094  7381957    8.32%
 668284 183977     4899.5714    22     5144.0000     4717.6429  7418942    8.29%
 671855 184297     4954.5000    17     5144.0000     4718.9643  7456622    8.26%
 675410 184467     4840.0107    33     5144.0000     4720.2857  7494489    8.24%
 678989 184744     4758.0000    12     5144.0000     4721.7974  7530058    8.21%
 682691 184910     4884.3571    22     5144.0000     4723.1012  7567447    8.18%
 686394 185070    infeasible           5144.0000     4724.5090  7605181    8.15%
 690073 185218     5087.9283    30     5144.0000     4726.0000  7641905    8.13%
 693633 185475     4841.2500    30     5144.0000     4727.5000  7678531    8.10%
 697308 185764     4815.2121    27     5144.0000     4728.6429  7717078    8.07%
Elapsed time = 434.94 sec. (626640.38 ticks, tree = 114.06 MB, solutions = 19)
 701287 186620     4800.3571    35     5144.0000     4729.0000  7752232    8.07%
 705405 187077     4892.0000    27     5144.0000     4729.9286  7792204    8.05%
 709049 187163     4770.7472    44     5144.0000     4731.4211  7829768    8.02%
 712812 187272     4735.0714    40     5144.0000     4732.9286  7866780    7.99%
 716466 187437    infeasible           5144.0000     4734.1429  7904309    7.97%
 720135 187419     4801.8571    26     5144.0000     4735.6429  7940774    7.94%
 723817 187618    infeasible           5144.0000     4736.9381  7978075    7.91%
 727458 187813     4826.1171    32     5144.0000     4737.9286  8015867    7.89%
 731233 187812     4748.7376    44     5144.0000     4739.0457  8052971    7.87%
 734969 187781     4947.9442    38     5144.0000     4740.4923  8090196    7.84%
Elapsed time = 459.46 sec. (664794.59 ticks, tree = 115.32 MB, solutions = 19)
 738732 187989     5025.0000    29     5144.0000     4741.8571  8127322    7.82%
 742341 188057     4743.1429    32     5144.0000     4743.1429  8164647    7.79%
 746086 188111     4811.3571    28     5144.0000     4744.5714  8202077    7.76%
 749794 188212     4811.2500    36     5144.0000     4745.9808  8238286    7.74%
 753551 188244     5050.8571    28     5144.0000     4747.2645  8274317    7.71%
 757303 188167     4837.2857    35     5144.0000     4748.7143  8312011    7.68%
 761102 188251     4803.3086    14     5144.0000     4750.0450  8347841    7.66%
 764852 188268     4936.7126    30     5144.0000     4751.1250  8384094    7.64%
 768580 188407     5022.5339    20     5144.0000     4752.4450  8421803    7.61%
 772094 188409     5063.3385    34     5144.0000     4753.7127  8458229    7.59%
Elapsed time = 483.70 sec. (702946.34 ticks, tree = 115.89 MB, solutions = 19)
 775643 188436     4907.9312    34     5144.0000     4755.0846  8495206    7.56%
 779339 188394    infeasible           5144.0000     4756.5245  8532419    7.53%
 782818 188543     5007.8264    36     5144.0000     4757.6389  8568837    7.51%
 786462 188555     4758.8214    25     5144.0000     4758.8214  8605840    7.49%
 790054 188647     4791.2521    37     5144.0000     4760.0714  8641951    7.46%
 793654 188741     4819.6786    34     5144.0000     4761.5431  8678682    7.44%
 797542 189043     4824.9286    18     5144.0000     4762.4643  8715220    7.42%
 801280 189172     4965.5000    27     5144.0000     4763.6452  8752227    7.39%
 804954 189174     4774.3400    20     5144.0000     4765.0000  8788568    7.37%
 808505 189058     4832.9996    30     5144.0000     4766.2920  8825326    7.34%
Elapsed time = 507.77 sec. (741100.20 ticks, tree = 118.46 MB, solutions = 19)
 812047 189072        cutoff           5144.0000     4767.6964  8861723    7.32%
 815842 188955     4785.9559    15     5144.0000     4769.0000  8897984    7.29%
 819473 188929     4825.8621    26     5144.0000     4770.4286  8934247    7.26%
 823169 188773     4771.8424    24     5144.0000     4771.8440  8971485    7.23%
 826874 188752     4841.2857    30     5144.0000     4773.0000  9008663    7.21%
 830490 189066     4879.2273    33     5144.0000     4774.0000  9046502    7.19%
 834057 189101     5044.4159    27     5144.0000     4775.2553  9083320    7.17%
 837689 189013     4838.0727    23     5144.0000     4776.7840  9119698    7.14%
 841387 188968     4918.5979    33     5144.0000     4777.6692  9158124    7.12%
 845027 188781     4797.5714    28     5144.0000     4779.0000  9195914    7.10%
Elapsed time = 531.57 sec. (779255.45 ticks, tree = 118.47 MB, solutions = 19)
 848630 188801     4921.0714    29     5144.0000     4780.2857  9232431    7.07%
 852317 188884     4832.1180    34     5144.0000     4781.4439  9266686    7.05%
 855932 188723     5060.5580    28     5144.0000     4782.7804  9303897    7.02%
 859671 188616     4921.2857    29     5144.0000     4784.1429  9340220    7.00%
 863380 188598     4943.3571    18     5144.0000     4785.4286  9376510    6.97%
 867011 188567    infeasible           5144.0000     4786.7418  9413480    6.95%
 870725 188284     4788.0000    32     5144.0000     4788.0000  9448999    6.92%
 874510 188362     4866.5714    21     5144.0000     4789.2143  9486148    6.90%
 878256 188267        cutoff           5144.0000     4790.6250  9522015    6.87%
 882057 187986     4792.0000    31     5144.0000     4792.0000  9559045    6.84%
Elapsed time = 555.38 sec. (817407.87 ticks, tree = 118.10 MB, solutions = 19)
 885935 187759     4930.1429    28     5144.0000     4793.0000  9597085    6.82%
 889743 187490     4808.2120    45     5144.0000     4794.1718  9635327    6.80%
 893509 187251     4869.8571    26     5144.0000     4795.7143  9671264    6.77%
 897226 187351     4796.9286    29     5144.0000     4796.9286  9707617    6.75%
 900846 187060     4917.2276    33     5144.0000     4798.2500  9744902    6.72%
 904737 187106     5029.4286    13     5144.0000     4799.3204  9782194    6.70%
 908548 186831     4839.9585    23     5144.0000     4800.7143  9819779    6.67%
 912264 186652     4873.3583    16     5144.0000     4802.0000  9857058    6.65%
 916007 186531     4978.4333    26     5144.0000     4803.1187  9894154    6.63%
 919951 186139     4811.4109    32     5144.0000     4804.3214  9931069    6.60%
Elapsed time = 579.18 sec. (855560.56 ticks, tree = 117.14 MB, solutions = 19)
 923716 185835     4948.1970    27     5144.0000     4805.6378  9967349    6.58%
 927509 185462    infeasible           5144.0000     4806.7410 10005581    6.56%
 931230 185288     4859.3061    29     5144.0000     4808.1324 10042155    6.53%
 934949 184930    infeasible           5144.0000     4809.5685 10077946    6.50%
 938814 184358     5020.6961    46     5144.0000     4811.0000 10113720    6.47%
 942488 184000     5051.8596    27     5144.0000     4812.2460 10150678    6.45%
 946324 183603     4813.4286    24     5144.0000     4813.4286 10188939    6.43%
 950108 183365     4957.5714    28     5144.0000     4814.5714 10225209    6.40%
 954007 183090     4859.3603    39     5144.0000     4815.9705 10262285    6.38%
 957827 182605     4833.4224    15     5144.0000     4817.2277 10298731    6.35%
Elapsed time = 602.68 sec. (893711.92 ticks, tree = 115.33 MB, solutions = 19)
 961621 182215     4818.6429    33     5144.0000     4818.6429 10334487    6.32%
 965396 181761     4838.8165    24     5144.0000     4820.0967 10370563    6.30%
 969148 181279     4859.2738    20     5144.0000     4821.5706 10408202    6.27%
 972923 180824     4996.5000    29     5144.0000     4823.0000 10444320    6.24%
 976713 180395        cutoff           5144.0000     4824.4870 10481036    6.21%
 980474 180075     4826.0000    14     5144.0000     4826.0000 10517180    6.18%
 984296 179836     4857.5357    26     5144.0000     4827.2351 10554085    6.16%
 988311 178969        cutoff           5144.0000     4828.7143 10590833    6.13%
 992139 178488     4834.1699    17     5144.0000     4830.1917 10628130    6.10%
 996009 177924     5010.7857    33     5144.0000     4831.7611 10664832    6.07%
Elapsed time = 625.90 sec. (931865.26 ticks, tree = 112.88 MB, solutions = 19)
 999816 177441     4966.4010    30     5144.0000     4833.3571 10700732    6.04%
 1003631 176966     4955.2500    35     5144.0000     4834.8571 10737621    6.01%
 1007438 176466     4837.0384    30     5144.0000     4836.1429 10774426    5.98%
 1011341 176184    infeasible           5144.0000     4837.5120 10810546    5.96%
 1015156 175703     4850.5714    37     5144.0000     4839.0000 10847022    5.93%
 1018891 175178     4879.7143    33     5144.0000     4840.4286 10882544    5.90%
 1022673 174642     4889.6822    33     5144.0000     4841.9815 10919182    5.87%
 1026484 174182     4911.5901    31     5144.0000     4843.3139 10954760    5.85%
 1030420 173781     4859.4685    30     5144.0000     4844.7270 10991176    5.82%
 1034273 173320    infeasible           5144.0000     4846.1472 11026665    5.79%
Elapsed time = 649.00 sec. (970018.71 ticks, tree = 110.45 MB, solutions = 19)
 1038062 172759     4847.9242    32     5144.0000     4847.9270 11062428    5.76%
 1041952 172073     4931.8929    14     5144.0000     4849.5000 11098105    5.73%
 1045767 171525     4917.0000    22     5144.0000     4851.0000 11133878    5.70%
 1049659 170991     4957.3571    28     5144.0000     4852.2040 11170763    5.67%
 1053493 170546     4856.7857    26     5144.0000     4853.5714 11207479    5.65%
 1057389 170019     4939.7500    28     5144.0000     4855.0000 11243175    5.62%
 1061198 169574    infeasible           5144.0000     4856.3571 11278972    5.59%
 1064987 168928     4986.7143    29     5144.0000     4857.9315 11315176    5.56%
 1069103 168211     4989.2880    34     5144.0000     4859.1022 11352829    5.54%
 1073071 167688        cutoff           5144.0000     4860.5000 11388349    5.51%
Elapsed time = 671.98 sec. (1008171.84 ticks, tree = 107.42 MB, solutions = 19)
 1076996 166971     4881.6364    18     5144.0000     4862.0000 11424925    5.48%
 1080939 166509    infeasible           5144.0000     4863.4286 11459873    5.45%
 1084779 165853     4952.0000    12     5144.0000     4864.9997 11496019    5.42%
 1088770 165186        cutoff           5144.0000     4866.4471 11533035    5.40%
 1092662 164498     4954.7857     7     5144.0000     4868.0000 11568829    5.37%
 1096612 163683    infeasible           5144.0000     4869.5000 11604909    5.34%
 1100475 163152    infeasible           5144.0000     4871.0000 11640610    5.31%
 1104254 162572        cutoff           5144.0000     4872.2500 11679100    5.28%
 1108335 161894    infeasible           5144.0000     4873.7872 11715305    5.25%
 1112441 161464     4908.0651    37     5144.0000     4875.0000 11752619    5.23%
Elapsed time = 694.82 sec. (1046323.51 ticks, tree = 104.08 MB, solutions = 19)
 1116453 160655    infeasible           5144.0000     4876.5403 11789594    5.20%
 1120381 159741     5060.7143    22     5144.0000     4878.1429 11825785    5.17%
 1124361 159133     4898.1071    31     5144.0000     4879.7031 11860669    5.14%
 1128421 158391     4911.2410    23     5144.0000     4881.2500 11896402    5.11%
 1132344 157753     4906.3202    32     5144.0000     4882.7321 11931574    5.08%
 1136438 156964    infeasible           5144.0000     4884.1263 11967902    5.05%
 1140637 156713     4935.1992    29     5144.0000     4885.1821 12006315    5.03%
 1144657 156042    infeasible           5144.0000     4886.6947 12041844    5.00%
 1148603 155181    infeasible           5144.0000     4888.1429 12078316    4.97%
 1152638 154267        cutoff           5144.0000     4889.9286 12113499    4.94%
Elapsed time = 717.70 sec. (1084475.48 ticks, tree = 100.15 MB, solutions = 19)
 1156603 153298     5098.5124    36     5144.0000     4891.5178 12149554    4.91%
 1160618 152368     5083.0297    36     5144.0000     4893.2204 12184934    4.88%
 1164515 151498    infeasible           5144.0000     4894.9286 12220499    4.84%
 1168564 150587     5074.1310    42     5144.0000     4896.5000 12255453    4.81%
 1172703 150075     4977.1429    29     5144.0000     4897.8929 12290959    4.78%
 1176809 149456     4899.3062    27     5144.0000     4899.3064 12327151    4.76%
 1180897 148689     4903.7364    26     5144.0000     4900.8929 12361859    4.73%
 1184842 147769     4929.0000    17     5144.0000     4902.6335 12397607    4.69%
 1188798 146865     4956.7857    33     5144.0000     4904.1043 12433748    4.66%
 1192847 145929     4924.0752    23     5144.0000     4905.8706 12468965    4.63%
Elapsed time = 740.23 sec. (1122630.58 ticks, tree = 95.59 MB, solutions = 19)
 1196859 145096    infeasible           5144.0000     4907.4544 12504707    4.60%
 1200893 144193     4909.1429    28     5144.0000     4909.1429 12539801    4.57%
 1204935 143311     4923.8898    29     5144.0000     4910.7337 12575193    4.53%
 1208995 142391     5046.8571    27     5144.0000     4912.2452 12611695    4.51%
 1213275 142272        cutoff           5144.0000     4913.5349 12646159    4.48%
 1217344 141446        cutoff           5144.0000     4915.0313 12681583    4.45%
 1221284 140338     4948.7857    27     5144.0000     4917.0000 12716547    4.41%
 1225313 139250     5021.0000    27     5144.0000     4918.7857 12752657    4.38%
 1229397 138302    infeasible           5144.0000     4920.3929 12788220    4.35%
 1233557 137423     4954.5000    21     5144.0000     4922.0000 12822308    4.32%
Elapsed time = 762.67 sec. (1160782.63 ticks, tree = 90.89 MB, solutions = 19)
 1237585 136522     4923.7143    29     5144.0000     4923.7143 12857834    4.28%
 1241608 135487    infeasible           5144.0000     4925.4521 12893145    4.25%
 1245667 134347     5087.7500    19     5144.0000     4927.1339 12928342    4.22%
 1249670 133213     5018.5357    21     5144.0000     4929.0000 12963076    4.18%
 1253684 132198     4942.1250    15     5144.0000     4930.6835 12998372    4.15%
 1257901 131046     4950.5048    29     5144.0000     4932.3853 13034303    4.11%
 1262017 130001        cutoff           5144.0000     4934.0084 13068987    4.08%
 1266153 128893     4936.4624    40     5144.0000     4935.9286 13103306    4.04%
 1270193 127747     4938.9001    23     5144.0000     4937.7500 13138237    4.01%
 1274288 126510     4962.8572    18     5144.0000     4939.5934 13173987    3.97%
Elapsed time = 784.80 sec. (1198935.47 ticks, tree = 84.79 MB, solutions = 19)
 1278426 125249     4941.4286    25     5144.0000     4941.4286 13209672    3.94%
 1282492 123956     5087.1429    16     5144.0000     4943.3385 13244279    3.90%
 1286614 122858     5089.2954    20     5144.0000     4945.1052 13278436    3.87%
 1290722 121483     4970.5566    28     5144.0000     4947.0287 13312757    3.83%
 1294873 120417     5106.0000    15     5144.0000     4948.9464 13346702    3.79%
 1299129 119027     5052.5357    19     5144.0000     4950.8833 13381340    3.75%
 1303308 117882     4952.6429    33     5144.0000     4952.6429 13415740    3.72%
 1307449 116553     5007.8712    29     5144.0000     4954.6071 13450312    3.68%
 1311602 115346     5129.8571    27     5144.0000     4956.4286 13484648    3.65%
 1315811 113869     5092.5246    30     5144.0000     4958.2857 13519111    3.61%
Elapsed time = 806.69 sec. (1237090.64 ticks, tree = 77.70 MB, solutions = 19)
 1319934 112288     4966.7950    19     5144.0000     4960.3745 13554351    3.57%
 1323950 110982    infeasible           5144.0000     4962.3496 13588845    3.53%
 1328137 109539     4964.5000    31     5144.0000     4964.5000 13622823    3.49%
 1332605 107789        cutoff           5144.0000     4966.4524 13657275    3.45%
 1336822 106294        cutoff           5144.0000     4968.7045 13691238    3.41%
 1340997 104794        cutoff           5144.0000     4970.7533 13724539    3.37%
 1345203 103276     5022.0758    29     5144.0000     4972.8482 13759771    3.33%
 1349531 101623     5064.0000     9     5144.0000     4974.7549 13794142    3.29%
 1353684 100183    infeasible           5144.0000     4977.0000 13827412    3.25%
 1357944 98801    infeasible           5144.0000     4978.9339 13861814    3.21%
Elapsed time = 828.30 sec. (1275242.24 ticks, tree = 69.10 MB, solutions = 19)
 1362150 97366     5016.8333    13     5144.0000     4980.8571 13896768    3.17%
 1366572 95581     5121.0714    31     5144.0000     4983.0000 13930624    3.13%
 1370938 93892        cutoff           5144.0000     4985.0938 13964400    3.09%
 1375150 92170     5049.4701    24     5144.0000     4987.2804 13998266    3.05%
 1379475 90245     5017.6872    36     5144.0000     4989.6393 14032145    3.00%
 1383859 88517     5105.2500    32     5144.0000     4991.9286 14065209    2.96%
 1388367 86975     5008.0000    11     5144.0000     4993.7605 14098605    2.92%
 1392701 85200        cutoff           5144.0000     4995.7618 14133053    2.88%
 1397143 83306     5009.1429    31     5144.0000     4998.0000 14166341    2.84%
 1401478 81503        cutoff           5144.0000     5000.4768 14200658    2.79%
Elapsed time = 849.83 sec. (1313396.78 ticks, tree = 59.31 MB, solutions = 19)
 1405900 79866     5003.3391    23     5144.0000     5002.6773 14234674    2.75%
 1410490 77773     5058.4286    32     5144.0000     5005.0000 14268511    2.70%
 1414945 75867    infeasible           5144.0000     5007.5111 14301480    2.65%
 1419505 73747    infeasible           5144.0000     5010.0000 14334610    2.60%
 1423969 71815    infeasible           5144.0000     5012.6419 14368492    2.55%
 1428454 69706     5027.5000    21     5144.0000     5015.5000 14402041    2.50%
 1432979 67534     5129.2734    29     5144.0000     5018.3376 14435934    2.44%
 1437493 65215     5025.0384    20     5144.0000     5021.4412 14468195    2.38%
 1442064 63030     5024.2857    16     5144.0000     5024.2857 14501949    2.33%
 1446611 60806        cutoff           5144.0000     5027.4584 14534480    2.27%
Elapsed time = 871.09 sec. (1351551.86 ticks, tree = 47.47 MB, solutions = 19)
 1451178 58414     5069.1073    30     5144.0000     5030.5714 14567625    2.21%
 1455817 55933    infeasible           5144.0000     5033.5714 14600475    2.15%
 1460359 53575    infeasible           5144.0000     5037.0000 14632473    2.08%
 1465114 50909    infeasible           5144.0000     5040.2648 14665521    2.02%
 1469837 48427        cutoff           5144.0000     5043.7679 14697874    1.95%
 1474430 45895        cutoff           5144.0000     5047.2386 14730824    1.88%
 1479211 43119     5057.4286    20     5144.0000     5051.0000 14762556    1.81%
 1484173 40272     5063.0000    10     5144.0000     5055.0000 14794238    1.73%
 1488941 37511        cutoff           5144.0000     5058.6071 14827048    1.66%
 1493846 34330    infeasible           5144.0000     5063.0000 14859104    1.57%
Elapsed time = 891.91 sec. (1389704.32 ticks, tree = 32.22 MB, solutions = 19)
 1498676 31190        cutoff           5144.0000     5067.8957 14889948    1.48%
 1503617 28121     5072.7500    27     5144.0000     5072.7500 14921599    1.39%
 1508621 24757     5095.1925    23     5144.0000     5078.0324 14953336    1.28%
 1513702 21352    infeasible           5144.0000     5084.0000 14984288    1.17%
 1518814 17803     5090.5000    27     5144.0000     5090.5000 15015018    1.04%
 1523966 13964        cutoff           5144.0000     5098.7888 15044293    0.88%
 1529322  9733     5124.1561    15     5144.0000     5109.0122 15072378    0.68%
 1534840  5518    infeasible           5144.0000     5122.0000 15101160    0.43%
 1540768   658        cutoff           5144.0000     5140.0291 15127441    0.08%

GUB cover cuts applied:  268
Clique cuts applied:  1
Cover cuts applied:  183
Implied bound cuts applied:  18
Mixed integer rounding cuts applied:  315
Zero-half cuts applied:  41
Lift and project cuts applied:  1
Gomory fractional cuts applied:  14

Root node processing (before b&c):
  Real time             =    0.14 sec. (188.28 ticks)
Sequential b&c:
  Real time             =  910.35 sec. (1426054.88 ticks)
                          ------------
Total (root+branch&cut) =  910.49 sec. (1426243.16 ticks)

Solution pool: 19 solutions saved.

MIP - Integer optimal solution:  Objective =  5.1440000000e+03
Solution time =  910.49 sec.  Iterations = 15130700  Nodes = 1541485
Deterministic time = 1426243.16 ticks  (1566.45 ticks/sec)

CPLEX> Incumbent solution
Variable Name           Solution Value
y                          5144.000000
x11                           1.000000
x272                          1.000000
x81                           1.000000
x369                          1.000000
x482                          1.000000
x275                          1.000000
x292                          1.000000
x389                          1.000000
x166                          1.000000
x471                          1.000000
x312                          1.000000
x409                          1.000000
x362                          1.000000
x508                          1.000000
x445                          1.000000
x462                          1.000000
x335                          1.000000
u2                            9.000000
u3                           10.000000
u4                           11.000000
u5                            7.000000
u6                            1.000000
u7                            4.000000
u8                           12.000000
u9                            6.000000
u10                           5.000000
u12                           1.000000
u13                           2.000000
u14                           3.000000
u15                           8.000000
All other variables in the range 1-496 are 0.
CPLEX> 