
Log started (V12.7.1.0) Fri Dec 27 11:31:04 2019

New value for default parallel thread count: 1
New value for time limit in seconds: 3600

Problem '/home/aist-zha/Desktop/minmaxExp/testIns_m4.lp' read.
Read time = 0.01 sec. (0.06 ticks)
CPXPARAM_TimeLimit                               3600
CPXPARAM_Threads                                 1
CPXPARAM_Read_APIEncoding                        "UTF-8"
Tried aggregator 1 time.
MIP Presolve modified 440 coefficients.
Reduced MIP has 188 rows, 540 columns, and 3136 nonzeros.
Reduced MIP has 528 binaries, 11 generals, 0 SOSs, and 0 indicators.
Presolve time = 0.00 sec. (2.06 ticks)
Probing time = 0.00 sec. (2.74 ticks)
Tried aggregator 1 time.
Reduced MIP has 188 rows, 540 columns, and 3136 nonzeros.
Reduced MIP has 528 binaries, 12 generals, 0 SOSs, and 0 indicators.
Presolve time = 0.00 sec. (1.91 ticks)
Probing time = 0.00 sec. (2.73 ticks)
Clique table members: 1674.
MIP emphasis: balance optimality and feasibility.
MIP search method: dynamic search.
Parallel mode: none, using 1 thread.
Root relaxation solution time = 0.00 sec. (2.12 ticks)

        Nodes                                         Cuts/
   Node  Left     Objective  IInf  Best Integer    Best Bound    ItCnt     Gap

      0     0       14.3750    40                     14.3750      146         
      0     0       15.0000    43                    Cuts: 14      290         
      0     0       15.0000    62                    Cuts: 25      371         
      0     0       15.0000    54                     Cuts: 6      391         
      0     0       15.0000    65                    Cuts: 19      469         
      0     2       15.0000    25                     15.0000      469         
Elapsed time = 0.14 sec. (133.75 ticks, tree = 0.01 MB, solutions = 0)
*    10+    7                           20.0000       15.3125            23.44%
*    40+   19                           19.0000       16.0000            15.79%
*    50+   17                           18.0000       16.0000            11.11%

Cover cuts applied:  2
Implied bound cuts applied:  27
Mixed integer rounding cuts applied:  7
Zero-half cuts applied:  4

Root node processing (before b&c):
  Real time             =    0.14 sec. (133.77 ticks)
Sequential b&c:
  Real time             =    0.13 sec. (133.90 ticks)
                          ------------
Total (root+branch&cut) =    0.27 sec. (267.66 ticks)

Solution pool: 3 solutions saved.

MIP - Integer optimal solution:  Objective =  1.8000000000e+01
Solution time =    0.27 sec.  Iterations = 5537  Nodes = 425
Deterministic time = 267.66 ticks  (1007.76 ticks/sec)


Incumbent solution
Variable Name           Solution Value
y                            18.000000
x11                           1.000000
x153                          1.000000
x296                          1.000000
x434                          1.000000
x25                           1.000000
x205                          1.000000
x361                          1.000000
x565                          1.000000
x123                          1.000000
x244                          1.000000
x185                          1.000000
x198                          1.000000
x403                          1.000000
x382                          1.000000
x456                          1.000000
u3                            7.000000
u4                            1.000000
u5                            2.000000
u6                            3.000000
u7                            7.000000
u10                           1.000000
u12                           1.000000
All other variables in the range 1-540 are 0.

Log started (V12.7.1.0) Fri Dec 27 11:31:35 2019

New value for default parallel thread count: 1
New value for time limit in seconds: 3600

Problem '/home/aist-zha/Desktop/minmaxExp/testIns_m4.lp' read.
Read time = 0.01 sec. (0.06 ticks)
CPXPARAM_TimeLimit                               3600
CPXPARAM_Threads                                 1
CPXPARAM_Read_APIEncoding                        "UTF-8"
Tried aggregator 1 time.
MIP Presolve modified 440 coefficients.
Reduced MIP has 188 rows, 540 columns, and 3124 nonzeros.
Reduced MIP has 528 binaries, 11 generals, 0 SOSs, and 0 indicators.
Presolve time = 0.01 sec. (2.07 ticks)
Probing time = 0.00 sec. (2.76 ticks)
Tried aggregator 1 time.
Reduced MIP has 188 rows, 540 columns, and 3124 nonzeros.
Reduced MIP has 528 binaries, 12 generals, 0 SOSs, and 0 indicators.
Presolve time = 0.00 sec. (1.92 ticks)
Probing time = 0.00 sec. (2.73 ticks)
Clique table members: 1660.
MIP emphasis: balance optimality and feasibility.
MIP search method: dynamic search.
Parallel mode: none, using 1 thread.
Root relaxation solution time = 0.00 sec. (3.61 ticks)

        Nodes                                         Cuts/
   Node  Left     Objective  IInf  Best Integer    Best Bound    ItCnt     Gap

      0     0       13.5625    45                     13.5625      203         
      0     0       14.0000    36                     Cuts: 7      266         
      0     0       14.0000    66                    Cuts: 33      490         
      0     0       14.0000    48                     Cuts: 5      509         
      0     0       14.0000    56                    Cuts: 17      590         
      0     2       14.0000    28                     14.0000      590         
Elapsed time = 0.15 sec. (141.82 ticks, tree = 0.01 MB, solutions = 0)
*    20+   16                           18.0000       14.0000            22.22%
*    40+   20                           16.0000       14.0000            12.50%

Cover cuts applied:  2
Implied bound cuts applied:  20
Mixed integer rounding cuts applied:  6
Zero-half cuts applied:  8

Root node processing (before b&c):
  Real time             =    0.15 sec. (141.83 ticks)
Sequential b&c:
  Real time             =    0.07 sec. (75.58 ticks)
                          ------------
Total (root+branch&cut) =    0.22 sec. (217.42 ticks)

Solution pool: 2 solutions saved.

MIP - Integer optimal solution:  Objective =  1.6000000000e+01
Solution time =    0.22 sec.  Iterations = 3564  Nodes = 180
Deterministic time = 217.42 ticks  (967.61 ticks/sec)


Incumbent solution
Variable Name           Solution Value
y                            16.000000
x9                            1.000000
x148                          1.000000
x293                          1.000000
x442                          1.000000
x85                           1.000000
x157                          1.000000
x313                          1.000000
x505                          1.000000
x278                          1.000000
x411                          1.000000
x342                          1.000000
x547                          1.000000
x104                          1.000000
x359                          1.000000
x192                          1.000000
u2                            2.000000
u3                            3.000000
u6                            1.000000
u7                            1.000000
u8                            1.000000
u11                           2.000000
u12                           1.000000
All other variables in the range 1-540 are 0.

Log started (V12.7.1.0) Fri Dec 27 11:32:01 2019

New value for default parallel thread count: 1
New value for time limit in seconds: 3600

Problem '/home/aist-zha/Desktop/minmaxExp/testIns_m4.lp' read.
Read time = 0.01 sec. (0.06 ticks)
CPXPARAM_TimeLimit                               3600
CPXPARAM_Threads                                 1
CPXPARAM_Read_APIEncoding                        "UTF-8"
Tried aggregator 1 time.
MIP Presolve modified 440 coefficients.
Reduced MIP has 188 rows, 540 columns, and 3124 nonzeros.
Reduced MIP has 528 binaries, 11 generals, 0 SOSs, and 0 indicators.
Presolve time = 0.00 sec. (2.07 ticks)
Probing time = 0.00 sec. (2.76 ticks)
Tried aggregator 1 time.
Reduced MIP has 188 rows, 540 columns, and 3124 nonzeros.
Reduced MIP has 528 binaries, 12 generals, 0 SOSs, and 0 indicators.
Presolve time = 0.00 sec. (1.92 ticks)
Probing time = 0.00 sec. (2.73 ticks)
Clique table members: 1660.
MIP emphasis: balance optimality and feasibility.
MIP search method: dynamic search.
Parallel mode: none, using 1 thread.
Root relaxation solution time = 0.00 sec. (3.61 ticks)

        Nodes                                         Cuts/
   Node  Left     Objective  IInf  Best Integer    Best Bound    ItCnt     Gap

      0     0       13.5625    45                     13.5625      203         
      0     0       14.0000    36                     Cuts: 7      266         
      0     0       14.0000    66                    Cuts: 33      490         
      0     0       14.0000    48                     Cuts: 5      509         
      0     0       14.0000    56                    Cuts: 17      590         
      0     2       14.0000    28                     14.0000      590         
Elapsed time = 0.16 sec. (141.82 ticks, tree = 0.01 MB, solutions = 0)
*    20+   16                           18.0000       14.0000            22.22%
*    40+   20                           16.0000       14.0000            12.50%

Cover cuts applied:  2
Implied bound cuts applied:  20
Mixed integer rounding cuts applied:  6
Zero-half cuts applied:  8

Root node processing (before b&c):
  Real time             =    0.16 sec. (141.83 ticks)
Sequential b&c:
  Real time             =    0.07 sec. (75.58 ticks)
                          ------------
Total (root+branch&cut) =    0.23 sec. (217.42 ticks)

Solution pool: 2 solutions saved.

MIP - Integer optimal solution:  Objective =  1.6000000000e+01
Solution time =    0.23 sec.  Iterations = 3564  Nodes = 180
Deterministic time = 217.42 ticks  (953.02 ticks/sec)


Incumbent solution
Variable Name           Solution Value
y                            16.000000
x9                            1.000000
x148                          1.000000
x293                          1.000000
x442                          1.000000
x85                           1.000000
x157                          1.000000
x313                          1.000000
x505                          1.000000
x278                          1.000000
x411                          1.000000
x342                          1.000000
x547                          1.000000
x104                          1.000000
x359                          1.000000
x192                          1.000000
u2                            2.000000
u3                            3.000000
u6                            1.000000
u7                            1.000000
u8                            1.000000
u11                           2.000000
u12                           1.000000
All other variables in the range 1-540 are 0.

Log started (V12.7.1.0) Fri Dec 27 11:33:27 2019

New value for default parallel thread count: 1
New value for time limit in seconds: 3600

Problem '/home/aist-zha/Desktop/minmaxExp/testIns_m4.lp' read.
Read time = 0.01 sec. (0.06 ticks)
CPXPARAM_TimeLimit                               3600
CPXPARAM_Threads                                 1
CPXPARAM_Read_APIEncoding                        "UTF-8"
Tried aggregator 1 time.
MIP Presolve modified 440 coefficients.
Reduced MIP has 188 rows, 540 columns, and 3136 nonzeros.
Reduced MIP has 528 binaries, 11 generals, 0 SOSs, and 0 indicators.
Presolve time = 0.01 sec. (2.06 ticks)
Probing time = 0.00 sec. (2.76 ticks)
Tried aggregator 1 time.
Reduced MIP has 188 rows, 540 columns, and 3136 nonzeros.
Reduced MIP has 528 binaries, 12 generals, 0 SOSs, and 0 indicators.
Presolve time = 0.00 sec. (1.91 ticks)
Probing time = 0.00 sec. (2.74 ticks)
Clique table members: 1686.
MIP emphasis: balance optimality and feasibility.
MIP search method: dynamic search.
Parallel mode: none, using 1 thread.
Root relaxation solution time = 0.00 sec. (2.78 ticks)

        Nodes                                         Cuts/
   Node  Left     Objective  IInf  Best Integer    Best Bound    ItCnt     Gap

      0     0       13.8125    32                     13.8125      166         
      0     0       14.1250    43                    Cuts: 41      366         
      0     0       15.0000    51                    Cuts: 32      417         
      0     0       15.0000    62                    Cuts: 21      458         
*     0+    0                           46.0000       15.0000            67.39%
*     0+    0                           26.0000       15.0000            42.31%
      0     2       15.0000    19       26.0000       15.0000      458   42.31%
Elapsed time = 0.14 sec. (115.53 ticks, tree = 0.01 MB, solutions = 2)
*    28    20      integral     0       21.0000       15.0000      955   28.57%
*    36    11      integral     0       18.0000       15.0000     1104   16.67%
    669   284       15.0000    43       18.0000       15.0000     9214   16.67%
   1047   437       15.0000    22       18.0000       15.0000    16647   16.67%
   1147   334       16.0000    35       18.0000       15.0000    17622   16.67%
   1247   189       16.0000    26       18.0000       15.0000    19678   16.67%
*  1347+  125                           17.0000       15.0000            11.76%
   1347   123       17.0000    45       17.0000       15.0000    22229   11.76%
   1547   180       15.1331    43       17.0000       15.0000    26419   11.76%
   1861   175        cutoff             17.0000       16.0000    31150    5.88%
   2147    59       16.0000    32       17.0000       16.0000    37263    5.88%

Cover cuts applied:  9
Mixed integer rounding cuts applied:  10
Zero-half cuts applied:  6
Lift and project cuts applied:  1

Root node processing (before b&c):
  Real time             =    0.14 sec. (115.50 ticks)
Sequential b&c:
  Real time             =    3.32 sec. (3234.23 ticks)
                          ------------
Total (root+branch&cut) =    3.45 sec. (3349.73 ticks)

Solution pool: 5 solutions saved.

MIP - Integer optimal solution:  Objective =  1.7000000000e+01
Solution time =    3.45 sec.  Iterations = 42074  Nodes = 2342
Deterministic time = 3349.73 ticks  (970.08 ticks/sec)


Incumbent solution
Variable Name           Solution Value
y                            17.000000
x5                            1.000000
x155                          1.000000
x295                          1.000000
x434                          1.000000
x37                           1.000000
x241                          1.000000
x397                          1.000000
x517                          1.000000
x135                          1.000000
x28                           1.000000
x270                          1.000000
x452                          1.000000
x213                          1.000000
x370                          1.000000
x60                           1.000000
u3                            2.000000
u4                            3.000000
u6                            1.000000
u8                            1.000000
u9                            2.000000
u10                           1.000000
u12                           1.000000
All other variables in the range 1-540 are 0.

Log started (V12.7.1.0) Fri Dec 27 15:45:56 2019

New value for default parallel thread count: 1
New value for time limit in seconds: 3600

Problem '/home/aist-zha/Desktop/minmaxExp/testIns_m4.lp' read.
Read time = 0.01 sec. (0.06 ticks)
CPXPARAM_TimeLimit                               3600
CPXPARAM_Threads                                 1
CPXPARAM_Read_APIEncoding                        "UTF-8"
Tried aggregator 1 time.
MIP Presolve modified 352 coefficients.
Reduced MIP has 188 rows, 540 columns, and 3140 nonzeros.
Reduced MIP has 528 binaries, 11 generals, 0 SOSs, and 0 indicators.
Presolve time = 0.01 sec. (2.04 ticks)
Probing time = 0.00 sec. (2.77 ticks)
Tried aggregator 1 time.
Reduced MIP has 188 rows, 540 columns, and 3140 nonzeros.
Reduced MIP has 528 binaries, 12 generals, 0 SOSs, and 0 indicators.
Presolve time = 0.00 sec. (1.91 ticks)
Probing time = 0.00 sec. (2.76 ticks)
Clique table members: 1674.
MIP emphasis: balance optimality and feasibility.
MIP search method: dynamic search.
Parallel mode: none, using 1 thread.
Root relaxation solution time = 0.00 sec. (2.03 ticks)

        Nodes                                         Cuts/
   Node  Left     Objective  IInf  Best Integer    Best Bound    ItCnt     Gap

      0     0       13.3125    33                     13.3125      117         
      0     0       14.0000    51                    Cuts: 22      255         
      0     0       14.0000    49                    Cuts: 37      312         
      0     0       14.0000    52                    Cuts: 28      383         
      0     0       14.0000    51                     Cuts: 3      445         
      0     2       14.0000    30                     14.0000      445         
Elapsed time = 0.14 sec. (125.98 ticks, tree = 0.01 MB, solutions = 0)
*    18    15      integral     0       31.0000       14.0000      775   54.84%
*    30+    8                           21.0000       14.0000            33.33%
*   100+   46                           20.0000       14.0000            30.00%
*   110+   34                           19.0000       14.0000            26.32%
*   210+   44                           18.0000       14.3125            20.49%
*   250+   25                           17.0000       14.7500            13.24%

Implied bound cuts applied:  30
Mixed integer rounding cuts applied:  9
Zero-half cuts applied:  10
Gomory fractional cuts applied:  2

Root node processing (before b&c):
  Real time             =    0.14 sec. (126.00 ticks)
Sequential b&c:
  Real time             =    0.17 sec. (183.77 ticks)
                          ------------
Total (root+branch&cut) =    0.31 sec. (309.77 ticks)

Solution pool: 6 solutions saved.

MIP - Integer optimal solution:  Objective =  1.7000000000e+01
Solution time =    0.31 sec.  Iterations = 6510  Nodes = 437
Deterministic time = 309.77 ticks  (999.57 ticks/sec)


Incumbent solution
Variable Name           Solution Value
y                            17.000000
x10                           1.000000
x146                          1.000000
x300                          1.000000
x439                          1.000000
x61                           1.000000
x229                          1.000000
x385                          1.000000
x457                          1.000000
x507                          1.000000
x160                          1.000000
x125                          1.000000
x54                           1.000000
x188                          1.000000
x429                          1.000000
x119                          1.000000
u3                            1.000000
u4                            1.000000
u5                            2.000000
u6                            3.000000
u8                            2.000000
u9                            1.000000
u11                           1.000000
All other variables in the range 1-540 are 0.

Log started (V12.7.1.0) Fri Dec 27 15:46:13 2019

New value for default parallel thread count: 1
New value for time limit in seconds: 3600

Problem '/home/aist-zha/Desktop/minmaxExp/testIns_m4.lp' read.
Read time = 0.01 sec. (0.06 ticks)
CPXPARAM_TimeLimit                               3600
CPXPARAM_Threads                                 1
CPXPARAM_Read_APIEncoding                        "UTF-8"
Tried aggregator 1 time.
MIP Presolve modified 352 coefficients.
Reduced MIP has 188 rows, 540 columns, and 3140 nonzeros.
Reduced MIP has 528 binaries, 11 generals, 0 SOSs, and 0 indicators.
Presolve time = 0.00 sec. (2.04 ticks)
Probing time = 0.00 sec. (2.77 ticks)
Tried aggregator 1 time.
Reduced MIP has 188 rows, 540 columns, and 3140 nonzeros.
Reduced MIP has 528 binaries, 12 generals, 0 SOSs, and 0 indicators.
Presolve time = 0.00 sec. (1.92 ticks)
Probing time = 0.00 sec. (2.75 ticks)
Clique table members: 1686.
MIP emphasis: balance optimality and feasibility.
MIP search method: dynamic search.
Parallel mode: none, using 1 thread.
Root relaxation solution time = 0.00 sec. (2.72 ticks)

        Nodes                                         Cuts/
   Node  Left     Objective  IInf  Best Integer    Best Bound    ItCnt     Gap

      0     0       13.5625    30                     13.5625      161         
      0     0       14.0625    40                    Cuts: 22      350         
      0     0       15.0000    66                    Cuts: 27      404         
      0     0       15.0000    59                    Cuts: 19      445         
      0     0       15.0000    60                    Cuts: 30      490         
      0     0       15.0000    57                     Cuts: 9      524         
      0     2       15.0000    26                     15.0000      524         
Elapsed time = 0.15 sec. (126.02 ticks, tree = 0.01 MB, solutions = 0)
*    27    20      integral     0       19.0000       15.0000     1118   21.05%
    521   308       15.0000    55       19.0000       15.0000     8873   21.05%
*   774   109      integral     0       18.0000       15.4000    12626   14.44%

Cover cuts applied:  1
Implied bound cuts applied:  48
Mixed integer rounding cuts applied:  14
Zero-half cuts applied:  8

Root node processing (before b&c):
  Real time             =    0.15 sec. (126.03 ticks)
Sequential b&c:
  Real time             =    0.36 sec. (388.83 ticks)
                          ------------
Total (root+branch&cut) =    0.51 sec. (514.86 ticks)

Solution pool: 2 solutions saved.

MIP - Integer optimal solution:  Objective =  1.8000000000e+01
Solution time =    0.51 sec.  Iterations = 13802  Nodes = 915
Deterministic time = 514.86 ticks  (1010.18 ticks/sec)


Incumbent solution
Variable Name           Solution Value
y                            18.000000
x10                           1.000000
x148                          1.000000
x290                          1.000000
x441                          1.000000
x61                           1.000000
x181                          1.000000
x373                          1.000000
x505                          1.000000
x411                          1.000000
x533                          1.000000
x138                          1.000000
x487                          1.000000
x320                          1.000000
x311                          1.000000
x120                          1.000000
u3                            2.000000
u5                            1.000000
u6                            2.000000
u7                            7.000000
u8                            3.000000
u11                           1.000000
u12                           1.000000
All other variables in the range 1-540 are 0.

Log started (V12.7.1.0) Fri Dec 27 15:48:08 2019

New value for default parallel thread count: 1
New value for time limit in seconds: 3600

Problem '/home/aist-zha/Desktop/minmaxExp/testIns_m3.lp' read.
Read time = 0.01 sec. (0.03 ticks)
CPXPARAM_TimeLimit                               3600
CPXPARAM_Threads                                 1
CPXPARAM_Read_APIEncoding                        "UTF-8"
Tried aggregator 1 time.
MIP Presolve modified 144 coefficients.
Reduced MIP has 105 rows, 225 columns, and 1273 nonzeros.
Reduced MIP has 216 binaries, 8 generals, 0 SOSs, and 0 indicators.
Presolve time = 0.00 sec. (0.97 ticks)
Found incumbent of value 30.000000 after 0.01 sec. (2.81 ticks)
Probing fixed 0 vars, tightened 1 bounds.
Probing time = 0.00 sec. (1.83 ticks)
Cover probing fixed 0 vars, tightened 2 bounds.
Tried aggregator 1 time.
Reduced MIP has 105 rows, 225 columns, and 1273 nonzeros.
Reduced MIP has 216 binaries, 9 generals, 0 SOSs, and 0 indicators.
Presolve time = 0.00 sec. (0.86 ticks)
Probing time = 0.00 sec. (1.74 ticks)
Clique table members: 728.
MIP emphasis: balance optimality and feasibility.
MIP search method: dynamic search.
Parallel mode: none, using 1 thread.
Root relaxation solution time = 0.00 sec. (0.97 ticks)

        Nodes                                         Cuts/
   Node  Left     Objective  IInf  Best Integer    Best Bound    ItCnt     Gap

*     0+    0                           30.0000       14.0000            53.33%
      0     0       14.3333    33       30.0000       14.3333       96   52.22%
      0     0       15.0000    37       30.0000      Cuts: 13      133   50.00%
      0     0       15.0000    33       30.0000      Cuts: 47      173   50.00%
      0     0       15.0000    42       30.0000      Cuts: 22      241   50.00%
      0     0       15.0000    28       30.0000   ZeroHalf: 3      256   50.00%
      0     0       15.1111    52       30.0000      Cuts: 21      327   49.63%
      0     0       15.1667    44       30.0000      Cuts: 20      354   49.44%
      0     0       15.2143    46       30.0000      Cuts: 20      366   49.29%
      0     0       15.2857    43       30.0000  ZeroHalf: 15      382   49.05%
*     0+    0                           28.0000       15.2857            45.41%
      0     0       15.3333    45       28.0000      Cuts: 10      393   45.24%
      0     0       15.3333    51       28.0000      Cuts: 16      412   45.24%
      0     2       15.3333    31       28.0000       15.3333      412   45.24%
Elapsed time = 0.08 sec. (51.65 ticks, tree = 0.01 MB, solutions = 2)
*    26    26      integral     0       20.0000       15.6000      811   22.00%
*   128    71      integral     0       19.0000       15.7500     1597   17.11%
*   138    49      integral     0       18.0000       15.8000     1705   12.22%
*   166     7      integral     0       17.0000       16.0000     1871    5.88%

Cover cuts applied:  3
Implied bound cuts applied:  22
Mixed integer rounding cuts applied:  7
Zero-half cuts applied:  12

Root node processing (before b&c):
  Real time             =    0.08 sec. (51.66 ticks)
Sequential b&c:
  Real time             =    0.04 sec. (39.12 ticks)
                          ------------
Total (root+branch&cut) =    0.13 sec. (90.78 ticks)

Solution pool: 6 solutions saved.

MIP - Integer optimal solution:  Objective =  1.7000000000e+01
Solution time =    0.13 sec.  Iterations = 2436  Nodes = 248
Deterministic time = 90.78 ticks  (719.84 ticks/sec)


Incumbent solution
Variable Name           Solution Value
y                            17.000000
x6                            1.000000
x88                           1.000000
x167                          1.000000
x19                           1.000000
x109                          1.000000
x235                          1.000000
x146                          1.000000
x48                           1.000000
x94                           1.000000
x143                          1.000000
x207                          1.000000
u2                            2.000000
u3                            1.000000
u4                            3.000000
u8                            1.000000
u9                            1.000000
All other variables in the range 1-225 are 0.

Log started (V12.7.1.0) Fri Dec 27 15:48:46 2019

New value for default parallel thread count: 1
New value for time limit in seconds: 3600

Problem '/home/aist-zha/Desktop/minmaxExp/testIns_m3.lp' read.
Read time = 0.01 sec. (0.03 ticks)
CPXPARAM_TimeLimit                               3600
CPXPARAM_Threads                                 1
CPXPARAM_Read_APIEncoding                        "UTF-8"
Tried aggregator 1 time.
MIP Presolve modified 192 coefficients.
Reduced MIP has 105 rows, 225 columns, and 1279 nonzeros.
Reduced MIP has 216 binaries, 8 generals, 0 SOSs, and 0 indicators.
Presolve time = 0.00 sec. (0.97 ticks)
Found incumbent of value 30.000000 after 0.01 sec. (2.88 ticks)
Probing fixed 0 vars, tightened 1 bounds.
Probing time = 0.00 sec. (1.81 ticks)
Cover probing fixed 0 vars, tightened 2 bounds.
Tried aggregator 1 time.
Reduced MIP has 105 rows, 225 columns, and 1279 nonzeros.
Reduced MIP has 216 binaries, 9 generals, 0 SOSs, and 0 indicators.
Presolve time = 0.00 sec. (0.86 ticks)
Probing time = 0.00 sec. (1.74 ticks)
Clique table members: 728.
MIP emphasis: balance optimality and feasibility.
MIP search method: dynamic search.
Parallel mode: none, using 1 thread.
Root relaxation solution time = 0.00 sec. (0.79 ticks)

        Nodes                                         Cuts/
   Node  Left     Objective  IInf  Best Integer    Best Bound    ItCnt     Gap

*     0+    0                           30.0000        7.0000            76.67%
      0     0       16.0000    17       30.0000       16.0000       82   46.67%
      0     0       16.0000    20       30.0000      Cuts: 21      105   46.67%
      0     0       16.0000    22       30.0000       Cuts: 7      120   46.67%
*     0+    0                           28.0000       16.0000            42.86%
      0     2       16.0000    19       28.0000       16.0000      120   42.86%
Elapsed time = 0.05 sec. (23.26 ticks, tree = 0.01 MB, solutions = 2)
*    20    19      integral     0       23.0000       16.3333      443   28.99%
*    27    21      integral     0       22.0000       16.3333      506   25.76%
*    64    47      integral     0       21.0000       16.4545      809   21.65%
*    80+   31                           19.0000       16.5385            12.96%

Cover cuts applied:  2
Implied bound cuts applied:  7
Mixed integer rounding cuts applied:  3
Zero-half cuts applied:  3

Root node processing (before b&c):
  Real time             =    0.05 sec. (23.27 ticks)
Sequential b&c:
  Real time             =    0.04 sec. (29.33 ticks)
                          ------------
Total (root+branch&cut) =    0.09 sec. (52.59 ticks)

Solution pool: 6 solutions saved.

MIP - Integer optimal solution:  Objective =  1.9000000000e+01
Solution time =    0.09 sec.  Iterations = 1619  Nodes = 228
Deterministic time = 52.59 ticks  (578.56 ticks/sec)


Incumbent solution
Variable Name           Solution Value
y                            19.000000
x7                            1.000000
x83                           1.000000
x168                          1.000000
x37                           1.000000
x145                          1.000000
x190                          1.000000
x93                           1.000000
x238                          1.000000
x59                           1.000000
x107                          1.000000
x216                          1.000000
u3                            1.000000
u4                            2.000000
u5                            1.000000
u8                            2.000000
u9                            1.000000
All other variables in the range 1-225 are 0.

Log started (V12.7.1.0) Fri Dec 27 15:48:58 2019

New value for default parallel thread count: 1
New value for time limit in seconds: 3600

Problem '/home/aist-zha/Desktop/minmaxExp/testIns_m3.lp' read.
Read time = 0.01 sec. (0.03 ticks)
CPXPARAM_TimeLimit                               3600
CPXPARAM_Threads                                 1
CPXPARAM_Read_APIEncoding                        "UTF-8"
Tried aggregator 1 time.
MIP Presolve modified 192 coefficients.
Reduced MIP has 105 rows, 225 columns, and 1282 nonzeros.
Reduced MIP has 216 binaries, 8 generals, 0 SOSs, and 0 indicators.
Presolve time = 0.00 sec. (0.97 ticks)
Found incumbent of value 33.000000 after 0.01 sec. (2.94 ticks)
Probing fixed 0 vars, tightened 1 bounds.
Probing time = 0.00 sec. (1.89 ticks)
Cover probing fixed 0 vars, tightened 2 bounds.
Tried aggregator 1 time.
Reduced MIP has 105 rows, 225 columns, and 1282 nonzeros.
Reduced MIP has 216 binaries, 9 generals, 0 SOSs, and 0 indicators.
Presolve time = 0.00 sec. (0.86 ticks)
Probing time = 0.00 sec. (1.77 ticks)
Clique table members: 728.
MIP emphasis: balance optimality and feasibility.
MIP search method: dynamic search.
Parallel mode: none, using 1 thread.
Root relaxation solution time = 0.00 sec. (1.19 ticks)

        Nodes                                         Cuts/
   Node  Left     Objective  IInf  Best Integer    Best Bound    ItCnt     Gap

*     0+    0                           33.0000        6.0000            81.82%
      0     0       15.4444    28       33.0000       15.4444      108   53.20%
      0     0       16.0000    31       33.0000      Cuts: 11      164   51.52%
      0     0       16.0000    43       33.0000      Cuts: 26      227   51.52%
      0     0       16.0000    29       33.0000     Covers: 1      250   51.52%
      0     0       16.0000    32       33.0000      Cuts: 16      291   51.52%
*     0+    0                           20.0000       16.0000            20.00%
      0     2       16.0000    14       20.0000       16.0000      291   20.00%
Elapsed time = 0.06 sec. (37.23 ticks, tree = 0.01 MB, solutions = 2)
*    30+   14                           19.0000       16.0000            15.79%

Implied bound cuts applied:  12
Mixed integer rounding cuts applied:  4
Zero-half cuts applied:  1

Root node processing (before b&c):
  Real time             =    0.06 sec. (37.21 ticks)
Sequential b&c:
  Real time             =    0.03 sec. (24.62 ticks)
                          ------------
Total (root+branch&cut) =    0.09 sec. (61.83 ticks)

Solution pool: 3 solutions saved.

MIP - Integer optimal solution:  Objective =  1.9000000000e+01
Solution time =    0.09 sec.  Iterations = 1708  Nodes = 205
Deterministic time = 61.83 ticks  (676.13 ticks/sec)


Incumbent solution
Variable Name           Solution Value
y                            19.000000
x8                            1.000000
x85                           1.000000
x165                          1.000000
x46                           1.000000
x154                          1.000000
x199                          1.000000
x110                          1.000000
x221                          1.000000
x69                           1.000000
x187                          1.000000
x99                           1.000000
u2                            1.000000
u5                            2.000000
u6                            1.000000
u7                            1.000000
u9                            5.000000
All other variables in the range 1-225 are 0.

Log started (V12.7.1.0) Fri Dec 27 15:49:27 2019

New value for default parallel thread count: 1
New value for time limit in seconds: 3600

Problem '/home/aist-zha/Desktop/minmaxExp/testIns_m3.lp' read.
Read time = 0.01 sec. (0.03 ticks)
CPXPARAM_TimeLimit                               3600
CPXPARAM_Threads                                 1
CPXPARAM_Read_APIEncoding                        "UTF-8"
Tried aggregator 1 time.
MIP Presolve modified 192 coefficients.
Reduced MIP has 105 rows, 225 columns, and 1279 nonzeros.
Reduced MIP has 216 binaries, 8 generals, 0 SOSs, and 0 indicators.
Presolve time = 0.00 sec. (0.97 ticks)
Found incumbent of value 28.000000 after 0.01 sec. (2.83 ticks)
Probing fixed 0 vars, tightened 1 bounds.
Probing time = 0.00 sec. (1.86 ticks)
Cover probing fixed 0 vars, tightened 3 bounds.
Tried aggregator 1 time.
Reduced MIP has 105 rows, 225 columns, and 1279 nonzeros.
Reduced MIP has 216 binaries, 9 generals, 0 SOSs, and 0 indicators.
Presolve time = 0.00 sec. (0.86 ticks)
Probing time = 0.00 sec. (1.76 ticks)
Clique table members: 728.
MIP emphasis: balance optimality and feasibility.
MIP search method: dynamic search.
Parallel mode: none, using 1 thread.
Root relaxation solution time = 0.00 sec. (0.90 ticks)

        Nodes                                         Cuts/
   Node  Left     Objective  IInf  Best Integer    Best Bound    ItCnt     Gap

*     0+    0                           28.0000        5.0000            82.14%
      0     0       15.2222    30       28.0000       15.2222       83   45.63%
      0     0       16.0000    34       28.0000      Cuts: 11      131   42.86%
      0     0       16.0000    44       28.0000      Cuts: 40      201   42.86%
      0     0       16.0000    34       28.0000       Cuts: 6      213   42.86%
      0     0       16.0000    36       28.0000      Cuts: 15      233   42.86%
*     0+    0                           18.0000       16.0000            11.11%
      0     2       16.0000    24       18.0000       16.0000      233   11.11%
Elapsed time = 0.06 sec. (35.73 ticks, tree = 0.01 MB, solutions = 2)

Cover cuts applied:  2
Implied bound cuts applied:  8
Mixed integer rounding cuts applied:  3
Zero-half cuts applied:  11

Root node processing (before b&c):
  Real time             =    0.06 sec. (35.70 ticks)
Sequential b&c:
  Real time             =    0.01 sec. (10.11 ticks)
                          ------------
Total (root+branch&cut) =    0.07 sec. (45.81 ticks)

Solution pool: 2 solutions saved.

MIP - Integer optimal solution:  Objective =  1.8000000000e+01
Solution time =    0.07 sec.  Iterations = 932  Nodes = 39
Deterministic time = 45.81 ticks  (647.44 ticks/sec)


Incumbent solution
Variable Name           Solution Value
y                            18.000000
x6                            1.000000
x83                           1.000000
x170                          1.000000
x55                           1.000000
x118                          1.000000
x235                          1.000000
x228                          1.000000
x49                           1.000000
x95                           1.000000
x34                           1.000000
x189                          1.000000
u3                            1.000000
u4                            1.000000
u5                            1.000000
u7                            2.000000
u9                            2.000000
All other variables in the range 1-225 are 0.

Log started (V12.7.1.0) Fri Dec 27 15:49:43 2019

New value for default parallel thread count: 1
New value for time limit in seconds: 3600

Problem '/home/aist-zha/Desktop/minmaxExp/testIns_m3.lp' read.
Read time = 0.01 sec. (0.05 ticks)
CPXPARAM_TimeLimit                               3600
CPXPARAM_Threads                                 1
CPXPARAM_Read_APIEncoding                        "UTF-8"
Tried aggregator 1 time.
MIP Presolve modified 396 coefficients.
Reduced MIP has 174 rows, 408 columns, and 2404 nonzeros.
Reduced MIP has 396 binaries, 11 generals, 0 SOSs, and 0 indicators.
Presolve time = 0.00 sec. (1.63 ticks)
Probing fixed 0 vars, tightened 2 bounds.
Probing time = 0.01 sec. (4.91 ticks)
Cover probing fixed 0 vars, tightened 3 bounds.
Tried aggregator 1 time.
Reduced MIP has 174 rows, 408 columns, and 2404 nonzeros.
Reduced MIP has 396 binaries, 12 generals, 0 SOSs, and 0 indicators.
Presolve time = 0.00 sec. (1.49 ticks)
Probing time = 0.00 sec. (2.55 ticks)
Clique table members: 1292.
MIP emphasis: balance optimality and feasibility.
MIP search method: dynamic search.
Parallel mode: none, using 1 thread.
Root relaxation solution time = 0.00 sec. (1.94 ticks)

        Nodes                                         Cuts/
   Node  Left     Objective  IInf  Best Integer    Best Bound    ItCnt     Gap

      0     0       16.1481    37                     16.1481      123         
      0     0       17.0000    56                    Cuts: 26      248         
      0     0       17.0000    55                    Cuts: 52      384         
      0     0       17.0000    28                     Cuts: 5      387         
      0     0       17.0000    40                     Cuts: 9      421         
      0     2       17.0000    27                     17.0000      421         
Elapsed time = 0.15 sec. (119.47 ticks, tree = 0.01 MB, solutions = 0)
*    29    14      integral     0       20.0000       17.0000      936   15.00%
*   107    45      integral     0       19.0000       17.0000     1907   10.53%

Cover cuts applied:  3
Implied bound cuts applied:  18
Mixed integer rounding cuts applied:  3
Zero-half cuts applied:  9
Gomory fractional cuts applied:  1

Root node processing (before b&c):
  Real time             =    0.15 sec. (119.47 ticks)
Sequential b&c:
  Real time             =    0.06 sec. (62.47 ticks)
                          ------------
Total (root+branch&cut) =    0.21 sec. (181.95 ticks)

Solution pool: 2 solutions saved.

MIP - Integer optimal solution:  Objective =  1.9000000000e+01
Solution time =    0.21 sec.  Iterations = 2933  Nodes = 180
Deterministic time = 181.95 ticks  (864.23 ticks/sec)


Incumbent solution
Variable Name           Solution Value
y                            19.000000
x3                            1.000000
x150                          1.000000
x296                          1.000000
x97                           1.000000
x181                          1.000000
x361                          1.000000
x410                          1.000000
x280                          1.000000
x29                           1.000000
x307                          1.000000
x57                           1.000000
x214                          1.000000
x383                          1.000000
x264                          1.000000
u2                            2.000000
u4                            3.000000
u5                            1.000000
u7                            8.000000
u9                            8.000000
u10                           1.000000
u11                           1.000000
u12                           2.000000
All other variables in the range 1-408 are 0.

Log started (V12.7.1.0) Fri Dec 27 15:53:23 2019

New value for default parallel thread count: 1
New value for time limit in seconds: 3600

Problem '/home/aist-zha/Desktop/minmaxExp/testIns_m3.lp' read.
Read time = 0.01 sec. (0.04 ticks)
CPXPARAM_TimeLimit                               3600
CPXPARAM_Threads                                 1
CPXPARAM_Read_APIEncoding                        "UTF-8"
Tried aggregator 1 time.
MIP Presolve modified 300 coefficients.
Reduced MIP has 149 rows, 341 columns, and 1992 nonzeros.
Reduced MIP has 330 binaries, 10 generals, 0 SOSs, and 0 indicators.
Presolve time = 0.00 sec. (1.39 ticks)
Probing time = 0.00 sec. (2.49 ticks)
Cover probing fixed 0 vars, tightened 1 bounds.
Tried aggregator 1 time.
Reduced MIP has 149 rows, 341 columns, and 1992 nonzeros.
Reduced MIP has 330 binaries, 11 generals, 0 SOSs, and 0 indicators.
Presolve time = 0.00 sec. (1.27 ticks)
Probing time = 0.00 sec. (2.49 ticks)
Cover probing fixed 0 vars, tightened 1 bounds.
Clique table members: 1094.
MIP emphasis: balance optimality and feasibility.
MIP search method: dynamic search.
Parallel mode: none, using 1 thread.
Root relaxation solution time = 0.00 sec. (2.06 ticks)

        Nodes                                         Cuts/
   Node  Left     Objective  IInf  Best Integer    Best Bound    ItCnt     Gap

      0     0       14.0833    35                     14.0833      157         
      0     0       15.0000    31                    Cuts: 19      240         
      0     0       15.0000    57                    Cuts: 35      361         
      0     0       15.0000    42                     Cuts: 6      373         
      0     0       15.0000    41                    Cuts: 16      412         
      0     2       15.0000    16                     15.0000      412         
Elapsed time = 0.10 sec. (78.04 ticks, tree = 0.01 MB, solutions = 0)
*    42    33      integral     0       25.0000       15.0000      965   40.00%
*    51    26      integral     0       18.0000       15.0000     1050   16.67%
*    64    22      integral     0       17.0000       15.0000     1180   11.76%
    799   223        cutoff             17.0000       15.3333    12680    9.80%

Cover cuts applied:  4
Implied bound cuts applied:  65
Mixed integer rounding cuts applied:  5
Zero-half cuts applied:  5

Root node processing (before b&c):
  Real time             =    0.10 sec. (78.05 ticks)
Sequential b&c:
  Real time             =    0.40 sec. (369.40 ticks)
                          ------------
Total (root+branch&cut) =    0.50 sec. (447.45 ticks)

Solution pool: 3 solutions saved.

MIP - Integer optimal solution:  Objective =  1.7000000000e+01
Solution time =    0.50 sec.  Iterations = 19456  Nodes = 1280
Deterministic time = 447.45 ticks  (887.22 ticks/sec)


Incumbent solution
Variable Name           Solution Value
y                            17.000000
x5                            1.000000
x131                          1.000000
x250                          1.000000
x34                           1.000000
x188                          1.000000
x265                          1.000000
x354                          1.000000
x256                          1.000000
x48                           1.000000
x226                          1.000000
x216                          1.000000
x185                          1.000000
x330                          1.000000
u2                            2.000000
u3                            3.000000
u4                            1.000000
u6                            1.000000
u7                            3.000000
u9                            2.000000
u11                           1.000000
All other variables in the range 1-341 are 0.

Log started (V12.7.1.0) Fri Dec 27 15:53:41 2019

New value for default parallel thread count: 1
New value for time limit in seconds: 3600

Problem '/home/aist-zha/Desktop/minmaxExp/testIns_m4.lp' read.
Read time = 0.01 sec. (0.05 ticks)
CPXPARAM_TimeLimit                               3600
CPXPARAM_Threads                                 1
CPXPARAM_Read_APIEncoding                        "UTF-8"
Tried aggregator 1 time.
MIP Presolve modified 320 coefficients.
Reduced MIP has 162 rows, 451 columns, and 2600 nonzeros.
Reduced MIP has 440 binaries, 10 generals, 0 SOSs, and 0 indicators.
Presolve time = 0.00 sec. (1.76 ticks)
Probing time = 0.00 sec. (2.69 ticks)
Tried aggregator 1 time.
Reduced MIP has 162 rows, 451 columns, and 2600 nonzeros.
Reduced MIP has 440 binaries, 11 generals, 0 SOSs, and 0 indicators.
Presolve time = 0.00 sec. (1.64 ticks)
Probing time = 0.00 sec. (2.68 ticks)
Clique table members: 1407.
MIP emphasis: balance optimality and feasibility.
MIP search method: dynamic search.
Parallel mode: none, using 1 thread.
Root relaxation solution time = 0.00 sec. (1.81 ticks)

        Nodes                                         Cuts/
   Node  Left     Objective  IInf  Best Integer    Best Bound    ItCnt     Gap

      0     0       11.7143    36                     11.7143      120         
      0     0       12.2500    43                    Cuts: 21      292         
      0     0       13.0000    52                    Cuts: 26      322         
      0     0       13.0000    55                    Cuts: 15      341         
      0     0       13.0000    47                     Cuts: 6      381         
      0     0       13.0000    58                    Cuts: 26      463         
      0     2       13.0000    17                     13.0000      463         
Elapsed time = 0.12 sec. (98.54 ticks, tree = 0.01 MB, solutions = 0)
*    33    14      integral     0       16.0000       13.0000     1171   18.75%
    789   301       15.0000    18       16.0000       13.8571    10723   13.39%

Cover cuts applied:  2
Implied bound cuts applied:  64
Mixed integer rounding cuts applied:  4
Zero-half cuts applied:  5

Root node processing (before b&c):
  Real time             =    0.12 sec. (98.55 ticks)
Sequential b&c:
  Real time             =    0.51 sec. (473.93 ticks)
                          ------------
Total (root+branch&cut) =    0.63 sec. (572.49 ticks)

Solution pool: 1 solution saved.

MIP - Integer optimal solution:  Objective =  1.6000000000e+01
Solution time =    0.63 sec.  Iterations = 18014  Nodes = 1577
Deterministic time = 572.49 ticks  (904.88 ticks/sec)


Incumbent solution
Variable Name           Solution Value
y                            16.000000
x10                           1.000000
x126                          1.000000
x249                          1.000000
x371                          1.000000
x12                           1.000000
x177                          1.000000
x353                          1.000000
x397                          1.000000
x101                          1.000000
x443                          1.000000
x389                          1.000000
x215                          1.000000
x174                          1.000000
x319                          1.000000
u2                            1.000000
u3                            1.000000
u4                            2.000000
u6                            2.000000
u9                            1.000000
u11                           6.000000
All other variables in the range 1-451 are 0.

Log started (V12.7.1.0) Fri Dec 27 15:59:13 2019

New value for default parallel thread count: 1
New value for time limit in seconds: 3600

Problem '/home/aist-zha/Desktop/minmaxExp/testIns_m4.lp' read.
Read time = 0.01 sec. (0.05 ticks)
CPXPARAM_TimeLimit                               3600
CPXPARAM_Threads                                 1
CPXPARAM_Read_APIEncoding                        "UTF-8"
Tried aggregator 1 time.
MIP Presolve modified 240 coefficients.
Reduced MIP has 162 rows, 451 columns, and 2592 nonzeros.
Reduced MIP has 440 binaries, 10 generals, 0 SOSs, and 0 indicators.
Presolve time = 0.00 sec. (1.75 ticks)
Probing time = 0.00 sec. (2.68 ticks)
Tried aggregator 1 time.
Reduced MIP has 162 rows, 451 columns, and 2592 nonzeros.
Reduced MIP has 440 binaries, 11 generals, 0 SOSs, and 0 indicators.
Presolve time = 0.00 sec. (1.64 ticks)
Probing time = 0.00 sec. (2.65 ticks)
Clique table members: 1411.
MIP emphasis: balance optimality and feasibility.
MIP search method: dynamic search.
Parallel mode: none, using 1 thread.
Root relaxation solution time = 0.00 sec. (1.17 ticks)

        Nodes                                         Cuts/
   Node  Left     Objective  IInf  Best Integer    Best Bound    ItCnt     Gap

      0     0       15.0000    39                     15.0000       92         
      0     0       15.0000    43                    Cuts: 26      139         
      0     0       15.0000    36                     Cuts: 7      149         
      0     0       15.0000    41                    Cuts: 15      164         
      0     2       15.0000    15                     15.0000      164         
Elapsed time = 0.09 sec. (67.44 ticks, tree = 0.01 MB, solutions = 0)
*    20+   15                           19.0000       15.2266            19.86%
*    55    20      integral     0       18.0000       15.2500      912   15.28%
*   305     5      integral     0       17.0000       16.0000     4351    5.88%

Cover cuts applied:  5
Implied bound cuts applied:  15
Mixed integer rounding cuts applied:  5
Zero-half cuts applied:  7
Gomory fractional cuts applied:  1

Root node processing (before b&c):
  Real time             =    0.09 sec. (67.46 ticks)
Sequential b&c:
  Real time             =    0.10 sec. (99.75 ticks)
                          ------------
Total (root+branch&cut) =    0.19 sec. (167.21 ticks)

Solution pool: 3 solutions saved.

MIP - Integer optimal solution:  Objective =  1.7000000000e+01
Solution time =    0.19 sec.  Iterations = 4375  Nodes = 310
Deterministic time = 167.21 ticks  (886.42 ticks/sec)


Incumbent solution
Variable Name           Solution Value
y                            17.000000
x4                            1.000000
x129                          1.000000
x244                          1.000000
x366                          1.000000
x89                           1.000000
x166                          1.000000
x298                          1.000000
x386                          1.000000
x236                          1.000000
x314                          1.000000
x260                          1.000000
x108                          1.000000
x43                           1.000000
x209                          1.000000
u5                            2.000000
u6                            2.000000
u7                            1.000000
u9                            2.000000
u10                           1.000000
u11                           1.000000
All other variables in the range 1-451 are 0.

Log started (V12.7.1.0) Sun Dec 29 14:39:04 2019

New value for default parallel thread count: 1
New value for time limit in seconds: 3600

Problem '/home/aist-zha/Desktop/minmaxExp/testIns_m5.lp' read.
Read time = 0.01 sec. (0.14 ticks)
CPXPARAM_TimeLimit                               3600
CPXPARAM_Threads                                 1
CPXPARAM_Read_APIEncoding                        "UTF-8"
Tried aggregator 1 time.
MIP Presolve modified 750 coefficients.
Reduced MIP has 330 rows, 1216 columns, and 7205 nonzeros.
Reduced MIP has 1200 binaries, 15 generals, 0 SOSs, and 0 indicators.
Presolve time = 0.01 sec. (4.26 ticks)
Probing time = 0.00 sec. (3.21 ticks)
Tried aggregator 1 time.
Reduced MIP has 330 rows, 1216 columns, and 7205 nonzeros.
Reduced MIP has 1200 binaries, 16 generals, 0 SOSs, and 0 indicators.
Presolve time = 0.00 sec. (4.06 ticks)
Probing time = 0.00 sec. (3.15 ticks)
Clique table members: 3748.
MIP emphasis: balance optimality and feasibility.
MIP search method: dynamic search.
Parallel mode: none, using 1 thread.
Root relaxation solution time = 0.01 sec. (7.27 ticks)

        Nodes                                         Cuts/
   Node  Left     Objective  IInf  Best Integer    Best Bound    ItCnt     Gap

      0     0       10.8727    47                     10.8727      238         
      0     0       11.2364    47                    Cuts: 32      592         
      0     0       12.0000    62                    Cuts: 35      870         
      0     0       12.0000    73                    Cuts: 22      905         
      0     0       12.0000    68                  MIRcuts: 1      957         
      0     0       12.0000    66                    Cuts: 44     1321         
      0     2       12.0000    35                     12.0000     1321         
Elapsed time = 0.45 sec. (491.98 ticks, tree = 0.01 MB, solutions = 0)
*    43    36      integral     0       22.0000       12.0000     3485   45.45%
*    44    19      integral     0       20.0000       12.0000     3486   40.00%
*    70+   32                           17.0000       12.0000            29.41%
    133    79       14.1277    50       17.0000       12.0000     6195   29.41%
    335   229       15.0000    50       17.0000       12.0000    10723   29.41%
    583   410       13.0769    63       17.0000       12.0727    15420   28.98%
    828   602        cutoff             17.0000       12.2517    19756   27.93%
    930   680       12.0000    33       17.0000       12.3636    23864   27.27%
    958   523       14.0000    47       17.0000       12.3636    24677   27.27%
   1016   442       12.0000    70       17.0000       12.3636    25248   27.27%
   1039   455       13.2000    60       17.0000       12.3636    26173   27.27%
   1108   458       14.0000    57       17.0000       12.3636    28130   27.27%
*  1640+  454                           16.0000       12.3636            22.73%
   1842   540       12.0736    61       16.0000       12.3636    38974   22.73%
Elapsed time = 3.68 sec. (4376.89 ticks, tree = 0.76 MB, solutions = 4)
   2046   700       12.0000    39       16.0000       12.3636    44376   22.73%
   2246   400       14.0000    51       16.0000       12.3636    49778   22.73%
   2936   588       15.0000    48       16.0000       13.0000    69399   18.75%
   3849  1013       14.3454    45       16.0000       13.5455    93515   15.34%
   4420  1182       15.0000    37       16.0000       13.8082   110471   13.70%
*  4736+  173                           15.0000       14.0000             6.67%
   4976   136       14.0000    29       15.0000       14.0000   128035    6.67%
   5395   148       14.0000    37       15.0000       14.0000   146900    6.67%
*  5760     0      integral     0       14.0000       14.0000   165263    0.00%

GUB cover cuts applied:  1
Cover cuts applied:  63
Implied bound cuts applied:  6
Mixed integer rounding cuts applied:  26
Zero-half cuts applied:  7
Gomory fractional cuts applied:  3

Root node processing (before b&c):
  Real time             =    0.45 sec. (492.05 ticks)
Sequential b&c:
  Real time             =   11.24 sec. (12468.73 ticks)
                          ------------
Total (root+branch&cut) =   11.69 sec. (12960.79 ticks)

Solution pool: 6 solutions saved.

MIP - Integer optimal solution:  Objective =  1.4000000000e+01
Solution time =   11.69 sec.  Iterations = 165263  Nodes = 5761
Deterministic time = 12960.79 ticks  (1108.67 ticks/sec)


Incumbent solution
Variable Name           Solution Value
y                            14.000000
x13                           1.000000
x271                          1.000000
x528                          1.000000
x771                          1.000000
x1036                         1.000000
x49                           1.000000
x417                          1.000000
x609                          1.000000
x913                          1.000000
x1233                         1.000000
x626                          1.000000
x196                          1.000000
x1205                         1.000000
x486                          1.000000
x535                          1.000000
x760                          1.000000
x809                          1.000000
x906                          1.000000
x347                          1.000000
x1102                         1.000000
u2                            2.000000
u4                            1.000000
u5                            1.000000
u6                            1.000000
u7                            3.000000
u8                            1.000000
u9                            1.000000
u10                           2.000000
u11                           2.000000
u14                          10.000000
All other variables in the range 1-1216 are 0.
