
Welcome to IBM(R) ILOG(R) CPLEX(R) Interactive Optimizer 12.7.1.0
  with Simplex, Mixed Integer & Barrier Optimizers
5725-A06 5725-A29 5724-Y48 5724-Y49 5724-Y54 5724-Y55 5655-Y21
Copyright IBM Corp. 1988, 2017.  All Rights Reserved.

Type 'help' for a list of available commands.
Type 'help' followed by a command name for more
information on commands.

CPLEX> New value for default parallel thread count: 1
CPLEX> New value for time limit in seconds: 3600
CPLEX> Problem 'eil76_m20.lp' read.
Read time = 0.14 sec. (12.67 ticks)
CPLEX> CPXPARAM_TimeLimit                               3600
CPXPARAM_Threads                                 1
CPXPARAM_Read_APIEncoding                        "UTF-8"
Tried aggregator 1 time.
MIP Presolve modified 117000 coefficients.
Reduced MIP has 7260 rows, 114076 columns, and 686360 nonzeros.
Reduced MIP has 114000 binaries, 75 generals, 0 SOSs, and 0 indicators.
Presolve time = 0.43 sec. (505.04 ticks)
Tried aggregator 1 time.
Reduced MIP has 7260 rows, 114076 columns, and 686360 nonzeros.
Reduced MIP has 114000 binaries, 76 generals, 0 SOSs, and 0 indicators.
Presolve time = 0.41 sec. (358.03 ticks)
Probing time = 0.11 sec. (55.22 ticks)
Clique table members: 225033.
MIP emphasis: balance optimality and feasibility.
MIP search method: dynamic search.
Parallel mode: none, using 1 thread.
Root relaxation solution time = 65.53 sec. (98391.39 ticks)

        Nodes                                         Cuts/
   Node  Left     Objective  IInf  Best Integer    Best Bound    ItCnt     Gap

      0     0       44.4518   269                     44.4518   137175         
      0     0       45.9027   267                    Cuts: 76   155306         
      0     0       46.0750   339                   Cuts: 156   186817         
      0     0       46.1250   289                    Cuts: 35   187671         
      0     0       46.1750   309                    Cuts: 49   188428         
      0     0       46.1750   317                    Cuts: 51   188714         
      0     0       46.1750   260                     Cuts: 8   188870         
      0     0       46.1750   283                    Cuts: 88   189310         
Heuristic still looking.
      0     2       46.1750   223                     46.1750   189310         
Elapsed time = 251.10 sec. (401124.72 ticks, tree = 0.01 MB, solutions = 0)
      1     3       46.1750   235                     46.1750   189958         
      2     4       46.1750   282                     46.1750   190091         
      3     5       46.2432   242                     46.1750   190586         
      4     6       46.1750   260                     46.1750   190789         
      5     7       46.2211   259                     46.1750   192387         
      6     8       46.3004   236                     46.1750   192668         
      7     9       46.2211   557                     46.1750   193358         
      8    10       46.2503   260                     46.1750   193545         
      9    11       46.2990   379                     46.1750   193968         
     10    12       46.4996   255                     46.1750   195025         
Elapsed time = 263.14 sec. (423582.56 ticks, tree = 1.25 MB, solutions = 0)
     11    13       46.3010   433                     46.1750   195498         
     13    15       46.4686   510                     46.1750   196017         
     16    18       46.4611   455                     46.1750   196486         
     19    21       46.5751   446                     46.1750   197387         
     21    23       46.6325   432                     46.1750   197827         
     23    25       46.6799   263                     46.1750   199036         
     26    28       47.2586   263                     46.1750   199915         
     29    31       46.7387   292                     46.1750   200582         
     30    32       64.2143   236                     46.1750   200776         
     32    34       52.3393   301                     46.1750   201315         
Elapsed time = 284.39 sec. (460174.87 ticks, tree = 4.07 MB, solutions = 0)
     34    36       47.0588   298                     46.1750   202084         
     36    37       48.1429   373                     46.1750   202585         
     38    39       46.9422   293                     46.1750   203062         
     42    43       47.2638   258                     46.1750   203662         
     44    45       47.8217   237                     46.1750   205187         
     47    48       47.4921   277                     46.1750   205791         
     50    51       47.3737   307                     46.1750   206218         
     55    56       47.4485   261                     46.1750   206812         
     61    62       52.2857   357                     46.1750   207934         
     67    68       56.2857   252                     46.1750   208479         
Elapsed time = 300.96 sec. (488862.75 ticks, tree = 8.46 MB, solutions = 0)
     73    71       51.0714   315                     46.1750   212942         
     74    72       51.0714   241                     46.1750   214045         
     75    73       51.0714   299                     46.1750   223600         
     76    74       51.0714   288                     46.1750   237056         
     79    77       51.0714   240                     46.1750   245032         
     82    79       51.4286   219                     46.1750   246244         
     92    87       68.1607   239                     46.1750   246856         
     97    92       68.1607   278                     46.1750   247528         
    104    97       68.1607   278                     46.1750   248103         
    111   104       68.1607   295                     46.1750   248813         
Elapsed time = 337.95 sec. (551933.73 ticks, tree = 13.17 MB, solutions = 0)
    120   111       68.4821   242                     46.1750   249422         
    122   113      103.0000   293                     46.1750   255839         
    128   119       68.4821   273                     46.1750   256611         
    135   126       68.4821   283                     46.1750   257373         
    143   134       68.4821   224                     46.1750   258140         
    145   136       68.4821   235                     46.1750   260584         
    157   148       73.0893   234                     46.1750   261948         
    174   165       68.5536   201                     46.1750   263011         
    213   194      190.8929    82                     46.1750   263666         
*   262   197      integral     0      215.0000       46.1750   264174   78.52%
    263   197       46.1757   341      215.0000       46.1750   264817   78.52%
Elapsed time = 358.50 sec. (582951.50 ticks, tree = 25.69 MB, solutions = 1)
    264   198       46.1758   453      215.0000       46.1750   265547   78.52%
    266   200       46.2250   483      215.0000       46.1750   266154   78.52%
    268   202       46.2218   422      215.0000       46.1750   266574   78.52%
    269   203       46.2363   557      215.0000       46.1750   267826   78.52%
    270   204       46.2460   530      215.0000       46.1750   268462   78.52%
    271   205       46.4695   502      215.0000       46.1750   269191   78.52%
    272   206       46.2896   549      215.0000       46.1750   270153   78.52%
    273   207       46.5527   562      215.0000       46.1750   272140   78.52%
    275   209       46.2896   481      215.0000       46.1750   272524   78.52%
    277   211       47.5625   353      215.0000       46.1750   299756   78.52%
Elapsed time = 391.34 sec. (640905.30 ticks, tree = 27.45 MB, solutions = 1)
    279   213       46.3935   546      215.0000       46.1750   300404   78.52%
    280   214       52.0000   510      215.0000       46.1750   317004   78.52%
    282   216       62.2143   518      215.0000       46.1750   327285   78.52%
    284   218       46.5347   605      215.0000       46.1750   327905   78.52%
    285   219       46.6172   679      215.0000       46.1750   329047   78.52%
    287   221       48.5625   390      215.0000       46.1750   353928   78.52%
    289   223       50.2857   395      215.0000       46.1750   373293   78.52%
    290   224       46.6352   633      215.0000       46.1750   373633   78.52%
    291   225       48.6339   319      215.0000       46.1750   379083   78.52%
    292   226       46.7544   484      215.0000       46.1750   379915   78.52%
Elapsed time = 476.60 sec. (792320.06 ticks, tree = 29.37 MB, solutions = 1)
    294   228       52.2143   400      215.0000       46.1750   396802   78.52%
    295   229       46.8027   581      215.0000       46.1750   397210   78.52%
    296   230       64.0000   501      215.0000       46.1750   408164   78.52%
    298   232       56.3214   550      215.0000       46.1750   408863   78.52%
    300   234       52.2500   536      215.0000       46.1750   409256   78.52%
    303   237       46.8642   602      215.0000       46.1750   409776   78.52%
    304   238       74.2143   518      215.0000       46.1750   427068   78.52%
    306   240       47.3059   454      215.0000       46.1750   428622   78.52%
    307   241       46.8863   600      215.0000       46.1750   429026   78.52%
    309   243       46.9138   590      215.0000       46.1750   430829   78.52%
Elapsed time = 524.49 sec. (875430.19 ticks, tree = 31.41 MB, solutions = 1)
    310   244       60.0357   552      215.0000       46.1750   441086   78.52%
    311   245       46.9183   599      215.0000       46.1750   441327   78.52%
    312   246       56.0000   524      215.0000       46.1750   452473   78.52%
    314   248       47.3630   484      215.0000       46.1750   456507   78.52%
    315   249       47.0242   524      215.0000       46.1750   456933   78.52%
    316   250       47.0431   551      215.0000       46.1750   458386   78.52%
    317   251       54.0714   473      215.0000       46.1750   465673   78.52%
    318   252       47.1733   478      215.0000       46.1750   466521   78.52%
    320   254       47.2432   504      215.0000       46.1750   467583   78.52%
    321   255       47.2661   422      215.0000       46.1750   468119   78.52%
Elapsed time = 569.65 sec. (956795.26 ticks, tree = 33.07 MB, solutions = 1)
    322   256       47.2698   459      215.0000       46.1750   468937   78.52%
    324   258       47.3378   466      215.0000       46.1750   470110   78.52%
    325   259       58.0000   394      215.0000       46.1750   477363   78.52%
    326   260       47.4494   494      215.0000       46.1750   478694   78.52%
    327   261       62.0000   412      215.0000       46.1750   479373   78.52%
    328   262       47.4889   501      215.0000       46.1750   480084   78.52%
    329   263       47.5369   478      215.0000       46.1750   480660   78.52%
    331   265       47.5441   387      215.0000       46.1750   481053   78.52%
    333   267       55.0804   353      215.0000       46.1750   490522   78.52%
    340   274       47.6882   390      215.0000       46.1750   491623   78.52%
Elapsed time = 601.53 sec. (1011453.71 ticks, tree = 35.52 MB, solutions = 1)
    345   279       66.0000   447      215.0000       46.1750   510860   78.52%
    352   286       52.2143   336      215.0000       46.1750   512978   78.52%
    362   296       77.0357   500      215.0000       46.1750   522377   78.52%
    368   302       72.2500   419      215.0000       46.1750   535159   78.52%
    370   304       90.2500   392      215.0000       46.1750   547522   78.52%
    375   308      104.2143   348      215.0000       46.1750   557793   78.52%
    384   317       48.1542   358      215.0000       46.1750   559109   78.52%
    386   319       62.1964   319      215.0000       46.1750   571999   78.52%
    400   329       71.6071   235      215.0000       46.1750   573392   78.52%
    467   371       46.2873   283      215.0000       46.2211   574909   78.50%
Elapsed time = 685.84 sec. (1152761.53 ticks, tree = 48.26 MB, solutions = 1)
    468   372       46.5105   537      215.0000       46.2211   577828   78.50%
    475   379       46.7142   565      215.0000       46.2211   579537   78.50%
    479   383       46.9742   473      215.0000       46.2211   582326   78.50%
    480   384       46.9997   532      215.0000       46.2211   583532   78.50%
    486   390       47.1304   718      215.0000       46.2211   584918   78.50%
    489   393       47.5560   486      215.0000       46.2211   587273   78.50%
    492   396       47.6704   731      215.0000       46.2211   589075   78.50%
    497   401       47.8142   604      215.0000       46.2211   590722   78.50%
    499   403       47.9496   361      215.0000       46.2211   592974   78.50%
    502   406       48.0293   427      215.0000       46.2211   594613   78.50%
Elapsed time = 715.64 sec. (1208317.88 ticks, tree = 52.60 MB, solutions = 1)
    506   410       48.0885   585      215.0000       46.2211   596080   78.50%
    512   416       48.1939   648      215.0000       46.2211   597447   78.50%
    516   420       48.4330   602      215.0000       46.2211   599585   78.50%
    520   424       48.5466   538      215.0000       46.2211   601373   78.50%
    526   430       48.6490   449      215.0000       46.2211   602929   78.50%
    532   436       48.7523   551      215.0000       46.2211   604291   78.50%
    536   440       48.9332   512      215.0000       46.2211   605900   78.50%
    537   441       48.9939   510      215.0000       46.2211   607966   78.50%
    539   443       49.0206   404      215.0000       46.2211   609834   78.50%
    541   445       49.0998   563      215.0000       46.2211   611659   78.50%
Elapsed time = 755.18 sec. (1277494.83 ticks, tree = 57.57 MB, solutions = 1)
    544   448       49.1325   461      215.0000       46.2211   613319   78.50%
    546   450       49.2030   513      215.0000       46.2211   615002   78.50%
    550   454       49.2736   775      215.0000       46.2211   616408   78.50%
    552   456       49.3482   484      215.0000       46.2211   618133   78.50%
    555   459       49.3861   614      215.0000       46.2211   619755   78.50%
    562   466       49.5048   630      215.0000       46.2211   621230   78.50%
    567   471       49.5536   703      215.0000       46.2211   622844   78.50%
    571   475       49.6081   715      215.0000       46.2211   624959   78.50%
    574   478       49.7249   552      215.0000       46.2211   627002   78.50%
    579   483       49.7932   612      215.0000       46.2211   628938   78.50%
Elapsed time = 778.33 sec. (1321260.16 ticks, tree = 62.42 MB, solutions = 1)
    581   485       49.8476   620      215.0000       46.2211   630603   78.50%
    586   490       49.9041   641      215.0000       46.2211   632145   78.50%
    591   495       49.9974   628      215.0000       46.2211   633921   78.50%
    594   498       50.0362   717      215.0000       46.2211   635405   78.50%
    600   504       50.0920   706      215.0000       46.2211   636965   78.50%
    604   508       46.3279   545      215.0000       46.2250   639593   78.50%
    607   511       46.5129   401      215.0000       46.2250   641385   78.50%
    610   514       46.7557   376      215.0000       46.2250   643078   78.50%
    614   518       46.8345   453      215.0000       46.2250   644710   78.50%
    616   520       46.8976   378      215.0000       46.2250   646638   78.50%
Elapsed time = 803.39 sec. (1368827.22 ticks, tree = 67.16 MB, solutions = 1)
    618   522       46.9392   402      215.0000       46.2250   648203   78.50%
    621   525       47.1346   598      215.0000       46.2250   649746   78.50%
    625   529       47.2289   541      215.0000       46.2250   651511   78.50%
    632   536       47.7060   834      215.0000       46.2250   653048   78.50%
    634   538       47.8080   653      215.0000       46.2250   654750   78.50%
    640   544       47.9879   820      215.0000       46.2250   655685   78.50%
    646   550       48.5126   639      215.0000       46.2250   657693   78.50%
    648   552       48.5622   493      215.0000       46.2250   659195   78.50%
    651   555       48.7597   595      215.0000       46.2250   660751   78.50%
    656   560       48.8514   555      215.0000       46.2250   662271   78.50%
Elapsed time = 885.16 sec. (1502920.51 ticks, tree = 72.26 MB, solutions = 1)
    663   567       48.9739   564      215.0000       46.2250   664191   78.50%
    665   569       49.0375   668      215.0000       46.2250   665771   78.50%
    668   572       49.1381   703      215.0000       46.2250   667714   78.50%
    672   576       49.2089   844      215.0000       46.2250   669208   78.50%
    675   579       49.3559   820      215.0000       46.2250   670955   78.50%
    678   582       49.4400   589      215.0000       46.2250   672747   78.50%
    680   584       49.4684   650      215.0000       46.2250   673515   78.50%
    683   587       49.7070   524      215.0000       46.2250   675344   78.50%
    689   593       49.9690   686      215.0000       46.2250   676813   78.50%
    692   596       50.0309   500      215.0000       46.2250   678202   78.50%
Elapsed time = 921.17 sec. (1565958.67 ticks, tree = 76.84 MB, solutions = 1)
    696   600       50.1367   719      215.0000       46.2250   679890   78.50%
    700   604       50.4418   489      215.0000       46.2250   682457   78.50%
    703   607       50.5148   586      215.0000       46.2250   684052   78.50%
    709   613       50.6966   812      215.0000       46.2250   685495   78.50%
    717   621       50.8912   627      215.0000       46.2250   686950   78.50%
    721   625       51.0441   500      215.0000       46.2250   688420   78.50%
    724   628       51.1498   540      215.0000       46.2250   689891   78.50%
    730   634       51.3037   653      215.0000       46.2250   691735   78.50%
    738   642       51.4657   552      215.0000       46.2250   693286   78.50%
    742   646       51.5565   572      215.0000       46.2250   695378   78.50%
Elapsed time = 944.85 sec. (1610599.20 ticks, tree = 83.21 MB, solutions = 1)
    746   650       51.6514   579      215.0000       46.2250   696874   78.50%
    748   652       51.7914   630      215.0000       46.2250   698494   78.50%
    757   661       51.9033   621      215.0000       46.2250   700188   78.50%
    760   664       52.0453   660      215.0000       46.2250   701727   78.50%
    767   671       52.1322   683      215.0000       46.2250   703327   78.50%
    775   679       52.1755   630      215.0000       46.2250   704775   78.50%
    781   685       52.2153   711      215.0000       46.2250   706388   78.50%
    786   690       52.3494   572      215.0000       46.2250   708081   78.50%
    789   693       52.4727   702      215.0000       46.2250   709570   78.50%
    794   698       52.5937   804      215.0000       46.2250   711690   78.50%
Elapsed time = 975.17 sec. (1666803.49 ticks, tree = 89.84 MB, solutions = 1)
    796   700       52.6887   522      215.0000       46.2250   713459   78.50%
    799   703       52.8134   624      215.0000       46.2250   715082   78.50%
    802   706       46.2250   678      215.0000       46.2250   716557   78.50%
    804   708       46.3337   417      215.0000       46.2250   727220   78.50%
    806   710       47.0714   393      215.0000       46.2250   729390   78.50%
    811   715       46.5520   460      215.0000       46.2250   730970   78.50%
    822   726       46.6600   308      215.0000       46.2250   732611   78.50%
    829   733       58.0536   522      215.0000       46.2250   741472   78.50%
    840   744       46.7432   311      215.0000       46.2250   742468   78.50%
    853   757       46.9576   356      215.0000       46.2250   744469   78.50%
Elapsed time = 1020.13 sec. (1746258.65 ticks, tree = 97.29 MB, solutions = 1)
    861   764       57.0000   346      215.0000       46.2250   751239   78.50%
    864   767       66.4554   497      215.0000       46.2250   761314   78.50%
    875   778       50.0536   307      215.0000       46.2250   771617   78.50%
    878   781       72.2768   357      215.0000       46.2250   781443   78.50%
    918   813      112.1250   208      215.0000       46.2250   783667   78.50%
    950   837       47.0000   222      215.0000       47.0000   897585   78.14%
    951   838       47.0000   288      215.0000       47.0000   900825   78.14%
    952   839       47.0000   255      215.0000       47.0000   901979   78.14%
    953   840       47.0000   286      215.0000       47.0000   910678   78.14%
    954   840       47.0000   282      215.0000       47.0000   917918   78.14%
Elapsed time = 1505.24 sec. (2524859.85 ticks, tree = 108.17 MB, solutions = 1)
    955   840       47.0000   280      215.0000       47.0000   918172   78.14%
    956   840       47.0000   278      215.0000       47.0000   926886   78.14%
    957   840       47.0000   234      215.0000       47.0000   933396   78.14%
    958   841       47.0000   254      215.0000       47.0000   933798   78.14%
    959   841       47.0000   297      215.0000       47.0000   940044   78.14%
    961   843       47.0000   292      215.0000       47.0000   942015   78.14%
    963   844       47.0000   238      215.0000       47.0000   953537   78.14%
    964   844       47.0000   278      215.0000       47.0000   954888   78.14%
    966   844       47.0000   218      215.0000       47.0000   955418   78.14%
    968   845       47.0000   241      215.0000       47.0000   959034   78.14%
Elapsed time = 1571.41 sec. (2643527.03 ticks, tree = 108.79 MB, solutions = 1)
    969   846       50.8929   261      215.0000       47.0000   969199   78.14%
    970   847       47.0000   240      215.0000       47.0000   971538   78.14%
    972   848       47.0000   244      215.0000       47.0000   973572   78.14%
    974   849       47.0000   250      215.0000       47.0000   974699   78.14%
    976   851       47.0000   254      215.0000       47.0000   979775   78.14%
    978   852       47.0000   267      215.0000       47.0000   980663   78.14%
    979   853       47.0000   232      215.0000       47.0000   982335   78.14%
    983   857       47.0000   234      215.0000       47.0000   983132   78.14%
    986   858       47.0000   248      215.0000       47.0000   984252   78.14%
    989   860       47.0159   217      215.0000       47.0000   991316   78.14%
Elapsed time = 1616.51 sec. (2722436.03 ticks, tree = 110.60 MB, solutions = 1)
    991   861       47.0000   240      215.0000       47.0000   993158   78.14%
    995   862       48.0000   222      215.0000       47.0000   993970   78.14%
    999   864       49.0000   252      215.0000       47.0000   996154   78.14%
   1004   847       85.0000   347      215.0000       47.0000   999687   78.14%
   1007   846       88.0000   306      215.0000       47.0000  1000514   78.14%
   1011   850       88.0000   295      215.0000       47.0000  1001271   78.14%
   1020   854       88.0000   301      215.0000       47.0000  1001517   78.14%
   1022   854       90.0000   264      215.0000       47.0000  1008308   78.14%
   1026   856       90.0000   274      215.0000       47.0000  1009148   78.14%
   1030   858       90.0000   256      215.0000       47.0000  1009789   78.14%
Elapsed time = 1660.67 sec. (2787649.60 ticks, tree = 110.44 MB, solutions = 1)
   1031   858      168.7143   259      215.0000       47.0000  1023343   78.14%
   1039   862       90.0000   248      215.0000       47.0000  1024038   78.14%
   1044   853       91.0000   236      215.0000       47.0000  1025436   78.14%
   1054   859      125.0000   190      215.0000       47.0000  1025992   78.14%
   1068   861      141.0000   188      215.0000       47.0000  1026255   78.14%
   1084   857      141.0000   174      215.0000       47.0000  1026556   78.14%
   1102   864      141.0000   138      215.0000       47.0000  1026895   78.14%
   1124   871      153.3571   117      215.0000       47.0000  1027245   78.14%
   1171   882      211.0000    77      215.0000       47.0000  1027670   78.14%
   1204   879       47.0000   251      215.0000       47.0000  1030486   78.14%
Elapsed time = 1715.66 sec. (2875618.46 ticks, tree = 114.08 MB, solutions = 1)
   1206   881       47.0000   263      215.0000       47.0000  1031619   78.14%
   1207   882       47.0000   267      215.0000       47.0000  1035071   78.14%
   1209   883       47.0000   272      215.0000       47.0000  1036710   78.14%
   1211   884       47.0000   264      215.0000       47.0000  1039072   78.14%
   1212   884       47.0000   251      215.0000       47.0000  1046354   78.14%
   1214   884       47.8571   299      215.0000       47.0000  1048752   78.14%
   1216   885       47.0000   248      215.0000       47.0000  1050706   78.14%
   1218   885       48.2500   251      215.0000       47.0000  1059022   78.14%
   1226   890       49.0000   301      215.0000       47.0000  1063573   78.14%
   1229   891       62.0000   301      215.0000       47.0000  1069278   78.14%
Elapsed time = 1765.33 sec. (2961450.61 ticks, tree = 115.65 MB, solutions = 1)
   1234   889       49.0000   281      215.0000       47.0000  1070408   78.14%
   1237   889       49.0000   236      215.0000       47.0000  1074630   78.14%
   1241   890       49.0000   216      215.0000       47.0000  1076484   78.14%
   1247   893       56.1875   247      215.0000       47.0000  1079611   78.14%
   1253   897       49.0000   210      215.0000       47.0000  1082332   78.14%
   1258   892       49.1009   241      215.0000       47.0000  1084651   78.14%
   1268   896       50.0000   229      215.0000       47.0000  1086167   78.14%
   1277   895       50.0128   221      215.0000       47.0000  1088290   78.14%
   1290   901       50.0000   222      215.0000       47.0000  1090715   78.14%
   1310   908       51.0000   186      215.0000       47.0000  1093634   78.14%
Elapsed time = 1796.13 sec. (3008302.42 ticks, tree = 118.12 MB, solutions = 1)
   1335   914      147.0000   155      215.0000       47.0000  1096255   78.14%
   1360   913       61.0000   159      215.0000       47.0000  1098453   78.14%
   1380   917       70.0000   164      215.0000       47.0000  1101425   78.14%
   1421   923       96.0893   116      215.0000       47.0000  1102458   78.14%
   1486   930       47.1985   282      215.0000       47.0000  1111167   78.14%
   1487   930       47.7102   259      215.0000       47.0000  1118696   78.14%
   1491   933       48.0000   222      215.0000       47.0000  1120224   78.14%
   1498   937       49.0000   262      215.0000       47.0000  1121943   78.14%
   1507   945       49.0000   332      215.0000       47.0000  1122397   78.14%
   1513   948       49.0000   287      215.0000       47.0000  1125164   78.14%
Elapsed time = 1860.89 sec. (3118413.84 ticks, tree = 124.13 MB, solutions = 1)
   1522   955       49.0000   258      215.0000       47.0000  1126011   78.14%
   1529   959       49.0536   237      215.0000       47.0000  1131484   78.14%
   1536   964       50.0000   268      215.0000       47.0000  1132469   78.14%
   1542   966       50.0000   246      215.0000       47.0000  1134296   78.14%
   1545   968       50.0000   236      215.0000       47.0000  1135225   78.14%
   1551   973       50.0000   237      215.0000       47.0000  1143490   78.14%
   1552   972       47.2176   276      215.0000       47.0000  1152696   78.14%
   1563   978       48.0000   292      215.0000       47.0000  1160711   78.14%
   1572   982       48.0000   294      215.0000       47.0000  1161279   78.14%
   1579   985       48.0000   278      215.0000       47.0000  1162349   78.14%
Elapsed time = 1907.23 sec. (3194872.70 ticks, tree = 129.01 MB, solutions = 1)
   1581   986       48.0000   270      215.0000       47.0000  1165944   78.14%
   1588   991       48.0000   267      215.0000       47.0000  1167153   78.14%
   1594   994       48.0000   236      215.0000       47.0000  1168765   78.14%
   1600   999       48.0000   238      215.0000       47.0000  1171415   78.14%
   1608  1000       49.0000   265      215.0000       47.0000  1174071   78.14%
   1617  1005       49.5539   203      215.0000       47.0000  1177819   78.14%
   1628  1008       52.0000   174      215.0000       47.0000  1181516   78.14%
   1643  1015       54.2500   200      215.0000       47.0000  1186902   78.14%
   1659  1022       55.0000   202      215.0000       47.0000  1188831   78.14%
   1699  1034      120.0000   103      215.0000       47.0000  1189942   78.14%
Elapsed time = 1935.70 sec. (3238962.28 ticks, tree = 135.87 MB, solutions = 1)
   1752  1055       48.2692   254      215.0000       47.0000  1193795   78.14%
   1765  1061       49.0000   295      215.0000       47.0000  1194748   78.14%
   1776  1064       49.0000   239      215.0000       47.0000  1196786   78.14%
   1783  1066       49.3214   235      215.0000       47.0000  1200040   78.14%
   1786  1068       49.2248   242      215.0000       47.0000  1205278   78.14%
   1790  1068       50.0000   224      215.0000       47.0000  1206121   78.14%
   1794  1069       54.5357   245      215.0000       47.0000  1209293   78.14%
   1796  1069       50.0000   244      215.0000       47.0000  1214034   78.14%
   1800  1069       50.0000   262      215.0000       47.0000  1215851   78.14%
   1804  1071       69.0268   350      215.0000       47.0000  1233799   78.14%
Elapsed time = 1986.98 sec. (3316800.56 ticks, tree = 140.99 MB, solutions = 1)
   1813  1074       50.0000   233      215.0000       47.0000  1236082   78.14%
   1818  1074       55.0536   288      215.0000       47.0000  1240609   78.14%
   1826  1080       56.0000   286      215.0000       47.0000  1241611   78.14%
   1836  1086       56.0000   310      215.0000       47.0000  1242458   78.14%
   1839  1087       56.0000   264      215.0000       47.0000  1249211   78.14%
   1844  1089       57.2143   277      215.0000       47.0000  1251123   78.14%
   1852  1094       56.0000   253      215.0000       47.0000  1253860   78.14%
   1870  1100       56.0000   232      215.0000       47.0000  1255322   78.14%
   1886  1104       60.0000   210      215.0000       47.0000  1258433   78.14%
   1902  1113       57.0000   194      215.0000       47.0000  1260137   78.14%
Elapsed time = 2020.15 sec. (3365344.70 ticks, tree = 146.80 MB, solutions = 1)
   1928  1126      145.0000   126      215.0000       47.0000  1261774   78.14%
   1952  1133       47.0000   237      215.0000       47.0000  1268735   78.14%
   1953  1133       47.0085   253      215.0000       47.0000  1271451   78.14%
   1961  1139       48.0000   230      215.0000       47.0000  1272472   78.14%
   1968  1144       48.0000   242      215.0000       47.0000  1273679   78.14%
   1972  1146       48.0000   248      215.0000       47.0000  1275080   78.14%
   1976  1148       48.0000   238      215.0000       47.0000  1277562   78.14%
   1978  1148       54.5714   327      215.0000       47.0000  1285064   78.14%
   1983  1151       55.0000   328      215.0000       47.0000  1285472   78.14%
   1988  1155       55.0000   336      215.0000       47.0000  1286578   78.14%
Elapsed time = 2064.39 sec. (3441950.52 ticks, tree = 152.69 MB, solutions = 1)
   1993  1158       55.0000   296      215.0000       47.0000  1287740   78.14%
   1995  1159       55.0000   267      215.0000       47.0000  1297664   78.14%
   2005  1164       55.0000   304      215.0000       47.0000  1298218   78.14%
   2010  1168       55.0000   266      215.0000       47.0000  1311795   78.14%
   2013  1168       55.0000   264      215.0000       47.0000  1317588   78.14%
   2021  1172       55.0000   336      215.0000       47.0000  1318254   78.14%
   2028  1177       55.0000   310      215.0000       47.0000  1329100   78.14%
   2037  1181       55.0000   219      215.0000       47.0000  1339316   78.14%
   2044  1184       59.5893   275      215.0000       47.0000  1340727   78.14%
   2050  1184       60.0000   276      215.0000       47.0000  1341744   78.14%
Elapsed time = 2127.00 sec. (3539314.56 ticks, tree = 156.56 MB, solutions = 1)
   2067  1194       60.0000   253      215.0000       47.0000  1342743   78.14%
   2092  1204       60.0000   268      215.0000       47.0000  1344031   78.14%
   2123  1211       88.3839   116      215.0000       47.0000  1344997   78.14%
   2152  1219       47.1515   252      215.0000       47.0000  1353141   78.14%
   2155  1220       48.0000   251      215.0000       47.0000  1359996   78.14%
   2165  1225       48.0000   224      215.0000       47.0000  1361918   78.14%
   2169  1228       48.0000   339      215.0000       47.0000  1365836   78.14%
   2177  1233       49.0000   351      215.0000       47.0000  1366999   78.14%
   2181  1236       49.0000   307      215.0000       47.0000  1368071   78.14%
   2183  1237       49.0000   281      215.0000       47.0000  1372283   78.14%
Elapsed time = 2166.75 sec. (3605662.73 ticks, tree = 163.89 MB, solutions = 1)
   2186  1239       49.0000   270      215.0000       47.0000  1375455   78.14%
   2190  1241       49.0000   273      215.0000       47.0000  1376975   78.14%
   2192  1242       49.0000   236      215.0000       47.0000  1379728   78.14%
   2197  1245       49.0000   243      215.0000       47.0000  1384623   78.14%
   2201  1249       49.0000   221      215.0000       47.0000  1386920   78.14%
   2202  1248       58.0446   330      215.0000       47.0000  1399251   78.14%
   2210  1251       59.0000   329      215.0000       47.0000  1399790   78.14%
   2214  1253       59.0000   334      215.0000       47.0000  1400383   78.14%
   2221  1256       59.0000   326      215.0000       47.0000  1401286   78.14%
   2235  1263       73.0000   262      215.0000       47.0000  1402114   78.14%
Elapsed time = 2204.91 sec. (3667971.93 ticks, tree = 167.40 MB, solutions = 1)
   2256  1272       73.0000   214      215.0000       47.0000  1402830   78.14%
   2259  1270       75.4286   198      215.0000       47.0000  1409708   78.14%
   2290  1285       78.0000   179      215.0000       47.0000  1410675   78.14%
   2311  1281       47.4292   253      215.0000       47.0000  1416376   78.14%
   2322  1282       48.0000   228      215.0000       47.0000  1419940   78.14%
   2330  1288       48.0000   243      215.0000       47.0000  1425466   78.14%
   2341  1292       48.0000   223      215.0000       47.0000  1429249   78.14%
   2360  1298       52.0000   300      215.0000       47.0000  1430438   78.14%
   2369  1304       52.0000   275      215.0000       47.0000  1432329   78.14%
   2376  1308       52.0000   252      215.0000       47.0000  1433273   78.14%
Elapsed time = 2244.07 sec. (3730711.94 ticks, tree = 173.65 MB, solutions = 1)
   2392  1316       52.0000   323      215.0000       47.0000  1434524   78.14%
   2393  1317       79.4286   322      215.0000       47.0000  1444954   78.14%
   2399  1320       80.0000   273      215.0000       47.0000  1445860   78.14%
   2407  1321       80.0000   297      215.0000       47.0000  1446597   78.14%
   2419  1327       98.0000   223      215.0000       47.0000  1447128   78.14%
   2446  1332      147.0000   101      215.0000       47.0000  1447791   78.14%
   2505  1329       59.0000   290      215.0000       47.0000  1455287   78.14%
   2508  1329       59.0268   329      215.0000       47.0000  1456122   78.14%
   2518  1331       60.0000   328      215.0000       47.0000  1456996   78.14%
   2524  1333       60.0000   283      215.0000       47.0000  1460233   78.14%
Elapsed time = 2285.27 sec. (3793654.87 ticks, tree = 177.44 MB, solutions = 1)
   2527  1335       60.0000   299      215.0000       47.0000  1460951   78.14%
   2530  1334       60.0000   206      215.0000       47.0000  1470282   78.14%
   2537  1339       60.0000   289      215.0000       47.0000  1471492   78.14%
   2543  1344       60.0000   309      215.0000       47.0000  1472734   78.14%
   2548  1345       60.0000   227      215.0000       47.0000  1474473   78.14%
   2550  1346       60.0000   240      215.0000       47.0000  1477731   78.14%
   2556  1349       60.0000   298      215.0000       47.0000  1478628   78.14%
   2560  1352       60.0000   256      215.0000       47.0000  1482564   78.14%
   2564  1356       60.0000   295      215.0000       47.0000  1483563   78.14%
   2572  1361       60.0000   244      215.0000       47.0000  1489530   78.14%
Elapsed time = 2326.40 sec. (3857865.47 ticks, tree = 181.15 MB, solutions = 1)
   2577  1364       60.0000   343      215.0000       47.0000  1490660   78.14%
   2582  1367       60.0000   258      215.0000       47.0000  1503913   78.14%
   2590  1372       60.0000   235      215.0000       47.0000  1508433   78.14%
   2593  1372       60.0000   230      215.0000       47.0000  1513062   78.14%
   2594  1371       60.0000   206      215.0000       47.0000  1517371   78.14%
   2600  1373       60.5446   236      215.0000       47.0000  1519097   78.14%
   2604  1373       61.0000   241      215.0000       47.0000  1527166   78.14%
   2615  1376       61.0000   235      215.0000       47.0000  1529107   78.14%
   2621  1379       70.0000   228      215.0000       47.0000  1535192   78.14%
   2634  1380       74.5714   221      215.0000       47.0000  1536826   78.14%
Elapsed time = 2372.65 sec. (3926234.00 ticks, tree = 183.95 MB, solutions = 1)
   2650  1382       92.2679   154      215.0000       47.0000  1540750   78.14%
   2708  1405      154.6429    64      215.0000       47.0000  1541610   78.14%
   2732  1418       48.9099   258      215.0000       47.0000  1548643   78.14%
   2738  1423       49.0063   249      215.0000       47.0000  1551368   78.14%
   2745  1430       50.0000   238      215.0000       47.0000  1555216   78.14%
   2746  1431       50.0000   260      215.0000       47.0000  1559063   78.14%
   2757  1439       54.1429   274      215.0000       47.0000  1562170   78.14%
   2769  1450       58.3750   258      215.0000       47.0000  1565992   78.14%
   2774  1455       55.0000   312      215.0000       47.0000  1567791   78.14%
   2777  1458       55.0000   252      215.0000       47.0000  1571511   78.14%
Elapsed time = 2408.60 sec. (3983422.21 ticks, tree = 194.53 MB, solutions = 1)
   2787  1468       55.0000   225      215.0000       47.0000  1574804   78.14%
   2797  1475       59.0536   198      215.0000       47.0000  1586822   78.14%
   2801  1478       57.8750   242      215.0000       47.0000  1592205   78.14%
   2810  1485       56.0000   241      215.0000       47.0000  1593956   78.14%
   2822  1495       56.0000   191      215.0000       47.0000  1600573   78.14%
   2828  1500       61.1071   246      215.0000       47.0000  1602812   78.14%
   2840  1511       56.0000   224      215.0000       47.0000  1605138   78.14%
   2852  1522       57.0000   214      215.0000       47.0000  1607171   78.14%
   2853  1522       65.3062   202      215.0000       47.0000  1618102   78.14%
   2878  1537       77.0000   180      215.0000       47.0000  1619833   78.14%
Elapsed time = 2446.73 sec. (4038117.35 ticks, tree = 205.22 MB, solutions = 1)
   2946  1578      122.0000   103      215.0000       47.0000  1620794   78.14%
   2950  1580      122.0000   106      215.0000       47.0000  1620822   78.14%
   2956  1585       49.0000   249      215.0000       47.0000  1624271   78.14%
   2957  1585       50.2143   253      215.0000       47.0000  1631499   78.14%
   2962  1590       51.0000   275      215.0000       47.0000  1633551   78.14%
   2964  1592       51.0000   246      215.0000       47.0000  1638749   78.14%
   2978  1606       51.0000   250      215.0000       47.0000  1642029   78.14%
   2985  1612       56.1429   227      215.0000       47.0000  1646654   78.14%
   3000  1627       57.0000   300      215.0000       47.0000  1647616   78.14%
   3001  1627       58.3571   204      215.0000       47.0000  1653121   78.14%
Elapsed time = 2543.86 sec. (4180448.69 ticks, tree = 217.29 MB, solutions = 1)
   3012  1638       59.0000   264      215.0000       47.0000  1654233   78.14%
   3020  1644       59.0000   204      215.0000       47.0000  1656225   78.14%
   3032  1654       59.0000   215      215.0000       47.0000  1657851   78.14%
   3043  1661       59.0000   202      215.0000       47.0000  1660374   78.14%
   3112  1709      136.0000    67      215.0000       47.0000  1661128   78.14%
   3146  1734       47.3155   316      215.0000       47.0000  1669863   78.14%
   3148  1736       48.0000   279      215.0000       47.0000  1676598   78.14%
   3151  1739       48.0000   230      215.0000       47.0000  1681628   78.14%
   3158  1745       48.0241   222      215.0000       47.0000  1686927   78.14%
   3163  1750       49.0000   252      215.0000       47.0000  1690435   78.14%
Elapsed time = 2587.96 sec. (4256342.55 ticks, tree = 233.82 MB, solutions = 1)
   3169  1756       49.0000   250      215.0000       47.0000  1691960   78.14%
   3170  1757       49.0000   213      215.0000       47.0000  1695720   78.14%
   3177  1764       49.0000   214      215.0000       47.0000  1697343   78.14%
   3180  1767       49.0000   193      215.0000       47.0000  1699568   78.14%
   3183  1769       49.0426   237      215.0000       47.0000  1703860   78.14%
   3188  1774       50.0000   255      215.0000       47.0000  1707102   78.14%
   3201  1787       50.0000   221      215.0000       47.0000  1709639   78.14%
   3215  1801       50.0000   245      215.0000       47.0000  1711608   78.14%
   3241  1824       77.0000   168      215.0000       47.0000  1713968   78.14%
   3316  1874      210.7143    59      215.0000       47.0000  1714617   78.14%
Elapsed time = 2616.90 sec. (4306666.97 ticks, tree = 250.57 MB, solutions = 1)
   3325  1873       47.1620   245      215.0000       47.0000  1724702   78.14%
   3331  1879       48.0000   263      215.0000       47.0000  1727403   78.14%
   3334  1882       48.0000   308      215.0000       47.0000  1734951   78.14%
   3338  1885       48.0136   277      215.0000       47.0000  1743027   78.14%
   3354  1900       50.0000   310      215.0000       47.0000  1745024   78.14%
   3360  1906       50.0000   293      215.0000       47.0000  1749455   78.14%
   3365  1911       50.0000   281      215.0000       47.0000  1751706   78.14%
   3369  1915       50.0000   278      215.0000       47.0000  1752861   78.14%
   3372  1918       50.0000   271      215.0000       47.0000  1759142   78.14%
   3384  1929       51.0000   245      215.0000       47.0000  1763739   78.14%
Elapsed time = 2671.29 sec. (4401048.90 ticks, tree = 257.61 MB, solutions = 1)
   3392  1937       51.0000   276      215.0000       47.0000  1765033   78.14%
   3397  1942       51.0000   302      215.0000       47.0000  1766901   78.14%
   3406  1951       51.0000   257      215.0000       47.0000  1768104   78.14%
   3407  1951       51.1250   257      215.0000       47.0000  1772683   78.14%
   3414  1958       52.0000   244      215.0000       47.0000  1776039   78.14%
   3418  1962       52.0000   223      215.0000       47.0000  1780284   78.14%
   3429  1973       52.0000   252      215.0000       47.0000  1782805   78.14%
   3433  1976       56.3214   231      215.0000       47.0000  1786519   78.14%
   3471  2006       74.0000   204      215.0000       47.0000  1787378   78.14%
   3531  2038      104.0000    67      215.0000       47.0000  1788382   78.14%
Elapsed time = 2701.22 sec. (4448498.09 ticks, tree = 272.30 MB, solutions = 1)
   3552  2055       47.9983   485      215.0000       47.0000  1814337   78.14%
   3557  2059       49.0000   444      215.0000       47.0000  1814968   78.14%
   3562  2064       49.0000   355      215.0000       47.0000  1816006   78.14%
   3567  2069       49.0000   330      215.0000       47.0000  1817528   78.14%
   3572  2074       49.0000   360      215.0000       47.0000  1821458   78.14%
   3574  2076       49.0000   344      215.0000       47.0000  1827402   78.14%
   3580  2079       49.3937   278      215.0000       47.0000  1833594   78.14%
   3586  2085       50.0000   341      215.0000       47.0000  1834730   78.14%
   3587  2086       50.0000   314      215.0000       47.0000  1837691   78.14%
   3591  2090       50.0000   310      215.0000       47.0000  1841065   78.14%
Elapsed time = 2752.15 sec. (4538504.00 ticks, tree = 279.13 MB, solutions = 1)
   3595  2094       50.0000   294      215.0000       47.0000  1844505   78.14%
   3598  2096       50.0806   329      215.0000       47.0000  1849498   78.14%
   3607  2105       51.0000   324      215.0000       47.0000  1850762   78.14%
   3611  2109       51.0000   383      215.0000       47.0000  1852208   78.14%
   3632  2130      132.0000   271      215.0000       47.0000  1852745   78.14%
   3652  2148      132.0000   231      215.0000       47.0000  1853294   78.14%
   3681  2167      132.0000   159      215.0000       47.0000  1853957   78.14%
   3731  2199       47.0714   207      215.0000       47.0000  1864238   78.14%
   3733  2201       48.0000   277      215.0000       47.0000  1872736   78.14%
   3742  2210       48.0000   278      215.0000       47.0000  1874487   78.14%
Elapsed time = 2795.24 sec. (4612785.91 ticks, tree = 295.15 MB, solutions = 1)
   3744  2212       48.0000   274      215.0000       47.0000  1878628   78.14%
   3745  2213       48.0000   251      215.0000       47.0000  1881988   78.14%
   3749  2217       48.0000   255      215.0000       47.0000  1885871   78.14%
   3756  2224       48.0000   277      215.0000       47.0000  1887089   78.14%
   3757  2225       48.0000   271      215.0000       47.0000  1892386   78.14%
   3758  2226       48.0000   296      215.0000       47.0000  1896799   78.14%
   3762  2230       48.0000   262      215.0000       47.0000  1901086   78.14%
   3768  2236       48.0000   287      215.0000       47.0000  1903092   78.14%
   3769  2236       48.1199   274      215.0000       47.0000  1910546   78.14%
   3770  2236       48.0091   274      215.0000       47.0000  1913963   78.14%
Elapsed time = 2836.66 sec. (4689951.94 ticks, tree = 298.52 MB, solutions = 1)
   3774  2239       48.0016   246      215.0000       47.0000  1917574   78.14%
   3777  2242       48.0000   266      215.0000       47.0000  1919554   78.14%
   3779  2243       49.6205   280      215.0000       47.0000  1934756   78.14%
   3781  2244       48.0089   248      215.0000       47.0000  1939201   78.14%
   3783  2246       49.0000   255      215.0000       47.0000  1941334   78.14%
   3787  2250       49.0000   252      215.0000       47.0000  1942960   78.14%
   3789  2251       60.1339   262      215.0000       47.0000  1950015   78.14%
   3793  2255       49.0000   258      215.0000       47.0000  1953353   78.14%
   3798  2260       49.0000   257      215.0000       47.0000  1956640   78.14%
   3801  2263       49.0000   252      215.0000       47.0000  1960944   78.14%
Elapsed time = 2879.92 sec. (4765683.93 ticks, tree = 302.05 MB, solutions = 1)
   3803  2265       49.0000   237      215.0000       47.0000  1963653   78.14%
   3811  2272       49.0803   231      215.0000       47.0000  1970469   78.14%
   3813  2274       49.0000   256      215.0000       47.0000  1972914   78.14%
   3816  2277       49.0000   268      215.0000       47.0000  1976307   78.14%
   3819  2278       49.2840   245      215.0000       47.0000  1979383   78.14%
   3824  2281       83.1875   229      215.0000       47.0000  1981655   78.14%
   3860  2314      144.0000   165      215.0000       47.0000  1982426   78.14%
   3910  2355      146.0000   112      215.0000       47.0000  1983200   78.14%
   3952  2385       47.1690   221      215.0000       47.0000  1992998   78.14%
   3954  2387       48.0000   247      215.0000       47.0000  2004926   78.14%
Elapsed time = 2921.44 sec. (4836072.57 ticks, tree = 318.81 MB, solutions = 1)
   3962  2395       48.0000   239      215.0000       47.0000  2006470   78.14%
   3972  2405       48.0000   226      215.0000       47.0000  2013992   78.14%
   3981  2413       48.1649   224      215.0000       47.0000  2019796   78.14%
   3986  2418       49.0000   247      215.0000       47.0000  2024111   78.14%
   4003  2435       49.0000   276      215.0000       47.0000  2025514   78.14%
   4009  2441       49.0000   244      215.0000       47.0000  2028218   78.14%
   4017  2449       49.0000   243      215.0000       47.0000  2030475   78.14%
   4028  2457       50.0000   214      215.0000       47.0000  2036290   78.14%
   4046  2474       56.0000   263      215.0000       47.0000  2037792   78.14%
   4048  2476       56.0000   197      215.0000       47.0000  2043812   78.14%
Elapsed time = 2956.55 sec. (4894178.90 ticks, tree = 330.54 MB, solutions = 1)
   4062  2488       56.9649   216      215.0000       47.0000  2049501   78.14%
   4090  2505       70.0000   169      215.0000       47.0000  2050796   78.14%
   4152  2546       47.4158   260      215.0000       47.0000  2060141   78.14%
   4160  2554       48.0000   274      215.0000       47.0000  2063889   78.14%
   4165  2558       48.2591   221      215.0000       47.0000  2068309   78.14%
   4169  2562       49.0000   273      215.0000       47.0000  2079690   78.14%
   4181  2574       49.0000   292      215.0000       47.0000  2081217   78.14%
   4198  2591       49.0000   307      215.0000       47.0000  2082723   78.14%
   4204  2596       54.0536   232      215.0000       47.0000  2090493   78.14%
   4223  2615       55.0000   258      215.0000       47.0000  2101900   78.14%
Elapsed time = 3010.04 sec. (4980670.60 ticks, tree = 349.13 MB, solutions = 1)
   4233  2624       55.0000   233      215.0000       47.0000  2107843   78.14%
   4240  2631       55.0000   218      215.0000       47.0000  2111568   78.14%
   4244  2635       55.0000   243      215.0000       47.0000  2114614   78.14%
   4245  2636       55.0000   215      215.0000       47.0000  2121024   78.14%
   4246  2637       55.0000   189      215.0000       47.0000  2126619   78.14%
   4252  2642       56.0000   240      215.0000       47.0000  2130073   78.14%
   4259  2648       64.3571   244      215.0000       47.0000  2134204   78.14%
   4281  2667       76.0000   228      215.0000       47.0000  2135436   78.14%
   4347  2700       47.1307   261      215.0000       47.0000  2146420   78.14%
   4352  2705       48.0000   268      215.0000       47.0000  2151881   78.14%
Elapsed time = 3057.05 sec. (5055161.89 ticks, tree = 361.24 MB, solutions = 1)
   4354  2707       48.0000   258      215.0000       47.0000  2157958   78.14%
   4356  2709       48.0000   266      215.0000       47.0000  2160474   78.14%
   4361  2714       48.0000   273      215.0000       47.0000  2162770   78.14%
   4364  2717       48.0000   268      215.0000       47.0000  2165184   78.14%
   4366  2719       48.0000   241      215.0000       47.0000  2167688   78.14%
   4369  2722       48.0000   229      215.0000       47.0000  2169692   78.14%
   4374  2726       48.4416   211      215.0000       47.0000  2174693   78.14%
   4379  2731       49.0000   305      215.0000       47.0000  2175969   78.14%
   4387  2739       49.0000   287      215.0000       47.0000  2177521   78.14%
   4393  2745       49.0000   263      215.0000       47.0000  2182303   78.14%
Elapsed time = 3089.60 sec. (5116815.12 ticks, tree = 366.43 MB, solutions = 1)
   4397  2749       49.0000   253      215.0000       47.0000  2187984   78.14%
   4398  2750       49.0000   265      215.0000       47.0000  2188095   78.14%
   4399  2751       49.0000   262      215.0000       47.0000  2191393   78.14%
   4401  2752       49.1102   263      215.0000       47.0000  2197011   78.14%
   4411  2762       50.0000   290      215.0000       47.0000  2202879   78.14%
   4418  2769       50.0000   265      215.0000       47.0000  2204107   78.14%
   4424  2775       50.0000   319      215.0000       47.0000  2205363   78.14%
   4426  2777       50.0000   316      215.0000       47.0000  2208708   78.14%
   4431  2782       50.0000   311      215.0000       47.0000  2214393   78.14%
   4432  2782       50.1223   452      215.0000       47.0000  2220806   78.14%
Elapsed time = 3212.89 sec. (5290947.68 ticks, tree = 371.36 MB, solutions = 1)
   4434  2784       51.0000   362      215.0000       47.0000  2222870   78.14%
   4435  2785       51.0000   336      215.0000       47.0000  2224648   78.14%
   4437  2787       51.0000   307      215.0000       47.0000  2229037   78.14%
   4444  2794       51.0000   286      215.0000       47.0000  2236068   78.14%
   4450  2800       51.0000   283      215.0000       47.0000  2241343   78.14%
   4455  2805       51.0000   347      215.0000       47.0000  2247775   78.14%
   4462  2812       51.0000   327      215.0000       47.0000  2248267   78.14%
   4465  2815       51.0000   341      215.0000       47.0000  2249566   78.14%
   4466  2815       51.0411   288      215.0000       47.0000  2256573   78.14%
   4469  2818       52.0000   309      215.0000       47.0000  2257922   78.14%
Elapsed time = 3260.00 sec. (5375650.24 ticks, tree = 375.90 MB, solutions = 1)
   4477  2826       52.0000   327      215.0000       47.0000  2258354   78.14%
   4478  2827       52.0000   342      215.0000       47.0000  2265747   78.14%
   4484  2833       52.0000   335      215.0000       47.0000  2266428   78.14%
   4488  2837       52.0000   342      215.0000       47.0000  2275292   78.14%
   4489  2838       52.0000   304      215.0000       47.0000  2278597   78.14%
   4494  2843       52.0000   299      215.0000       47.0000  2283206   78.14%
   4500  2849       52.0000   339      215.0000       47.0000  2287227   78.14%
   4501  2849       52.0723   359      215.0000       47.0000  2290326   78.14%
   4504  2852       53.0000   265      215.0000       47.0000  2292801   78.14%
   4505  2853       53.0000   302      215.0000       47.0000  2299341   78.14%
Elapsed time = 3310.27 sec. (5465575.46 ticks, tree = 380.43 MB, solutions = 1)
   4508  2856       53.0000   312      215.0000       47.0000  2304755   78.14%
   4510  2858       53.0000   310      215.0000       47.0000  2312562   78.14%
   4511  2859       53.0000   264      215.0000       47.0000  2316562   78.14%
   4512  2860       53.0000   288      215.0000       47.0000  2321762   78.14%
   4515  2863       53.0000   314      215.0000       47.0000  2323336   78.14%
   4520  2867       53.0134   251      215.0000       47.0000  2329237   78.14%
   4525  2872       54.0000   310      215.0000       47.0000  2330409   78.14%
   4527  2874       54.0000   295      215.0000       47.0000  2335579   78.14%
   4529  2876       54.0000   291      215.0000       47.0000  2337285   78.14%
   4530  2877       54.0000   276      215.0000       47.0000  2343758   78.14%
Elapsed time = 3360.66 sec. (5556645.62 ticks, tree = 383.55 MB, solutions = 1)
   4534  2881       56.0000   317      215.0000       47.0000  2352825   78.14%
   4536  2883       56.0000   257      215.0000       47.0000  2362762   78.14%
   4537  2883       56.0536   292      215.0000       47.0000  2372193   78.14%
   4544  2890       57.0000   349      215.0000       47.0000  2373368   78.14%
   4546  2892       57.0000   302      215.0000       47.0000  2375179   78.14%
   4547  2893       57.0000   312      215.0000       47.0000  2383819   78.14%
   4550  2896       57.0000   288      215.0000       47.0000  2383856   78.14%
   4552  2898       47.0000   314      215.0000       47.0000  2405315   78.14%
   4558  2904       47.0000   311      215.0000       47.0000  2408092   78.14%
   4560  2906       47.0000   324      215.0000       47.0000  2411650   78.14%
Elapsed time = 3488.42 sec. (5780962.04 ticks, tree = 387.30 MB, solutions = 1)
   4562  2908       47.0000   248      215.0000       47.0000  2419370   78.14%
   4563  2909       47.0000   232      215.0000       47.0000  2422080   78.14%
   4565  2911       47.0000   253      215.0000       47.0000  2428207   78.14%
   4573  2919       58.0000   318      215.0000       47.0000  2428679   78.14%
   4581  2927       58.0000   365      215.0000       47.0000  2428992   78.14%
   4588  2934       58.0000   353      215.0000       47.0000  2429453   78.14%
   4592  2936       58.0000   365      215.0000       47.0000  2430334   78.14%
   4598  2941       59.0000   343      215.0000       47.0000  2430752   78.14%
   4600  2943       59.0000   348      215.0000       47.0000  2431862   78.14%
   4601  2944       59.5714   258      215.0000       47.0000  2435611   78.14%
Elapsed time = 3528.28 sec. (5848871.17 ticks, tree = 392.23 MB, solutions = 1)
   4612  2954       61.0000   271      215.0000       47.0000  2435807   78.14%
   4621  2963       61.0000   302      215.0000       47.0000  2436450   78.14%
   4624  2963       61.0000   306      215.0000       47.0000  2443366   78.14%
   4629  2968       64.0000   208      215.0000       47.0000  2450882   78.14%
   4634  2972       64.0000   277      215.0000       47.0000  2454342   78.14%
   4645  2980       65.0000   242      215.0000       47.0000  2455449   78.14%

GUB cover cuts applied:  1
Clique cuts applied:  18
Cover cuts applied:  7
Implied bound cuts applied:  5
Mixed integer rounding cuts applied:  62
Zero-half cuts applied:  146
Gomory fractional cuts applied:  2

Root node processing (before b&c):
  Real time             =  237.62 sec. (390666.93 ticks)
Sequential b&c:
  Real time             = 3362.39 sec. (5566530.81 ticks)
                          ------------
Total (root+branch&cut) = 3600.02 sec. (5957197.74 ticks)

Solution pool: 1 solution saved.

MIP - Time limit exceeded, integer feasible:  Objective =  2.1500000000e+02
Current MIP best bound =  4.7000000000e+01 (gap = 168, 78.14%)
Solution time = 3600.02 sec.  Iterations = 2460310  Nodes = 4650 (2982)
Deterministic time = 5957198.06 ticks  (1654.77 ticks/sec)

CPLEX> Incumbent solution
Variable Name           Solution Value
y                           215.000000
x53                           1.000000
x5795                         1.000000
x11554                        1.000000
x17400                        1.000000
x23109                        1.000000
x28911                        1.000000
x34692                        1.000000
x40436                        1.000000
x46251                        1.000000
x52053                        1.000000
x57834                        1.000000
x63591                        1.000000
x69323                        1.000000
x75123                        1.000000
x80934                        1.000000
x86669                        1.000000
x92492                        1.000000
x98224                        1.000000
x104033                       1.000000
x109766                       1.000000
x989                          1.000000
x9805                         1.000000
x11629                        1.000000
x20217                        1.000000
x24549                        1.000000
x33441                        1.000000
x37621                        1.000000
x45525                        1.000000
x49401                        1.000000
x55481                        1.000000
x58597                        1.000000
x64829                        1.000000
x72125                        1.000000
x77673                        1.000000
x82613                        1.000000
x89985                        1.000000
x98041                        1.000000
x101917                       1.000000
x108149                       1.000000
x114381                       1.000000
x84515                        1.000000
x112182                       1.000000
x110131                       1.000000
x110208                       1.000000
x22733                        1.000000
x17946                        1.000000
x59672                        1.000000
x88781                        1.000000
x4422                         1.000000
x87567                        1.000000
x108924                       1.000000
x38473                        1.000000
x67658                        1.000000
x25328                        1.000000
x57173                        1.000000
x85675                        1.000000
x84156                        1.000000
x39165                        1.000000
x59838                        1.000000
x113647                       1.000000
x63336                        1.000000
x23438                        1.000000
x113197                       1.000000
x113350                       1.000000
x86221                        1.000000
x70110                        1.000000
x21699                        1.000000
x35912                        1.000000
x31201                        1.000000
x31962                        1.000000
x81060                        1.000000
x90941                        1.000000
x115262                       1.000000
x53551                        1.000000
x111768                       1.000000
x82585                        1.000000
x100598                       1.000000
x36531                        1.000000
x110328                       1.000000
x7198                         1.000000
x105164                       1.000000
x87761                        1.000000
x18070                        1.000000
x4011                         1.000000
x37376                        1.000000
x32057                        1.000000
x112314                       1.000000
x111403                       1.000000
x83664                        1.000000
x108898                       1.000000
x40727                        1.000000
x45516                        1.000000
x86179                        1.000000
x114529                       1.000000
x98191                        1.000000
u3                            6.000000
u6                            5.000000
u7                            6.000000
u8                            7.000000
u9                            1.000000
u10                          53.000000
u12                           3.000000
u13                           1.000000
u14                          55.000000
u15                          53.000000
u16                           2.000000
u17                           4.000000
u18                           1.000000
u20                          55.000000
u21                           1.000000
u23                           4.000000
u24                          55.000000
u25                           2.000000
u26                           2.000000
u27                          52.000000
u28                           1.000000
u30                           1.000000
u33                           4.000000
u34                          54.000000
u37                           2.000000
u38                           1.000000
u39                          55.000000
u40                          55.000000
u41                           1.000000
u42                           2.000000
u44                          54.000000
u45                          55.000000
u46                           3.000000
u47                           2.000000
u48                          53.000000
u49                           5.000000
u50                           1.000000
u51                           3.000000
u52                           8.000000
u53                          53.000000
u54                           1.000000
u56                           3.000000
u57                          54.000000
u58                          54.000000
u59                          54.000000
u60                           1.000000
u61                           3.000000
u62                          55.000000
u63                           1.000000
u64                           3.000000
u66                           1.000000
u67                           1.000000
u68                           2.000000
u71                           1.000000
u73                           2.000000
u75                           1.000000
All other variables in the range 1-114076 are 0.
CPLEX> 