
Welcome to IBM(R) ILOG(R) CPLEX(R) Interactive Optimizer 12.7.1.0
  with Simplex, Mixed Integer & Barrier Optimizers
5725-A06 5725-A29 5724-Y48 5724-Y49 5724-Y54 5724-Y55 5655-Y21
Copyright IBM Corp. 1988, 2017.  All Rights Reserved.

Type 'help' for a list of available commands.
Type 'help' followed by a command name for more
information on commands.

CPLEX> New value for default parallel thread count: 1
CPLEX> New value for time limit in seconds: 3600
CPLEX> Problem 'eil76_m31.lp' read.
Read time = 0.23 sec. (19.42 ticks)
CPLEX> CPXPARAM_TimeLimit                               3600
CPXPARAM_Threads                                 1
CPXPARAM_Read_APIEncoding                        "UTF-8"
Tried aggregator 1 time.
MIP Presolve modified 181350 coefficients.
Reduced MIP has 8118 rows, 176776 columns, and 1057753 nonzeros.
Reduced MIP has 176700 binaries, 75 generals, 0 SOSs, and 0 indicators.
Presolve time = 0.71 sec. (796.74 ticks)
Tried aggregator 1 time.
Reduced MIP has 8118 rows, 176776 columns, and 1057753 nonzeros.
Reduced MIP has 176700 binaries, 76 generals, 0 SOSs, and 0 indicators.
Presolve time = 0.68 sec. (556.56 ticks)
Probing time = 0.20 sec. (85.06 ticks)
Clique table members: 349237.
MIP emphasis: balance optimality and feasibility.
MIP search method: dynamic search.
Parallel mode: none, using 1 thread.
Root relaxation solution time = 41.28 sec. (69486.33 ticks)

        Nodes                                         Cuts/
   Node  Left     Objective  IInf  Best Integer    Best Bound    ItCnt     Gap

      0     0       44.2036   271                     44.2036    43933         
      0     0       45.0000   334                    Cuts: 50    75212         
      0     0       45.1627   392                   Cuts: 121   123044         
      0     0       45.1935   357                    Cuts: 41   123971         
      0     0       45.1935   420                    Cuts: 34   124646         
      0     0       45.1935   285                 MIRcuts: 13   125077         
      0     0       45.1935   347                    Cuts: 71   126504         
Heuristic still looking.
      0     2       45.1935   277                     45.1935   126504         
Elapsed time = 355.84 sec. (585600.67 ticks, tree = 0.01 MB, solutions = 0)
      1     3       45.2699   304                     45.1935   126762         
      2     4       45.1942   324                     45.1942   128022         
      3     5       45.2258   295                     45.1942   128513         
      4     6       45.2277   307                     45.2258   129033         
      5     7       45.2419   382                     45.2258   130182         
      6     8       45.2326   317                     45.2277   130538         
      7     9       45.3287   395                     45.2277   130763         
      8    10       52.0000   232                     45.2277   130856         
      9    11       52.0000   354                     45.2277   131039         
     10    12       52.0000   291                     45.2277   131096         
Elapsed time = 394.92 sec. (651763.45 ticks, tree = 1.56 MB, solutions = 0)
     17    19       52.0000   363                     45.2277   131717         
     20    22       52.0000   311                     45.2277   150011         
     24    26       52.0000   346                     45.2277   150283         
     27    29       52.0000   348                     45.2277   150599         
     29    31       52.0000   394                     45.2277   150929         
     30    32       52.0000   430                     45.2277   151240         
     31    33       52.0000   342                     45.2277   167786         
     32    34       52.0000   345                     45.2277   194776         
     33    35       52.0000   333                     45.2277   212712         
     34    36       52.0000   328                     45.2277   238169         
Elapsed time = 563.67 sec. (910888.66 ticks, tree = 5.42 MB, solutions = 0)
     35    37       52.0000   314                     45.2277   264384         
     36    38       52.0000   296                     45.2277   289245         
     37    39       52.0000   320                     45.2277   320713         
     38    40       52.0000   368                     45.2277   323216         
     39    41       52.0000   419                     45.2277   351172         
     40    42       52.0000   338                     45.2277   378417         
     41    43       52.0000   370                     45.2277   412290         
     42    44       52.0000   403                     45.2277   443888         
     43    45       52.0000   366                     45.2277   479084         
     44    46       52.0000   453                     45.2277   481722         
Elapsed time = 1099.41 sec. (1730504.65 ticks, tree = 6.87 MB, solutions = 0)
     45    47       57.0000   340                     45.2277   515279         
     46    48       52.0000   371                     45.2277   552179         
     47    49       52.0000   365                     45.2277   584508         
     48    50       52.0000   325                     45.2277   615279         
     49    51       52.0000   367                     45.2277   647546         
     50    52       52.0000   348                     45.2277   649676         
     51    53       52.0000   337                     45.2277   678810         
     52    54       52.0000   387                     45.2277   706035         
     53    55       52.0000   357                     45.2277   738532         
     54    56       52.0000   351                     45.2277   770385         
Elapsed time = 1597.88 sec. (2494587.08 ticks, tree = 8.65 MB, solutions = 0)
     55    57       52.0000   412                     45.2277   794964         
     56    58       52.0000   352                     45.2277   817372         
     57    59       52.0000   338                     45.2277   840203         
     58    60       52.0000   393                     45.2277   862567         
     59    61       52.0000   346                     45.2277   891459         
     60    62       52.0000   327                     45.2277   913296         
     61    63       52.0000   373                     45.2277   932535         
     62    64       52.0000   351                     45.2277   952825         
     63    65       52.0000   308                     45.2277   971526         
     64    66       52.0000   323                     45.2277   971909         
Elapsed time = 1883.91 sec. (2953148.88 ticks, tree = 10.12 MB, solutions = 0)
     65    67       52.0000   287                     45.2277   972217         
     67    69       52.0000   273                     45.2277   972629         
     69    71       52.0000   301                     45.2277   973230         
     70    72       52.0000   281                     45.2277   973236         
     71    73       52.0000   281                     45.2277   973335         
     72    74       52.0000   269                     45.2277   973889         
     73    75       52.0000   302                     45.2277   974219         
     74    76       52.0000   287                     45.2277   974893         
     75    77       52.0000   286                     45.2277   974999         
     76    78       52.0000   284                     45.2277   975029         
Elapsed time = 1952.80 sec. (3085415.27 ticks, tree = 29.38 MB, solutions = 0)
     77    79       52.0000   291                     45.2277   975133         
     78    80       58.0000   225                     45.2277   975331         
     80    80    infeasible                           45.2277   975437         
     81    81       58.0000   240                     45.2277   975439         
     82    82       58.0000   243                     45.2277   975469         
     83    83       58.0000   250                     45.2277   975491         
     84    84       58.0000   235                     45.2277   975501         
     85    85       58.0000   233                     45.2277   975505         
     86    86       58.0000   236                     45.2277   975510         
     87    87       58.0000   225                     45.2277   975567         
Elapsed time = 1973.93 sec. (3134852.16 ticks, tree = 42.74 MB, solutions = 0)
     89    89       58.0000   214                     45.2277   975648         
     91    91       58.0000   233                     45.2277   975740         
     92    92       58.0000   227                     45.2277   975756         
     93    93       58.0000   242                     45.2277   975774         
     94    94       64.5778   191                     45.2277   975977         
     96    94    infeasible                           45.2277   976055         
     97    95       76.5444   190                     45.2277   976241         
     98    96       68.1111   182                     45.2277   976265         
    100    96       77.7111   163                     45.2277   976318         
    101    97       78.1111   163                     45.2277   976323         
Elapsed time = 1998.75 sec. (3190318.18 ticks, tree = 54.78 MB, solutions = 0)
    102    98       83.4444   159                     45.2277   976360         
    103    99       78.1111   164                     45.2277   976364         
    104   100       92.7111   137                     45.2277   976460         
    105   101       78.1556   160                     45.2277   976488         
    107   103       86.5556   157                     45.2277   976652         
    108   102    infeasible                           45.2277   976661         
    109   103       97.6667   158                     45.2277   976727         
    111   105       97.7778   155                     45.2277   976796         
    112   106      102.5556   148                     45.2277   976818         
    113   107       97.8333   156                     45.2277   976829         
Elapsed time = 2022.14 sec. (3243984.84 ticks, tree = 69.64 MB, solutions = 0)
    114   108      101.1111   148                     45.2277   976851         
    117   111      111.2222   139                     45.2277   977011         
    118   112      102.1778   141                     45.2277   977021         
    120   114      113.7556   121                     45.2277   977064         
    121   113    infeasible                           45.2277   977090         
    122   114      118.6000   131                     45.2277   977112         
    124   116      119.5037   126                     45.2277   977195         
    127   119      123.4444   109                     45.2277   977350         
    129   121      123.8000   104                     45.2277   977404         
    131   123      126.4444   108                     45.2277   977487         
Elapsed time = 2037.90 sec. (3282457.02 ticks, tree = 89.64 MB, solutions = 0)
    135   127      128.4444   111                     45.2277   977628         
    137   129      128.6444   109                     45.2277   977722         
    140   128    infeasible                           45.2277   977747         
    144   130      175.0444   118                     45.2277   977828         
    149   135      188.0000   118                     45.2277   977889         
    151   137      177.8667   121                     45.2277   977911         
    152   138      190.5333   103                     45.2277   977981         
    155   141      192.4000   102                     45.2277   978014         
    158   144      192.5333   106                     45.2277   978046         
    160   146      192.9333   103                     45.2277   978080         
Elapsed time = 2064.50 sec. (3357409.08 ticks, tree = 123.86 MB, solutions = 0)
    161   145    infeasible                           45.2277   978090         
    162   146      212.0000    98                     45.2277   978115         
    165   147      212.0000   117                     45.2277   978137         
    167   149      212.0000    76                     45.2277   978185         
    169   149      212.0000    83                     45.2277   978217         
    171   151      212.0000    73                     45.2277   978241         
    172   152      212.0000    84                     45.2277   978251         
    174   152      212.0000    82                     45.2277   978274         
    176   154      212.0000    75                     45.2277   978286         
    178   156      212.0000    79                     45.2277   978318         
Elapsed time = 2090.54 sec. (3431274.00 ticks, tree = 137.26 MB, solutions = 0)
    180   158      212.0000    78                     45.2277   978343         
    182   158      212.0000    80                     45.2277   978356         
    183   159      212.0000    78                     45.2277   978378         
    185   161      212.0000    62                     45.2277   978386         
    187   163      212.0000    66                     45.2277   978396         
    189   165      212.0000    51                     45.2277   978467         
    191   167      212.0000    47                     45.2277   978547         
    193   167      212.0000    43                     45.2277   978565         
    195   167      212.0000    45                     45.2277   978611         
    197   169      212.0000    48                     45.2277   978665         
Elapsed time = 2123.20 sec. (3514545.63 ticks, tree = 156.80 MB, solutions = 0)
    199   171      212.0000    44                     45.2277   978683         
    201   173      212.0000    36                     45.2277   978705         
    204   174      212.0000    36                     45.2277   978784         
    207   177      212.0000    20                     45.2277   978829         
    210   178    infeasible                           45.2277   978850         
    212   178    infeasible                           45.2277   978866         
    214   178    infeasible                           45.2277   978886         
    216   178    infeasible                           45.2277   978910         
    219   179      212.0000    44                     45.2277   978937         
    228   182    infeasible                           45.2277   978992         
Elapsed time = 2148.21 sec. (3586685.68 ticks, tree = 177.70 MB, solutions = 0)
    229   183       52.0000   314                     45.2277   979561         
    231   185       52.0000   308                     45.2277   979791         
    233   187       52.0000   289                     45.2277   979905         
    234   188       52.0000   295                     45.2277   979935         
    235   189       77.0000   256                     45.2277   980307         
    237   191       77.0000   265                     45.2277   980379         
    238   192       77.0000   255                     45.2277   980411         
    239   193       77.0000   258                     45.2277   980428         
    240   194       77.0000   250                     45.2277   980445         
    241   195       77.0000   252                     45.2277   980463         
Elapsed time = 2226.25 sec. (3706527.75 ticks, tree = 191.32 MB, solutions = 0)
    242   196      102.0000   229                     45.2277   980656         
    244   196    infeasible                           45.2277   980749         
    245   197      102.0000   235                     45.2277   980754         
    246   198      102.0000   229                     45.2277   980806         
    247   199      102.0000   230                     45.2277   980898         
    248   200      102.0000   231                     45.2277   980943         
    249   201      102.3333   227                     45.2277   981010         
    251   201      107.0444   222                     45.2277   981044         
    253   203      108.0444   211                     45.2277   981253         
    255   205      108.0444   208                     45.2277   981304         
Elapsed time = 2264.12 sec. (3777974.63 ticks, tree = 207.61 MB, solutions = 0)
    256   206      108.2667   214                     45.2277   981385         
    257   207      109.1333   209                     45.2277   981488         
    259   209      112.1333   216                     45.2277   981562         
    260   208    infeasible                           45.2277   981569         
    261   209      114.2778   210                     45.2277   981623         
    263   211      119.0000   199                     45.2277   981707         
    265   213      119.0556   202                     45.2277   981777         
    266   212    infeasible                           45.2277   981796         
    267   213      120.2667   203                     45.2277   981835         
    270   214      128.0778   201                     45.2277   981914         
Elapsed time = 2294.29 sec. (3833165.02 ticks, tree = 220.94 MB, solutions = 0)
    271   215      128.0778   201                     45.2277   981926         
    272   216      128.0778   204                     45.2277   982005         
    273   217      128.0778   199                     45.2277   982009         
    274   218      129.2444   195                     45.2277   982017         
    276   220      138.1333   190                     45.2277   982127         
    278   220      148.2000   199                     45.2277   982195         
    280   222      151.6000   190                     45.2277   982348         
    281   221    infeasible                           45.2277   982358         
    282   222      158.1111   174                     45.2277   982372         
    284   224      160.5556   154                     45.2277   982629         
Elapsed time = 2328.09 sec. (3899695.10 ticks, tree = 235.76 MB, solutions = 0)
    289   227      171.7333   166                     45.2277   982815         
    291   229      174.0000   176                     45.2277   982901         
    292   230      167.1000   165                     45.2277   982967         
    295   231    infeasible                           45.2277   983065         
    299   233      185.2889   155                     45.2277   983138         
    301   235      187.1444   143                     45.2277   983183         
    304   238      195.6222   150                     45.2277   983248         
    306   238      197.8000   138                     45.2277   983268         
    311   241      207.0000   126                     45.2277   983337         
    312   242      215.2000   118                     45.2277   983385         
Elapsed time = 2359.91 sec. (3969601.65 ticks, tree = 258.51 MB, solutions = 0)
    315   243      222.3222   121                     45.2277   983419         
    319   247      233.4000   124                     45.2277   983511         
    321   247      237.4000   117                     45.2277   983593         
    324   248      248.2222   117                     45.2277   983655         
    327   249      257.1111   135                     45.2277   983743         
    329   251      261.1111   135                     45.2277   983791         
    331   253      269.1111   135                     45.2277   983814         
    334   256      270.0000   119                     45.2277   983862         
    336   258      270.0000   115                     45.2277   983874         
    338   260      270.0000   119                     45.2277   983880         
Elapsed time = 2388.04 sec. (4038281.28 ticks, tree = 282.62 MB, solutions = 0)
    340   262      270.0000   113                     45.2277   983887         
    341   263      279.8000    93                     45.2277   983890         
    344   266      306.4444   115                     45.2277   983929         
    346   266      308.4000   100                     45.2277   983951         
    349   269      312.8000    90                     45.2277   983988         
    351   271      323.0000   106                     45.2277   984020         
    352   270    infeasible                           45.2277   984023         
    355   273      333.7667   100                     45.2277   984084         
    357   273    infeasible                           45.2277   984094         
    359   275      346.3333    96                     45.2277   984189         
Elapsed time = 2414.83 sec. (4107987.39 ticks, tree = 303.61 MB, solutions = 0)
    361   275    infeasible                           45.2277   984198         
    362   276      353.3889    91                     45.2277   984215         
    363   277      356.0000    79                     45.2277   984235         
    366   278      356.0000    77                     45.2277   984251         
    368   280      356.0000    73                     45.2277   984260         
    370   282      356.0000    71                     45.2277   984273         
    371   283      356.0000    58                     45.2277   984331         
    373   283      356.0000    56                     45.2277   984335         
    375   285      356.0000    56                     45.2277   984338         
    377   287      356.0000    46                     45.2277   984380         
Elapsed time = 2440.53 sec. (4173833.50 ticks, tree = 320.15 MB, solutions = 0)
    379   287    infeasible                           45.2277   984402         
    381   289      356.0000    32                     45.2277   984461         
    383   289      356.0000    29                     45.2277   984467         
    385   291      356.0000    22                     45.2277   984481         
    387   293      356.0000     4                     45.2277   984613         
*   390   276      integral     0      356.0000       45.2277   984639   87.30%
    390   275      356.0000     0      356.0000       45.2277   984639   87.30%
    391   276       45.4834   421      356.0000       45.2419   986904   87.29%
    392   277       45.6417   505      356.0000       45.2419   988611   87.29%
    393   278       45.6442   509      356.0000       45.2419   989355   87.29%
    394   279       45.6754   463      356.0000       45.2419   991917   87.29%
Elapsed time = 2535.38 sec. (4369463.08 ticks, tree = 306.90 MB, solutions = 1)
    395   280       45.7708   388      356.0000       45.2419   993274   87.29%
    396   281       45.8018   409      356.0000       45.2419   994131   87.29%
    397   282       45.8048   618      356.0000       45.2419   995835   87.29%
    398   283       45.8346   559      356.0000       45.2419   996431   87.29%
    399   284       45.8808   508      356.0000       45.2419  1000644   87.29%
    400   285       45.8974   507      356.0000       45.2419  1002156   87.29%
    401   286       45.9328   589      356.0000       45.2419  1003759   87.29%
    402   287       45.2907   304      356.0000       45.2419  1011225   87.29%
    403   288       45.3067   346      356.0000       45.2419  1012006   87.29%
    404   289       45.3067   355      356.0000       45.2419  1013177   87.29%
Elapsed time = 2718.16 sec. (4723836.48 ticks, tree = 309.83 MB, solutions = 1)
    405   290       45.3866   375      356.0000       45.2419  1013776   87.29%
    406   291       45.4711   411      356.0000       45.2419  1015291   87.29%
    407   292       45.7064   546      356.0000       45.2419  1017365   87.29%
    408   293       45.9942   531      356.0000       45.2419  1018312   87.29%
    411   296       46.0895   619      356.0000       45.2419  1019269   87.29%
    415   300       46.9527   609      356.0000       45.2419  1020175   87.29%
    418   303       47.1335   536      356.0000       45.2419  1021330   87.29%
    420   305       47.1700   585      356.0000       45.2419  1021841   87.29%
    422   307       47.2299   491      356.0000       45.2419  1023196   87.29%
    423   308       47.8504   404      356.0000       45.2419  1027269   87.29%
Elapsed time = 2787.14 sec. (4842908.37 ticks, tree = 314.18 MB, solutions = 1)
    425   310       47.8871   430      356.0000       45.2419  1028326   87.29%
    428   313       48.0595   511      356.0000       45.2419  1029893   87.29%
    430   315       48.1170   590      356.0000       45.2419  1031007   87.29%
    434   319       48.1605   519      356.0000       45.2419  1032246   87.29%
    436   321       48.2485   496      356.0000       45.2419  1033958   87.29%
    438   323       48.2864   512      356.0000       45.2419  1034990   87.29%
    440   325       48.3824   450      356.0000       45.2419  1037156   87.29%
    442   327       48.4349   515      356.0000       45.2419  1038952   87.29%
    444   329       48.4657   492      356.0000       45.2419  1040128   87.29%
    446   331       48.5075   494      356.0000       45.2419  1041113   87.29%
Elapsed time = 2989.21 sec. (5156651.16 ticks, tree = 317.85 MB, solutions = 1)
    448   333       48.5445   499      356.0000       45.2419  1042142   87.29%
    449   334       48.5980   471      356.0000       45.2419  1044051   87.29%
    453   338       48.6156   511      356.0000       45.2419  1045007   87.29%
    455   340       48.7003   524      356.0000       45.2419  1046261   87.29%
    459   344       48.8182   520      356.0000       45.2419  1048463   87.29%
    460   345       48.8484   528      356.0000       45.2419  1050456   87.29%
    462   347       48.8772   471      356.0000       45.2419  1051495   87.29%
    463   348       48.9290   493      356.0000       45.2419  1053142   87.29%
    465   350       48.9643   513      356.0000       45.2419  1054571   87.29%
    468   353       49.0073   502      356.0000       45.2419  1055495   87.29%
Elapsed time = 3022.28 sec. (5210024.03 ticks, tree = 321.36 MB, solutions = 1)
    473   358       49.1029   546      356.0000       45.2419  1056651   87.29%
    480   365       49.2741   525      356.0000       45.2419  1057532   87.29%
    481   366       49.2802   540      356.0000       45.2419  1058694   87.29%
    482   367       49.3035   540      356.0000       45.2419  1059981   87.29%
    485   370       49.3108   461      356.0000       45.2419  1061424   87.29%
    487   372       49.3651   534      356.0000       45.2419  1063421   87.29%
    490   375       49.3916   577      356.0000       45.2419  1064479   87.29%
    493   378       49.4208   504      356.0000       45.2419  1065995   87.29%
    495   380       49.4515   594      356.0000       45.2419  1067136   87.29%
    497   382       49.4809   508      356.0000       45.2419  1068196   87.29%
Elapsed time = 3053.99 sec. (5260893.53 ticks, tree = 325.98 MB, solutions = 1)
    499   384       49.5382   559      356.0000       45.2419  1069816   87.29%

Clique cuts applied:  12
Implied bound cuts applied:  4
Flow cuts applied:  2
Mixed integer rounding cuts applied:  73
Zero-half cuts applied:  73
Gomory fractional cuts applied:  2

Root node processing (before b&c):
  Real time             =  333.18 sec. (568870.55 ticks)
Sequential b&c:
  Real time             = 3266.83 sec. (5551876.91 ticks)
                          ------------
Total (root+branch&cut) = 3600.01 sec. (6120747.46 ticks)

Solution pool: 1 solution saved.

MIP - Time limit exceeded, integer feasible:  Objective =  3.5600000000e+02
Current MIP best bound =  4.6000000000e+01 (gap = 310, 87.08%)
Solution time = 3600.01 sec.  Iterations = 1201682  Nodes = 500 (385)
Deterministic time = 6120747.96 ticks  (1700.20 ticks/sec)

CPLEX> Incumbent solution
Variable Name           Solution Value
y                           356.000000
x40                           1.000000
x5779                         1.000000
x11576                        1.000000
x17338                        1.000000
x23153                        1.000000
x28922                        1.000000
x34672                        1.000000
x40504                        1.000000
x46254                        1.000000
x52025                        1.000000
x57792                        1.000000
x63600                        1.000000
x69340                        1.000000
x75122                        1.000000
x80937                        1.000000
x86658                        1.000000
x92425                        1.000000
x98204                        1.000000
x104038                       1.000000
x109800                       1.000000
x115571                       1.000000
x121313                       1.000000
x127091                       1.000000
x132891                       1.000000
x138649                       1.000000
x144437                       1.000000
x150229                       1.000000
x155958                       1.000000
x161751                       1.000000
x167543                       1.000000
x173332                       1.000000
x2965                         1.000000
x5929                         1.000000
x13301                        1.000000
x18013                        1.000000
x26753                        1.000000
x31997                        1.000000
x35797                        1.000000
x45829                        1.000000
x49629                        1.000000
x55025                        1.000000
x60117                        1.000000
x68325                        1.000000
x71365                        1.000000
x77597                        1.000000
x82385                        1.000000
x91353                        1.000000
x93025                        1.000000
x99029                        1.000000
x107237                       1.000000
x113925                       1.000000
x119321                       1.000000
x122513                       1.000000
x129353                       1.000000
x136041                       1.000000
x142881                       1.000000
x149037                       1.000000
x154585                       1.000000
x156333                       1.000000
x163401                       1.000000
x170393                       1.000000
x177157                       1.000000
x86338                        1.000000
x85960                        1.000000
x83529                        1.000000
x82771                        1.000000
x128448                       1.000000
x89463                        1.000000
x142665                       1.000000
x154142                       1.000000
x80955                        1.000000
x86204                        1.000000
x82329                        1.000000
x129526                       1.000000
x86514                        1.000000
x81119                        1.000000
x82869                        1.000000
x83022                        1.000000
x128699                       1.000000
x129689                       1.000000
x127639                       1.000000
x86068                        1.000000
x91542                        1.000000
x109256                       1.000000
x84481                        1.000000
x86459                        1.000000
x81216                        1.000000
x87982                        1.000000
x140502                       1.000000
x87455                        1.000000
x139593                       1.000000
x90802                        1.000000
x151223                       1.000000
x81988                        1.000000
x81381                        1.000000
x147198                       1.000000
x91035                        1.000000
x91645                        1.000000
x90430                        1.000000
x85491                        1.000000
x86632                        1.000000
x85417                        1.000000
x84431                        1.000000
x83142                        1.000000
x84283                        1.000000
x85956                        1.000000
u2                            1.000000
u4                           16.000000
u5                            6.000000
u7                           11.000000
u8                            1.000000
u11                           5.000000
u13                           2.000000
u14                           1.000000
u15                           2.000000
u20                          23.000000
u21                          24.000000
u22                           4.000000
u26                          10.000000
u27                          17.000000
u29                          18.000000
u30                          19.000000
u31                           5.000000
u33                           3.000000
u34                          44.000000
u35                           2.000000
u36                           5.000000
u38                           4.000000
u44                           1.000000
u45                           8.000000
u46                          44.000000
u47                          21.000000
u48                           7.000000
u50                           1.000000
u54                           1.000000
u55                           6.000000
u57                           3.000000
u58                           7.000000
u59                           2.000000
u60                           3.000000
u61                          12.000000
u62                          44.000000
u63                           8.000000
u65                           3.000000
u66                           2.000000
u67                          13.000000
u68                          15.000000
u69                           4.000000
u71                          22.000000
u74                          20.000000
u75                           9.000000
u76                          14.000000
All other variables in the range 1-176776 are 0.
CPLEX> 