
Welcome to IBM(R) ILOG(R) CPLEX(R) Interactive Optimizer 12.7.1.0
  with Simplex, Mixed Integer & Barrier Optimizers
5725-A06 5725-A29 5724-Y48 5724-Y49 5724-Y54 5724-Y55 5655-Y21
Copyright IBM Corp. 1988, 2017.  All Rights Reserved.

Type 'help' for a list of available commands.
Type 'help' followed by a command name for more
information on commands.

CPLEX> New value for default parallel thread count: 1
CPLEX> New value for time limit in seconds: 3600
CPLEX> Problem 'eil76_m19.lp' read.
Read time = 0.11 sec. (12.06 ticks)
CPLEX> CPXPARAM_TimeLimit                               3600
CPXPARAM_Threads                                 1
CPXPARAM_Read_APIEncoding                        "UTF-8"
Tried aggregator 1 time.
MIP Presolve modified 111150 coefficients.
Reduced MIP has 7182 rows, 108376 columns, and 652597 nonzeros.
Reduced MIP has 108300 binaries, 75 generals, 0 SOSs, and 0 indicators.
Presolve time = 0.35 sec. (479.34 ticks)
Tried aggregator 1 time.
Reduced MIP has 7182 rows, 108376 columns, and 652597 nonzeros.
Reduced MIP has 108300 binaries, 76 generals, 0 SOSs, and 0 indicators.
Presolve time = 0.39 sec. (340.17 ticks)
Probing time = 0.10 sec. (53.07 ticks)
Clique table members: 216001.
MIP emphasis: balance optimality and feasibility.
MIP search method: dynamic search.
Parallel mode: none, using 1 thread.
Root relaxation solution time = 14.36 sec. (24258.60 ticks)

        Nodes                                         Cuts/
   Node  Left     Objective  IInf  Best Integer    Best Bound    ItCnt     Gap

      0     0       44.9557   248                     44.9557    25277         
      0     0       46.6579   253                    Cuts: 80    52310         
      0     0       47.0000   363                    Cuts: 99    81086         
      0     0       47.0000   399                    Cuts: 71   106709         
      0     0       47.0000   294                    Cuts: 16   110906         
      0     0       47.0000   288                   Cuts: 107   121907         
      0     0       47.0000   385                    Cuts: 79   131856         
Heuristic still looking.
Heuristic still looking.
      0     2       47.0000   222                     47.0000   131856         
Elapsed time = 297.61 sec. (494017.18 ticks, tree = 0.01 MB, solutions = 0)
      1     3       47.0000   273                     47.0000   132002         
      2     4       47.0000   274                     47.0000   133898         
      3     5       47.0000   276                     47.0000   140907         
      4     6       47.0000   266                     47.0000   142354         
      5     7       47.0000   252                     47.0000   144541         
      6     8       47.0000   251                     47.0000   146556         
      7     9       47.0000   259                     47.0000   146754         
      8    10       47.0000   261                     47.0000   148008         
      9    11       47.0000   256                     47.0000   149342         
     10    12       47.0338   255                     47.0000   152431         
Elapsed time = 327.85 sec. (552632.74 ticks, tree = 1.10 MB, solutions = 0)
     14    16       47.0000   262                     47.0000   153254         
     17    19       47.0000   227                     47.0000   153863         
     20    20       47.0000   235                     47.0000   154345         
     22    22       47.0000   240                     47.0000   157943         
     23    23       47.0000   227                     47.0000   158702         
     26    26       47.0000   243                     47.0000   159228         
     28    28       47.0423   270                     47.0000   162515         
     31    31       47.0164   269                     47.0000   164649         
     34    32       54.3070   278                     47.0000   169915         
     40    38       47.0222   250                     47.0000   170510         
Elapsed time = 342.83 sec. (580519.84 ticks, tree = 4.38 MB, solutions = 0)
     43    41       52.2018   282                     47.0000   171831         
     51    48       50.4912   193                     47.0000   172468         
     56    52       48.2105   268                     47.0000   173368         
     58    54       58.1842   250                     47.0000   174346         
     62    58       47.5014   258                     47.0000   174816         
     70    66       70.0351   209                     47.0000   175602         
     77    73       62.5614   304                     47.0000   176642         
     79    75       64.0000   259                     47.0000   179286         
     84    78       47.8629   248                     47.0000   179895         
    104    94       99.5526   215                     47.0000   180558         
Elapsed time = 352.13 sec. (596041.50 ticks, tree = 11.63 MB, solutions = 0)
    123   108      148.3596   220                     47.0000   181170         
    154   129      215.0000   195                     47.0000   181807         
    194   158      343.0000   122                     47.0000   182543         
    241   202      343.0000    27                     47.0000   183115         
*   244   154      integral     0      343.0000       47.0000   183139   86.30%
    245   154       47.0483   282      343.0000       47.0000   184493   86.30%
    248   157       52.1754   382      343.0000       47.0000   198298   86.30%
    257   162       54.7368   207      343.0000       47.0000   198835   86.30%
    263   166       58.1579   192      343.0000       47.0000   199313   86.30%
    277   179       64.3684   244      343.0000       47.0000   199814   86.30%
    288   189       66.5263   281      343.0000       47.0000   200213   86.30%
Elapsed time = 371.43 sec. (628734.69 ticks, tree = 23.72 MB, solutions = 1)
    299   197       66.5789   254      343.0000       47.0000   200713   86.30%
    319   217      106.0000   219      343.0000       47.0000   201244   86.30%
    344   242      106.0000   174      343.0000       47.0000   201972   86.30%
    383   274      128.0000    95      343.0000       47.0000   202625   86.30%
    427   312      151.2308    87      343.0000       47.0000   203254   86.30%
*   472   316      integral     0      239.0000       47.0000   203600   80.33%
    473   317       47.0850   252      239.0000       47.0000   206976   80.33%
    474   318       47.1083   270      239.0000       47.0000   211422   80.33%
    479   322       47.5815   269      239.0000       47.0000   211973   80.33%
    480   323       47.7972   247      239.0000       47.0000   212658   80.33%
    490   333       47.9574   280      239.0000       47.0000   213116   80.33%
Elapsed time = 383.36 sec. (649689.65 ticks, tree = 42.81 MB, solutions = 2)
    500   343       47.9959   277      239.0000       47.0000   213473   80.33%
    503   346       48.0477   355      239.0000       47.0000   214097   80.33%
    509   352       48.1556   301      239.0000       47.0000   214797   80.33%
    514   357       48.3078   320      239.0000       47.0000   215401   80.33%
    519   362       48.5238   348      239.0000       47.0000   216123   80.33%
    521   364       48.5906   293      239.0000       47.0000   216535   80.33%
    526   369       48.6247   358      239.0000       47.0000   217037   80.33%
    534   377       48.7101   304      239.0000       47.0000   217516   80.33%
    535   378       48.8151   354      239.0000       47.0000   218677   80.33%
    537   380       48.9187   325      239.0000       47.0000   219262   80.33%
Elapsed time = 390.16 sec. (661746.98 ticks, tree = 48.76 MB, solutions = 2)
    540   383       48.9525   328      239.0000       47.0000   219858   80.33%
    545   388       49.1948   401      239.0000       47.0000   220487   80.33%
    550   393       49.3077   383      239.0000       47.0000   220978   80.33%
    552   395       49.3373   357      239.0000       47.0000   221530   80.33%
    560   403       49.3973   391      239.0000       47.0000   222023   80.33%
    563   406       49.4764   395      239.0000       47.0000   222593   80.33%
    567   410       49.5601   358      239.0000       47.0000   223272   80.33%
    574   417       49.6205   366      239.0000       47.0000   223715   80.33%
    580   423       49.6737   334      239.0000       47.0000   224377   80.33%
    583   426       47.0850   248      239.0000       47.0000   232139   80.33%
Elapsed time = 436.22 sec. (733166.16 ticks, tree = 54.72 MB, solutions = 2)
    584   427       47.0000   257      239.0000       47.0000   240511   80.33%
    585   428       47.0000   217      239.0000       47.0000   311806   80.33%
    586   428       47.0000   246      239.0000       47.0000   322555   80.33%
    587   429       47.0810   207      239.0000       47.0000   334871   80.33%
    588   430       47.0000   283      239.0000       47.0000   336201   80.33%
    589   431       47.0000   259      239.0000       47.0000   338517   80.33%
    590   432       47.0836   233      239.0000       47.0000   344795   80.33%
    591   432       47.0000   257      239.0000       47.0000   346649   80.33%
    592   432       47.0000   260      239.0000       47.0000   346866   80.33%
    593   432       47.0701   266      239.0000       47.0000   352308   80.33%
Elapsed time = 983.40 sec. (1589125.51 ticks, tree = 55.19 MB, solutions = 2)
    594   432       47.2894   298      239.0000       47.0000   352544   80.33%
    595   431       48.0000   248      239.0000       47.0000   352637   80.33%
    597   432       48.0000   347      239.0000       47.0000   352920   80.33%
    598   431       48.0000   389      239.0000       47.0000   353109   80.33%
    599   431       54.0000   261      239.0000       47.0000   353210   80.33%
    600   431       55.0000   281      239.0000       47.0000   353250   80.33%
    602   433       55.0000   274      239.0000       47.0000   353255   80.33%
    604   432       60.7018   268      239.0000       47.0000   353372   80.33%
    607   434       55.0000   280      239.0000       47.0000   353415   80.33%
    610   434       67.0000   276      239.0000       47.0000   353497   80.33%
Elapsed time = 999.47 sec. (1615698.82 ticks, tree = 55.52 MB, solutions = 2)
    612   436       67.0000   286      239.0000       47.0000   353575   80.33%
    614   436       67.0000   264      239.0000       47.0000   353598   80.33%
    616   438       67.0000   314      239.0000       47.0000   353666   80.33%
    617   439       67.0000   368      239.0000       47.0000   353794   80.33%
    620   439       67.0000   311      239.0000       47.0000   353806   80.33%
    623   442       67.0000   365      239.0000       47.0000   354103   80.33%
    624   443       67.0000   353      239.0000       47.0000   354106   80.33%
    625   443       67.0000   313      239.0000       47.0000   354478   80.33%
    627   443       67.0000   283      239.0000       47.0000   354548   80.33%
    630   445       67.0000   343      239.0000       47.0000   355257   80.33%
Elapsed time = 1010.78 sec. (1632832.64 ticks, tree = 56.74 MB, solutions = 2)
    632   447      112.0000   307      239.0000       47.0000   361176   80.33%
    635   448       67.0000   326      239.0000       47.0000   362013   80.33%
    637   450       67.0000   327      239.0000       47.0000   362986   80.33%
    638   450       67.0000   286      239.0000       47.0000   368107   80.33%
    640   451       67.0000   300      239.0000       47.0000   369064   80.33%
    644   453       67.0000   320      239.0000       47.0000   386650   80.33%
    646   455       67.0000   242      239.0000       47.0000   387741   80.33%
    650   455       68.0000   301      239.0000       47.0000   399166   80.33%
    655   457       68.0000   258      239.0000       47.0000   399404   80.33%
    657   458       68.0000   313      239.0000       47.0000   406509   80.33%
Elapsed time = 1068.40 sec. (1724238.93 ticks, tree = 58.23 MB, solutions = 2)
    661   462       68.0000   328      239.0000       47.0000   407069   80.33%
    663   462       69.0000   297      239.0000       47.0000   408529   80.33%
    667   464      144.0000   301      239.0000       47.0000   426647   80.33%
    672   465       70.3070   325      239.0000       47.0000   441044   80.33%
    675   468       69.0000   287      239.0000       47.0000   443004   80.33%
    678   469      108.1053   307      239.0000       47.0000   446182   80.33%
    681   470      121.0000   354      239.0000       47.0000   453633   80.33%
    686   474      109.0000   241      239.0000       47.0000   454282   80.33%
    691   477      112.0000   355      239.0000       47.0000   462517   80.33%
    699   480      109.0000   252      239.0000       47.0000   463022   80.33%
Elapsed time = 1125.19 sec. (1810522.55 ticks, tree = 61.14 MB, solutions = 2)
    706   481      109.0000   268      239.0000       47.0000   463725   80.33%
    715   483      116.5000   187      239.0000       47.0000   466535   80.33%
    728   490      114.0000   198      239.0000       47.0000   466894   80.33%
    743   498      180.0351   154      239.0000       47.0000   467287   80.33%
    758   505      123.1579   210      239.0000       47.0000   471605   80.33%
    768   506      129.0000   146      239.0000       47.0000   473164   80.33%
    792   523      129.0000   142      239.0000       47.0000   473698   80.33%
    823   535      136.0000    93      239.0000       47.0000   477446   80.33%
    908   563      190.0000    10      239.0000       47.0000   478236   80.33%
*   909   451      integral     0      190.0000       47.0000   478237   75.26%
    910   449       47.0000   245      190.0000       47.0000   488203   75.26%
Elapsed time = 1179.61 sec. (1902072.44 ticks, tree = 57.63 MB, solutions = 3)
    912   450       47.0000   275      190.0000       47.0000   488999   75.26%
    913   450       47.0799   239      190.0000       47.0000   497436   75.26%
    914   450       47.0000   280      190.0000       47.0000   507047   75.26%
    915   451       47.0000   289      190.0000       47.0000   512239   75.26%
    916   450       47.0836   245      190.0000       47.0000   520815   75.26%
    920   452       48.0000   374      190.0000       47.0000   521103   75.26%
    922   453       48.0000   341      190.0000       47.0000   522017   75.26%
    923   454       48.0000   244      190.0000       47.0000   526875   75.26%
    925   455       48.0000   236      190.0000       47.0000   531432   75.26%
    929   455       48.0000   270      190.0000       47.0000   536151   75.26%
Elapsed time = 1241.21 sec. (2017470.22 ticks, tree = 58.32 MB, solutions = 3)
    931   457       48.0000   257      190.0000       47.0000   542631   75.26%
    932   458       48.0000   242      190.0000       47.0000   544940   75.26%
    934   460       48.0000   236      190.0000       47.0000   547072   75.26%
    935   459       49.7368   234      190.0000       47.0000   555184   75.26%
    938   462       48.0000   244      190.0000       47.0000   557419   75.26%
    940   463       49.6052   295      190.0000       47.0000   562968   75.26%
    944   465       51.0000   288      190.0000       47.0000   571302   75.26%
    946   465       50.0000   299      190.0000       47.0000   572755   75.26%
    948   466       50.3158   267      190.0000       47.0000   575653   75.26%
    951   467       50.0000   306      190.0000       47.0000   577536   75.26%
Elapsed time = 1292.09 sec. (2109431.27 ticks, tree = 59.79 MB, solutions = 3)
    953   468       50.0000   301      190.0000       47.0000   581566   75.26%
    955   469       50.3748   256      190.0000       47.0000   584986   75.26%
    956   468       50.0234   269      190.0000       47.0000   587671   75.26%
    958   467       53.2368   285      190.0000       47.0000   598576   75.26%
    961   470       54.0000   320      190.0000       47.0000   599285   75.26%
    963   469       73.4561   294      190.0000       47.0000   605252   75.26%
    966   472       54.0000   273      190.0000       47.0000   606391   75.26%
    967   472       54.0000   261      190.0000       47.0000   608959   75.26%
    968   473       54.0000   252      190.0000       47.0000   612883   75.26%
    973   475       54.0000   256      190.0000       47.0000   614347   75.26%
Elapsed time = 1332.16 sec. (2176170.41 ticks, tree = 60.79 MB, solutions = 3)
    975   476       54.4474   257      190.0000       47.0000   617678   75.26%
    982   480       55.0000   234      190.0000       47.0000   618660   75.26%
    992   486       55.0000   293      190.0000       47.0000   619270   75.26%
    993   487       55.0000   239      190.0000       47.0000   622887   75.26%
    995   487       59.0351   235      190.0000       47.0000   626598   75.26%
    999   490       60.0000   230      190.0000       47.0000   628736   75.26%
   1004   492       60.0000   218      190.0000       47.0000   634509   75.26%
   1008   495       60.0000   222      190.0000       47.0000   637826   75.26%
   1013   496       60.0000   218      190.0000       47.0000   639647   75.26%
   1019   495       65.0351   205      190.0000       47.0000   643280   75.26%
Elapsed time = 1368.11 sec. (2230669.39 ticks, tree = 63.45 MB, solutions = 3)
   1027   496      103.0702   164      190.0000       47.0000   643573   75.26%
   1061   503      113.0000   158      190.0000       47.0000   644402   75.26%
   1121   516      165.0000    95      190.0000       47.0000   645154   75.26%
   1157   516       47.1281   346      190.0000       47.0000   649128   75.26%
   1158   516       47.1753   274      190.0000       47.0000   654638   75.26%
   1162   519       48.0000   404      190.0000       47.0000   654822   75.26%
   1164   520       48.0000   277      190.0000       47.0000   663303   75.26%
   1166   520       48.0000   289      190.0000       47.0000   664280   75.26%
   1168   521       48.0000   278      190.0000       47.0000   667616   75.26%
   1172   523       48.0000   286      190.0000       47.0000   671740   75.26%
Elapsed time = 1417.16 sec. (2319101.10 ticks, tree = 67.15 MB, solutions = 3)
   1175   524       48.0000   295      190.0000       47.0000   672457   75.26%
   1184   530       48.0000   274      190.0000       47.0000   676531   75.26%
   1185   531       48.0000   281      190.0000       47.0000   676742   75.26%
   1186   532       48.0000   274      190.0000       47.0000   679822   75.26%
   1187   531       47.3993   289      190.0000       47.0000   688847   75.26%
   1190   533       48.0000   328      190.0000       47.0000   689401   75.26%
   1191   534       48.0000   280      190.0000       47.0000   696983   75.26%
   1192   535       48.0000   276      190.0000       47.0000   702499   75.26%
   1193   536       48.0000   275      190.0000       47.0000   707556   75.26%
   1206   539       63.0000   276      190.0000       47.0000   707898   75.26%
Elapsed time = 1551.26 sec. (2533310.45 ticks, tree = 69.07 MB, solutions = 3)
   1211   542       63.0000   394      190.0000       47.0000   708650   75.26%
   1216   543       63.0000   392      190.0000       47.0000   708872   75.26%
   1220   547       63.0000   375      190.0000       47.0000   709295   75.26%
   1225   549       63.0000   386      190.0000       47.0000   709728   75.26%
   1230   552       63.0000   372      190.0000       47.0000   710260   75.26%
   1235   555       63.0000   384      190.0000       47.0000   710819   75.26%
   1243   561       63.0000   340      190.0000       47.0000   711372   75.26%
   1244   562       63.0000   270      190.0000       47.0000   717362   75.26%
   1255   568       63.4035   300      190.0000       47.0000   718200   75.26%
   1259   570       74.0000   310      190.0000       47.0000   718841   75.26%
Elapsed time = 1599.98 sec. (2609473.48 ticks, tree = 72.95 MB, solutions = 3)
   1275   578       75.0000   275      190.0000       47.0000   719428   75.26%
   1300   581       94.0000   251      190.0000       47.0000   719974   75.26%
   1341   587      133.0000   102      190.0000       47.0000   720765   75.26%
   1382   593       47.0240   268      190.0000       47.0000   735284   75.26%
   1386   597       48.0000   395      190.0000       47.0000   735638   75.26%
   1388   599       48.0000   317      190.0000       47.0000   745481   75.26%
   1393   604       48.0000   305      190.0000       47.0000   751429   75.26%
   1394   605       48.0000   299      190.0000       47.0000   752878   75.26%
   1395   606       48.0000   303      190.0000       47.0000   764969   75.26%
   1397   608       48.0000   295      190.0000       47.0000   766051   75.26%
Elapsed time = 1692.20 sec. (2782651.93 ticks, tree = 77.86 MB, solutions = 3)
   1398   609       48.0000   290      190.0000       47.0000   772774   75.26%
   1401   612       48.0000   316      190.0000       47.0000   773271   75.26%
   1405   616       48.0000   273      190.0000       47.0000   774492   75.26%
   1408   618       48.3709   425      190.0000       47.0000   780702   75.26%
   1411   621       49.0000   352      190.0000       47.0000   784862   75.26%
   1414   624       49.0000   264      190.0000       47.0000   795743   75.26%
   1415   625       49.0000   259      190.0000       47.0000   797995   75.26%
   1417   627       49.0000   237      190.0000       47.0000   803764   75.26%
   1418   628       49.0000   272      190.0000       47.0000   806657   75.26%
   1420   630       49.0000   265      190.0000       47.0000   810546   75.26%
Elapsed time = 1743.07 sec. (2873418.57 ticks, tree = 80.61 MB, solutions = 3)
   1424   634       49.0000   292      190.0000       47.0000   812049   75.26%
   1427   637       49.0000   234      190.0000       47.0000   815786   75.26%
   1429   639       49.0000   268      190.0000       47.0000   817795   75.26%
   1430   639       49.0233   287      190.0000       47.0000   820758   75.26%
   1432   641       49.0000   246      190.0000       47.0000   822948   75.26%
   1434   642       49.0194   228      190.0000       47.0000   826608   75.26%
   1442   648       72.0263   359      190.0000       47.0000   833179   75.26%
   1444   650       50.0000   241      190.0000       47.0000   836332   75.26%
   1447   653       50.0000   240      190.0000       47.0000   838774   75.26%
   1450   654       50.0000   210      190.0000       47.0000   841712   75.26%
Elapsed time = 1775.14 sec. (2930160.32 ticks, tree = 83.66 MB, solutions = 3)
   1452   656       50.0000   207      190.0000       47.0000   844223   75.26%
   1455   659       50.0000   222      190.0000       47.0000   849951   75.26%
   1460   662       50.0000   216      190.0000       47.0000   853141   75.26%
   1469   669       51.0000   210      190.0000       47.0000   857905   75.26%
   1488   682       72.2456   220      190.0000       47.0000   859034   75.26%
   1521   710      124.0000   133      190.0000       47.0000   859864   75.26%
   1584   759      146.1491    68      190.0000       47.0000   860810   75.26%
   1586   759       47.0000   256      190.0000       47.0000   875302   75.26%
   1587   759       59.0439   346      190.0000       47.0000   890069   75.26%
   1590   762       60.0000   366      190.0000       47.0000   890507   75.26%
Elapsed time = 1849.88 sec. (3064462.98 ticks, tree = 97.83 MB, solutions = 3)
   1591   763       60.0000   351      190.0000       47.0000   891618   75.26%
   1593   765       60.0000   326      190.0000       47.0000   892510   75.26%
   1596   768       60.0000   301      190.0000       47.0000   905771   75.26%
   1598   770       60.0000   281      190.0000       47.0000   917583   75.26%
   1600   772       60.0000   293      190.0000       47.0000   918476   75.26%
   1601   773       60.0000   294      190.0000       47.0000   936235   75.26%
   1604   776       60.0000   343      190.0000       47.0000   939187   75.26%
   1609   781       60.0000   304      190.0000       47.0000   939738   75.26%
   1610   782       60.0000   337      190.0000       47.0000   941093   75.26%
   1613   785       60.0000   271      190.0000       47.0000   955771   75.26%
Elapsed time = 1939.55 sec. (3216023.54 ticks, tree = 100.70 MB, solutions = 3)
   1615   787       60.0000   313      190.0000       47.0000   956466   75.26%
   1619   791       60.0000   297      190.0000       47.0000   974551   75.26%
   1622   794       60.0000   269      190.0000       47.0000   975004   75.26%
   1626   798       60.0000   385      190.0000       47.0000   996545   75.26%
   1627   799       60.0000   351      190.0000       47.0000   996624   75.26%
   1634   805       60.0000   407      190.0000       47.0000  1012770   75.26%
   1639   809       60.3509   250      190.0000       47.0000  1013067   75.26%
   1644   813       61.0000   314      190.0000       47.0000  1028674   75.26%
   1647   816       61.0000   324      190.0000       47.0000  1029662   75.26%
   1648   817       61.0000   270      190.0000       47.0000  1043255   75.26%
Elapsed time = 2062.31 sec. (3383511.11 ticks, tree = 104.74 MB, solutions = 3)
   1650   819       61.0000   292      190.0000       47.0000  1054459   75.26%
   1653   822       61.0000   315      190.0000       47.0000  1067765   75.26%
   1656   825       61.0000   334      190.0000       47.0000  1068789   75.26%
   1658   827       61.0000   278      190.0000       47.0000  1079739   75.26%
   1668   836       61.3158   244      190.0000       47.0000  1080544   75.26%
   1679   847       62.0000   228      190.0000       47.0000  1090174   75.26%
   1680   848       62.0000   225      190.0000       47.0000  1096586   75.26%
   1688   855       84.0351   271      190.0000       47.0000  1103665   75.26%
   1691   857       90.0175   272      190.0000       47.0000  1109384   75.26%
   1693   858      122.2807   206      190.0000       47.0000  1117299   75.26%
Elapsed time = 2127.62 sec. (3481607.91 ticks, tree = 110.12 MB, solutions = 3)
   1697   861      123.0000   210      190.0000       47.0000  1118372   75.26%
   1705   867      123.0000   222      190.0000       47.0000  1119026   75.26%
   1735   889      154.6754    94      190.0000       47.0000  1120010   75.26%
   1762   905       47.0085   234      190.0000       47.0000  1124670   75.26%
   1764   907       48.0000   332      190.0000       47.0000  1126132   75.26%
   1765   908       48.0000   292      190.0000       47.0000  1137105   75.26%
   1766   909       48.0000   249      190.0000       47.0000  1142660   75.26%
   1770   913       48.0000   253      190.0000       47.0000  1145598   75.26%
   1775   915       56.1404   337      190.0000       47.0000  1161016   75.26%
   1778   918       57.0000   366      190.0000       47.0000  1161320   75.26%
Elapsed time = 2188.59 sec. (3588647.51 ticks, tree = 117.82 MB, solutions = 3)
   1784   924       57.0000   363      190.0000       47.0000  1172626   75.26%
   1786   926       57.0000   396      190.0000       47.0000  1176871   75.26%
   1789   929       57.0000   319      190.0000       47.0000  1176999   75.26%
   1790   930       57.0000   262      190.0000       47.0000  1205380   75.26%
   1791   931       57.0000   502      190.0000       47.0000  1228483   75.26%
   1795   935       57.0000   378      190.0000       47.0000  1229759   75.26%
   1798   938       57.0000   422      190.0000       47.0000  1248754   75.26%
   1801   941       57.0000   352      190.0000       47.0000  1249125   75.26%
   1802   942       57.0000   361      190.0000       47.0000  1264947   75.26%
   1804   943       57.0000   399      190.0000       47.0000  1265585   75.26%
Elapsed time = 2320.27 sec. (3810781.54 ticks, tree = 121.06 MB, solutions = 3)
   1805   944       57.0000   415      190.0000       47.0000  1273573   75.26%
   1806   945       57.0000   356      190.0000       47.0000  1288865   75.26%
   1811   950       57.0000   397      190.0000       47.0000  1290428   75.26%
   1816   955       57.0000   331      190.0000       47.0000  1290803   75.26%
   1819   958       57.0000   351      190.0000       47.0000  1315754   75.26%
   1822   961       57.0000   271      190.0000       47.0000  1337320   75.26%
   1823   962       57.0000   274      190.0000       47.0000  1346775   75.26%
   1826   964       57.6070   235      190.0000       47.0000  1359428   75.26%
   1831   967       58.0000   259      190.0000       47.0000  1369960   75.26%
   1832   968       58.0000   268      190.0000       47.0000  1376491   75.26%
Elapsed time = 2433.63 sec. (3998687.70 ticks, tree = 124.08 MB, solutions = 3)
   1834   970       58.0000   275      190.0000       47.0000  1383921   75.26%
   1837   971       58.0000   252      190.0000       47.0000  1390662   75.26%
   1839   973       58.0000   249      190.0000       47.0000  1393920   75.26%
   1840   974       58.0000   210      190.0000       47.0000  1399900   75.26%
   1851   984       59.0643   219      190.0000       47.0000  1405460   75.26%
   1862   990       61.0000   253      190.0000       47.0000  1407146   75.26%
   1866   994       61.0000   225      190.0000       47.0000  1413952   75.26%
   1873  1000       61.0000   206      190.0000       47.0000  1417708   75.26%
   1890  1008       66.0000   162      190.0000       47.0000  1420241   75.26%
   1904  1014       76.3158   186      190.0000       47.0000  1423046   75.26%
Elapsed time = 2474.58 sec. (4059397.28 ticks, tree = 130.19 MB, solutions = 3)
   1915  1022       92.0702   141      190.0000       47.0000  1423190   75.26%
   1945  1044      128.0000    86      190.0000       47.0000  1423535   75.26%
   1985  1073      139.0000    83      190.0000       47.0000  1423752   75.26%
   1987  1074       47.0937   275      190.0000       47.0000  1434548   75.26%
   1990  1077       48.0000   368      190.0000       47.0000  1435285   75.26%
   1991  1078       48.0000   242      190.0000       47.0000  1442524   75.26%
   1994  1081       48.0000   313      190.0000       47.0000  1443972   75.26%
   1999  1086       48.0000   320      190.0000       47.0000  1445057   75.26%
   2000  1087       48.0000   245      190.0000       47.0000  1449717   75.26%
   2001  1088       48.0000   244      190.0000       47.0000  1449718   75.26%
Elapsed time = 2619.68 sec. (4246498.67 ticks, tree = 139.83 MB, solutions = 3)
   2004  1091       48.0000   247      190.0000       47.0000  1454405   75.26%
   2010  1097       48.0000   275      190.0000       47.0000  1455394   75.26%
   2011  1098       48.0000   260      190.0000       47.0000  1458606   75.26%
   2012  1099       48.0000   255      190.0000       47.0000  1461112   75.26%
   2013  1100       48.0000   254      190.0000       47.0000  1465722   75.26%
   2014  1101       48.0000   237      190.0000       47.0000  1468585   75.26%
   2015  1102       48.0000   260      190.0000       47.0000  1472114   75.26%
   2018  1105       48.0000   301      190.0000       47.0000  1476515   75.26%
   2020  1106       50.5614   293      190.0000       47.0000  1494526   75.26%
   2029  1115       51.0000   335      190.0000       47.0000  1494852   75.26%
Elapsed time = 2667.64 sec. (4334258.11 ticks, tree = 143.22 MB, solutions = 3)
   2033  1119       51.0000   292      190.0000       47.0000  1496669   75.26%
   2034  1120       51.0000   295      190.0000       47.0000  1499560   75.26%
   2041  1127       51.0000   302      190.0000       47.0000  1503075   75.26%
   2046  1132       51.0000   315      190.0000       47.0000  1503831   75.26%
   2051  1137       51.0000   301      190.0000       47.0000  1505050   75.26%
   2056  1142       51.0000   283      190.0000       47.0000  1506266   75.26%
   2057  1143       51.0000   239      190.0000       47.0000  1510577   75.26%
   2063  1149       51.0000   276      190.0000       47.0000  1511343   75.26%
   2066  1152       51.0000   250      190.0000       47.0000  1512612   75.26%
   2069  1155       51.0000   247      190.0000       47.0000  1516399   75.26%
Elapsed time = 2701.54 sec. (4391967.81 ticks, tree = 148.25 MB, solutions = 3)
   2075  1159       51.0000   253      190.0000       47.0000  1518311   75.26%
   2078  1161       51.2632   238      190.0000       47.0000  1521719   75.26%
   2086  1168       52.0000   263      190.0000       47.0000  1522499   75.26%
   2092  1173       80.3070   266      190.0000       47.0000  1525178   75.26%
   2105  1184       81.0000   265      190.0000       47.0000  1525308   75.26%
   2118  1197       81.0000   265      190.0000       47.0000  1525703   75.26%
   2131  1207      105.0000   213      190.0000       47.0000  1526389   75.26%
   2147  1219      105.0000   201      190.0000       47.0000  1526726   75.26%
   2163  1229      114.0000   146      190.0000       47.0000  1527270   75.26%
   2181  1235      133.4211   122      190.0000       47.0000  1529290   75.26%
Elapsed time = 2732.04 sec. (4436655.86 ticks, tree = 158.75 MB, solutions = 3)
   2187  1239       47.0000   291      190.0000       47.0000  1538632   75.26%
   2188  1240       47.0000   296      190.0000       47.0000  1540099   75.26%
   2189  1240       47.0173   337      190.0000       47.0000  1547625   75.26%
   2193  1244       48.0000   456      190.0000       47.0000  1548466   75.26%
   2195  1246       48.0000   274      190.0000       47.0000  1554115   75.26%
   2198  1249       48.0000   336      190.0000       47.0000  1555364   75.26%
   2199  1250       48.0000   258      190.0000       47.0000  1560343   75.26%
   2202  1253       48.0000   286      190.0000       47.0000  1561915   75.26%
   2205  1255       48.1302   478      190.0000       47.0000  1571591   75.26%
   2207  1257       49.0000   388      190.0000       47.0000  1588350   75.26%
Elapsed time = 2810.78 sec. (4587127.15 ticks, tree = 161.39 MB, solutions = 3)
   2210  1260       49.0000   400      190.0000       47.0000  1599152   75.26%
   2215  1265       49.0000   317      190.0000       47.0000  1600354   75.26%
   2217  1267       49.0000   418      190.0000       47.0000  1613031   75.26%
   2218  1267       49.1838   307      190.0000       47.0000  1631976   75.26%
   2223  1272       50.0000   387      190.0000       47.0000  1645800   75.26%
   2224  1273       50.0000   324      190.0000       47.0000  1651744   75.26%
   2225  1274       50.0000   389      190.0000       47.0000  1667097   75.26%
   2227  1276       50.0000   358      190.0000       47.0000  1670306   75.26%
   2228  1277       50.0000   409      190.0000       47.0000  1678429   75.26%
   2230  1279       50.0000   305      190.0000       47.0000  1679914   75.26%
Elapsed time = 2914.69 sec. (4774869.97 ticks, tree = 164.14 MB, solutions = 3)
   2231  1280       50.0000   311      190.0000       47.0000  1683854   75.26%
   2232  1281       50.0000   290      190.0000       47.0000  1686772   75.26%
   2239  1288       50.0000   296      190.0000       47.0000  1688223   75.26%
   2240  1289       50.0000   255      190.0000       47.0000  1694492   75.26%
   2241  1289       50.2933   416      190.0000       47.0000  1702626   75.26%
   2243  1291       51.0000   340      190.0000       47.0000  1704888   75.26%
   2246  1294       51.0000   290      190.0000       47.0000  1707252   75.26%
   2252  1299       53.0000   279      190.0000       47.0000  1720668   75.26%
   2256  1303       53.0000   235      190.0000       47.0000  1722499   75.26%
   2260  1307       53.0000   226      190.0000       47.0000  1726243   75.26%
Elapsed time = 2958.31 sec. (4848700.98 ticks, tree = 167.70 MB, solutions = 3)
   2263  1310       53.0000   213      190.0000       47.0000  1730480   75.26%
   2280  1317       90.3684   164      190.0000       47.0000  1730917   75.26%
   2297  1329       97.0000   172      190.0000       47.0000  1731323   75.26%
   2318  1346      121.0000    99      190.0000       47.0000  1731773   75.26%
   2358  1375      162.0702    49      190.0000       47.0000  1732167   75.26%
   2362  1374       47.0250   283      190.0000       47.0000  1747312   75.26%
   2367  1379       48.0000   339      190.0000       47.0000  1755868   75.26%
   2369  1381       48.0000   332      190.0000       47.0000  1761010   75.26%
   2373  1385       48.0000   333      190.0000       47.0000  1764474   75.26%
   2375  1387       48.0000   346      190.0000       47.0000  1767690   75.26%
Elapsed time = 3036.38 sec. (4992446.24 ticks, tree = 178.19 MB, solutions = 3)
   2379  1391       48.0000   375      190.0000       47.0000  1773272   75.26%
   2383  1395       48.0000   325      190.0000       47.0000  1774833   75.26%
   2386  1398       48.0000   320      190.0000       47.0000  1779072   75.26%
   2389  1401       48.0000   406      190.0000       47.0000  1785592   75.26%
   2394  1406       48.0000   386      190.0000       47.0000  1786349   75.26%
   2395  1407       48.0000   341      190.0000       47.0000  1795966   75.26%
   2396  1408       48.0000   428      190.0000       47.0000  1803467   75.26%
   2397  1409       48.0000   574      190.0000       47.0000  1808889   75.26%
   2399  1410       48.0124   441      190.0000       47.0000  1814592   75.26%
   2403  1414       49.0000   286      190.0000       47.0000  1825141   75.26%
Elapsed time = 3107.31 sec. (5127169.28 ticks, tree = 181.44 MB, solutions = 3)
   2404  1415       49.0000   323      190.0000       47.0000  1835134   75.26%
   2405  1416       49.0000   304      190.0000       47.0000  1841137   75.26%
   2407  1418       49.0000   271      190.0000       47.0000  1844745   75.26%
   2409  1420       49.0000   339      190.0000       47.0000  1855868   75.26%
   2411  1422       49.0000   369      190.0000       47.0000  1866419   75.26%
   2412  1422       49.0000   392      190.0000       47.0000  1872617   75.26%
   2415  1424       49.2092   394      190.0000       47.0000  1881123   75.26%
   2419  1428       50.0000   424      190.0000       47.0000  1881973   75.26%
   2421  1430       50.0000   342      190.0000       47.0000  1889688   75.26%
   2422  1431       50.0000   274      190.0000       47.0000  1892920   75.26%
Elapsed time = 3178.55 sec. (5256984.23 ticks, tree = 183.56 MB, solutions = 3)
   2425  1433       50.6014   360      190.0000       47.0000  1898181   75.26%
   2428  1436       50.0000   367      190.0000       47.0000  1902176   75.26%
   2430  1438       50.0000   318      190.0000       47.0000  1907949   75.26%
   2433  1441       50.0000   329      190.0000       47.0000  1909829   75.26%
   2436  1444       50.0000   301      190.0000       47.0000  1913473   75.26%
   2440  1448       50.0000   275      190.0000       47.0000  1916280   75.26%
   2442  1449       51.3591   321      190.0000       47.0000  1924812   75.26%
   2443  1449       50.2226   308      190.0000       47.0000  1931559   75.26%
   2449  1454       51.0526   262      190.0000       47.0000  1936614   75.26%
   2451  1455       51.0000   270      190.0000       47.0000  1944798   75.26%
Elapsed time = 3228.11 sec. (5345106.78 ticks, tree = 186.85 MB, solutions = 3)
   2452  1456       51.0000   319      190.0000       47.0000  1948177   75.26%
   2455  1459       51.0000   331      190.0000       47.0000  1951893   75.26%
   2457  1460       51.0771   330      190.0000       47.0000  1954431   75.26%
   2458  1461       51.0000   295      190.0000       47.0000  1957069   75.26%
   2460  1462       51.0439   297      190.0000       47.0000  1959846   75.26%
   2463  1464       51.0777   335      190.0000       47.0000  1963266   75.26%
   2465  1465       51.2374   333      190.0000       47.0000  1969103   75.26%
   2466  1465       51.1949   315      190.0000       47.0000  1971653   75.26%
   2471  1470       52.0000   322      190.0000       47.0000  1977328   75.26%
   2472  1471       52.0000   279      190.0000       47.0000  1981392   75.26%
Elapsed time = 3263.07 sec. (5407758.92 ticks, tree = 188.75 MB, solutions = 3)
   2476  1474       58.2105   291      190.0000       47.0000  1986736   75.26%
   2478  1476       52.0000   278      190.0000       47.0000  1988938   75.26%
   2479  1476       55.7895   257      190.0000       47.0000  1994632   75.26%
   2482  1479       52.0000   328      190.0000       47.0000  1998313   75.26%
   2483  1480       52.0000   257      190.0000       47.0000  2001367   75.26%
   2485  1481       55.6842   245      190.0000       47.0000  2015593   75.26%
   2488  1484       52.0000   249      190.0000       47.0000  2018553   75.26%
   2489  1485       52.0000   268      190.0000       47.0000  2021369   75.26%
   2490  1485       55.5263   255      190.0000       47.0000  2032090   75.26%
   2494  1489       52.0000   273      190.0000       47.0000  2035651   75.26%
Elapsed time = 3307.71 sec. (5484917.00 ticks, tree = 191.04 MB, solutions = 3)
   2496  1491       52.0000   260      190.0000       47.0000  2040179   75.26%
   2497  1491       55.4474   255      190.0000       47.0000  2048065   75.26%
   2500  1494       52.0000   313      190.0000       47.0000  2053470   75.26%
   2502  1496       52.0000   259      190.0000       47.0000  2055488   75.26%
   2503  1497       52.0000   274      190.0000       47.0000  2061048   75.26%
   2508  1501       52.0000   241      190.0000       47.0000  2064417   75.26%
   2510  1503       52.0000   262      190.0000       47.0000  2066580   75.26%
   2512  1505       52.0000   276      190.0000       47.0000  2070413   75.26%
   2514  1507       56.3110   278      190.0000       47.0000  2077559   75.26%
   2517  1509       52.2532   232      190.0000       47.0000  2082160   75.26%
Elapsed time = 3346.98 sec. (5552809.12 ticks, tree = 193.59 MB, solutions = 3)
   2520  1512       52.0000   256      190.0000       47.0000  2084123   75.26%
   2522  1513       55.2368   222      190.0000       47.0000  2094585   75.26%
   2527  1517       52.0181   281      190.0000       47.0000  2099993   75.26%
   2530  1519       52.1260   229      190.0000       47.0000  2103829   75.26%
   2533  1521       53.0000   232      190.0000       47.0000  2106019   75.26%
   2537  1524       53.0000   247      190.0000       47.0000  2109868   75.26%
   2542  1529       53.0000   210      190.0000       47.0000  2113398   75.26%
   2550  1535       53.0000   200      190.0000       47.0000  2115524   75.26%
   2556  1538       53.1974   229      190.0000       47.0000  2118345   75.26%
   2566  1547       54.0000   224      190.0000       47.0000  2120222   75.26%
Elapsed time = 3382.21 sec. (5611305.91 ticks, tree = 198.35 MB, solutions = 3)
   2575  1556       54.0000   220      190.0000       47.0000  2122054   75.26%
   2582  1562       54.0000   161      190.0000       47.0000  2130211   75.26%
   2586  1564       94.0351   207      190.0000       47.0000  2133538   75.26%
   2587  1564       47.0957   354      190.0000       47.0810  2147809   75.22%
   2590  1567       48.0000   343      190.0000       47.0810  2159343   75.22%
   2591  1568       48.0000   320      190.0000       47.0810  2161685   75.22%
   2592  1569       48.0000   293      190.0000       47.0810  2167828   75.22%
   2593  1570       48.0000   278      190.0000       47.0810  2174260   75.22%
   2595  1572       48.0000   254      190.0000       47.0810  2176001   75.22%
   2598  1575       48.0000   272      190.0000       47.0810  2179720   75.22%
Elapsed time = 3446.00 sec. (5729118.61 ticks, tree = 202.07 MB, solutions = 3)
   2600  1577       48.0000   319      190.0000       47.0810  2181163   75.22%
   2601  1578       48.0000   362      190.0000       47.0810  2187582   75.22%
   2603  1580       48.0000   391      190.0000       47.0810  2190401   75.22%
   2605  1582       48.0000   269      190.0000       47.0810  2195136   75.22%
   2608  1585       48.0000   338      190.0000       47.0810  2198312   75.22%
   2610  1587       48.0000   363      190.0000       47.0810  2202708   75.22%
   2615  1592       48.0000   331      190.0000       47.0810  2209216   75.22%
   2617  1593       48.1303   354      190.0000       47.0810  2218597   75.22%
   2621  1597       49.0000   356      190.0000       47.0810  2237124   75.22%
   2622  1598       49.0000   334      190.0000       47.0810  2238704   75.22%
Elapsed time = 3514.60 sec. (5859491.68 ticks, tree = 204.94 MB, solutions = 3)
   2625  1601       49.0000   296      190.0000       47.0810  2239787   75.22%
   2628  1604       49.0000   326      190.0000       47.0810  2241290   75.22%
   2629  1605       49.0000   304      190.0000       47.0810  2249132   75.22%
   2631  1607       49.0000   322      190.0000       47.0810  2254690   75.22%
   2633  1609       49.0000   330      190.0000       47.0810  2265593   75.22%
   2636  1612       49.0000   415      190.0000       47.0810  2271377   75.22%
   2638  1614       49.0000   336      190.0000       47.0810  2273491   75.22%
   2640  1616       49.0000   290      190.0000       47.0810  2276680   75.22%
   2645  1621       49.0000   360      190.0000       47.0810  2285303   75.22%
   2646  1621       49.1100   342      190.0000       47.0810  2292781   75.22%
Elapsed time = 3576.73 sec. (5977211.37 ticks, tree = 207.94 MB, solutions = 3)
   2653  1628       50.0000   509      190.0000       47.0810  2293146   75.22%
   2659  1634       50.0000   356      190.0000       47.0810  2301776   75.22%

GUB cover cuts applied:  2
Clique cuts applied:  15
Cover cuts applied:  13
Implied bound cuts applied:  6
Flow cuts applied:  1
Mixed integer rounding cuts applied:  61
Zero-half cuts applied:  70
Gomory fractional cuts applied:  3

Root node processing (before b&c):
  Real time             =  282.83 sec. (482374.78 ticks)
Sequential b&c:
  Real time             = 3317.18 sec. (5526172.81 ticks)
                          ------------
Total (root+branch&cut) = 3600.01 sec. (6008547.59 ticks)

Solution pool: 3 solutions saved.

MIP - Time limit exceeded, integer feasible:  Objective =  1.9000000000e+02
Current MIP best bound =  4.7080985915e+01 (gap = 142.919, 75.22%)
Solution time = 3600.01 sec.  Iterations = 2302245  Nodes = 2660 (1634)
Deterministic time = 6008547.90 ticks  (1669.04 ticks/sec)

CPLEX> Incumbent solution
Variable Name           Solution Value
y                           190.000000
x69                           1.000000
x5844                         1.000000
x11593                        1.000000
x17359                        1.000000
x23157                        1.000000
x28923                        1.000000
x34693                        1.000000
x40493                        1.000000
x46248                        1.000000
x52006                        1.000000
x57802                        1.000000
x63609                        1.000000
x69368                        1.000000
x75127                        1.000000
x80938                        1.000000
x86716                        1.000000
x92481                        1.000000
x98262                        1.000000
x103993                       1.000000
x4713                         1.000000
x6309                         1.000000
x13985                        1.000000
x19609                        1.000000
x25765                        1.000000
x28957                        1.000000
x36861                        1.000000
x44917                        1.000000
x49021                        1.000000
x56621                        1.000000
x60345                        1.000000
x67185                        1.000000
x72733                        1.000000
x77977                        1.000000
x85197                        1.000000
x92037                        1.000000
x93253                        1.000000
x103437                       1.000000
x104273                       1.000000
x31238                        1.000000
x32683                        1.000000
x48112                        1.000000
x106481                       1.000000
x108078                       1.000000
x87331                        1.000000
x9812                         1.000000
x105801                       1.000000
x91590                        1.000000
x27523                        1.000000
x97292                        1.000000
x53365                        1.000000
x23878                        1.000000
x9135                         1.000000
x73508                        1.000000
x49189                        1.000000
x67278                        1.000000
x57323                        1.000000
x6860                         1.000000
x24113                        1.000000
x16363                        1.000000
x64852                        1.000000
x47450                        1.000000
x53607                        1.000000
x70480                        1.000000
x55585                        1.000000
x37422                        1.000000
x29064                        1.000000
x13257                        1.000000
x104382                       1.000000
x60911                        1.000000
x24660                        1.000000
x46474                        1.000000
x4300                         1.000000
x10913                        1.000000
x74374                        1.000000
x54159                        1.000000
x54008                        1.000000
x65333                        1.000000
x69058                        1.000000
x34555                        1.000000
x92392                        1.000000
x7274                         1.000000
x104631                       1.000000
x5225                         1.000000
x86470                        1.000000
x27115                        1.000000
x45052                        1.000000
x52958                        1.000000
x3331                         1.000000
x14656                        1.000000
x90582                        1.000000
x71431                        1.000000
x55551                        1.000000
x87168                        1.000000
x32147                        1.000000
u2                            5.000000
u3                            3.000000
u4                            3.000000
u5                            6.000000
u6                            4.000000
u7                            4.000000
u8                            5.000000
u9                            2.000000
u10                           3.000000
u11                           2.000000
u12                           1.000000
u13                           7.000000
u14                           3.000000
u15                           2.000000
u16                           1.000000
u17                           1.000000
u18                           2.000000
u19                           6.000000
u20                           3.000000
u21                           4.000000
u23                          55.000000
u24                           3.000000
u25                           1.000000
u26                           2.000000
u27                           1.000000
u28                           2.000000
u29                           3.000000
u30                           1.000000
u32                           4.000000
u33                          56.000000
u34                           5.000000
u35                           1.000000
u36                           5.000000
u38                           4.000000
u44                           2.000000
u45                           1.000000
u46                           4.000000
u47                           4.000000
u48                           2.000000
u49                           4.000000
u50                           1.000000
u51                           2.000000
u52                           1.000000
u54                           4.000000
u55                           3.000000
u57                           1.000000
u58                           1.000000
u59                           1.000000
u60                           1.000000
u62                           8.000000
u63                          56.000000
u64                           1.000000
u66                           2.000000
u67                           3.000000
u71                           5.000000
u72                           5.000000
u75                           1.000000
All other variables in the range 1-108376 are 0.
CPLEX> 