
Welcome to IBM(R) ILOG(R) CPLEX(R) Interactive Optimizer 12.7.1.0
  with Simplex, Mixed Integer & Barrier Optimizers
5725-A06 5725-A29 5724-Y48 5724-Y49 5724-Y54 5724-Y55 5655-Y21
Copyright IBM Corp. 1988, 2017.  All Rights Reserved.

Type 'help' for a list of available commands.
Type 'help' followed by a command name for more
information on commands.

CPLEX> New value for default parallel thread count: 1
CPLEX> New value for time limit in seconds: 3600
CPLEX> Problem 'eil76_m24.lp' read.
Read time = 0.17 sec. (15.12 ticks)
CPLEX> CPXPARAM_TimeLimit                               3600
CPXPARAM_Threads                                 1
CPXPARAM_Read_APIEncoding                        "UTF-8"
Tried aggregator 1 time.
MIP Presolve modified 140400 coefficients.
Reduced MIP has 7572 rows, 136876 columns, and 821412 nonzeros.
Reduced MIP has 136800 binaries, 75 generals, 0 SOSs, and 0 indicators.
Presolve time = 0.50 sec. (609.69 ticks)
Tried aggregator 1 time.
Reduced MIP has 7572 rows, 136876 columns, and 821412 nonzeros.
Reduced MIP has 136800 binaries, 76 generals, 0 SOSs, and 0 indicators.
Presolve time = 0.51 sec. (430.17 ticks)
Probing time = 0.14 sec. (66.44 ticks)
Clique table members: 271811.
MIP emphasis: balance optimality and feasibility.
MIP search method: dynamic search.
Parallel mode: none, using 1 thread.
Root relaxation solution time = 19.14 sec. (31573.36 ticks)

        Nodes                                         Cuts/
   Node  Left     Objective  IInf  Best Integer    Best Bound    ItCnt     Gap

      0     0       43.5825   314                     43.5825    26780         
      0     0       44.7083   313                    Cuts: 65    47566         
      0     0       45.0000   345                    Cuts: 93    69874         
      0     0       45.0000   407                   Cuts: 140   102880         
      0     0       45.0000   328                    Cuts: 26   117054         
      0     0       45.0000   376                   Cuts: 144   132514         
Heuristic still looking.
      0     2       45.0000   224                     45.0000   132514         
Elapsed time = 328.03 sec. (512819.13 ticks, tree = 0.01 MB, solutions = 0)
      1     3       45.0000   290                     45.0000   133498         
      2     4       45.0000   276                     45.0000   138233         
      3     5       45.0000   256                     45.0000   138496         
      4     6       45.0000   263                     45.0000   138760         
      5     7       45.0000   265                     45.0000   138989         
      6     8       45.0577   287                     45.0000   145849         
      7     9       45.0000   302                     45.0000   148682         
      8    10       45.0000   283                     45.0000   152397         
     10    12       45.0000   292                     45.0000   154706         
     12    14       45.0000   280                     45.0000   161842         
Elapsed time = 372.97 sec. (594541.30 ticks, tree = 1.65 MB, solutions = 0)
     14    16       45.0000   295                     45.0000   162418         
     15    17       45.0000   271                     45.0000   166298         
     16    18       45.0000   276                     45.0000   171115         
     17    19       45.0577   286                     45.0000   175503         
     18    20       45.0000   302                     45.0000   178903         
     19    21       54.1923   330                     45.0000   195100         
     20    22       45.0000   330                     45.0000   195872         
     21    23       45.0000   316                     45.0000   196854         
     22    24       45.0000   270                     45.0000   203533         
     23    25       45.0000   294                     45.0000   205667         
Elapsed time = 471.55 sec. (763747.91 ticks, tree = 3.04 MB, solutions = 0)
     24    26       45.0000   265                     45.0000   213287         
     26    28       45.0000   277                     45.0000   214372         
     27    29       45.0000   256                     45.0000   217187         
     28    30       45.0000   275                     45.0000   219317         
     30    32       45.0000   252                     45.0000   220201         
     31    33       45.0000   262                     45.0000   220927         
     32    34       45.0000   258                     45.0000   228564         
     34    36       45.0000   249                     45.0000   229712         
     36    38       45.0510   242                     45.0000   231624         
     38    40       45.0054   242                     45.0000   233285         
Elapsed time = 505.16 sec. (823857.38 ticks, tree = 5.14 MB, solutions = 0)
     41    41       45.1949   257                     45.0000   233746         
     44    43       45.3934   448                     45.0000   234307         
     45    44       52.0000   312                     45.0000   243265         
     47    46       45.4966   304                     45.0000   243643         
     51    50       45.6241   381                     45.0000   244139         
     54    53       70.0577   319                     45.0000   245380         
     56    55       57.1538   328                     45.0000   245901         
     58    57       45.7040   350                     45.0000   246313         
     60    59       45.7673   395                     45.0000   246859         
     61    60       45.8131   391                     45.0000   247303         
Elapsed time = 522.89 sec. (853932.30 ticks, tree = 8.09 MB, solutions = 0)
     64    63       55.7308   356                     45.0000   254182         
     68    66       50.5769   292                     45.0000   254777         
     70    68       50.5769   298                     45.0000   255199         
     73    71       45.9310   474                     45.0000   255844         
     74    72       58.3077   341                     45.0000   256395         
     76    73       46.5769   375                     45.0000   257042         
     80    77       63.2981   375                     45.0000   277737         
     82    79       50.6154   340                     45.0000   281645         
     84    81       56.2308   350                     45.0000   295751         
     88    85       46.0980   435                     45.0000   296241         
Elapsed time = 564.80 sec. (917863.77 ticks, tree = 11.46 MB, solutions = 0)
     91    87       64.3077   302                     45.0000   296785         
     96    90       46.2703   396                     45.0000   297192         
     97    91       56.5769   363                     45.0000   307833         
    100    94       46.3491   379                     45.0000   308416         
    101    95       46.5493   351                     45.0000   308808         
    104    98       46.6806   347                     45.0000   309585         
    109   103       46.3997   366                     45.0000   310068         
    113   107       46.5507   394                     45.0000   310535         
    116   110       46.7308   389                     45.0000   311054         
    120   114       46.5324   491                     45.0000   311544         
Elapsed time = 582.46 sec. (946360.04 ticks, tree = 15.54 MB, solutions = 0)
    123   117       46.5431   453                     45.0000   312122         
    126   120       46.5824   421                     45.0000   312598         
    128   121       62.3462   392                     45.0000   326182         
    131   123       46.8792   439                     45.0000   326673         
    133   125       70.0000   361                     45.0000   327505         
    135   127       46.9367   409                     45.0000   327922         
    140   132       46.9890   386                     45.0000   328090         
    144   136       47.0108   473                     45.0000   328873         
    146   138       47.5812   368                     45.0000   329982         
    149   139       48.0491   390                     45.0000   330520         
Elapsed time = 600.44 sec. (975851.52 ticks, tree = 19.21 MB, solutions = 0)
    150   140       48.1289   427                     45.0000   331050         
    155   143       58.0000   292                     45.0000   331519         
    160   148       57.2019   299                     45.0000   332187         
    163   151       48.5211   310                     45.0000   332713         
    167   155       49.7500   252                     45.0000   333237         
    172   160       60.0000   288                     45.0000   334052         
    176   164       49.1243   338                     45.0000   334461         
    180   168       57.1154   273                     45.0000   335173         
    187   172       49.2571   347                     45.0000   335756         
    200   182       96.2500   190                     45.0000   336238         
Elapsed time = 608.10 sec. (988237.19 ticks, tree = 25.32 MB, solutions = 0)
    225   204      207.0769   154                     45.0000   336689         
    251   223      263.2500   149                     45.0000   337048         
    280   245      325.0000   149                     45.0000   337425         
    305   268      325.0000    97                     45.0000   337791         
    334   295      325.0000    69                     45.0000   338245         
    365   322      325.0000    12                     45.0000   338582         
*   371   240      integral     0      325.0000       45.0000   338650   86.15%
    373   240       45.0000   241      325.0000       45.0000   347956   86.15%
    374   241       45.1647   243      325.0000       45.0000   349659   86.15%
    379   245       45.4540   274      325.0000       45.0000   350104   86.15%
    382   248       45.5268   293      325.0000       45.0000   351122   86.15%
Elapsed time = 631.86 sec. (1028715.59 ticks, tree = 34.87 MB, solutions = 1)
    384   250       45.7104   344      325.0000       45.0000   351673   86.15%
    386   252       45.7973   337      325.0000       45.0000   352346   86.15%
    389   255       45.8893   390      325.0000       45.0000   352787   86.15%
    393   259       46.0178   409      325.0000       45.0000   353171   86.15%
    396   262       46.0672   346      325.0000       45.0000   353567   86.15%
    400   266       46.1354   397      325.0000       45.0000   354027   86.15%
    402   267       47.7500   326      325.0000       45.0000   362422   86.15%
    404   269       60.1923   280      325.0000       45.0000   362817   86.15%
    406   271       60.1923   350      325.0000       45.0000   363201   86.15%
    437   302       60.1923   347      325.0000       45.0000   364309   86.15%
Elapsed time = 650.80 sec. (1059884.90 ticks, tree = 42.44 MB, solutions = 1)
    474   339       60.1923   305      325.0000       45.0000   365360   86.15%
    495   360       60.1923   332      325.0000       45.0000   366207   86.15%
    498   363       45.0270   293      325.0000       45.0000   370873   86.15%
*   499+  355                          311.0000       45.0000            85.53%
    499   357       45.0000   268      311.0000       45.0000   375038   85.53%
    500   358       45.0000   282      311.0000       45.0000   385948   85.53%
    502   360       45.0000   290      311.0000       45.0000   393361   85.53%
    503   361       45.0000   294      311.0000       45.0000   399424   85.53%
    505   363       45.0000   288      311.0000       45.0000   405887   85.53%
    507   365       45.0000   297      311.0000       45.0000   408541   85.53%
    509   367       45.0000   276      311.0000       45.0000   412527   85.53%
Elapsed time = 784.44 sec. (1276799.23 ticks, tree = 51.51 MB, solutions = 2)
    512   370       45.0000   392      311.0000       45.0000   421156   85.53%
    513   371       45.0000   415      311.0000       45.0000   422473   85.53%
    514   372       45.0265   564      311.0000       45.0000   429334   85.53%
    520   378       45.1467   728      311.0000       45.0000   430680   85.53%
    521   379       45.5192   785      311.0000       45.0000   432363   85.53%
    524   382       45.7530   475      311.0000       45.0000   434052   85.53%
    526   384       45.9789   378      311.0000       45.0000   435802   85.53%
    529   387       46.0936   588      311.0000       45.0000   437087   85.53%
    531   389       46.2433   552      311.0000       45.0000   438694   85.53%
    534   392       46.3290   614      311.0000       45.0000   440326   85.53%
Elapsed time = 826.93 sec. (1355616.69 ticks, tree = 54.97 MB, solutions = 2)
    540   398       46.4597   785      311.0000       45.0000   441493   85.53%
    544   402       46.5983   664      311.0000       45.0000   443476   85.53%
    548   406       46.6674   588      311.0000       45.0000   445310   85.53%
    551   409       46.8380   606      311.0000       45.0000   446836   85.53%
    554   412       46.9567   425      311.0000       45.0000   448253   85.53%
    556   414       47.0533   602      311.0000       45.0000   449670   85.53%
    559   417       47.1762   475      311.0000       45.0000   451114   85.53%
    563   421       47.2972   412      311.0000       45.0000   452747   85.53%
    566   424       47.3477   574      311.0000       45.0000   454132   85.53%
    572   430       47.4660   540      311.0000       45.0000   455450   85.53%
Elapsed time = 854.58 sec. (1402553.95 ticks, tree = 60.23 MB, solutions = 2)
    575   433       47.5610   487      311.0000       45.0000   457328   85.53%
    578   436       47.6199   613      311.0000       45.0000   459299   85.53%
    582   440       47.7024   671      311.0000       45.0000   460774   85.53%
    585   443       47.8157   609      311.0000       45.0000   462366   85.53%
    589   447       47.8875   591      311.0000       45.0000   463571   85.53%
    594   452       48.0402   656      311.0000       45.0000   466360   85.53%
    597   455       48.1351   540      311.0000       45.0000   467780   85.53%
    600   458       48.2299   405      311.0000       45.0000   469205   85.53%
    603   461       48.3883   546      311.0000       45.0000   470579   85.53%
    607   465       48.4658   487      311.0000       45.0000   472428   85.53%
Elapsed time = 902.93 sec. (1482258.12 ticks, tree = 65.08 MB, solutions = 2)
    609   467       45.0000   232      311.0000       45.0000   594597   85.53%
    610   467       45.0000   270      311.0000       45.0000   601243   85.53%
    611   467       45.0000   293      311.0000       45.0000   603039   85.53%
    613   468       45.0000   313      311.0000       45.0000   611615   85.53%
    614   469       45.0000   285      311.0000       45.0000   619591   85.53%
    615   470       45.0000   270      311.0000       45.0000   619863   85.53%
    616   470       45.0000   268      311.0000       45.0000   627081   85.53%
    617   471       45.0000   261      311.0000       45.0000   628361   85.53%
    618   471       45.0000   305      311.0000       45.0000   629183   85.53%
    619   472       45.0000   276      311.0000       45.0000   630116   85.53%
Elapsed time = 1797.33 sec. (2788669.70 ticks, tree = 65.75 MB, solutions = 2)
    620   472       45.0000   304      311.0000       45.0000   630855   85.53%
    621   473       45.0000   325      311.0000       45.0000   631520   85.53%
    623   474       45.0000   329      311.0000       45.0000   631615   85.53%
    626   475       70.0000   295      311.0000       45.0000   632098   85.53%
    627   476       45.0000   274      311.0000       45.0000   635693   85.53%
    631   478       45.0000   258      311.0000       45.0000   635729   85.53%
    633   479       45.0000   309      311.0000       45.0000   645427   85.53%
    635   481       45.0000   281      311.0000       45.0000   645979   85.53%
    637   482       45.0000   272      311.0000       45.0000   647081   85.53%
    639   484       45.0000   265      311.0000       45.0000   651321   85.53%
Elapsed time = 1845.15 sec. (2867332.31 ticks, tree = 67.41 MB, solutions = 2)
    641   486       45.0000   270      311.0000       45.0000   652351   85.53%
    642   487       45.0000   257      311.0000       45.0000   653498   85.53%
    644   488       45.0055   257      311.0000       45.0000   673435   85.53%
    646   488       45.0000   276      311.0000       45.0000   683391   85.53%
    648   488       47.0000   285      311.0000       45.0000   697706   85.53%
    652   488       56.0577   215      311.0000       45.0000   697818   85.53%
    659   492       57.0000   236      311.0000       45.0000   698169   85.53%
    660   493       57.0000   355      311.0000       45.0000   705513   85.53%
    663   483       57.0000   293      311.0000       45.0000   718882   85.53%
    665   484       57.0000   316      311.0000       45.0000   719787   85.53%
Elapsed time = 1940.35 sec. (3021866.08 ticks, tree = 67.40 MB, solutions = 2)
    666   485      132.0000   280      311.0000       45.0000   726697   85.53%
    668   486       57.0000   257      311.0000       45.0000   736054   85.53%
    671   489       64.0000   289      311.0000       45.0000   747060   85.53%
    673   489       57.0000   311      311.0000       45.0000   761495   85.53%
    674   489       57.0000   300      311.0000       45.0000   762571   85.53%
    677   491       57.0000   278      311.0000       45.0000   778533   85.53%
    679   491       57.0000   233      311.0000       45.0000   793057   85.53%
    682   492       58.0000   302      311.0000       45.0000   822534   85.53%
    685   492       58.0000   275      311.0000       45.0000   822742   85.53%
    687   492       98.0000   251      311.0000       45.0000   830009   85.53%
Elapsed time = 2076.27 sec. (3230903.75 ticks, tree = 68.82 MB, solutions = 2)
    692   496       98.0000   222      311.0000       45.0000   830142   85.53%
    694   496       98.0000   273      311.0000       45.0000   835926   85.53%
    697   498       98.0000   254      311.0000       45.0000   841777   85.53%
    701   498       98.0000   175      311.0000       45.0000   841956   85.53%
    707   493       98.0000   212      311.0000       45.0000   844047   85.53%
    712   494       99.0000   193      311.0000       45.0000   845573   85.53%
    719   497      101.0000   242      311.0000       45.0000   845927   85.53%
    731   502      101.0000   216      311.0000       45.0000   846227   85.53%
    741   507      102.0000   180      311.0000       45.0000   846697   85.53%
    755   517      102.0000   209      311.0000       45.0000   847106   85.53%
Elapsed time = 2115.49 sec. (3285341.82 ticks, tree = 72.44 MB, solutions = 2)
    769   520      102.0000   152      311.0000       45.0000   847537   85.53%
    782   528      107.0673   118      311.0000       45.0000   848792   85.53%
    809   536      112.0000   121      311.0000       45.0000   849047   85.53%
    838   542      169.6923    99      311.0000       45.0000   849516   85.53%
    867   548      206.0000    68      311.0000       45.0000   849955   85.53%
    901   544       52.0000   477      311.0000       45.0000   856854   85.53%
    902   545       52.0000   346      311.0000       45.0000   868381   85.53%
    903   545       52.0000   312      311.0000       45.0000   870142   85.53%
    906   546       52.0000   319      311.0000       45.0000   876106   85.53%
    907   547       52.0000   355      311.0000       45.0000   876968   85.53%
Elapsed time = 2181.52 sec. (3385728.52 ticks, tree = 77.41 MB, solutions = 2)
    909   547      108.0000   315      311.0000       45.0000   888476   85.53%
    912   548       52.0000   276      311.0000       45.0000   895826   85.53%
    914   549       52.0000   328      311.0000       45.0000   896466   85.53%
    915   550       52.0000   253      311.0000       45.0000   908505   85.53%
    917   550       52.0000   217      311.0000       45.0000   916725   85.53%
    918   551       52.0000   221      311.0000       45.0000   926385   85.53%
    919   551       52.0000   237      311.0000       45.0000   936016   85.53%
    922   553       52.0000   314      311.0000       45.0000   936862   85.53%
    925   554       59.0000   245      311.0000       45.0000   943490   85.53%
    927   552       52.0000   255      311.0000       45.0000   952120   85.53%
Elapsed time = 2288.69 sec. (3547507.67 ticks, tree = 78.12 MB, solutions = 2)
    930   555       52.0000   248      311.0000       45.0000   955522   85.53%
    933   555       52.0000   262      311.0000       45.0000   957260   85.53%
    934   555       52.0000   285      311.0000       45.0000   961642   85.53%
    936   557       52.0000   267      311.0000       45.0000   962979   85.53%
    938   558       52.0000   324      311.0000       45.0000   974205   85.53%
    942   560       52.0000   296      311.0000       45.0000   974568   85.53%
    945   561       52.0000   275      311.0000       45.0000   983308   85.53%
    948   561       52.0000   257      311.0000       45.0000   985150   85.53%
    951   563       52.0000   236      311.0000       45.0000   991364   85.53%
    952   563       52.0000   254      311.0000       45.0000  1001349   85.53%
Elapsed time = 2350.77 sec. (3643125.88 ticks, tree = 79.57 MB, solutions = 2)
    957   565       52.0000   246      311.0000       45.0000  1007166   85.53%
    960   566       52.0000   245      311.0000       45.0000  1010234   85.53%
    964   565       52.0000   234      311.0000       45.0000  1012659   85.53%
    966   562       52.0000   204      311.0000       45.0000  1017190   85.53%
    969   561       52.0000   233      311.0000       45.0000  1019241   85.53%
    970   561       52.0000   221      311.0000       45.0000  1022429   85.53%
    973   562       52.1058   214      311.0000       45.0000  1025397   85.53%
    975   563       52.0000   215      311.0000       45.0000  1027689   85.53%
    986   563       72.0000   188      311.0000       45.0000  1028080   85.53%
    999   567       72.0000   191      311.0000       45.0000  1028379   85.53%
Elapsed time = 2387.53 sec. (3696089.73 ticks, tree = 80.42 MB, solutions = 2)
   1009   563      129.2019   164      311.0000       45.0000  1028481   85.53%
   1024   561      174.2692   163      311.0000       45.0000  1028798   85.53%
   1039   563      200.0000   153      311.0000       45.0000  1029046   85.53%
   1058   565      216.0577   147      311.0000       45.0000  1029289   85.53%
   1075   574      246.0000    53      311.0000       45.0000  1029590   85.53%
*  1110   457      integral     0      246.0000       45.0000  1030126   81.71%
   1111   455       52.0000   310      246.0000       45.0000  1039827   81.71%
   1112   454       49.2885   292      246.0000       45.0000  1048970   81.71%
   1114   455       50.0000   361      246.0000       45.0000  1049548   81.71%
   1119   457       50.0000   339      246.0000       45.0000  1050773   81.71%
   1122   459       50.0000   343      246.0000       45.0000  1051813   81.71%
Elapsed time = 2481.21 sec. (3845793.19 ticks, tree = 65.31 MB, solutions = 3)
   1124   460       50.0000   308      246.0000       45.0000  1054221   81.71%
   1126   461       50.0000   321      246.0000       45.0000  1055445   81.71%
   1129   462       50.0000   294      246.0000       45.0000  1055484   81.71%
   1131   462       50.0000   327      246.0000       45.0000  1056809   81.71%
   1133   463       50.0000   243      246.0000       45.0000  1065500   81.71%
   1137   464       50.0000   263      246.0000       45.0000  1070423   81.71%
   1143   465       50.0000   281      246.0000       45.0000  1071091   81.71%
   1148   469       50.0000   305      246.0000       45.0000  1071525   81.71%
   1149   470       50.0000   261      246.0000       45.0000  1080764   81.71%
   1153   472       50.0000   267      246.0000       45.0000  1081795   81.71%
Elapsed time = 2568.43 sec. (3970601.83 ticks, tree = 67.16 MB, solutions = 3)
   1157   473       50.0000   253      246.0000       45.0000  1085485   81.71%
   1158   474       50.0000   248      246.0000       45.0000  1089737   81.71%
   1160   474       50.0160   221      246.0000       45.0000  1094877   81.71%
   1171   478       51.0000   240      246.0000       45.0000  1095202   81.71%
   1184   481       53.0000   248      246.0000       45.0000  1097712   81.71%
   1187   483       53.0000   226      246.0000       45.0000  1103538   81.71%
   1190   483       54.0000   210      246.0000       45.0000  1106664   81.71%
   1198   485       78.0577   241      246.0000       45.0000  1111698   81.71%
   1210   493       80.1731   183      246.0000       45.0000  1111916   81.71%
   1211   492       49.2885   252      246.0000       45.0000  1119811   81.71%
Elapsed time = 2618.58 sec. (4044472.25 ticks, tree = 70.30 MB, solutions = 3)
   1215   494       50.0000   307      246.0000       45.0000  1120011   81.71%
   1216   495       50.0000   349      246.0000       45.0000  1121340   81.71%
   1220   497       50.0000   306      246.0000       45.0000  1121362   81.71%
   1222   496       50.0000   299      246.0000       45.0000  1123313   81.71%
   1225   497       50.0000   285      246.0000       45.0000  1123845   81.71%
   1231   501       50.0000   266      246.0000       45.0000  1124485   81.71%
   1233   501       50.0000   298      246.0000       45.0000  1130256   81.71%
   1236   503       50.0000   285      246.0000       45.0000  1130534   81.71%
   1241   504       50.0000   327      246.0000       45.0000  1130900   81.71%
   1244   506       50.0000   323      246.0000       45.0000  1131438   81.71%
Elapsed time = 2660.22 sec. (4103071.54 ticks, tree = 72.11 MB, solutions = 3)
   1245   507       50.0000   285      246.0000       45.0000  1136859   81.71%
   1246   507       50.0000   296      246.0000       45.0000  1146214   81.71%
   1248   508       50.0000   284      246.0000       45.0000  1146918   81.71%
   1249   509       50.0000   289      246.0000       45.0000  1156459   81.71%
   1251   509       50.0000   319      246.0000       45.0000  1157212   81.71%
   1253   510       50.0000   247      246.0000       45.0000  1166608   81.71%
   1255   511       50.0000   343      246.0000       45.0000  1167521   81.71%
   1257   513       50.0000   274      246.0000       45.0000  1174868   81.71%
   1261   512       50.0000   279      246.0000       45.0000  1185177   81.71%
   1264   514       50.0000   287      246.0000       45.0000  1186254   81.71%
Elapsed time = 2737.77 sec. (4229787.49 ticks, tree = 73.25 MB, solutions = 3)
   1265   515       50.0000   227      246.0000       45.0000  1189854   81.71%
   1271   517       50.0000   248      246.0000       45.0000  1190761   81.71%
   1272   517       50.1370   254      246.0000       45.0000  1193982   81.71%
   1276   519       51.0000   233      246.0000       45.0000  1203101   81.71%
   1289   521       65.0000   207      246.0000       45.0000  1203441   81.71%
   1292   521       70.5769   268      246.0000       45.0000  1206719   81.71%
   1302   524       71.0000   218      246.0000       45.0000  1206996   81.71%
   1304   524       71.0000   213      246.0000       45.0000  1214565   81.71%
   1309   525       74.0000   237      246.0000       45.0000  1215390   81.71%
   1312   525       76.6189   179      246.0000       45.0000  1220303   81.71%
Elapsed time = 2828.90 sec. (4356651.14 ticks, tree = 75.08 MB, solutions = 3)
   1321   527       90.4375   166      246.0000       45.0000  1227715   81.71%
   1329   530       94.9231   140      246.0000       45.0000  1227835   81.71%
   1353   534      126.0000   141      246.0000       45.0000  1228319   81.71%
   1388   545      148.0000    88      246.0000       45.0000  1228771   81.71%
   1411   555       45.6419   330      246.0000       45.0000  1236219   81.71%
   1412   556       53.0000   361      246.0000       45.0000  1251416   81.71%
   1414   558       53.0000   342      246.0000       45.0000  1251825   81.71%
   1415   559       53.0000   310      246.0000       45.0000  1265005   81.71%
   1417   561       53.0000   335      246.0000       45.0000  1278756   81.71%
   1420   563       53.6923   319      246.0000       45.0000  1279029   81.71%
Elapsed time = 2922.23 sec. (4495556.79 ticks, tree = 80.87 MB, solutions = 3)
   1424   566       54.0000   309      246.0000       45.0000  1279499   81.71%
   1427   569       54.0000   309      246.0000       45.0000  1280139   81.71%
   1433   575       54.0000   306      246.0000       45.0000  1280394   81.71%
   1434   576       54.0000   324      246.0000       45.0000  1284068   81.71%
   1440   582       54.0000   237      246.0000       45.0000  1294793   81.71%
   1441   583       54.0000   256      246.0000       45.0000  1301821   81.71%
   1444   586       54.0000   317      246.0000       45.0000  1303228   81.71%
   1445   587       54.0000   289      246.0000       45.0000  1312299   81.71%
   1446   588       54.0000   269      246.0000       45.0000  1322520   81.71%
   1448   589       56.9038   245      246.0000       45.0000  1331569   81.71%
Elapsed time = 3008.89 sec. (4629340.20 ticks, tree = 84.52 MB, solutions = 3)
   1450   591       54.0000   296      246.0000       45.0000  1335694   81.71%
   1452   593       54.0000   238      246.0000       45.0000  1336685   81.71%
   1453   594       54.0000   258      246.0000       45.0000  1344689   81.71%
   1454   595       54.0000   303      246.0000       45.0000  1350136   81.71%
   1456   597       54.0000   292      246.0000       45.0000  1350904   81.71%
   1457   598       54.0000   245      246.0000       45.0000  1355969   81.71%
   1459   600       54.0000   267      246.0000       45.0000  1356897   81.71%
   1460   601       54.0000   261      246.0000       45.0000  1363422   81.71%
   1463   602       54.0000   319      246.0000       45.0000  1371189   81.71%
   1465   604       54.0000   310      246.0000       45.0000  1373673   81.71%
Elapsed time = 3074.69 sec. (4733995.51 ticks, tree = 86.49 MB, solutions = 3)
   1466   605       54.0000   319      246.0000       45.0000  1375290   81.71%
   1468   607       54.0000   327      246.0000       45.0000  1381151   81.71%
   1469   608       54.0000   306      246.0000       45.0000  1382865   81.71%
   1471   609       68.0769   208      246.0000       45.0000  1389481   81.71%
   1479   615       58.0000   231      246.0000       45.0000  1389670   81.71%
   1482   618       58.0000   315      246.0000       45.0000  1390694   81.71%
   1483   619       58.0000   266      246.0000       45.0000  1401525   81.71%
   1485   621       58.0000   260      246.0000       45.0000  1406620   81.71%
   1487   623       58.0000   258      246.0000       45.0000  1407484   81.71%
   1488   624       58.0000   264      246.0000       45.0000  1414330   81.71%
Elapsed time = 3128.60 sec. (4817957.15 ticks, tree = 89.33 MB, solutions = 3)
   1489   625       58.0000   297      246.0000       45.0000  1422331   81.71%
   1492   628      128.0000   245      246.0000       45.0000  1427826   81.71%
   1494   629       60.0577   230      246.0000       45.0000  1444912   81.71%
   1496   631       58.0000   258      246.0000       45.0000  1446691   81.71%
   1497   632       58.0000   249      246.0000       45.0000  1450157   81.71%
   1498   633       58.0000   287      246.0000       45.0000  1453161   81.71%
   1500   635       58.0000   285      246.0000       45.0000  1455228   81.71%
   1501   636       58.0000   242      246.0000       45.0000  1461877   81.71%
   1504   638       58.0000   243      246.0000       45.0000  1463392   81.71%
   1507   641       58.0000   267      246.0000       45.0000  1465988   81.71%
Elapsed time = 3186.57 sec. (4903331.86 ticks, tree = 91.92 MB, solutions = 3)
   1511   645       58.0000   232      246.0000       45.0000  1469862   81.71%
   1513   646       58.0000   233      246.0000       45.0000  1472158   81.71%
   1517   649       58.0000   233      246.0000       45.0000  1475071   81.71%
   1523   654       59.1154   226      246.0000       45.0000  1478847   81.71%
   1529   660       58.0000   234      246.0000       45.0000  1483004   81.71%
   1537   667       58.0000   221      246.0000       45.0000  1487544   81.71%
   1546   676       58.0000   252      246.0000       45.0000  1488431   81.71%
   1548   677       58.0000   219      246.0000       45.0000  1492813   81.71%
   1553   681       60.7308   145      246.0000       45.0000  1494619   81.71%
   1558   685       58.0000   206      246.0000       45.0000  1496983   81.71%
Elapsed time = 3225.53 sec. (4959146.91 ticks, tree = 98.29 MB, solutions = 3)
   1564   688       59.0000   237      246.0000       45.0000  1499742   81.71%
   1577   700       66.0000   192      246.0000       45.0000  1500386   81.71%
   1585   704       71.4808   200      246.0000       45.0000  1503697   81.71%
   1589   705       74.2798   202      246.0000       45.0000  1510310   81.71%
   1591   707       75.0213   191      246.0000       45.0000  1520583   81.71%
   1599   712      105.0577   169      246.0000       45.0000  1521981   81.71%
   1611   719       45.9055   228      246.0000       45.0000  1531186   81.71%
   1618   725       47.0000   307      246.0000       45.0000  1531494   81.71%
   1621   728       47.0000   307      246.0000       45.0000  1534644   81.71%
   1625   732       47.0000   309      246.0000       45.0000  1535484   81.71%
Elapsed time = 3269.02 sec. (5021406.74 ticks, tree = 105.12 MB, solutions = 3)
   1633   740       47.0000   297      246.0000       45.0000  1538112   81.71%
   1641   748       47.0000   301      246.0000       45.0000  1538243   81.71%
   1646   753       47.0000   287      246.0000       45.0000  1539174   81.71%
   1647   754       47.0000   244      246.0000       45.0000  1542549   81.71%
   1651   758       47.0000   251      246.0000       45.0000  1544253   81.71%
   1654   760       48.0000   221      246.0000       45.0000  1546101   81.71%
   1663   769       48.0000   284      246.0000       45.0000  1546417   81.71%
   1669   775       48.0000   253      246.0000       45.0000  1548684   81.71%
   1676   782       48.0000   246      246.0000       45.0000  1549522   81.71%
   1680   786       48.0000   273      246.0000       45.0000  1551131   81.71%
Elapsed time = 3300.22 sec. (5070494.69 ticks, tree = 112.80 MB, solutions = 3)
   1684   790       48.0000   268      246.0000       45.0000  1553543   81.71%
   1696   799       62.0000   212      246.0000       45.0000  1553919   81.71%
   1716   813       81.6346   188      246.0000       45.0000  1554502   81.71%
   1763   846      134.0000    90      246.0000       45.0000  1555045   81.71%
   1793   866       45.7377   264      246.0000       45.0000  1564265   81.71%
   1797   869       46.0447   252      246.0000       45.0000  1569284   81.71%
   1802   873       47.0000   327      246.0000       45.0000  1570911   81.71%
   1805   876       47.0000   308      246.0000       45.0000  1573571   81.71%
   1807   878       47.0000   308      246.0000       45.0000  1574769   81.71%
   1809   880       47.0000   327      246.0000       45.0000  1574997   81.71%
Elapsed time = 3390.15 sec. (5212100.02 ticks, tree = 126.57 MB, solutions = 3)
   1816   887       47.0000   290      246.0000       45.0000  1575630   81.71%
   1824   895       47.0000   293      246.0000       45.0000  1577749   81.71%
   1831   902       47.0000   314      246.0000       45.0000  1578294   81.71%
   1836   907       47.0000   337      246.0000       45.0000  1579011   81.71%
   1842   913       47.0000   326      246.0000       45.0000  1580083   81.71%
   1846   917       47.0000   290      246.0000       45.0000  1582042   81.71%
   1848   919       47.0000   318      246.0000       45.0000  1583762   81.71%
   1851   922       47.0000   285      246.0000       45.0000  1588289   81.71%
   1853   924       47.0000   333      246.0000       45.0000  1593201   81.71%
   1858   929       47.0000   329      246.0000       45.0000  1595615   81.71%
Elapsed time = 3427.30 sec. (5274842.33 ticks, tree = 133.46 MB, solutions = 3)
   1863   934       47.0000   303      246.0000       45.0000  1599442   81.71%
   1867   937       47.0304   302      246.0000       45.0000  1604314   81.71%
   1872   942       48.0000   311      246.0000       45.0000  1607404   81.71%
   1881   951       48.0000   277      246.0000       45.0000  1614565   81.71%
   1882   952       48.0000   290      246.0000       45.0000  1616593   81.71%
   1884   953       49.0000   323      246.0000       45.0000  1617712   81.71%
   1896   965       49.0000   307      246.0000       45.0000  1619689   81.71%
   1913   978       68.0000   254      246.0000       45.0000  1620397   81.71%
   1920   985       68.0000   260      246.0000       45.0000  1620972   81.71%
   1935   998       90.0000   205      246.0000       45.0000  1621455   81.71%
Elapsed time = 3471.33 sec. (5345395.99 ticks, tree = 143.25 MB, solutions = 3)
   1969  1028      118.0000    83      246.0000       45.0000  1622141   81.71%
   2009  1060      126.0000    70      246.0000       45.0000  1622398   81.71%
   2011  1062       54.1538   447      246.0000       45.0000  1625825   81.71%
   2012  1063       54.1538   351      246.0000       45.0000  1628722   81.71%
   2015  1064       58.0577   321      246.0000       45.0000  1628967   81.71%
   2017  1066       59.0000   387      246.0000       45.0000  1630086   81.71%

Clique cuts applied:  6
Cover cuts applied:  14
Implied bound cuts applied:  8
Mixed integer rounding cuts applied:  30
Zero-half cuts applied:  32
Gomory fractional cuts applied:  3

Root node processing (before b&c):
  Real time             =  308.40 sec. (498034.78 ticks)
Sequential b&c:
  Real time             = 3291.61 sec. (5051005.50 ticks)
                          ------------
Total (root+branch&cut) = 3600.01 sec. (5549040.28 ticks)

Solution pool: 3 solutions saved.

MIP - Time limit exceeded, integer feasible:  Objective =  2.4600000000e+02
Current MIP best bound =  4.5000000000e+01 (gap = 201, 81.71%)
Solution time = 3600.01 sec.  Iterations = 1632849  Nodes = 2021 (1067)
Deterministic time = 5549040.67 ticks  (1541.40 ticks/sec)

CPLEX> Incumbent solution
Variable Name           Solution Value
y                           246.000000
x31                           1.000000
x5809                         1.000000
x11619                        1.000000
x17372                        1.000000
x23125                        1.000000
x28906                        1.000000
x34660                        1.000000
x40479                        1.000000
x46250                        1.000000
x52009                        1.000000
x57797                        1.000000
x63590                        1.000000
x69355                        1.000000
x75151                        1.000000
x80872                        1.000000
x86657                        1.000000
x92472                        1.000000
x98195                        1.000000
x103981                       1.000000
x109776                       1.000000
x115584                       1.000000
x121337                       1.000000
x127095                       1.000000
x132919                       1.000000
x2281                         1.000000
x8209                         1.000000
x14973                        1.000000
x19077                        1.000000
x28273                        1.000000
x34581                        1.000000
x34885                        1.000000
x42561                        1.000000
x49325                        1.000000
x52593                        1.000000
x63233                        1.000000
x67565                        1.000000
x69997                        1.000000
x75545                        1.000000
x84741                        1.000000
x87857                        1.000000
x96597                        1.000000
x98345                        1.000000
x104881                       1.000000
x111037                       1.000000
x120309                       1.000000
x124337                       1.000000
x132697                       1.000000
x137485                       1.000000
x80638                        1.000000
x58829                        1.000000
x62858                        1.000000
x78059                        1.000000
x55717                        1.000000
x73654                        1.000000
x79963                        1.000000
x77684                        1.000000
x136814                       1.000000
x62335                        1.000000
x71304                        1.000000
x112118                       1.000000
x77311                        1.000000
x63024                        1.000000
x136670                       1.000000
x22748                        1.000000
x72683                        1.000000
x134472                       1.000000
x43957                        1.000000
x78690                        1.000000
x72538                        1.000000
x80063                        1.000000
x24660                        1.000000
x137370                       1.000000
x20635                        1.000000
x75964                        1.000000
x71865                        1.000000
x16614                        1.000000
x75212                        1.000000
x62065                        1.000000
x56138                        1.000000
x133887                       1.000000
x81448                        1.000000
x135713                       1.000000
x53863                        1.000000
x59261                        1.000000
x70510                        1.000000
x76515                        1.000000
x138228                       1.000000
x61469                        1.000000
x134962                       1.000000
x79561                        1.000000
x75914                        1.000000
x58132                        1.000000
x25833                        1.000000
x60566                        1.000000
x20288                        1.000000
x58213                        1.000000
x79874                        1.000000
x128819                       1.000000
x30856                        1.000000
u2                            2.000000
u5                            7.000000
u6                            9.000000
u7                           13.000000
u9                            3.000000
u10                           6.000000
u11                           8.000000
u12                          11.000000
u13                           1.000000
u14                           4.000000
u15                           6.000000
u16                           4.000000
u18                           1.000000
u19                           5.000000
u20                           2.000000
u22                           6.000000
u24                          51.000000
u27                           3.000000
u28                           7.000000
u29                           1.000000
u30                           4.000000
u34                           1.000000
u35                          10.000000
u36                           1.000000
u38                           2.000000
u39                           1.000000
u40                          12.000000
u45                           2.000000
u46                           1.000000
u48                           3.000000
u49                           4.000000
u50                           2.000000
u51                           5.000000
u52                          51.000000
u53                           3.000000
u55                           1.000000
u56                          51.000000
u57                           3.000000
u58                           5.000000
u59                           6.000000
u60                           1.000000
u61                           5.000000
u62                           8.000000
u65                           7.000000
u66                           9.000000
u68                           8.000000
u69                           2.000000
u70                           1.000000
u72                          13.000000
u73                          10.000000
u74                           1.000000
u75                           1.000000
u76                           1.000000
All other variables in the range 1-136876 are 0.
CPLEX> 