
Welcome to IBM(R) ILOG(R) CPLEX(R) Interactive Optimizer 12.7.1.0
  with Simplex, Mixed Integer & Barrier Optimizers
5725-A06 5725-A29 5724-Y48 5724-Y49 5724-Y54 5724-Y55 5655-Y21
Copyright IBM Corp. 1988, 2017.  All Rights Reserved.

Type 'help' for a list of available commands.
Type 'help' followed by a command name for more
information on commands.

CPLEX> New value for default parallel thread count: 1
CPLEX> New value for time limit in seconds: 3600
CPLEX> Problem 'eil76_m22.lp' read.
Read time = 0.15 sec. (13.90 ticks)
CPLEX> CPXPARAM_TimeLimit                               3600
CPXPARAM_Threads                                 1
CPXPARAM_Read_APIEncoding                        "UTF-8"
Tried aggregator 1 time.
MIP Presolve modified 128700 coefficients.
Reduced MIP has 7416 rows, 125476 columns, and 753886 nonzeros.
Reduced MIP has 125400 binaries, 75 generals, 0 SOSs, and 0 indicators.
Presolve time = 0.41 sec. (557.02 ticks)
Tried aggregator 1 time.
Reduced MIP has 7416 rows, 125476 columns, and 753886 nonzeros.
Reduced MIP has 125400 binaries, 76 generals, 0 SOSs, and 0 indicators.
Presolve time = 0.46 sec. (393.90 ticks)
Probing time = 0.13 sec. (60.88 ticks)
Clique table members: 248427.
MIP emphasis: balance optimality and feasibility.
MIP search method: dynamic search.
Parallel mode: none, using 1 thread.
Root relaxation solution time = 14.64 sec. (24299.31 ticks)

        Nodes                                         Cuts/
   Node  Left     Objective  IInf  Best Integer    Best Bound    ItCnt     Gap

      0     0       43.8620   235                     43.8620    23879         
      0     0       44.9579   237                    Cuts: 58    46365         
      0     0       45.2045   296                   Cuts: 143    86216         
      0     0       45.2045   263                    Cuts: 56    86602         
      0     0       45.2045   284                    Cuts: 51    86917         
      0     0       45.2045   237                     Cuts: 7    87207         
      0     0       45.2045   266                    Cuts: 87    87677         
Heuristic still looking.
Heuristic still looking.
      0     2       45.2045   216                     45.2045    87677         
Elapsed time = 192.83 sec. (328222.05 ticks, tree = 0.01 MB, solutions = 0)
      1     3       45.2382   232                     45.2045    88001         
      2     4       45.2045   233                     45.2045    88096         
      3     5       45.2045   491                     45.2045    89261         
      4     6       45.2914   308                     45.2045    89732         
      5     7       45.2057   504                     45.2045    90108         
      6     8       45.2522   431                     45.2057    90876         
      7     9       45.2500   493                     45.2057    91096         
      8    10       45.3119   446                     45.2382    91708         
      9    11       45.2727   517                     45.2382    91949         
     11    13       45.2845   535                     45.2382    92606         
Elapsed time = 204.20 sec. (348961.09 ticks, tree = 1.31 MB, solutions = 0)
     13    15       45.2845   519                     45.2382    93041         
     14    16       45.4721   416                     45.2382    93382         
     15    17       45.4035   406                     45.2382    94320         
     17    19       45.4733   427                     45.2382    94715         
     19    21       45.4484   380                     45.2382    95125         
     23    25       45.6778   394                     45.2382    95776         
     25    27       45.6257   423                     45.2382    96329         
     27    29       47.0926   372                     45.2382    97100         
     29    31       47.0370   422                     45.2382    97950         
     31    33       45.5289   430                     45.2382    98200         
Elapsed time = 212.03 sec. (363385.25 ticks, tree = 3.98 MB, solutions = 0)
     32    34       46.2005   311                     45.2382   100146         
     35    37       45.6101   428                     45.2382   100605         
     37    39       45.7971   432                     45.2382   101195         
     40    40       45.8473   389                     45.2382   101618         
     43    41       46.0299   394                     45.2382   102258         
     47    45       46.0253   391                     45.2382   102690         
     48    46       48.0185   343                     45.2382   118769         
     50    48       46.1794   437                     45.2382   119461         
     52    50       46.3009   296                     45.2382   119953         
     56    54       46.3948   300                     45.2382   120472         
Elapsed time = 235.89 sec. (405574.84 ticks, tree = 6.81 MB, solutions = 0)
     59    56       46.4289   284                     45.2382   120954         
     62    59       46.4698   273                     45.2382   121549         
     63    59       47.2570   311                     45.2382   122347         
     70    63       69.4444   212                     45.2382   122813         
     93    80      128.0000   193                     45.2382   123270         
    129   101      266.2593   156                     45.2382   123802         
    175   136      388.0000   100                     45.2382   124362         
    216   173      388.0000    51                     45.2382   124871         
    230   184       45.3471   273                     45.2382   125381         
    232   186       45.3485   279                     45.2382   125754         
Elapsed time = 242.79 sec. (417162.23 ticks, tree = 25.30 MB, solutions = 0)
    233   187       45.3807   293                     45.2382   126420         
    236   190       45.3485   397                     45.2382   127521         
    237   191       45.4635   275                     45.2382   128329         
    239   193       45.4657   485                     45.2382   129140         
    240   194       45.3752   490                     45.2382   129677         
    241   195       45.4529   470                     45.2382   130832         
    242   196       45.4086   466                     45.2382   131433         
    243   197       45.5276   531                     45.2382   131877         
    245   199       50.4815   396                     45.2382   145958         
    246   200       45.5041   451                     45.2382   147421         
Elapsed time = 266.98 sec. (459459.59 ticks, tree = 27.17 MB, solutions = 0)
    247   201       45.5298   513                     45.2382   148146         
    249   203       45.5061   530                     45.2382   148525         
    251   205       45.5137   513                     45.2382   149018         
    252   206       45.5335   481                     45.2382   149766         
    253   207       45.5530   535                     45.2382   150407         
    254   208       45.7815   287                     45.2382   151145         
    256   210       46.0984   310                     45.2382   151986         
    258   212       45.8808   337                     45.2382   153381         
    260   214       45.9167   281                     45.2382   154163         
    265   219       45.9588   292                     45.2382   154558         
Elapsed time = 276.63 sec. (476892.47 ticks, tree = 29.72 MB, solutions = 0)
    266   220       47.0833   293                     45.2382   155238         
    270   224       55.0278   369                     45.2382   164608         
    272   226       54.0278   447                     45.2382   171381         
    276   230       46.0000   278                     45.2382   171818         
    277   231       46.0000   248                     45.2382   186351         
    278   232       46.0000   269                     45.2382   186821         
    279   233       69.2222   453                     45.2382   200277         
    280   234       46.0000   263                     45.2382   200656         
    282   236       46.0000   278                     45.2382   201939         
    283   237       70.3704   414                     45.2382   214869         
Elapsed time = 335.28 sec. (577844.45 ticks, tree = 32.30 MB, solutions = 0)
    284   238       46.0000   272                     45.2382   216031         
    285   239       46.0000   261                     45.2382   217305         
    286   240       46.0000   248                     45.2382   221206         
    288   242       70.1667   367                     45.2382   246804         
    289   243       46.0000   263                     45.2382   247019         
    290   244       74.0000   270                     45.2382   247462         
    291   245       46.0000   257                     45.2382   247756         
    292   246       46.0000   257                     45.2382   248066         
    293   247       72.1111   423                     45.2382   261563         
    294   248       46.0013   244                     45.2382   262072         
Elapsed time = 380.19 sec. (653921.86 ticks, tree = 33.78 MB, solutions = 0)
    297   251       46.0947   245                     45.2382   262585         
    301   255       46.1785   303                     45.2382   263352         
    304   258       46.1902   258                     45.2382   263929         
    309   263       46.1982   248                     45.2382   264425         
    311   265       61.2870   344                     45.2382   289712         
    316   270       46.2454   282                     45.2382   290281         
    320   274       46.3340   277                     45.2382   290970         
    326   280       46.4728   254                     45.2382   291553         
    332   286       46.4279   250                     45.2382   292064         
    338   292       46.5402   256                     45.2382   292775         
Elapsed time = 409.38 sec. (700978.85 ticks, tree = 39.82 MB, solutions = 0)
    343   297       66.0278   203                     45.2382   293428         
    345   299       58.3981   336                     45.2382   298147         
    347   301       56.6204   213                     45.2382   299187         
    352   306       50.9537   248                     45.2382   316388         
    355   309       50.8148   327                     45.2382   317745         
    359   313       50.8519   319                     45.2382   318553         
    362   316       50.8148   351                     45.2382   329614         
    364   318       50.8148   326                     45.2382   331218         
    366   320       54.6852   285                     45.2382   347950         
    368   322       50.8148   267                     45.2382   363015         
Elapsed time = 469.22 sec. (796549.29 ticks, tree = 43.94 MB, solutions = 0)
    370   323       62.0000   250                     45.2382   374956         
    374   327       59.0370   252                     45.2382   387668         
    375   328       51.6481   328                     45.2382   405183         
    381   332       51.6481   305                     45.2382   417760         
    383   334       70.0000   323                     45.2382   424275         
    390   339       51.6481   281                     45.2382   436112         
    392   341       51.6481   276                     45.2382   440319         
    393   342       51.8611   266                     45.2382   447639         
    400   349       51.9097   274                     45.2382   452994         
    406   355       51.8611   231                     45.2382   457878         
Elapsed time = 542.41 sec. (911665.44 ticks, tree = 48.50 MB, solutions = 0)
    407   356       51.8611   236                     45.2382   464999         
    408   357       51.8611   247                     45.2382   469370         
    432   381       53.1111   259                     45.2382   472854         
    530   462      136.0000    40                     45.2382   474754         
*   553   370      integral     0      175.0000       45.2382   474850   74.15%
    556   370       45.2743   510      175.0000       45.2522   476311   74.14%
    558   372       45.4094   459      175.0000       45.2522   478732   74.14%
    563   377       45.5100   490      175.0000       45.2522   481767   74.14%
    566   380       45.6685   416      175.0000       45.2522   483550   74.14%
    569   383       45.9352   355      175.0000       45.2522   485158   74.14%
    574   388       46.1122   362      175.0000       45.2522   486541   74.14%
Elapsed time = 573.61 sec. (963499.07 ticks, tree = 53.10 MB, solutions = 1)
    577   391       46.2608   447      175.0000       45.2522   488028   74.14%
    581   395       46.5898   591      175.0000       45.2522   489457   74.14%
    585   399       46.6633   317      175.0000       45.2522   490894   74.14%
    590   404       46.7876   395      175.0000       45.2522   492251   74.14%
    595   409       47.0435   494      175.0000       45.2522   493783   74.14%
    598   412       47.1603   553      175.0000       45.2522   495613   74.14%
    602   416       47.2800   485      175.0000       45.2522   497049   74.14%
    607   421       47.3605   586      175.0000       45.2522   498400   74.14%
    610   424       47.4325   544      175.0000       45.2522   502828   74.14%
    616   430       47.5576   555      175.0000       45.2522   504883   74.14%
Elapsed time = 601.29 sec. (1012974.53 ticks, tree = 58.69 MB, solutions = 1)
    620   434       47.8008   519      175.0000       45.2522   506424   74.14%
    626   440       47.8404   445      175.0000       45.2522   508524   74.14%
    630   444       47.8804   442      175.0000       45.2522   510180   74.14%
    634   448       47.9537   474      175.0000       45.2522   511510   74.14%
    638   452       48.0260   436      175.0000       45.2522   512865   74.14%
    641   455       48.1411   488      175.0000       45.2522   514464   74.14%
    645   459       48.2106   463      175.0000       45.2522   516047   74.14%
    650   464       48.3307   538      175.0000       45.2522   517556   74.14%
    652   466       48.3605   513      175.0000       45.2522   519250   74.14%
    656   470       48.4180   498      175.0000       45.2522   521100   74.14%
Elapsed time = 626.43 sec. (1058094.97 ticks, tree = 64.01 MB, solutions = 1)
    660   474       62.3287   358      175.0000       45.2522   531061   74.14%
    662   476       64.3822   419      175.0000       45.2522   532499   74.14%
    665   479       65.6417   465      175.0000       45.2522   534012   74.14%
    673   487       69.9695   475      175.0000       45.2522   535394   74.14%
    680   494       73.6715   426      175.0000       45.2522   536077   74.14%
    715   528       99.2222   377      175.0000       45.2522   537183   74.14%
    760   573       99.2222   357      175.0000       45.2522   538123   74.14%
    802   615       52.0000   520      175.0000       45.2727   554067   74.13%
    804   616       52.0000   318      175.0000       45.2727   585462   74.13%
    805   617       52.0000   312      175.0000       45.2727   622792   74.13%
Elapsed time = 800.36 sec. (1341136.78 ticks, tree = 83.66 MB, solutions = 1)
    806   618       52.0000   299      175.0000       45.2727   680371   74.13%
    807   619       52.0000   258      175.0000       45.2727   712294   74.13%
    809   621       59.0741   437      175.0000       45.2727   742443   74.13%
    810   622       52.0000   408      175.0000       45.2727   772155   74.13%
    811   623       52.0000   322      175.0000       45.2727   797879   74.13%
    812   624       52.0000   287      175.0000       45.2727   823826   74.13%
    813   625       52.0000   273      175.0000       45.2727   851033   74.13%
    814   626       52.0000   306      175.0000       45.2727   851714   74.13%
    815   627       52.0000   278      175.0000       45.2727   882028   74.13%
    816   628       52.0000   270      175.0000       45.2727   882557   74.13%
Elapsed time = 1165.07 sec. (1933670.83 ticks, tree = 85.13 MB, solutions = 1)
    817   629       52.0000   293      175.0000       45.2727   904969   74.13%
    818   630       52.0000   305      175.0000       45.2727   907181   74.13%
    819   631       52.4583   268      175.0000       45.2727   956680   74.13%
    820   632       52.4583   338      175.0000       45.2727   987758   74.13%
    822   633       63.0463   320      175.0000       45.2727  1018273   74.13%
    824   635       64.0463   408      175.0000       45.2727  1047587   74.13%
    851   653      138.1111   302      175.0000       45.2727  1049170   74.13%
    880   676      158.0000   252      175.0000       45.2727  1049909   74.13%
    909   698       45.3182   580      175.0000       45.2727  1051123   74.13%
    911   700       45.5457   507      175.0000       45.2727  1052905   74.13%
Elapsed time = 1383.87 sec. (2292383.56 ticks, tree = 94.93 MB, solutions = 1)
    915   704       45.8864   547      175.0000       45.2727  1054771   74.13%
    918   707       46.0468   868      175.0000       45.2727  1056571   74.13%
    920   709       46.1136   635      175.0000       45.2727  1057858   74.13%
    922   711       46.2576   437      175.0000       45.2727  1059794   74.13%
    924   713       46.3409   423      175.0000       45.2727  1061687   74.13%
    926   715       46.3645   465      175.0000       45.2727  1063799   74.13%
    929   718       46.7273   633      175.0000       45.2727  1066102   74.13%
    931   720       46.7964   986      175.0000       45.2727  1067518   74.13%
    933   722       46.8423   716      175.0000       45.2727  1068947   74.13%
    936   725       47.0261   624      175.0000       45.2727  1071015   74.13%
Elapsed time = 1425.45 sec. (2366476.02 ticks, tree = 97.96 MB, solutions = 1)
    940   729       47.1406   734      175.0000       45.2727  1072714   74.13%
    944   733       47.1868   705      175.0000       45.2727  1074205   74.13%
    948   737       47.3684   935      175.0000       45.2727  1075642   74.13%
    952   741       47.5255   823      175.0000       45.2727  1077455   74.13%
    955   744       47.5957   924      175.0000       45.2727  1078816   74.13%
    958   747       47.7334   729      175.0000       45.2727  1080661   74.13%
    961   750       47.8676   813      175.0000       45.2727  1081950   74.13%
    966   755       48.0049   449      175.0000       45.2727  1083786   74.13%
    969   758       48.1627   672      175.0000       45.2727  1085287   74.13%
    972   761       46.0000   242      175.0000       46.0000  1236244   73.71%
Elapsed time = 2080.11 sec. (3370433.32 ticks, tree = 102.39 MB, solutions = 1)
    973   761       46.0000   286      175.0000       46.0000  1246629   73.71%
    974   762       46.0000   288      175.0000       46.0000  1254417   73.71%
    975   763       46.0000   257      175.0000       46.0000  1273046   73.71%
    976   763       46.0000   264      175.0000       46.0000  1273353   73.71%
    977   763       46.0000   269      175.0000       46.0000  1273613   73.71%
    978   763       46.0000   283      175.0000       46.0000  1273999   73.71%
    979   763       46.0000   327      175.0000       46.0000  1274479   73.71%
    980   763       46.0741   271      175.0000       46.0000  1275746   73.71%
    981   764       46.0000   275      175.0000       46.0000  1275818   73.71%
    982   765       46.0000   305      175.0000       46.0000  1276022   73.71%
Elapsed time = 2194.95 sec. (3580394.22 ticks, tree = 102.76 MB, solutions = 1)
    983   766       46.0000   275      175.0000       46.0000  1276152   73.71%
    984   767       46.0000   250      175.0000       46.0000  1276430   73.71%
    985   767       46.0000   261      175.0000       46.0000  1276509   73.71%
    986   766       46.0000   302      175.0000       46.0000  1276849   73.71%
    987   767       46.0000   312      175.0000       46.0000  1278163   73.71%
    989   767       61.0926   301      175.0000       46.0000  1289157   73.71%
    991   768       46.0000   274      175.0000       46.0000  1294837   73.71%
    992   769       46.0000   255      175.0000       46.0000  1301308   73.71%
    993   769       46.0000   259      175.0000       46.0000  1301310   73.71%
    994   769       46.0000   260      175.0000       46.0000  1301314   73.71%
Elapsed time = 2271.73 sec. (3718822.15 ticks, tree = 103.43 MB, solutions = 1)
    995   769       46.0000   256      175.0000       46.0000  1301316   73.71%
    996   770       46.0000   256      175.0000       46.0000  1301320   73.71%
    997   771       46.0000   253      175.0000       46.0000  1304897   73.71%
    999   771       55.0000   308      175.0000       46.0000  1315021   73.71%
   1001   772       55.0000   324      175.0000       46.0000  1315631   73.71%
   1002   771       55.0000   288      175.0000       46.0000  1322629   73.71%
   1003   771       55.0000   264      175.0000       46.0000  1335078   73.71%
   1004   772       55.0000   283      175.0000       46.0000  1335175   73.71%
   1005   773       55.0000   260      175.0000       46.0000  1339976   73.71%
   1006   773       55.0000   218      175.0000       46.0000  1340049   73.71%
Elapsed time = 2344.71 sec. (3848104.16 ticks, tree = 103.83 MB, solutions = 1)
   1007   773       55.0000   260      175.0000       46.0000  1346614   73.71%
   1008   774       55.0000   339      175.0000       46.0000  1353914   73.71%
   1009   774       55.0000   277      175.0000       46.0000  1358601   73.71%
   1010   774       55.0000   276      175.0000       46.0000  1358639   73.71%
   1011   774       60.0000   282      175.0000       46.0000  1380162   73.71%
   1014   776       60.0000   344      175.0000       46.0000  1398767   73.71%
   1015   777       60.0000   260      175.0000       46.0000  1398841   73.71%
   1016   777       60.0000   254      175.0000       46.0000  1405145   73.71%
   1017   776       60.0000   304      175.0000       46.0000  1405790   73.71%
   1020   777       63.0000   271      175.0000       46.0000  1417863   73.71%
Elapsed time = 2449.03 sec. (4023202.69 ticks, tree = 104.66 MB, solutions = 1)
   1024   778       65.0000   264      175.0000       46.0000  1436213   73.71%
   1027   779       80.0000   301      175.0000       46.0000  1441460   73.71%
   1032   780       81.0000   321      175.0000       46.0000  1441935   73.71%
   1040   783       99.4074   226      175.0000       46.0000  1442416   73.71%
   1052   786      101.0000   248      175.0000       46.0000  1442619   73.71%
   1062   792      102.0000   300      175.0000       46.0000  1443387   73.71%
   1073   798      118.0370   247      175.0000       46.0000  1450957   73.71%
   1081   803      119.0000   173      175.0000       46.0000  1451741   73.71%
   1097   812      119.0000   144      175.0000       46.0000  1452117   73.71%
   1115   797      173.3889    98      175.0000       46.0000  1452472   73.71%
Elapsed time = 2501.53 sec. (4099094.24 ticks, tree = 107.71 MB, solutions = 1)
   1117   789       63.0370   299      175.0000       46.0000  1457270   73.71%
   1120   788       64.0370   246      175.0000       46.0000  1474779   73.71%
   1125   789       68.0185   265      175.0000       46.0000  1489388   73.71%
   1127   790       65.0000   314      175.0000       46.0000  1490474   73.71%
   1130   792       65.0000   254      175.0000       46.0000  1503143   73.71%
   1131   793       65.0000   231      175.0000       46.0000  1519228   73.71%
   1133   793       65.0000   294      175.0000       46.0000  1520124   73.71%
   1134   793       91.0556   258      175.0000       46.0000  1552946   73.71%
   1136   795      166.0000   324      175.0000       46.0000  1561542   73.71%
   1138   796       68.0556   231      175.0000       46.0000  1574295   73.71%
Elapsed time = 2634.06 sec. (4306054.23 ticks, tree = 107.46 MB, solutions = 1)
   1139   797       65.0000   305      175.0000       46.0000  1587431   73.71%
   1141   797       65.0000   289      175.0000       46.0000  1588306   73.71%
   1143   798       65.0000   321      175.0000       46.0000  1598968   73.71%
   1144   799       65.0000   342      175.0000       46.0000  1618535   73.71%
   1145   799       65.0000   337      175.0000       46.0000  1620147   73.71%
   1146   799       72.0370   270      175.0000       46.0000  1631060   73.71%
   1148   799       71.0278   277      175.0000       46.0000  1649115   73.71%
   1152   801       91.0000   253      175.0000       46.0000  1659808   73.71%
   1153   800       66.2037   246      175.0000       46.0000  1681804   73.71%
   1154   800       65.0000   249      175.0000       46.0000  1692500   73.71%
Elapsed time = 2764.05 sec. (4510601.78 ticks, tree = 108.02 MB, solutions = 1)
   1158   802       65.5324   278      175.0000       46.0000  1714783   73.71%
   1159   801       65.5602   295      175.0000       46.0000  1724100   73.71%
   1161   801       66.0556   278      175.0000       46.0000  1760162   73.71%
   1162   801       68.0000   280      175.0000       46.0000  1787199   73.71%
   1163   802       68.0000   280      175.0000       46.0000  1787199   73.71%
   1165   803       68.0000   315      175.0000       46.0000  1800325   73.71%
   1166   803       68.0000   263      175.0000       46.0000  1800328   73.71%
   1167   804       68.0000   266      175.0000       46.0000  1811546   73.71%
   1170   806       70.0000   236      175.0000       46.0000  1839055   73.71%
   1172   808       68.0000   250      175.0000       46.0000  1851899   73.71%
Elapsed time = 2954.24 sec. (4813578.49 ticks, tree = 109.13 MB, solutions = 1)
   1174   809       68.0000   238      175.0000       46.0000  1866686   73.71%
   1176   810       68.0000   299      175.0000       46.0000  1873318   73.71%
   1177   810       68.0000   218      175.0000       46.0000  1887845   73.71%
   1179   810      103.0556   226      175.0000       46.0000  1904776   73.71%
   1180   811       68.0000   280      175.0000       46.0000  1921189   73.71%
   1181   811       68.0000   290      175.0000       46.0000  1935746   73.71%
   1182   811       68.0000   341      175.0000       46.0000  1949264   73.71%
   1184   811      144.0000   267      175.0000       46.0000  1991927   73.71%
   1188   804       75.0000   253      175.0000       46.0000  2004410   73.71%
   1190   805       75.0000   302      175.0000       46.0000  2014444   73.71%
Elapsed time = 3079.54 sec. (5000305.58 ticks, tree = 108.76 MB, solutions = 1)
   1192   807      126.0000   330      175.0000       46.0000  2025401   73.71%
   1194   808       75.0000   353      175.0000       46.0000  2026839   73.71%
   1195   809       75.0000   276      175.0000       46.0000  2039936   73.71%
   1197   810       75.0000   259      175.0000       46.0000  2049270   73.71%
   1199   810      102.1852   221      175.0000       46.0000  2057239   73.71%
   1201   811       75.0000   274      175.0000       46.0000  2068207   73.71%
   1204   813       75.0000   286      175.0000       46.0000  2068928   73.71%
   1207   815       75.0000   281      175.0000       46.0000  2070259   73.71%
   1208   816       75.0000   236      175.0000       46.0000  2085693   73.71%
   1210   816       75.0000   221      175.0000       46.0000  2093988   73.71%
Elapsed time = 3173.70 sec. (5137768.59 ticks, tree = 110.44 MB, solutions = 1)
   1212   817       75.0000   228      175.0000       46.0000  2094647   73.71%
   1213   817       75.0000   228      175.0000       46.0000  2101501   73.71%
   1215   819       75.0000   222      175.0000       46.0000  2108548   73.71%
   1217   820       75.0000   176      175.0000       46.0000  2116015   73.71%
   1219   815       75.0000   171      175.0000       46.0000  2120322   73.71%
   1220   815      110.0741   156      175.0000       46.0000  2138962   73.71%
   1222   817      119.0000   225      175.0000       46.0000  2153450   73.71%
   1224   816       75.0000   172      175.0000       46.0000  2159212   73.71%
   1225   817       75.0000   225      175.0000       46.0000  2164548   73.71%
   1227   819       75.0000   188      175.0000       46.0000  2172559   73.71%
Elapsed time = 3230.60 sec. (5216264.24 ticks, tree = 110.63 MB, solutions = 1)
   1229   821       75.0000   197      175.0000       46.0000  2182455   73.71%
   1230   822       75.0000   191      175.0000       46.0000  2190350   73.71%
   1232   823      104.0000   209      175.0000       46.0000  2196728   73.71%
   1234   825       76.0000   190      175.0000       46.0000  2210988   73.71%
   1236   826       75.0000   170      175.0000       46.0000  2216736   73.71%
   1238   827       75.0000   187      175.0000       46.0000  2225501   73.71%
   1239   828       75.0000   178      175.0000       46.0000  2232047   73.71%
   1240   828       75.0000   160      175.0000       46.0000  2240831   73.71%
   1242   830       75.0000   210      175.0000       46.0000  2244577   73.71%
   1246   827       75.0000   182      175.0000       46.0000  2249025   73.71%
Elapsed time = 3295.96 sec. (5304063.94 ticks, tree = 111.95 MB, solutions = 1)
   1251   830       75.0000   154      175.0000       46.0000  2252623   73.71%
   1257   833       75.0000   191      175.0000       46.0000  2256344   73.71%
   1264   834       81.0000   136      175.0000       46.0000  2259982   73.71%
   1277   832       84.0000   126      175.0000       46.0000  2260504   73.71%
   1293   830      137.1389   102      175.0000       46.0000  2262908   73.71%
   1324   833      140.0000    45      175.0000       46.0000  2263323   73.71%
   1333   827       46.0000   277      175.0000       46.0000  2273959   73.71%
   1335   828       46.0000   301      175.0000       46.0000  2275767   73.71%
   1337   828       46.0000   278      175.0000       46.0000  2279675   73.71%
   1340   830       46.0000   265      175.0000       46.0000  2280788   73.71%
Elapsed time = 3370.71 sec. (5424761.74 ticks, tree = 112.76 MB, solutions = 1)
   1343   832       46.0000   227      175.0000       46.0000  2282391   73.71%
   1346   834       47.0000   266      175.0000       46.0000  2289189   73.71%
   1347   834       47.0556   236      175.0000       46.0000  2298586   73.71%
   1351   837       48.0000   270      175.0000       46.0000  2304573   73.71%
   1353   839       48.0000   256      175.0000       46.0000  2306587   73.71%
   1356   841       48.0000   259      175.0000       46.0000  2309665   73.71%
   1362   844       49.0000   241      175.0000       46.0000  2311242   73.71%
   1367   844       51.0000   219      175.0000       46.0000  2313573   73.71%
   1372   845       52.0000   181      175.0000       46.0000  2313615   73.71%
   1374   844       46.3161   232      175.0000       46.0000  2318501   73.71%
Elapsed time = 3597.18 sec. (5769628.04 ticks, tree = 114.89 MB, solutions = 1)
   1378   847       47.0000   276      175.0000       46.0000  2319725   73.71%

Clique cuts applied:  12
Cover cuts applied:  5
Implied bound cuts applied:  5
Mixed integer rounding cuts applied:  47
Zero-half cuts applied:  132
Gomory fractional cuts applied:  3

Root node processing (before b&c):
  Real time             =  182.15 sec. (320053.61 ticks)
Sequential b&c:
  Real time             = 3417.86 sec. (5454359.57 ticks)
                          ------------
Total (root+branch&cut) = 3600.01 sec. (5774413.18 ticks)

Solution pool: 1 solution saved.

MIP - Time limit exceeded, integer feasible:  Objective =  1.7500000000e+02
Current MIP best bound =  4.6000000000e+01 (gap = 129, 73.71%)
Solution time = 3600.01 sec.  Iterations = 2319763  Nodes = 1380 (848)
Deterministic time = 5774413.54 ticks  (1604.00 ticks/sec)

CPLEX> Incumbent solution
Variable Name           Solution Value
y                           175.000000
x22                           1.000000
x5789                         1.000000
x11614                        1.000000
x17336                        1.000000
x23135                        1.000000
x28912                        1.000000
x34692                        1.000000
x40483                        1.000000
x46264                        1.000000
x51996                        1.000000
x57762                        1.000000
x63569                        1.000000
x69384                        1.000000
x75141                        1.000000
x80913                        1.000000
x86643                        1.000000
x92489                        1.000000
x98257                        1.000000
x103978                       1.000000
x109813                       1.000000
x115581                       1.000000
x121316                       1.000000
x5549                         1.000000
x8285                         1.000000
x16189                        1.000000
x20369                        1.000000
x23713                        1.000000
x32605                        1.000000
x39977                        1.000000
x42105                        1.000000
x50389                        1.000000
x53885                        1.000000
x58141                        1.000000
x64297                        1.000000
x72277                        1.000000
x76457                        1.000000
x82613                        1.000000
x89833                        1.000000
x97889                        1.000000
x101005                       1.000000
x105261                       1.000000
x111265                       1.000000
x119093                       1.000000
x124413                       1.000000
x3348                         1.000000
x2133                         1.000000
x58982                        1.000000
x17867                        1.000000
x25393                        1.000000
x67955                        1.000000
x79054                        1.000000
x44247                        1.000000
x120096                       1.000000
x62869                        1.000000
x108090                       1.000000
x76095                        1.000000
x114933                       1.000000
x45471                        1.000000
x84536                        1.000000
x74733                        1.000000
x52846                        1.000000
x3903                         1.000000
x1624                         1.000000
x2005                         1.000000
x120262                       1.000000
x9838                         1.000000
x17819                        1.000000
x44725                        1.000000
x103094                       1.000000
x66007                        1.000000
x71176                        1.000000
x19953                        1.000000
x122782                       1.000000
x91471                        1.000000
x31280                        1.000000
x3541                         1.000000
x5670                         1.000000
x2099                         1.000000
x117772                       1.000000
x32198                        1.000000
x3472                         1.000000
x6742                         1.000000
x108355                       1.000000
x41553                        1.000000
x104710                       1.000000
x68535                        1.000000
x43228                        1.000000
x116723                       1.000000
x86856                        1.000000
x66490                        1.000000
x44983                        1.000000
x57904                        1.000000
x37386                        1.000000
x39971                        1.000000
x378                          1.000000
x5775                         1.000000
x304                          1.000000
u4                            4.000000
u5                           52.000000
u6                            3.000000
u7                            1.000000
u9                            1.000000
u11                          53.000000
u14                           1.000000
u15                           1.000000
u16                           1.000000
u17                           2.000000
u18                           3.000000
u19                          53.000000
u21                           1.000000
u23                          46.000000
u24                           1.000000
u25                           1.000000
u26                          53.000000
u27                          50.000000
u28                           1.000000
u29                          51.000000
u30                           3.000000
u34                          53.000000
u35                           2.000000
u37                          43.000000
u38                           1.000000
u39                           1.000000
u40                           2.000000
u41                           3.000000
u42                           1.000000
u43                           2.000000
u44                          52.000000
u45                           3.000000
u46                           7.000000
u47                           2.000000
u48                           9.000000
u50                          53.000000
u52                           8.000000
u54                          52.000000
u55                           2.000000
u57                          42.000000
u58                           1.000000
u59                           3.000000
u60                          44.000000
u63                           2.000000
u64                           1.000000
u66                           2.000000
u67                          45.000000
u68                           1.000000
u70                          52.000000
u71                          53.000000
u74                          53.000000
u75                           6.000000
u76                           5.000000
All other variables in the range 1-125476 are 0.
CPLEX> 