
Welcome to IBM(R) ILOG(R) CPLEX(R) Interactive Optimizer 12.7.1.0
  with Simplex, Mixed Integer & Barrier Optimizers
5725-A06 5725-A29 5724-Y48 5724-Y49 5724-Y54 5724-Y55 5655-Y21
Copyright IBM Corp. 1988, 2017.  All Rights Reserved.

Type 'help' for a list of available commands.
Type 'help' followed by a command name for more
information on commands.

CPLEX> New value for default parallel thread count: 1
CPLEX> New value for time limit in seconds: 3600
CPLEX> Problem 'eil76_m21.lp' read.
Read time = 0.15 sec. (13.28 ticks)
CPLEX> CPXPARAM_TimeLimit                               3600
CPXPARAM_Threads                                 1
CPXPARAM_Read_APIEncoding                        "UTF-8"
Tried aggregator 1 time.
MIP Presolve modified 122850 coefficients.
Reduced MIP has 7338 rows, 119776 columns, and 720123 nonzeros.
Reduced MIP has 119700 binaries, 75 generals, 0 SOSs, and 0 indicators.
Presolve time = 0.43 sec. (530.92 ticks)
Tried aggregator 1 time.
Reduced MIP has 7338 rows, 119776 columns, and 720123 nonzeros.
Reduced MIP has 119700 binaries, 76 generals, 0 SOSs, and 0 indicators.
Presolve time = 0.44 sec. (375.91 ticks)
Probing time = 0.12 sec. (58.02 ticks)
Clique table members: 236730.
MIP emphasis: balance optimality and feasibility.
MIP search method: dynamic search.
Parallel mode: none, using 1 thread.
Root relaxation solution time = 24.19 sec. (41337.45 ticks)

        Nodes                                         Cuts/
   Node  Left     Objective  IInf  Best Integer    Best Bound    ItCnt     Gap

      0     0       44.1403   239                     44.1403    33426         
      0     0       45.3139   250                    Cuts: 59    55237         
      0     0       46.0000   482                   Cuts: 139    86994         
      0     0       46.0000   479                    Cuts: 39   108710         
      0     0       46.0000   400                    Cuts: 64   137724         
      0     0       46.0000   388                    Cuts: 58   156419         
      0     0       46.0000   356                    Cuts: 57   169131         
      0     0       46.0000   407                    Cuts: 55   191638         
      0     0       46.0000   289                     Cuts: 8   201548         
      0     0       46.0000   486                   Cuts: 100   223382         
Heuristic still looking.
Heuristic still looking.
      0     2       46.0000   240                     46.0000   223382         
Elapsed time = 518.72 sec. (850683.98 ticks, tree = 0.01 MB, solutions = 0)
      1     3       46.0000   238                     46.0000   225367         
      2     4       46.0000   269                     46.0000   225570         
      3     5       46.0000   252                     46.0000   226159         
      4     6       46.0000   276                     46.0000   226923         
      5     7       46.0000   264                     46.0000   227705         
      6     8       46.0000   272                     46.0000   228052         
      7     9       46.0000   255                     46.0000   230044         
      8    10       46.0000   255                     46.0000   234009         
      9    11       46.0000   270                     46.0000   241858         
     10    12       46.0000   252                     46.0000   248472         
Elapsed time = 553.29 sec. (917985.96 ticks, tree = 1.29 MB, solutions = 0)
     12    14       46.0000   255                     46.0000   249676         
     14    16       46.0000   251                     46.0000   252680         
     15    17       46.0000   242                     46.0000   258946         
     16    18       46.0000   236                     46.0000   260334         
     17    19       46.0057   221                     46.0000   261386         
     18    20       46.0000   252                     46.0000   261702         
     19    21       46.3371   251                     46.0000   261830         
     22    24       46.4818   252                     46.0000   262589         
     30    30       60.6545   163                     46.0000   263088         
     51    40      127.8364   197                     46.0000   263645         
Elapsed time = 583.06 sec. (974145.62 ticks, tree = 5.13 MB, solutions = 0)
     80    60      227.6364   150                     46.0000   264209         
    124    90      400.2000   102                     46.0000   264719         
    169   127      455.0000    14                     46.0000   265302         
*   176    98      integral     0      455.0000       46.0000   265336   89.89%
    177    98       46.0000   292      455.0000       46.0000   277275   89.89%
    178    99       46.0000   302      455.0000       46.0000   278218   89.89%
    179   100       46.0000   277      455.0000       46.0000   278885   89.89%
    180   101       46.0000   290      455.0000       46.0000   279590   89.89%
    181   102       46.0000   279      455.0000       46.0000   300485   89.89%
    182   103       46.0000   312      455.0000       46.0000   301191   89.89%
    183   104       46.0000   236      455.0000       46.0000   308542   89.89%
Elapsed time = 672.15 sec. (1135121.55 ticks, tree = 13.65 MB, solutions = 1)
    184   105       46.0000   275      455.0000       46.0000   312650   89.89%
    185   106       46.0000   301      455.0000       46.0000   320608   89.89%
    186   107       46.0000   288      455.0000       46.0000   322847   89.89%
    187   108       46.0063   391      455.0000       46.0000   329763   89.89%
    188   109       46.0000   304      455.0000       46.0000   330414   89.89%
    189   110       46.0290   350      455.0000       46.0000   335224   89.89%
    190   111       46.0000   305      455.0000       46.0000   335584   89.89%
    191   112       46.1143   500      455.0000       46.0000   341102   89.89%
    192   113       46.0613   358      455.0000       46.0000   348907   89.89%
    193   114       46.0223   472      455.0000       46.0000   356272   89.89%
Elapsed time = 725.88 sec. (1242964.72 ticks, tree = 14.96 MB, solutions = 1)
    194   115       46.3893   367      455.0000       46.0000   358388   89.89%
    195   116       46.3980   484      455.0000       46.0000   362649   89.89%
    196   117       46.4065   497      455.0000       46.0000   363822   89.89%
    197   118       46.5938   553      455.0000       46.0000   366010   89.89%
    198   119       46.4587   297      455.0000       46.0000   366881   89.89%
    200   121       46.9684   407      455.0000       46.0000   367191   89.89%
    201   122       47.1706   271      455.0000       46.0000   369290   89.89%
    202   123       47.1311   411      455.0000       46.0000   369709   89.89%
    205   126       49.0273   302      455.0000       46.0000   383154   89.89%
    206   127       47.6895   391      455.0000       46.0000   383601   89.89%
Elapsed time = 771.64 sec. (1323296.30 ticks, tree = 16.66 MB, solutions = 1)
    208   129       47.7603   337      455.0000       46.0000   384932   89.89%
    209   130       47.9271   363      455.0000       46.0000   385625   89.89%
    212   133       47.7758   271      455.0000       46.0000   386158   89.89%
    216   137       56.0818   246      455.0000       46.0000   386925   89.89%
    217   138       50.0727   251      455.0000       46.0000   397827   89.89%
    219   138       50.0727   242      455.0000       46.0000   412047   89.89%
    220   139       50.0727   275      455.0000       46.0000   432934   89.89%
    221   140       50.0727   240      455.0000       46.0000   446818   89.89%
    222   141       50.0727   217      455.0000       46.0000   466856   89.89%
    223   142       50.0727   283      455.0000       46.0000   486069   89.89%
Elapsed time = 878.98 sec. (1516985.86 ticks, tree = 18.50 MB, solutions = 1)
    224   143       50.0727   255      455.0000       46.0000   501259   89.89%
    225   144       50.0727   310      455.0000       46.0000   520799   89.89%
    226   145       50.0727   253      455.0000       46.0000   522584   89.89%
    228   147       50.0727   242      455.0000       46.0000   524137   89.89%
    229   148       50.0727   246      455.0000       46.0000   524691   89.89%
    230   149       50.0727   234      455.0000       46.0000   538352   89.89%
    231   150       50.0727   221      455.0000       46.0000   540821   89.89%
    232   151       50.0727   219      455.0000       46.0000   547580   89.89%
    234   153       50.0727   250      455.0000       46.0000   548262   89.89%
    235   154       50.0727   237      455.0000       46.0000   549262   89.89%
Elapsed time = 940.49 sec. (1625873.80 ticks, tree = 20.23 MB, solutions = 1)
    236   155       50.0727   244      455.0000       46.0000   549805   89.89%
    243   157       54.1818   196      455.0000       46.0000   556738   89.89%
    260   168      139.3636   161      455.0000       46.0000   557360   89.89%
    280   180      178.1091   194      455.0000       46.0000   557862   89.89%
    300   195      200.9091   136      455.0000       46.0000   558148   89.89%
    330   217      280.1455   129      455.0000       46.0000   558542   89.89%
    360   241      347.8182    99      455.0000       46.0000   558986   89.89%
    393   269      365.0000    22      455.0000       46.0000   559287   89.89%
*   397   241      integral     0      365.0000       46.0000   559315   87.40%
    398   241       46.0000   267      365.0000       46.0000   564606   87.40%
    399   242       46.0000   261      365.0000       46.0000   566216   87.40%
Elapsed time = 965.03 sec. (1668699.75 ticks, tree = 32.31 MB, solutions = 2)
    401   244       46.0000   252      365.0000       46.0000   567686   87.40%
    402   245       46.0000   228      365.0000       46.0000   572239   87.40%
    404   247       46.0000   226      365.0000       46.0000   576778   87.40%
    405   248       46.0000   240      365.0000       46.0000   577512   87.40%
    407   250       46.0000   218      365.0000       46.0000   578432   87.40%
    408   251       46.0000   231      365.0000       46.0000   581324   87.40%
    410   253       46.0000   248      365.0000       46.0000   582999   87.40%
    411   254       46.0000   261      365.0000       46.0000   586423   87.40%
    412   255       46.0000   285      365.0000       46.0000   587466   87.40%
    413   256       46.0000   260      365.0000       46.0000   588706   87.40%
Elapsed time = 992.78 sec. (1722544.71 ticks, tree = 34.15 MB, solutions = 2)
    414   257       46.0575   329      365.0000       46.0000   592123   87.40%
    415   258       46.4534   270      365.0000       46.0000   593555   87.40%
    417   260       46.6027   314      365.0000       46.0000   594522   87.40%
    419   262       47.0727   263      365.0000       46.0000   602980   87.40%
    440   280       92.0182   230      365.0000       46.0000   603326   87.40%
    470   304      198.3818   209      365.0000       46.0000   603666   87.40%
    496   322      276.4000   215      365.0000       46.0000   604013   87.40%
    509   335       46.0000   236      365.0000       46.0000   607113   87.40%
*   510+  323                          353.0000       46.0000            86.97%
    510   325       46.0000   238      353.0000       46.0000   609334   86.97%
    511   326       46.1057   222      353.0000       46.0000   612892   86.97%
Elapsed time = 1127.78 sec. (1941470.62 ticks, tree = 43.43 MB, solutions = 3)
    518   333       47.3636   256      353.0000       46.0000   614584   86.97%
    526   341       47.3636   285      353.0000       46.0000   624463   86.97%
    529   344       47.3636   259      353.0000       46.0000   627081   86.97%
    531   346       47.3636   226      353.0000       46.0000   629274   86.97%
    537   352       47.3636   273      353.0000       46.0000   631125   86.97%
    539   354       47.3636   252      353.0000       46.0000   640414   86.97%
    545   360       47.3636   275      353.0000       46.0000   642080   86.97%
    550   365       47.3636   267      353.0000       46.0000   644869   86.97%
    551   366       47.3636   252      353.0000       46.0000   647001   86.97%
    555   370       47.3636   235      353.0000       46.0000   656733   86.97%
Elapsed time = 1177.09 sec. (2033079.79 ticks, tree = 49.24 MB, solutions = 3)
    560   375       47.3636   249      353.0000       46.0000   658929   86.97%
    561   376       47.3636   250      353.0000       46.0000   664833   86.97%
    564   379       47.3636   248      353.0000       46.0000   666568   86.97%
    567   382       47.3636   259      353.0000       46.0000   669879   86.97%
    568   383       47.3636   249      353.0000       46.0000   674988   86.97%
    569   384       47.3636   293      353.0000       46.0000   681110   86.97%
    570   385       47.3636   297      353.0000       46.0000   683897   86.97%
    574   389       47.3636   311      353.0000       46.0000   694398   86.97%
    576   391       47.3636   326      353.0000       46.0000   696561   86.97%
    581   396       47.3636   298      353.0000       46.0000   699396   86.97%
Elapsed time = 1225.19 sec. (2124486.11 ticks, tree = 52.68 MB, solutions = 3)
    582   397       47.3636   303      353.0000       46.0000   703803   86.97%
    584   399       47.3636   360      353.0000       46.0000   709446   86.97%
    585   400       47.3794   365      353.0000       46.0000   713715   86.97%
    604   419       47.6812   360      353.0000       46.0000   715376   86.97%
    618   433       48.0154   283      353.0000       46.0000   717408   86.97%
    620   435       46.0000   232      353.0000       46.0000   857896   86.97%
    621   435       46.0000   265      353.0000       46.0000   859101   86.97%
    622   435       46.0000   357      353.0000       46.0000   871304   86.97%
    623   436       46.0000   272      353.0000       46.0000   872438   86.97%
    624   436       46.0000   272      353.0000       46.0000   873129   86.97%
Elapsed time = 2105.67 sec. (3481088.12 ticks, tree = 57.79 MB, solutions = 3)
    625   437       46.0000   253      353.0000       46.0000   882613   86.97%
    626   437       46.0000   265      353.0000       46.0000   883354   86.97%
    627   437       46.0000   285      353.0000       46.0000   883610   86.97%
    628   437       46.0000   278      353.0000       46.0000   884036   86.97%
    630   437       46.0000   280      353.0000       46.0000   884490   86.97%
    633   439       46.0000   229      353.0000       46.0000   888655   86.97%
    637   440       46.0000   244      353.0000       46.0000   889351   86.97%
    638   441       46.0000   258      353.0000       46.0000   891017   86.97%
    640   440       50.0000   352      353.0000       46.0000   896798   86.97%
    642   438       62.0000   255      353.0000       46.0000   897056   86.97%
Elapsed time = 2158.12 sec. (3572698.75 ticks, tree = 58.16 MB, solutions = 3)
    650   440       84.4364   234      353.0000       46.0000   897124   86.97%
    659   444       86.0000   251      353.0000       46.0000   897307   86.97%
    666   446       87.0000   268      353.0000       46.0000   897575   86.97%
    672   450       87.0000   272      353.0000       46.0000   898111   86.97%
    682   454       88.0000   249      353.0000       46.0000   898381   86.97%
    692   458       88.0000   255      353.0000       46.0000   898781   86.97%
    706   464      143.0000   204      353.0000       46.0000   899032   86.97%
    720   471      143.0000   178      353.0000       46.0000   899299   86.97%
    738   470      147.0000   158      353.0000       46.0000   899716   86.97%
    756   468      164.8545   118      353.0000       46.0000   900216   86.97%
Elapsed time = 2186.51 sec. (3613121.97 ticks, tree = 62.29 MB, solutions = 3)
    786   478      242.0000    89      353.0000       46.0000   900495   86.97%
    813   482      248.0000   102      353.0000       46.0000   900878   86.97%
    866   490       51.6500   349      353.0000       46.0000   909229   86.97%
    870   492       52.1091   286      353.0000       46.0000   909297   86.97%
    874   492       59.1545   354      353.0000       46.0000   928339   86.97%
    877   495       82.0000   287      353.0000       46.0000   933521   86.97%
    884   498       60.0000   298      353.0000       46.0000   941820   86.97%
    885   499       60.0000   246      353.0000       46.0000   954507   86.97%
    891   502       60.0000   310      353.0000       46.0000   957432   86.97%
    894   504       60.0000   298      353.0000       46.0000   974752   86.97%
Elapsed time = 2311.16 sec. (3817085.66 ticks, tree = 67.17 MB, solutions = 3)
    895   504       60.0000   271      353.0000       46.0000   991651   86.97%
    896   504       60.0000   249      353.0000       46.0000  1009698   86.97%
    898   505       60.0000   294      353.0000       46.0000  1024163   86.97%
    900   504       60.0545   215      353.0000       46.0000  1039057   86.97%
    902   505       64.2182   306      353.0000       46.0000  1052986   86.97%
    904   507       60.0000   258      353.0000       46.0000  1073057   86.97%
    906   509       60.0000   259      353.0000       46.0000  1088573   86.97%
    907   509       60.0000   299      353.0000       46.0000  1103403   86.97%
    908   510       60.0000   263      353.0000       46.0000  1115692   86.97%
    910   511       66.0000   284      353.0000       46.0000  1125864   86.97%
Elapsed time = 2448.16 sec. (4037501.12 ticks, tree = 68.23 MB, solutions = 3)
    912   510       60.0000   261      353.0000       46.0000  1136438   86.97%
    915   511       60.0000   256      353.0000       46.0000  1147497   86.97%
    917   513       68.0000   273      353.0000       46.0000  1174673   86.97%
    919   514       60.0000   322      353.0000       46.0000  1176541   86.97%
    922   515       60.0000   242      353.0000       46.0000  1187471   86.97%
    927   517       61.0000   209      353.0000       46.0000  1200997   86.97%
    929   517       61.0000   274      353.0000       46.0000  1203100   86.97%
    930   518       61.0000   225      353.0000       46.0000  1209659   86.97%
    931   518       61.0000   249      353.0000       46.0000  1218290   86.97%
    933   519       61.0000   210      353.0000       46.0000  1233581   86.97%
Elapsed time = 2543.83 sec. (4185708.99 ticks, tree = 69.30 MB, solutions = 3)
    935   520       61.0000   235      353.0000       46.0000  1241352   86.97%
    938   522       69.2182   252      353.0000       46.0000  1253308   86.97%
    941   522       63.5455   208      353.0000       46.0000  1275810   86.97%
    942   522       61.0000   236      353.0000       46.0000  1288081   86.97%
    945   524       61.0000   192      353.0000       46.0000  1290596   86.97%
    946   524       70.0364   253      353.0000       46.0000  1299889   86.97%
    947   524       61.0000   248      353.0000       46.0000  1311868   86.97%
    951   524       61.0000   210      353.0000       46.0000  1320793   86.97%
    954   527       61.0000   254      353.0000       46.0000  1327722   86.97%
    956   527       63.0000   226      353.0000       46.0000  1334958   86.97%
Elapsed time = 2620.86 sec. (4297657.09 ticks, tree = 70.53 MB, solutions = 3)
    964   528       63.0000   204      353.0000       46.0000  1339261   86.97%
    966   527       63.1909   246      353.0000       46.0000  1350575   86.97%
    972   531       64.0000   197      353.0000       46.0000  1352789   86.97%
    980   533       64.7227   198      353.0000       46.0000  1359798   86.97%
    983   536       64.0000   239      353.0000       46.0000  1364560   86.97%
    988   538      130.0000   250      353.0000       46.0000  1368302   86.97%
    993   540       64.4386   200      353.0000       46.0000  1376429   86.97%
    995   542       65.0000   182      353.0000       46.0000  1380033   86.97%
   1000   540       65.0000   202      353.0000       46.0000  1382951   86.97%
   1001   540       65.0545   215      353.0000       46.0000  1391383   86.97%
Elapsed time = 2665.37 sec. (4358877.01 ticks, tree = 72.37 MB, solutions = 3)
   1011   541       66.8182   226      353.0000       46.0000  1395495   86.97%
   1013   540       82.0364   215      353.0000       46.0000  1404617   86.97%
   1016   542       66.0000   209      353.0000       46.0000  1408760   86.97%
   1017   542       66.3961   209      353.0000       46.0000  1414744   86.97%
   1034   550       99.0000   186      353.0000       46.0000  1415155   86.97%
   1050   552       99.0000   156      353.0000       46.0000  1415645   86.97%
   1064   561       99.0000   113      353.0000       46.0000  1415923   86.97%
   1079   562      127.0000    92      353.0000       46.0000  1418544   86.97%
   1110   564      149.0000    38      353.0000       46.0000  1419136   86.97%
   1153   568       48.1091   263      353.0000       46.0000  1430296   86.97%
Elapsed time = 2705.98 sec. (4418895.24 ticks, tree = 76.62 MB, solutions = 3)
   1154   568       48.1091   283      353.0000       46.0000  1441297   86.97%
   1158   571       49.0000   300      353.0000       46.0000  1441633   86.97%
   1165   576       49.0000   342      353.0000       46.0000  1441881   86.97%
   1174   581       49.0000   322      353.0000       46.0000  1441913   86.97%
   1178   583       49.0000   323      353.0000       46.0000  1442592   86.97%
   1182   585       49.0000   302      353.0000       46.0000  1443599   86.97%
   1185   587       49.0000   271      353.0000       46.0000  1444569   86.97%
   1194   591       49.0000   307      353.0000       46.0000  1445081   86.97%
   1197   593       49.0000   271      353.0000       46.0000  1446774   86.97%
   1198   594       49.0000   259      353.0000       46.0000  1448562   86.97%
Elapsed time = 2738.99 sec. (4472872.01 ticks, tree = 79.89 MB, solutions = 3)
   1201   595       49.0000   226      353.0000       46.0000  1458219   86.97%
   1206   600       49.0000   203      353.0000       46.0000  1459505   86.97%
   1215   599       49.0023   219      353.0000       46.0000  1462786   86.97%
   1222   598       48.1091   247      353.0000       46.0000  1476300   86.97%
   1226   600       49.0000   357      353.0000       46.0000  1477624   86.97%
   1229   602       49.0000   330      353.0000       46.0000  1478218   86.97%
   1231   603       49.0000   325      353.0000       46.0000  1479277   86.97%
   1238   605       63.0000   295      353.0000       46.0000  1479545   86.97%
   1245   610       63.0000   332      353.0000       46.0000  1480145   86.97%
   1249   613       63.0000   315      353.0000       46.0000  1480363   86.97%
Elapsed time = 2786.68 sec. (4549870.93 ticks, tree = 82.37 MB, solutions = 3)
   1255   617       63.0000   342      353.0000       46.0000  1480542   86.97%
   1259   616       63.0000   343      353.0000       46.0000  1483834   86.97%
   1263   619       63.0000   330      353.0000       46.0000  1483999   86.97%
   1268   620       71.0000   323      353.0000       46.0000  1484331   86.97%
   1276   621       71.0000   324      353.0000       46.0000  1484546   86.97%
   1280   623       88.0000   323      353.0000       46.0000  1501558   86.97%
   1282   624       88.0000   346      353.0000       46.0000  1502217   86.97%
   1284   626       88.0000   341      353.0000       46.0000  1502879   86.97%
   1290   628       88.0000   333      353.0000       46.0000  1503456   86.97%
   1297   628       88.0000   314      353.0000       46.0000  1503706   86.97%
Elapsed time = 2831.08 sec. (4618596.40 ticks, tree = 84.30 MB, solutions = 3)
   1300   629       88.0000   366      353.0000       46.0000  1504609   86.97%
   1303   630       88.0000   233      353.0000       46.0000  1514151   86.97%
   1304   631       88.0000   307      353.0000       46.0000  1528070   86.97%
   1308   633       88.0000   264      353.0000       46.0000  1528235   86.97%
   1317   637       88.2909   276      353.0000       46.0000  1528763   86.97%
   1320   638       89.0000   323      353.0000       46.0000  1555776   86.97%
   1325   640       90.0000   203      353.0000       46.0000  1556182   86.97%
   1334   643       90.0000   231      353.0000       46.0000  1556624   86.97%
   1335   643       90.7545   255      353.0000       46.0000  1570300   86.97%
   1337   644       91.6273   260      353.0000       46.0000  1586188   86.97%
Elapsed time = 2921.56 sec. (4760256.16 ticks, tree = 86.59 MB, solutions = 3)
   1339   644       93.9000   256      353.0000       46.0000  1596270   86.97%
   1341   643       97.9273   255      353.0000       46.0000  1596722   86.97%
   1350   643      104.0000   253      353.0000       46.0000  1597208   86.97%
   1362   651      104.0000   273      353.0000       46.0000  1597467   86.97%
   1367   653      104.0000   237      353.0000       46.0000  1604306   86.97%
   1375   658      104.0000   216      353.0000       46.0000  1605042   86.97%
   1377   658      117.6545   229      353.0000       46.0000  1613295   86.97%
   1389   660      148.0636   171      353.0000       46.0000  1613617   86.97%
   1404   667      168.0000   150      353.0000       46.0000  1614020   86.97%
   1422   675       48.1091   281      353.0000       46.0000  1621251   86.97%
Elapsed time = 2968.34 sec. (4827851.85 ticks, tree = 90.92 MB, solutions = 3)
   1433   680       49.0000   300      353.0000       46.0000  1622149   86.97%
   1439   683       49.0000   266      353.0000       46.0000  1628334   86.97%
   1440   684       49.0000   289      353.0000       46.0000  1634727   86.97%
   1443   685       49.0000   252      353.0000       46.0000  1641608   86.97%
   1444   685       49.0000   237      353.0000       46.0000  1644969   86.97%
   1449   688       49.0000   256      353.0000       46.0000  1645607   86.97%
   1453   691       49.0000   274      353.0000       46.0000  1653107   86.97%
   1456   694       49.0000   254      353.0000       46.0000  1656577   86.97%
   1457   695       49.0000   268      353.0000       46.0000  1660285   86.97%
   1466   699       98.0000   282      353.0000       46.0000  1665015   86.97%
Elapsed time = 3021.90 sec. (4916211.58 ticks, tree = 93.95 MB, solutions = 3)
   1469   699       50.6000   289      353.0000       46.0000  1669865   86.97%
   1470   700       49.0000   238      353.0000       46.0000  1674401   86.97%
   1472   702       49.0000   256      353.0000       46.0000  1677085   86.97%
   1473   702       49.0000   276      353.0000       46.0000  1679842   86.97%
   1478   705       49.0000   233      353.0000       46.0000  1683055   86.97%
   1480   706       49.0000   255      353.0000       46.0000  1685834   86.97%
   1482   705       50.2364   230      353.0000       46.0000  1691165   86.97%
   1486   705       51.0000   235      353.0000       46.0000  1694322   86.97%
   1490   707       51.0000   278      353.0000       46.0000  1695695   86.97%
   1493   708       51.0000   249      353.0000       46.0000  1698503   86.97%
Elapsed time = 3057.00 sec. (4975064.71 ticks, tree = 95.15 MB, solutions = 3)
   1495   708       51.5273   227      353.0000       46.0000  1701602   86.97%
   1498   711       51.0000   223      353.0000       46.0000  1705544   86.97%
   1507   712       58.0000   229      353.0000       46.0000  1708450   86.97%
   1513   713       60.0545   236      353.0000       46.0000  1710955   86.97%
   1526   720       61.0000   238      353.0000       46.0000  1711743   86.97%
   1539   723       61.0000   203      353.0000       46.0000  1712862   86.97%
   1547   724       68.0000   162      353.0000       46.0000  1713017   86.97%
   1575   737       71.0000   152      353.0000       46.0000  1713317   86.97%
   1598   744      102.0000   128      353.0000       46.0000  1713636   86.97%
   1622   763       48.1091   277      353.0000       46.0000  1723670   86.97%
Elapsed time = 3092.47 sec. (5028025.42 ticks, tree = 102.93 MB, solutions = 3)
   1627   768       49.0000   272      353.0000       46.0000  1731630   86.97%
   1631   772       49.0000   325      353.0000       46.0000  1732699   86.97%
   1633   774       49.0000   277      353.0000       46.0000  1734097   86.97%
   1636   777       49.0000   281      353.0000       46.0000  1736629   86.97%
   1638   779       49.0000   252      353.0000       46.0000  1745334   86.97%
   1644   785       49.0000   307      353.0000       46.0000  1745973   86.97%
   1651   792       49.0000   250      353.0000       46.0000  1750370   86.97%
   1653   794       49.0000   279      353.0000       46.0000  1756027   86.97%
   1663   804       49.0000   279      353.0000       46.0000  1757139   86.97%
   1667   807       49.0000   266      353.0000       46.0000  1758504   86.97%
Elapsed time = 3141.35 sec. (5109294.56 ticks, tree = 108.62 MB, solutions = 3)
   1675   815       49.0000   227      353.0000       46.0000  1761948   86.97%
   1678   818       49.0000   245      353.0000       46.0000  1764658   86.97%
   1687   826       57.0000   187      353.0000       46.0000  1765669   86.97%
   1702   840       57.0000   202      353.0000       46.0000  1765919   86.97%
   1717   850       66.0000   216      353.0000       46.0000  1766790   86.97%
   1720   852       66.0000   223      353.0000       46.0000  1766874   86.97%
   1737   863       84.2727   136      353.0000       46.0000  1767235   86.97%
   1761   879      112.0000    84      353.0000       46.0000  1767556   86.97%
   1810   913      142.0000    61      353.0000       46.0000  1768015   86.97%
   1822   919       48.1091   266      353.0000       46.0000  1781316   86.97%
Elapsed time = 3209.75 sec. (5212562.55 ticks, tree = 124.12 MB, solutions = 3)
   1830   926       51.0000   388      353.0000       46.0000  1781813   86.97%
   1839   935       51.0000   325      353.0000       46.0000  1781996   86.97%
   1844   940       51.0000   377      353.0000       46.0000  1782587   86.97%
   1853   949       51.0000   333      353.0000       46.0000  1782663   86.97%
   1862   958       51.0000   343      353.0000       46.0000  1782882   86.97%
   1868   964       51.0000   298      353.0000       46.0000  1783597   86.97%
   1870   966       51.0000   270      353.0000       46.0000  1789508   86.97%
   1880   973       57.0000   276      353.0000       46.0000  1789762   86.97%
   1881   974       57.0000   311      353.0000       46.0000  1808036   86.97%
   1885   978       57.0000   296      353.0000       46.0000  1826485   86.97%
Elapsed time = 3265.61 sec. (5300895.46 ticks, tree = 131.78 MB, solutions = 3)
   1894   987       98.0000   218      353.0000       46.0000  1826804   86.97%
   1902   995       98.0000   255      353.0000       46.0000  1826922   86.97%
   1906   999      114.0000   379      353.0000       46.0000  1839424   86.97%
   1909  1002      114.0000   259      353.0000       46.0000  1839776   86.97%
   1913  1006      114.0000   263      353.0000       46.0000  1840510   86.97%
   1922  1015      114.0000   285      353.0000       46.0000  1840741   86.97%
   1932  1025      114.0000   322      353.0000       46.0000  1840960   86.97%
   1943  1036      114.0000   278      353.0000       46.0000  1841122   86.97%
   1954  1047      114.0000   314      353.0000       46.0000  1841463   86.97%
   1956  1048      114.0000   250      353.0000       46.0000  1847978   86.97%
Elapsed time = 3302.74 sec. (5354857.12 ticks, tree = 141.29 MB, solutions = 3)
   1964  1055      114.0000   216      353.0000       46.0000  1848513   86.97%
   1976  1066      144.0364   180      353.0000       46.0000  1854095   86.97%
   1988  1076      146.0000   130      353.0000       46.0000  1854526   86.97%
*  2020+ 1097                          335.0000       46.0000            86.27%
   2022  1101       46.0000   272      335.0000       46.0000  1864382   86.27%
   2025  1104       46.0000   324      335.0000       46.0000  1873923   86.27%
   2026  1105       46.0000   283      335.0000       46.0000  1880415   86.27%
   2029  1107       46.0000   284      335.0000       46.0000  1881409   86.27%
   2030  1108       46.0000   265      335.0000       46.0000  1885886   86.27%
   2034  1112       46.0000   310      335.0000       46.0000  1891875   86.27%
   2038  1116       46.0000   291      335.0000       46.0000  1896658   86.27%
Elapsed time = 3420.21 sec. (5566899.42 ticks, tree = 150.36 MB, solutions = 4)
   2040  1117       46.5026   398      335.0000       46.0000  1910672   86.27%
   2042  1119       47.0000   374      335.0000       46.0000  1929274   86.27%
   2043  1120       47.0000   330      335.0000       46.0000  1936308   86.27%
   2044  1121       47.0000   356      335.0000       46.0000  1952239   86.27%
   2045  1122       47.0000   325      335.0000       46.0000  1955116   86.27%
   2046  1123       47.0000   311      335.0000       46.0000  1956812   86.27%
   2047  1124       47.0000   386      335.0000       46.0000  1967050   86.27%
   2048  1124       47.0768   317      335.0000       46.0000  1990294   86.27%
   2052  1128       48.0000   432      335.0000       46.0000  1991287   86.27%
   2056  1132       48.0000   380      335.0000       46.0000  1991612   86.27%
Elapsed time = 3550.63 sec. (5808212.31 ticks, tree = 152.43 MB, solutions = 4)
   2058  1134       48.0000   332      335.0000       46.0000  2005606   86.27%
   2061  1137       48.0000   345      335.0000       46.0000  2013325   86.27%
   2062  1138       48.0000   315      335.0000       46.0000  2022929   86.27%

Clique cuts applied:  6
Cover cuts applied:  7
Mixed integer rounding cuts applied:  35
Zero-half cuts applied:  35
Gomory fractional cuts applied:  2

Root node processing (before b&c):
  Real time             =  485.92 sec. (825240.97 ticks)
Sequential b&c:
  Real time             = 3114.09 sec. (5071766.49 ticks)
                          ------------
Total (root+branch&cut) = 3600.01 sec. (5897007.46 ticks)

Solution pool: 4 solutions saved.

MIP - Time limit exceeded, integer feasible:  Objective =  3.3500000000e+02
Current MIP best bound =  4.6000000000e+01 (gap = 289, 86.27%)
Solution time = 3600.01 sec.  Iterations = 2028209  Nodes = 2063 (1138)
Deterministic time = 5897007.81 ticks  (1638.05 ticks/sec)

CPLEX> Incumbent solution
Variable Name           Solution Value
y                           335.000000
x21                           1.000000
x5817                         1.000000
x11607                        1.000000
x17389                        1.000000
x23148                        1.000000
x28919                        1.000000
x34706                        1.000000
x40507                        1.000000
x46264                        1.000000
x52058                        1.000000
x57798                        1.000000
x63598                        1.000000
x69371                        1.000000
x75118                        1.000000
x80922                        1.000000
x86713                        1.000000
x92432                        1.000000
x98241                        1.000000
x104021                       1.000000
x109759                       1.000000
x115543                       1.000000
x1521                         1.000000
x9197                         1.000000
x14669                        1.000000
x19457                        1.000000
x25385                        1.000000
x31769                        1.000000
x37165                        1.000000
x44461                        1.000000
x50389                        1.000000
x52821                        1.000000
x62625                        1.000000
x64221                        1.000000
x74253                        1.000000
x77293                        1.000000
x85577                        1.000000
x86717                        1.000000
x97205                        1.000000
x99941                        1.000000
x104501                       1.000000
x110809                       1.000000
x117193                       1.000000
x92114                        1.000000
x95383                        1.000000
x97816                        1.000000
x85201                        1.000000
x97514                        1.000000
x107927                       1.000000
x104432                       1.000000
x26381                        1.000000
x68182                        1.000000
x93415                        1.000000
x53212                        1.000000
x96305                        1.000000
x97750                        1.000000
x53901                        1.000000
x15674                        1.000000
x8835                         1.000000
x93348                        1.000000
x56490                        1.000000
x101864                       1.000000
x83625                        1.000000
x57710                        1.000000
x95787                        1.000000
x12872                        1.000000
x22373                        1.000000
x25491                        1.000000
x23744                        1.000000
x92829                        1.000000
x37274                        1.000000
x38415                        1.000000
x95948                        1.000000
x81205                        1.000000
x93216                        1.000000
x14786                        1.000000
x13647                        1.000000
x92689                        1.000000
x10078                        1.000000
x93907                        1.000000
x21936                        1.000000
x92619                        1.000000
x94444                        1.000000
x46110                        1.000000
x7201                         1.000000
x57288                        1.000000
x82751                        1.000000
x94912                        1.000000
x60637                        1.000000
x73786                        1.000000
x20967                        1.000000
x96284                        1.000000
x95145                        1.000000
x57602                        1.000000
x97655                        1.000000
x93628                        1.000000
x53656                        1.000000
u2                           54.000000
u3                           21.000000
u4                            6.000000
u5                            1.000000
u6                           24.000000
u7                            3.000000
u8                           54.000000
u9                            1.000000
u10                          54.000000
u11                          19.000000
u12                           8.000000
u13                          10.000000
u14                          18.000000
u15                           1.000000
u17                           7.000000
u18                           2.000000
u19                           1.000000
u20                          11.000000
u22                           3.000000
u24                           2.000000
u25                           3.000000
u26                           6.000000
u27                           8.000000
u28                           3.000000
u29                           6.000000
u31                           3.000000
u32                           2.000000
u33                          25.000000
u34                           5.000000
u35                           2.000000
u36                          13.000000
u37                           2.000000
u40                          20.000000
u42                           5.000000
u43                           4.000000
u45                           7.000000
u46                           3.000000
u47                          12.000000
u48                           1.000000
u51                          22.000000
u52                           9.000000
u54                           1.000000
u55                           1.000000
u57                           2.000000
u60                           2.000000
u63                          54.000000
u64                          26.000000
u65                          54.000000
u66                           1.000000
u67                           5.000000
u68                          23.000000
u69                          14.000000
u70                           1.000000
u71                          15.000000
u72                           1.000000
u76                           4.000000
All other variables in the range 1-119776 are 0.
CPLEX> 