
Welcome to IBM(R) ILOG(R) CPLEX(R) Interactive Optimizer 12.7.1.0
  with Simplex, Mixed Integer & Barrier Optimizers
5725-A06 5725-A29 5724-Y48 5724-Y49 5724-Y54 5724-Y55 5655-Y21
Copyright IBM Corp. 1988, 2017.  All Rights Reserved.

Type 'help' for a list of available commands.
Type 'help' followed by a command name for more
information on commands.

CPLEX> New value for default parallel thread count: 1
CPLEX> New value for time limit in seconds: 3600
CPLEX> Problem 'eil76_m28.lp' read.
Read time = 0.19 sec. (17.58 ticks)
CPLEX> CPXPARAM_TimeLimit                               3600
CPXPARAM_Threads                                 1
CPXPARAM_Read_APIEncoding                        "UTF-8"
Tried aggregator 1 time.
MIP Presolve modified 163800 coefficients.
Reduced MIP has 7884 rows, 159676 columns, and 956464 nonzeros.
Reduced MIP has 159600 binaries, 75 generals, 0 SOSs, and 0 indicators.
Presolve time = 0.59 sec. (717.34 ticks)
Tried aggregator 1 time.
Reduced MIP has 7884 rows, 159676 columns, and 956464 nonzeros.
Reduced MIP has 159600 binaries, 76 generals, 0 SOSs, and 0 indicators.
Presolve time = 0.61 sec. (503.80 ticks)
Probing time = 0.17 sec. (76.73 ticks)
Clique table members: 314589.
MIP emphasis: balance optimality and feasibility.
MIP search method: dynamic search.
Parallel mode: none, using 1 thread.
Root relaxation solution time = 39.93 sec. (64108.93 ticks)

        Nodes                                         Cuts/
   Node  Left     Objective  IInf  Best Integer    Best Bound    ItCnt     Gap

      0     0       43.5871   270                     43.5871    41682         
      0     0       44.7872   333                    Cuts: 66    70408         
      0     0       45.0000   464                   Cuts: 125   105915         
      0     0       45.0000   554                   Cuts: 142   134548         
      0     0       45.0000   361                    Cuts: 30   150544         
      0     0       45.0000   437                   Cuts: 165   176364         
Heuristic still looking.
Heuristic still looking.
Heuristic still looking.
      0     2       45.0000   264                     45.0000   176364         
Elapsed time = 594.12 sec. (943811.91 ticks, tree = 0.01 MB, solutions = 0)
      1     3       45.0000   344                     45.0000   193264         
      2     4       45.0000   327                     45.0000   207783         
      3     5       45.0000   328                     45.0000   231967         
      4     6       45.0000   319                     45.0000   232768         
      5     7       54.2083   229                     45.0000   233332         
      6     8       45.0000   304                     45.0000   233425         
      7     9       45.0714   290                     45.0000   235299         
      8    10       45.0200   317                     45.0000   236288         
      9    11       45.0714   338                     45.0000   236673         
     10    12       51.4583   233                     45.0000   236784         
Elapsed time = 734.85 sec. (1200509.73 ticks, tree = 8.60 MB, solutions = 0)
     11    13       45.3127   336                     45.0000   237391         
     12    14       52.0000   248                     45.0000   237635         
     13    15       45.4575   301                     45.0000   238466         
     14    16       45.3646   319                     45.0000   239508         
     15    17       45.3646   323                     45.0000   239812         
     16    18       47.9375   303                     45.0000   240060         
     17    19       45.3988   323                     45.0000   240407         
     18    20       52.0000   253                     45.0000   240561         
     19    21       45.5036   383                     45.0000   240921         
     20    22       47.0000   440                     45.0000   251288         
Elapsed time = 810.09 sec. (1345293.55 ticks, tree = 19.61 MB, solutions = 0)
     21    23       45.5747   530                     45.0000   252563         
     22    24       49.0000   301                     45.0000   252757         
     23    25       45.6410   498                     45.0000   253518         
     25    27       45.6410   536                     45.0000   253913         
     26    28       45.7401   466                     45.0000   255485         
     28    30       45.6843   553                     45.0000   256275         
     29    31       45.8580   598                     45.0000   256987         
     30    32       46.0000   320                     45.0000   273384         
     31    33       46.0000   327                     45.0000   274965         
     32    34       46.0000   456                     45.0000   294573         
Elapsed time = 917.77 sec. (1541957.45 ticks, tree = 23.80 MB, solutions = 0)
     33    35       46.0000   485                     45.0000   324481         
     34    36       46.0000   403                     45.0000   348643         
     35    37       46.0000   518                     45.0000   383334         
     36    38       46.0000   328                     45.0000   408268         
     37    39       46.0000   321                     45.0000   434504         
     38    40       46.0000   351                     45.0000   461936         
     40    40       46.0533   449                     45.0000   490491         
     45    43       48.0417   424                     45.0000   491405         
     47    45       46.2119   399                     45.0000   491829         
     48    46       46.2853   438                     45.0000   492188         
Elapsed time = 1235.18 sec. (2065893.30 ticks, tree = 25.47 MB, solutions = 0)
     50    48       46.3075   504                     45.0000   492590         
     51    49       50.0833   364                     45.0000   501046         
     53    51       46.4926   374                     45.0000   501778         
     55    53       56.0417   385                     45.0000   513059         
     58    56       47.0937   350                     45.0000   513853         
     60    58       46.7405   332                     45.0000   514178         
     70    66       92.0000   205                     45.0000   514613         
     90    79      117.3125   196                     45.0000   514874         
    104    89      133.3750   193                     45.0000   515280         
    127   106      179.5417   134                     45.0000   515675         
Elapsed time = 1266.98 sec. (2118342.66 ticks, tree = 34.76 MB, solutions = 0)
    148   120      201.5625   177                     45.0000   516029         
    170   135      267.5833   107                     45.0000   516354         
    193   153      286.0000   109                     45.0000   516638         
    214   174      286.0000    55                     45.0000   517122         
*   226   139      integral     0      286.0000       45.0000   517277   84.27%
    227   140       45.0000   333      286.0000       45.0000   547467   84.27%
    228   141       45.0000   350      286.0000       45.0000   567876   84.27%
    229   142       45.0000   331      286.0000       45.0000   581867   84.27%
    230   143       45.0000   311      286.0000       45.0000   606660   84.27%
    232   145       45.0000   340      286.0000       45.0000   607147   84.27%
    233   146       45.0745   290      286.0000       45.0000   619277   84.27%
Elapsed time = 1485.24 sec. (2478908.57 ticks, tree = 41.22 MB, solutions = 1)
    236   147       45.0000   375      286.0000       45.0000   619815   84.27%
    237   148       45.0038   610      286.0000       45.0000   632791   84.27%
    238   149       45.0000   343      286.0000       45.0000   633230   84.27%
    239   150       45.0000   568      286.0000       45.0000   639401   84.27%
    240   151       55.0938   506      286.0000       45.0000   665734   84.27%
    242   153       45.2493   645      286.0000       45.0000   675003   84.27%
    244   155       45.3133   488      286.0000       45.0000   675718   84.27%
    245   156       45.4303   472      286.0000       45.0000   676256   84.27%
    246   157       45.5236   508      286.0000       45.0000   677368   84.27%
    247   158       45.4834   500      286.0000       45.0000   678789   84.27%
Elapsed time = 1576.91 sec. (2632135.15 ticks, tree = 42.88 MB, solutions = 1)
    248   159       52.0000   396      286.0000       45.0000   694700   84.27%
    249   160       45.5525   594      286.0000       45.0000   695735   84.27%
    250   161       45.5824   512      286.0000       45.0000   696265   84.27%
    252   163       73.0938   511      286.0000       45.0000   731978   84.27%
    254   165       54.2083   392      286.0000       45.0000   753563   84.27%
    256   167       45.8400   633      286.0000       45.0000   754164   84.27%
    258   169       64.4583   495      286.0000       45.0000   774459   84.27%
    260   171       45.9344   584      286.0000       45.0000   774960   84.27%
    262   173       46.0359   397      286.0000       45.0000   816633   84.27%
    263   174       46.0637   591      286.0000       45.0000   816967   84.27%
Elapsed time = 1777.23 sec. (2949713.84 ticks, tree = 45.30 MB, solutions = 1)
    266   177       46.1046   553      286.0000       45.0000   817510   84.27%
    267   178       46.1776   535      286.0000       45.0000   819006   84.27%
    269   180       47.0313   281      286.0000       45.0000   827526   84.27%
    271   182       48.1250   357      286.0000       45.0000   827769   84.27%
    274   184       69.1875   237      286.0000       45.0000   828148   84.27%
    287   193      109.2500   208      286.0000       45.0000   828472   84.27%
    300   204      140.1875   226      286.0000       45.0000   828776   84.27%
    309   213      140.1875   220      286.0000       45.0000   829171   84.27%
    319   221      155.9167   234      286.0000       45.0000   829526   84.27%
    320   222      163.1146   209      286.0000       45.0000   829578   84.27%
Elapsed time = 1799.68 sec. (2986305.61 ticks, tree = 52.83 MB, solutions = 1)
    337   237      180.1250   187      286.0000       45.0000   829920   84.27%
    340   239      183.1354   185      286.0000       45.0000   829963   84.27%
    358   252      223.1771   171      286.0000       45.0000   830323   84.27%
    360   253      242.5625   136      286.0000       45.0000   830352   84.27%
    376   263       45.0000   713      286.0000       45.0000   888402   84.27%
    377   264       45.0256   304      286.0000       45.0000   897917   84.27%
    378   265       45.3192   322      286.0000       45.0000   898303   84.27%
    380   267       45.3401   530      286.0000       45.0000   899163   84.27%
    381   268       45.3600   407      286.0000       45.0000   900194   84.27%
    384   271       45.8631   577      286.0000       45.0000   902200   84.27%
Elapsed time = 1961.37 sec. (3254951.46 ticks, tree = 60.53 MB, solutions = 1)
    386   273       46.0413   590      286.0000       45.0000   904111   84.27%
    389   276       46.1370   618      286.0000       45.0000   906001   84.27%
    393   280       46.2279   632      286.0000       45.0000   907356   84.27%
    397   284       46.9303   711      286.0000       45.0000   909505   84.27%
    400   287       47.2490   618      286.0000       45.0000   910864   84.27%
    402   289       45.0000   292      286.0000       45.0000   911613   84.27%
    404   291       45.0000   318      286.0000       45.0000   931593   84.27%
    406   293       45.0000   297      286.0000       45.0000   944733   84.27%
    407   294       45.0646   428      286.0000       45.0000   976460   84.27%
    410   297       45.2403   390      286.0000       45.0000   978528   84.27%
Elapsed time = 2248.81 sec. (3720489.76 ticks, tree = 64.46 MB, solutions = 1)
    413   300       45.2949   380      286.0000       45.0000   979677   84.27%
    415   302       45.3931   548      286.0000       45.0000   981181   84.27%
    416   303       45.4070   587      286.0000       45.0000   982253   84.27%
    418   305       45.4605   527      286.0000       45.0000   984249   84.27%
    420   307       46.2372   474      286.0000       45.0000   985899   84.27%
    423   310       46.6347   370      286.0000       45.0000   987737   84.27%
    426   313       46.6794   380      286.0000       45.0000   990004   84.27%
    428   315       47.0012   520      286.0000       45.0000   991286   84.27%
    430   317       47.0676   429      286.0000       45.0000   992423   84.27%
    432   319       47.1369   472      286.0000       45.0000   993949   84.27%
Elapsed time = 2279.63 sec. (3773407.55 ticks, tree = 67.78 MB, solutions = 1)
    435   322       47.2671   502      286.0000       45.0000   995942   84.27%
    436   323       47.3513   474      286.0000       45.0000   997083   84.27%
    438   325       47.4139   517      286.0000       45.0000   998801   84.27%
    440   327       47.4809   494      286.0000       45.0000  1000162   84.27%
    444   331       47.5848   556      286.0000       45.0000  1001432   84.27%
    447   334       47.7091   445      286.0000       45.0000  1003122   84.27%
    450   337       47.7480   432      286.0000       45.0000  1004511   84.27%
    456   343       47.8174   407      286.0000       45.0000  1005598   84.27%
    459   346       47.9376   518      286.0000       45.0000  1006863   84.27%
    461   348       48.0288   411      286.0000       45.0000  1007963   84.27%
Elapsed time = 2308.92 sec. (3823320.09 ticks, tree = 72.15 MB, solutions = 1)
    464   351       48.1635   548      286.0000       45.0000  1009593   84.27%
*   465+  343                          265.0000       45.0000            83.02%
    465   345       45.0000   355      265.0000       45.0000  1021816   83.02%
    466   346       52.0000   431      265.0000       45.0000  1044834   83.02%
    469   349       45.0000   394      265.0000       45.0000  1064387   83.02%
    471   351       45.0000   349      265.0000       45.0000  1074483   83.02%
    472   352       45.0000   551      265.0000       45.0000  1098591   83.02%
    473   353       45.0823   295      265.0000       45.0000  1107499   83.02%
    477   357       45.2119   486      265.0000       45.0000  1108687   83.02%
    478   358       45.4331   290      265.0000       45.0000  1110387   83.02%
    479   359       45.6552   343      265.0000       45.0000  1112734   83.02%
Elapsed time = 2730.38 sec. (4475015.30 ticks, tree = 73.76 MB, solutions = 2)
    480   360       45.7130   471      265.0000       45.0000  1114259   83.02%
    483   363       45.7433   629      265.0000       45.0000  1115608   83.02%
    486   366       45.7958   578      265.0000       45.0000  1116837   83.02%
    489   369       45.8761   470      265.0000       45.0000  1118273   83.02%
    493   373       45.9723   430      265.0000       45.0000  1120108   83.02%
    494   374       45.9736   477      265.0000       45.0000  1121498   83.02%
    496   376       46.1549   411      265.0000       45.0000  1123869   83.02%
    501   381       46.1850   471      265.0000       45.0000  1126105   83.02%
    504   384       46.2141   413      265.0000       45.0000  1127512   83.02%
    507   387       46.2562   530      265.0000       45.0000  1128678   83.02%
Elapsed time = 2767.15 sec. (4537752.72 ticks, tree = 77.99 MB, solutions = 2)
    512   392       46.4765   501      265.0000       45.0000  1131608   83.02%
    514   394       46.5653   501      265.0000       45.0000  1134293   83.02%
    515   395       46.6609   543      265.0000       45.0000  1135492   83.02%
    518   398       46.7247   560      265.0000       45.0000  1137072   83.02%
    520   400       46.7832   525      265.0000       45.0000  1139502   83.02%
    523   403       46.8040   623      265.0000       45.0000  1140605   83.02%
    526   406       47.1319   505      265.0000       45.0000  1142503   83.02%
    533   413       47.1731   563      265.0000       45.0000  1143602   83.02%
    536   416       47.5192   529      265.0000       45.0000  1144789   83.02%
    540   420       47.5591   460      265.0000       45.0000  1146331   83.02%
Elapsed time = 2799.93 sec. (4594955.89 ticks, tree = 82.99 MB, solutions = 2)
    542   422       47.5659   434      265.0000       45.0000  1149681   83.02%
    545   425       47.6379   488      265.0000       45.0000  1150889   83.02%
    548   428       47.7030   479      265.0000       45.0000  1152642   83.02%
    553   433       47.7647   456      265.0000       45.0000  1154302   83.02%
    557   437       47.8596   459      265.0000       45.0000  1155478   83.02%
    559   439       47.8855   457      265.0000       45.0000  1156822   83.02%
    564   444       48.0039   476      265.0000       45.0000  1159915   83.02%
    565   445       48.0396   478      265.0000       45.0000  1161404   83.02%
    569   449       48.0991   462      265.0000       45.0000  1162950   83.02%
    572   452       48.1453   453      265.0000       45.0000  1164156   83.02%
Elapsed time = 2832.98 sec. (4652272.71 ticks, tree = 87.83 MB, solutions = 2)

Clique cuts applied:  9
Cover cuts applied:  4
Implied bound cuts applied:  3
Mixed integer rounding cuts applied:  36
Zero-half cuts applied:  67
Gomory fractional cuts applied:  2

Root node processing (before b&c):
  Real time             =  563.85 sec. (920932.59 ticks)
Sequential b&c:
  Real time             = 3036.20 sec. (4950981.31 ticks)
                          ------------
Total (root+branch&cut) = 3600.06 sec. (5871913.90 ticks)

Solution pool: 2 solutions saved.

MIP - Time limit exceeded, integer feasible:  Objective =  2.6500000000e+02
Current MIP best bound =  4.5000000000e+01 (gap = 220, 83.02%)
Solution time = 3600.06 sec.  Iterations = 1316731  Nodes = 575 (455)
Deterministic time = 5871914.35 ticks  (1631.06 ticks/sec)

CPLEX> Incumbent solution
Variable Name           Solution Value
y                           265.000000
x51                           1.000000
x5838                         1.000000
x11616                        1.000000
x17391                        1.000000
x23147                        1.000000
x28885                        1.000000
x34688                        1.000000
x40460                        1.000000
x46241                        1.000000
x51996                        1.000000
x57782                        1.000000
x63576                        1.000000
x69348                        1.000000
x75144                        1.000000
x80867                        1.000000
x86688                        1.000000
x92425                        1.000000
x98233                        1.000000
x104015                       1.000000
x109764                       1.000000
x115550                       1.000000
x121298                       1.000000
x127111                       1.000000
x132921                       1.000000
x138639                       1.000000
x144474                       1.000000
x150213                       1.000000
x155994                       1.000000
x1141                         1.000000
x10413                        1.000000
x16341                        1.000000
x22041                        1.000000
x26297                        1.000000
x33745                        1.000000
x37013                        1.000000
x42485                        1.000000
x48641                        1.000000
x52821                        1.000000
x59357                        1.000000
x66805                        1.000000
x73797                        1.000000
x79269                        1.000000
x81017                        1.000000
x90213                        1.000000
x93025                        1.000000
x101233                       1.000000
x105489                       1.000000
x111189                       1.000000
x117725                       1.000000
x121373                       1.000000
x132469                       1.000000
x136573                       1.000000
x139689                       1.000000
x148961                       1.000000
x151925                       1.000000
x160361                       1.000000
x5628                         1.000000
x5022                         1.000000
x2591                         1.000000
x920                          1.000000
x2822                         1.000000
x4343                         1.000000
x3357                         1.000000
x774                          1.000000
x1232                         1.000000
x397                          1.000000
x136970                       1.000000
x149967                       1.000000
x107485                       1.000000
x138343                       1.000000
x153848                       1.000000
x134165                       1.000000
x5726                         1.000000
x3903                         1.000000
x2005                         1.000000
x129991                       1.000000
x3454                         1.000000
x3987                         1.000000
x570                          1.000000
x66544                        1.000000
x273                          1.000000
x502                          1.000000
x155469                       1.000000
x134722                       1.000000
x2560                         1.000000
x1041                         1.000000
x145822                       1.000000
x134575                       1.000000
x148485                       1.000000
x742                          1.000000
x159127                       1.000000
x74692                        1.000000
x148717                       1.000000
x33885                        1.000000
x29250                        1.000000
x2195                         1.000000
x3868                         1.000000
x72041                        1.000000
x152982                       1.000000
x74551                        1.000000
x129424                       1.000000
x1975                         1.000000
x5168                         1.000000
u4                            5.000000
u6                           45.000000
u7                           17.000000
u8                            8.000000
u10                          10.000000
u11                          12.000000
u13                           7.000000
u14                          13.000000
u16                          47.000000
u17                          46.000000
u18                           3.000000
u19                           1.000000
u21                          47.000000
u23                           1.000000
u24                           3.000000
u25                           4.000000
u26                           3.000000
u27                          42.000000
u29                          43.000000
u31                           1.000000
u34                          19.000000
u35                          16.000000
u38                           9.000000
u44                           1.000000
u45                           6.000000
u46                          18.000000
u49                           2.000000
u50                          47.000000
u52                          20.000000
u53                          15.000000
u54                          45.000000
u55                           2.000000
u57                          46.000000
u58                          11.000000
u59                           1.000000
u60                           3.000000
u61                          47.000000
u65                           2.000000
u66                           1.000000
u67                          44.000000
u68                           1.000000
u69                           1.000000
u70                           1.000000
u71                           2.000000
u72                           2.000000
u75                           4.000000
u76                           2.000000
All other variables in the range 1-159676 are 0.
CPLEX> 