
Welcome to IBM(R) ILOG(R) CPLEX(R) Interactive Optimizer 12.7.1.0
  with Simplex, Mixed Integer & Barrier Optimizers
5725-A06 5725-A29 5724-Y48 5724-Y49 5724-Y54 5724-Y55 5655-Y21
Copyright IBM Corp. 1988, 2017.  All Rights Reserved.

Type 'help' for a list of available commands.
Type 'help' followed by a command name for more
information on commands.

CPLEX> New value for default parallel thread count: 1
CPLEX> New value for time limit in seconds: 3600
CPLEX> Problem 'eil76_m18.lp' read.
Read time = 0.11 sec. (11.45 ticks)
CPLEX> CPXPARAM_TimeLimit                               3600
CPXPARAM_Threads                                 1
CPXPARAM_Read_APIEncoding                        "UTF-8"
Tried aggregator 1 time.
MIP Presolve modified 105300 coefficients.
Reduced MIP has 7104 rows, 102676 columns, and 618834 nonzeros.
Reduced MIP has 102600 binaries, 75 generals, 0 SOSs, and 0 indicators.
Presolve time = 0.33 sec. (453.81 ticks)
Tried aggregator 1 time.
Reduced MIP has 7104 rows, 102676 columns, and 618834 nonzeros.
Reduced MIP has 102600 binaries, 76 generals, 0 SOSs, and 0 indicators.
Presolve time = 0.37 sec. (322.44 ticks)
Probing time = 0.10 sec. (50.18 ticks)
Clique table members: 204165.
MIP emphasis: balance optimality and feasibility.
MIP search method: dynamic search.
Parallel mode: none, using 1 thread.
Root relaxation solution time = 14.36 sec. (24720.42 ticks)

        Nodes                                         Cuts/
   Node  Left     Objective  IInf  Best Integer    Best Bound    ItCnt     Gap

      0     0       45.6188   296                     45.6188    23430         
      0     0       47.5019   233                    Cuts: 77    38069         
      0     0       48.0000   379                   Cuts: 113    65786         
      0     0       48.0000   430                   Cuts: 112    82405         
      0     0       48.0000   325                    Cuts: 15    92994         
      0     0       48.0000   372                   Cuts: 136   112642         
Heuristic still looking.
      0     2       48.0000   226                     48.0000   112642         
Elapsed time = 241.14 sec. (395901.66 ticks, tree = 0.01 MB, solutions = 0)
      1     3       48.0000   283                     48.0000   114203         
      2     4       48.0000   297                     48.0000   114520         
      3     5       48.0426   222                     48.0000   118381         
      4     6       48.0000   266                     48.0000   125770         
      5     7       48.0000   280                     48.0000   125935         
      6     8       48.0000   312                     48.0000   126661         
      7     9       48.0000   295                     48.0000   127018         
      8    10       48.0000   281                     48.0000   136718         
      9    11       48.0000   274                     48.0000   141523         
     11    13       48.0000   272                     48.0000   149020         
Elapsed time = 281.00 sec. (473204.38 ticks, tree = 1.31 MB, solutions = 0)
     12    14       48.0000   254                     48.0000   153826         
     14    16       48.0000   286                     48.0000   154373         
     17    19       48.0000   257                     48.0000   155160         
     18    20       48.0000   288                     48.0000   167350         
     19    21       48.0000   267                     48.0000   168217         
     20    22       48.0000   266                     48.0000   169392         
     21    23       48.0000   270                     48.0000   172141         
     22    24       48.0000   265                     48.0000   175006         
     23    25       48.0000   255                     48.0000   175045         
     25    27       48.0000   260                     48.0000   175683         
Elapsed time = 322.84 sec. (552639.41 ticks, tree = 3.02 MB, solutions = 0)
     26    28       48.0000   277                     48.0000   176913         
     27    29       48.1670   234                     48.0000   184470         
     28    30       48.0231   259                     48.0000   187843         
     29    31       48.0000   239                     48.0000   188420         
     30    32       48.0000   227                     48.0000   189745         
     31    33       48.0000   247                     48.0000   191115         
     33    35       48.0000   244                     48.0000   192415         
     34    36       48.0880   276                     48.0000   197361         
     35    37       48.0000   249                     48.0000   214749         
     36    38       48.0000   251                     48.0000   216204         
Elapsed time = 364.42 sec. (629634.14 ticks, tree = 4.24 MB, solutions = 0)
     37    39       48.1288   249                     48.0000   222969         
     38    40       48.0300   280                     48.0000   230482         
     39    41       48.2197   216                     48.0000   235728         
     43    45       48.4704   252                     48.0000   236346         
     46    48       48.4035   297                     48.0000   237130         
     49    51       52.0345   378                     48.0000   238583         
     53    55       70.1724   222                     48.0000   239290         
     55    57       64.2069   455                     48.0000   249612         
     57    59       48.5515   294                     48.0000   250889         
     60    62       48.5515   316                     48.0000   251277         
Elapsed time = 397.45 sec. (686417.85 ticks, tree = 7.19 MB, solutions = 0)
     64    66       48.5516   309                     48.0000   251986         
     67    69       48.6666   272                     48.0000   252572         
     70    72       49.1125   286                     48.0000   253577         
     72    74       48.7750   273                     48.0000   254173         
     75    77       48.7103   295                     48.0000   254901         
     77    78       62.8103   348                     48.0000   256210         
     79    79       60.1810   365                     48.0000   257670         
     82    80       60.1810   235                     48.0000   268465         
     83    81       60.1810   327                     48.0000   278930         
     84    82       60.1810   236                     48.0000   292245         
Elapsed time = 430.92 sec. (742767.11 ticks, tree = 9.79 MB, solutions = 0)
     85    83       60.1810   269                     48.0000   292891         
     86    84       60.1810   277                     48.0000   302767         
     87    85       60.1810   260                     48.0000   303636         
     89    87       62.0588   282                     48.0000   317364         
     90    88       60.1810   241                     48.0000   329865         
     92    90       60.1810   277                     48.0000   330481         
     94    92       60.1810   284                     48.0000   331352         
     97    95       60.3621   244                     48.0000   342575         
     98    96       60.3621   242                     48.0000   356282         
    100    98       61.5948   270                     48.0000   379407         
Elapsed time = 503.17 sec. (860498.75 ticks, tree = 11.77 MB, solutions = 0)
    102   100       60.3621   253                     48.0000   380104         
    103   101       60.3621   199                     48.0000   395131         
    104   102       60.3621   280                     48.0000   406835         
    105   103       60.3621   220                     48.0000   421132         
    106   104       60.3621   198                     48.0000   434067         
    107   105       60.3621   225                     48.0000   436063         
    108   106       60.3621   208                     48.0000   438154         
    109   107       60.3621   212                     48.0000   439271         
    110   108       60.3621   224                     48.0000   450245         
    112   110       60.3621   198                     48.0000   459354         
Elapsed time = 563.57 sec. (957853.43 ticks, tree = 13.26 MB, solutions = 0)
    113   111       60.3621   228                     48.0000   472105         
    115   111       60.3621   227                     48.0000   484164         
    117   113       62.2241   258                     48.0000   496378         
    119   115       60.3621   272                     48.0000   497978         
    120   116       60.3621   283                     48.0000   498289         
    121   117       60.3621   246                     48.0000   508157         
    122   118       60.3621   215                     48.0000   519853         
    123   119       61.6810   240                     48.0000   534129         
    124   120       60.3621   234                     48.0000   544014         
    126   121       74.2069   273                     48.0000   550832         
Elapsed time = 643.34 sec. (1081297.01 ticks, tree = 14.63 MB, solutions = 0)
    128   123       60.3621   270                     48.0000   551826         
    129   124       60.3621   224                     48.0000   560005         
    131   126       60.3621   194                     48.0000   572292         
    132   127       60.3621   245                     48.0000   573460         
    133   127       66.0000   228                     48.0000   585535         
    135   129       60.3621   280                     48.0000   587610         
    136   130       60.3621   224                     48.0000   595053         
    137   131       60.3621   240                     48.0000   609619         
    138   132       60.3621   226                     48.0000   617661         
    140   134       60.3621   207                     48.0000   624935         
Elapsed time = 691.14 sec. (1153820.23 ticks, tree = 16.14 MB, solutions = 0)
    141   135       60.3621   230                     48.0000   631100         
    144   138       80.3462   275                     48.0000   636870         
    146   140       61.7328   187                     48.0000   644394         
    160   148      121.1724   171                     48.0000   644836         
    191   169      265.9052   152                     48.0000   645485         
    220   191      289.0000    93                     48.0000   645970         
    258   225      289.0000    34                     48.0000   646403         
*   277   172      integral     0      289.0000       48.0000   646558   83.39%
    278   173       48.0047   277      289.0000       48.0000   647255   83.39%
    280   175       48.0047   271      289.0000       48.0000   647303   83.39%
    293   188       48.2498   288      289.0000       48.0000   649615   83.39%
Elapsed time = 710.24 sec. (1182555.53 ticks, tree = 22.93 MB, solutions = 1)
    304   199       48.3034   269      289.0000       48.0000   651571   83.39%
    313   208       56.2155   360      289.0000       48.0000   668527   83.39%
    319   214       53.3621   307      289.0000       48.0000   677598   83.39%
    322   217       53.3621   226      289.0000       48.0000   688214   83.39%
    324   219       53.3621   244      289.0000       48.0000   698726   83.39%
    326   221       53.3621   271      289.0000       48.0000   709082   83.39%
    329   224       53.3621   245      289.0000       48.0000   717153   83.39%
    330   225       53.3621   230      289.0000       48.0000   724968   83.39%
    334   227       53.3621   253      289.0000       48.0000   732015   83.39%
    337   230       53.3621   214      289.0000       48.0000   740156   83.39%
Elapsed time = 784.17 sec. (1309506.84 ticks, tree = 28.24 MB, solutions = 1)
    339   232       53.3621   223      289.0000       48.0000   746796   83.39%
    344   237       53.3621   222      289.0000       48.0000   755339   83.39%
    347   240       53.3621   217      289.0000       48.0000   761462   83.39%
    349   242       53.7069   211      289.0000       48.0000   768948   83.39%
    360   249       56.0000   245      289.0000       48.0000   770361   83.39%
    361   250       56.0000   210      289.0000       48.0000   775346   83.39%
    363   251       57.3103   223      289.0000       48.0000   783594   83.39%
    369   257       57.3103   237      289.0000       48.0000   787327   83.39%
    371   259       61.0000   222      289.0000       48.0000   792462   83.39%
    477   346      224.0000    57      289.0000       48.0000   794847   83.39%
Elapsed time = 828.35 sec. (1378152.23 ticks, tree = 43.00 MB, solutions = 1)
*   508   360      integral     0      277.0000       48.0000   795036   82.67%
    509   360       48.0000   271      277.0000       48.0000   800318   82.67%
    510   361       48.0000   245      277.0000       48.0000   805576   82.67%
    513   364       48.0000   250      277.0000       48.0000   807626   82.67%
    514   365       48.0000   234      277.0000       48.0000   812191   82.67%
    518   369       48.0209   243      277.0000       48.0000   816272   82.67%
    520   371       48.1515   469      277.0000       48.0000   816880   82.67%
    536   387       48.7646   304      277.0000       48.0000   819014   82.67%
    544   395       49.3684   365      277.0000       48.0000   821269   82.67%
    560   411       49.9721   473      277.0000       48.0000   822373   82.67%
    567   418       50.2777   442      277.0000       48.0000   824491   82.67%
Elapsed time = 878.46 sec. (1468243.57 ticks, tree = 51.98 MB, solutions = 2)
    580   431       50.6209   414      277.0000       48.0000   826723   82.67%
    595   446       50.8832   355      277.0000       48.0000   828741   82.67%
    600   451       50.9667   410      277.0000       48.0000   829609   82.67%
    602   453       50.1552   282      277.0000       48.0000   840467   82.67%
    605   456       50.1552   261      277.0000       48.0000   850992   82.67%
    607   458       50.1552   236      277.0000       48.0000   853679   82.67%
    608   459       50.1552   235      277.0000       48.0000   861601   82.67%
    614   465       50.1552   253      277.0000       48.0000   863600   82.67%
    616   467       50.1552   262      277.0000       48.0000   865592   82.67%
    617   468       50.1552   252      277.0000       48.0000   867734   82.67%
Elapsed time = 932.32 sec. (1562463.43 ticks, tree = 58.12 MB, solutions = 2)
    618   469       50.1552   225      277.0000       48.0000   875444   82.67%
    619   470       48.0000   271      277.0000       48.0000   876665   82.67%
    620   471       48.1672   248      277.0000       48.0000   879625   82.67%
    621   472       48.0000   214      277.0000       48.0000   946110   82.67%
    622   472       48.0000   265      277.0000       48.0000   953446   82.67%
    623   472       48.0000   232      277.0000       48.0000   954717   82.67%
    624   473       48.0000   288      277.0000       48.0000   956277   82.67%
    625   473       48.0000   259      277.0000       48.0000   963217   82.67%
    626   473       48.0000   287      277.0000       48.0000   963354   82.67%
    627   474       48.0000   324      277.0000       48.0000   967944   82.67%
Elapsed time = 1547.37 sec. (2522758.16 ticks, tree = 58.70 MB, solutions = 2)
    628   474       48.0000   334      277.0000       48.0000   968054   82.67%
    629   474       48.0000   293      277.0000       48.0000   968115   82.67%
    631   476       48.0000   285      277.0000       48.0000   968940   82.67%
    632   477       48.0000   243      277.0000       48.0000   971872   82.67%
    634   478       48.0000   247      277.0000       48.0000   972598   82.67%
    635   478       48.0000   237      277.0000       48.0000   976520   82.67%
    637   478       48.0000   232      277.0000       48.0000   979145   82.67%
    641   481       48.0000   272      277.0000       48.0000   979475   82.67%
    643   481       48.0000   280      277.0000       48.0000   980654   82.67%
    646   483       48.0000   246      277.0000       48.0000   983693   82.67%
Elapsed time = 1581.53 sec. (2584833.79 ticks, tree = 59.63 MB, solutions = 2)
    649   466       48.0000   251      277.0000       48.0000   985024   82.67%
    662   466       75.3017   189      277.0000       48.0000   985236   82.67%
    674   470       94.9655   252      277.0000       48.0000   985517   82.67%
    686   471       98.0000   229      277.0000       48.0000   985625   82.67%
    698   473      108.0000   234      277.0000       48.0000   985765   82.67%
    709   478      123.0000   218      277.0000       48.0000   985925   82.67%
    721   487      123.0000   222      277.0000       48.0000   986165   82.67%
    733   490      123.0000   225      277.0000       48.0000   986468   82.67%
    748   498      123.0000   204      277.0000       48.0000   986701   82.67%
    762   499      126.0000   173      277.0000       48.0000   986983   82.67%
Elapsed time = 1609.28 sec. (2625626.35 ticks, tree = 61.69 MB, solutions = 2)
    776   502      127.0000   195      277.0000       48.0000   987359   82.67%
    800   500      128.0000   158      277.0000       48.0000   987899   82.67%
    831   502      154.8448   116      277.0000       48.0000   988571   82.67%
    922   512      269.0000    28      277.0000       48.0000   989252   82.67%
*   930   390      integral     0      269.0000       48.0000   989300   82.16%
    931   390       48.7650   271      269.0000       48.0000   992013   82.16%
    936   393       49.0000   321      269.0000       48.0000   992418   82.16%
    937   393       53.3103   266      269.0000       48.0000   999466   82.16%
    943   396       50.3448   261      269.0000       48.0000  1005444   82.16%
    948   400       49.0000   263      269.0000       48.0000  1007490   82.16%
    949   400       49.0000   267      269.0000       48.0000  1009884   82.16%
Elapsed time = 1647.58 sec. (2691658.46 ticks, tree = 49.62 MB, solutions = 3)
    951   401       49.0000   267      269.0000       48.0000  1010930   82.16%
    953   401       50.6642   230      269.0000       48.0000  1019127   82.16%
    960   403       52.0000   272      269.0000       48.0000  1029060   82.16%
    961   404       52.9267   291      269.0000       48.0000  1034066   82.16%
    967   409       52.0000   323      269.0000       48.0000  1034281   82.16%
    968   408       59.1897   267      269.0000       48.0000  1043766   82.16%
    972   410       52.0000   270      269.0000       48.0000  1046870   82.16%
    973   411       52.0000   280      269.0000       48.0000  1050609   82.16%
    974   412       52.0000   249      269.0000       48.0000  1055120   82.16%
    984   418       66.6207   355      269.0000       48.0000  1055895   82.16%
Elapsed time = 1700.84 sec. (2782637.90 ticks, tree = 51.80 MB, solutions = 3)
    987   420       52.0000   245      269.0000       48.0000  1060098   82.16%
    989   422       52.0000   235      269.0000       48.0000  1065034   82.16%
    998   427       52.0000   259      269.0000       48.0000  1065619   82.16%
    999   427       52.0000   238      269.0000       48.0000  1073873   82.16%
   1001   428       52.0000   224      269.0000       48.0000  1081585   82.16%
   1003   430       52.0000   248      269.0000       48.0000  1083248   82.16%
   1004   431       52.0000   260      269.0000       48.0000  1087775   82.16%
   1009   433       52.0000   247      269.0000       48.0000  1092446   82.16%
   1011   433       52.0000   257      269.0000       48.0000  1095458   82.16%
   1013   434       52.0000   249      269.0000       48.0000  1097545   82.16%
Elapsed time = 1744.14 sec. (2855455.51 ticks, tree = 53.77 MB, solutions = 3)
   1017   435       52.0000   236      269.0000       48.0000  1101519   82.16%
   1020   437       52.0000   198      269.0000       48.0000  1106061   82.16%
   1021   438       52.0000   234      269.0000       48.0000  1109207   82.16%
   1025   438       52.0000   287      269.0000       48.0000  1111233   82.16%
   1027   438       52.0000   217      269.0000       48.0000  1114931   82.16%
   1029   439       54.7241   227      269.0000       48.0000  1120555   82.16%
   1033   443       52.0548   244      269.0000       48.0000  1125300   82.16%
   1037   444       52.0005   222      269.0000       48.0000  1128656   82.16%
   1042   444       55.1207   238      269.0000       48.0000  1133744   82.16%
   1047   448       52.0573   189      269.0000       48.0000  1137183   82.16%
Elapsed time = 1777.75 sec. (2911688.82 ticks, tree = 55.50 MB, solutions = 3)
   1056   452       53.0000   230      269.0000       48.0000  1138808   82.16%
   1062   456       53.0000   212      269.0000       48.0000  1140541   82.16%
   1081   459       56.0345   221      269.0000       48.0000  1142346   82.16%
   1098   466       58.1767   218      269.0000       48.0000  1145104   82.16%
   1106   470       57.0000   252      269.0000       48.0000  1150587   82.16%
   1120   469       57.5905   228      269.0000       48.0000  1153218   82.16%
   1166   478       71.0000   177      269.0000       48.0000  1154019   82.16%
   1191   481       72.7241   189      269.0000       48.0000  1158597   82.16%
   1235   501       85.0000   106      269.0000       48.0000  1159650   82.16%
   1301   520      140.0000    81      269.0000       48.0000  1160584   82.16%
Elapsed time = 1809.35 sec. (2958727.65 ticks, tree = 65.01 MB, solutions = 3)
   1343   528       48.6506   308      269.0000       48.0000  1167718   82.16%
   1344   528       49.0528   253      269.0000       48.0000  1175369   82.16%
   1345   528       49.1781   299      269.0000       48.0000  1180357   82.16%
   1354   537       50.0000   338      269.0000       48.0000  1180845   82.16%
   1362   545       50.0000   262      269.0000       48.0000  1187629   82.16%
   1366   549       50.0000   282      269.0000       48.0000  1192053   82.16%
   1377   560       50.0000   251      269.0000       48.0000  1195165   82.16%
   1381   564       50.0000   268      269.0000       48.0000  1195724   82.16%
   1389   572       50.0000   313      269.0000       48.0000  1196862   82.16%
   1392   575       50.0000   246      269.0000       48.0000  1198923   82.16%
Elapsed time = 1871.57 sec. (3065545.25 ticks, tree = 71.98 MB, solutions = 3)
   1394   576       56.3362   326      269.0000       48.0000  1202817   82.16%
   1403   585       57.0000   290      269.0000       48.0000  1203369   82.16%
   1413   595       57.0000   310      269.0000       48.0000  1208934   82.16%
   1419   601       57.0000   296      269.0000       48.0000  1209873   82.16%
   1423   604       48.3793   325      269.0000       48.0000  1223543   82.16%
   1426   607       49.0000   282      269.0000       48.0000  1225512   82.16%
   1428   609       49.0000   285      269.0000       48.0000  1230217   82.16%
   1433   614       49.0000   245      269.0000       48.0000  1233971   82.16%
   1435   616       49.0000   288      269.0000       48.0000  1241879   82.16%
   1436   617       49.0000   255      269.0000       48.0000  1245863   82.16%
Elapsed time = 1926.80 sec. (3162710.03 ticks, tree = 77.13 MB, solutions = 3)
   1442   623       49.0000   272      269.0000       48.0000  1247036   82.16%
   1443   624       49.0000   276      269.0000       48.0000  1254773   82.16%
   1464   643       66.0000   253      269.0000       48.0000  1255290   82.16%
   1469   648       66.0000   320      269.0000       48.0000  1255863   82.16%
   1476   654       67.7155   291      269.0000       48.0000  1267479   82.16%
   1482   660       66.0000   334      269.0000       48.0000  1268154   82.16%
   1489   667       66.0000   273      269.0000       48.0000  1272877   82.16%
   1494   672       66.0000   341      269.0000       48.0000  1273606   82.16%
   1501   676       71.0000   319      269.0000       48.0000  1273859   82.16%
   1518   689       73.0000   277      269.0000       48.0000  1274472   82.16%
Elapsed time = 1971.68 sec. (3233375.51 ticks, tree = 86.16 MB, solutions = 3)
   1521   692       73.0000   266      269.0000       48.0000  1274550   82.16%
   1534   700    infeasible            269.0000       48.0000  1275318   82.16%
   1551   712       73.0000   206      269.0000       48.0000  1276339   82.16%
   1580   731       78.0000   142      269.0000       48.0000  1277526   82.16%
   1623   761       48.9955   251      269.0000       48.0000  1286210   82.16%
   1636   773       50.0000   259      269.0000       48.0000  1291489   82.16%
   1641   778       50.0000   336      269.0000       48.0000  1292441   82.16%
   1643   780       50.0000   272      269.0000       48.0000  1294061   82.16%
   1654   791       50.0000   329      269.0000       48.0000  1294578   82.16%
   1661   798       50.0000   284      269.0000       48.0000  1298858   82.16%
Elapsed time = 2014.34 sec. (3303216.35 ticks, tree = 99.79 MB, solutions = 3)
   1667   804       50.0000   282      269.0000       48.0000  1300521   82.16%
   1673   810       50.0000   259      269.0000       48.0000  1306720   82.16%
   1675   812       50.0000   284      269.0000       48.0000  1308805   82.16%
   1687   824       50.0000   240      269.0000       48.0000  1313808   82.16%
   1697   834       50.0000   234      269.0000       48.0000  1316829   82.16%
   1708   842       51.0000   233      269.0000       48.0000  1321860   82.16%
   1715   849       51.0000   246      269.0000       48.0000  1323478   82.16%
   1716   850       51.0000   238      269.0000       48.0000  1326718   82.16%
   1724   856       51.0000   271      269.0000       48.0000  1328748   82.16%
   1725   856       51.5690   245      269.0000       48.0000  1336502   82.16%
Elapsed time = 2053.68 sec. (3372591.46 ticks, tree = 107.05 MB, solutions = 3)
   1732   863       52.0000   279      269.0000       48.0000  1339837   82.16%
   1734   865       52.0000   275      269.0000       48.0000  1342041   82.16%
   1739   870       53.0000   234      269.0000       48.0000  1346704   82.16%
   1742   872       54.0000   244      269.0000       48.0000  1355335   82.16%
   1748   876       54.0000   224      269.0000       48.0000  1359922   82.16%
   1751   879       54.0000   210      269.0000       48.0000  1363025   82.16%
   1763   890       55.0000   280      269.0000       48.0000  1366099   82.16%
   1768   894       70.0000   251      269.0000       48.0000  1368411   82.16%
   1791   908      128.0000   234      269.0000       48.0000  1369158   82.16%
   1821   930      158.0000   135      269.0000       48.0000  1369919   82.16%
Elapsed time = 2091.47 sec. (3432170.60 ticks, tree = 116.21 MB, solutions = 3)
   1823   932       48.4400   267      269.0000       48.0000  1379882   82.16%
   1832   940       49.0000   283      269.0000       48.0000  1383886   82.16%
   1835   943       49.0000   305      269.0000       48.0000  1386558   82.16%
   1842   950       49.0000   304      269.0000       48.0000  1388556   82.16%
   1843   951       49.0000   275      269.0000       48.0000  1391106   82.16%
   1847   955       49.0000   275      269.0000       48.0000  1393764   82.16%
   1854   961       49.0024   236      269.0000       48.0000  1395698   82.16%
   1864   971       50.0000   246      269.0000       48.0000  1399623   82.16%
   1867   974       50.0000   240      269.0000       48.0000  1402315   82.16%
   1872   979       50.0000   240      269.0000       48.0000  1403751   82.16%
Elapsed time = 2129.74 sec. (3501170.33 ticks, tree = 122.22 MB, solutions = 3)
   1875   982       50.0000   227      269.0000       48.0000  1407803   82.16%
   1878   985       50.0000   251      269.0000       48.0000  1409792   82.16%
   1885   992       50.0000   256      269.0000       48.0000  1413206   82.16%
   1892   999       50.0000   239      269.0000       48.0000  1416216   82.16%
   1894  1001       50.0000   230      269.0000       48.0000  1418003   82.16%
   1896  1003       50.0000   259      269.0000       48.0000  1423665   82.16%
   1900  1007       50.0000   271      269.0000       48.0000  1426189   82.16%
   1902  1009       50.0000   316      269.0000       48.0000  1430464   82.16%
   1911  1017       60.0000   328      269.0000       48.0000  1431839   82.16%
   1917  1023       60.0000   335      269.0000       48.0000  1432635   82.16%
Elapsed time = 2164.48 sec. (3562145.31 ticks, tree = 127.63 MB, solutions = 3)
   1920  1026       60.0000   278      269.0000       48.0000  1435656   82.16%
   1935  1041       60.0000   287      269.0000       48.0000  1436282   82.16%
   1947  1049       60.0000   250      269.0000       48.0000  1437323   82.16%
   1961  1062       64.0000   224      269.0000       48.0000  1439724   82.16%
   1970  1066       66.0517   202      269.0000       48.0000  1443796   82.16%
   2018  1099      162.0000    56      269.0000       48.0000  1444870   82.16%
   2021  1102      162.0000    49      269.0000       48.0000  1444942   82.16%
   2023  1104       48.5807   274      269.0000       48.0000  1454409   82.16%
   2034  1114       49.0000   282      269.0000       48.0000  1456763   82.16%
   2035  1115       49.0000   282      269.0000       48.0000  1460869   82.16%
Elapsed time = 2221.20 sec. (3650168.52 ticks, tree = 139.30 MB, solutions = 3)
   2037  1117       49.0000   295      269.0000       48.0000  1464809   82.16%
   2050  1129       50.0000   353      269.0000       48.0000  1466603   82.16%
   2063  1142       50.0000   304      269.0000       48.0000  1467682   82.16%
   2071  1150       50.0000   260      269.0000       48.0000  1474364   82.16%
   2076  1155       50.0000   258      269.0000       48.0000  1478764   82.16%
   2085  1164       50.0000   265      269.0000       48.0000  1480640   82.16%
   2089  1168       50.0000   266      269.0000       48.0000  1482735   82.16%
   2097  1176       50.0000   215      269.0000       48.0000  1487742   82.16%
   2104  1182       50.4176   238      269.0000       48.0000  1490333   82.16%
   2111  1187       51.0000   277      269.0000       48.0000  1492237   82.16%
Elapsed time = 2254.72 sec. (3709340.39 ticks, tree = 148.15 MB, solutions = 3)
   2122  1198       51.0000   248      269.0000       48.0000  1495218   82.16%
   2126  1202       51.0000   261      269.0000       48.0000  1498116   82.16%
   2131  1206       51.0213   340      269.0000       48.0000  1500493   82.16%
   2136  1211       52.0000   220      269.0000       48.0000  1503012   82.16%
   2142  1217       52.0000   235      269.0000       48.0000  1505887   82.16%
   2146  1220       52.1121   220      269.0000       48.0000  1509949   82.16%
   2153  1227       53.0000   202      269.0000       48.0000  1512428   82.16%
   2170  1243       61.1034   174      269.0000       48.0000  1514934   82.16%
   2190  1259       64.0000   200      269.0000       48.0000  1517553   82.16%
   2223  1285       48.9401   275      269.0000       48.0000  1529745   82.16%
Elapsed time = 2289.99 sec. (3769144.33 ticks, tree = 160.46 MB, solutions = 3)
   2230  1290       49.0683   300      269.0000       48.0000  1536245   82.16%
   2236  1296       50.0000   279      269.0000       48.0000  1541574   82.16%
   2249  1309       50.0000   250      269.0000       48.0000  1543336   82.16%
   2258  1318       50.0000   273      269.0000       48.0000  1544917   82.16%
   2263  1323       50.0000   277      269.0000       48.0000  1550341   82.16%
   2275  1335       50.0000   256      269.0000       48.0000  1552240   82.16%
   2282  1342       50.0000   254      269.0000       48.0000  1555037   82.16%
   2289  1349       50.0000   256      269.0000       48.0000  1558937   82.16%
   2296  1355       51.0000   383      269.0000       48.0000  1561518   82.16%
   2297  1356       51.0000   250      269.0000       48.0000  1564947   82.16%
Elapsed time = 2325.22 sec. (3832100.00 ticks, tree = 169.18 MB, solutions = 3)
   2307  1366       51.0000   265      269.0000       48.0000  1566645   82.16%
   2314  1373       51.0000   240      269.0000       48.0000  1570001   82.16%
   2320  1379       51.0000   250      269.0000       48.0000  1574382   82.16%
   2323  1381       51.8407   260      269.0000       48.0000  1577996   82.16%
   2332  1390       52.0000   247      269.0000       48.0000  1580704   82.16%
   2336  1393       52.3103   193      269.0000       48.0000  1584502   82.16%
   2337  1394       64.1810   299      269.0000       48.0000  1588323   82.16%
   2338  1395       64.1810   241      269.0000       48.0000  1592618   82.16%
   2348  1404       65.0000   275      269.0000       48.0000  1597949   82.16%
   2352  1407       66.0393   228      269.0000       48.0000  1605230   82.16%
Elapsed time = 2375.93 sec. (3900576.53 ticks, tree = 175.63 MB, solutions = 3)
   2364  1419       67.0000   307      269.0000       48.0000  1605944   82.16%
   2380  1435       70.0000   219      269.0000       48.0000  1611411   82.16%
   2392  1446       78.0259   238      269.0000       48.0000  1622755   82.16%
   2406  1459       79.0000   188      269.0000       48.0000  1624248   82.16%
   2423  1470       48.0000   275      269.0000       48.0000  1640576   82.16%
   2424  1471       48.0000   297      269.0000       48.0000  1648289   82.16%
   2425  1472       48.0000   294      269.0000       48.0000  1655538   82.16%
   2426  1473       48.0000   283      269.0000       48.0000  1658247   82.16%
   2428  1475       48.0000   268      269.0000       48.0000  1659465   82.16%
   2429  1475       48.1081   237      269.0000       48.0000  1665373   82.16%
Elapsed time = 2447.36 sec. (4028721.10 ticks, tree = 184.06 MB, solutions = 3)
   2431  1477       48.0000   294      269.0000       48.0000  1667314   82.16%
   2432  1478       48.0258   285      269.0000       48.0000  1678315   82.16%
   2435  1480       49.0000   439      269.0000       48.0000  1679142   82.16%
   2438  1483       49.0000   335      269.0000       48.0000  1694878   82.16%
   2442  1487       49.0000   325      269.0000       48.0000  1708086   82.16%
   2446  1491       49.0000   334      269.0000       48.0000  1708697   82.16%
   2447  1492       49.0000   279      269.0000       48.0000  1720520   82.16%
   2449  1494       49.0000   289      269.0000       48.0000  1728806   82.16%
   2453  1498       49.0000   328      269.0000       48.0000  1744556   82.16%
   2455  1500       49.0000   337      269.0000       48.0000  1764256   82.16%
Elapsed time = 2554.38 sec. (4223018.35 ticks, tree = 187.09 MB, solutions = 3)
   2456  1501       49.0000   330      269.0000       48.0000  1776340   82.16%
   2459  1504       49.0000   309      269.0000       48.0000  1794196   82.16%
   2460  1505       49.0000   306      269.0000       48.0000  1809016   82.16%
   2461  1506       49.0000   295      269.0000       48.0000  1812024   82.16%
   2462  1507       49.0000   254      269.0000       48.0000  1820922   82.16%
   2465  1509       49.0000   265      269.0000       48.0000  1825767   82.16%
   2467  1511       49.0000   258      269.0000       48.0000  1828936   82.16%
   2468  1512       49.0000   276      269.0000       48.0000  1836762   82.16%
   2469  1513       49.0000   264      269.0000       48.0000  1842788   82.16%
   2470  1514       49.0000   252      269.0000       48.0000  1847487   82.16%
Elapsed time = 2686.12 sec. (4410022.34 ticks, tree = 188.80 MB, solutions = 3)
   2473  1517       49.0000   251      269.0000       48.0000  1849403   82.16%
   2476  1519       53.0690   272      269.0000       48.0000  1857296   82.16%
   2481  1523       54.0000   274      269.0000       48.0000  1863207   82.16%
   2484  1526       54.0000   270      269.0000       48.0000  1870308   82.16%
   2485  1526       55.1681   239      269.0000       48.0000  1878168   82.16%
   2489  1530       54.0000   228      269.0000       48.0000  1879637   82.16%
   2490  1531       54.0000   252      269.0000       48.0000  1886272   82.16%
   2492  1532       60.0431   265      269.0000       48.0000  1892418   82.16%
   2494  1534       54.0000   220      269.0000       48.0000  1898088   82.16%
   2495  1535       54.0000   204      269.0000       48.0000  1902059   82.16%
Elapsed time = 2731.67 sec. (4483511.74 ticks, tree = 191.28 MB, solutions = 3)
   2496  1536       54.0000   224      269.0000       48.0000  1906353   82.16%
   2497  1537       54.0000   216      269.0000       48.0000  1910382   82.16%
   2505  1543       54.0000   230      269.0000       48.0000  1913024   82.16%
   2514  1549       54.3842   209      269.0000       48.0000  1916135   82.16%
   2524  1555       55.3830   245      269.0000       48.0000  1917902   82.16%
   2541  1567       89.6034   209      269.0000       48.0000  1923821   82.16%
   2553  1577       91.0000   201      269.0000       48.0000  1925352   82.16%
   2559  1581       91.0000   216      269.0000       48.0000  1931337   82.16%
   2577  1593      104.2069   129      269.0000       48.0000  1932045   82.16%
   2603  1615      119.0000   113      269.0000       48.0000  1932522   82.16%
Elapsed time = 2763.18 sec. (4528670.15 ticks, tree = 201.59 MB, solutions = 3)
   2621  1629      119.0000    88      269.0000       48.0000  1932931   82.16%
   2623  1631       48.0000   304      269.0000       48.0000  1956181   82.16%
   2625  1632       48.0404   265      269.0000       48.0000  1959647   82.16%
   2629  1636       49.0000   334      269.0000       48.0000  1960788   82.16%
   2631  1638       49.0000   333      269.0000       48.0000  1961861   82.16%
   2632  1639       49.0000   297      269.0000       48.0000  1976618   82.16%
   2634  1641       49.0000   277      269.0000       48.0000  1981534   82.16%
   2637  1644       49.0000   306      269.0000       48.0000  1989696   82.16%
   2638  1645       49.0000   285      269.0000       48.0000  1993759   82.16%
   2641  1648       49.0000   317      269.0000       48.0000  1998023   82.16%
Elapsed time = 2878.81 sec. (4733789.93 ticks, tree = 205.73 MB, solutions = 3)
   2643  1650       49.0000   275      269.0000       48.0000  2005409   82.16%
   2644  1651       49.0000   286      269.0000       48.0000  2010214   82.16%
   2646  1652       49.0008   257      269.0000       48.0000  2017807   82.16%
   2650  1656       50.0000   303      269.0000       48.0000  2034211   82.16%
   2651  1656       56.2069   315      269.0000       48.0000  2042110   82.16%
   2655  1660       57.0000   396      269.0000       48.0000  2043330   82.16%
   2656  1661       57.0000   323      269.0000       48.0000  2058616   82.16%
   2657  1662       57.0000   294      269.0000       48.0000  2073890   82.16%
   2660  1663       57.0000   269      269.0000       48.0000  2075873   82.16%
   2661  1664       57.0000   269      269.0000       48.0000  2089711   82.16%
Elapsed time = 2970.22 sec. (4894043.88 ticks, tree = 207.69 MB, solutions = 3)
   2662  1664       57.0000   270      269.0000       48.0000  2104392   82.16%
   2663  1665       57.0000   267      269.0000       48.0000  2106990   82.16%
   2664  1666       57.0000   251      269.0000       48.0000  2119507   82.16%
   2665  1667       57.0000   231      269.0000       48.0000  2129727   82.16%
   2666  1668       57.0000   297      269.0000       48.0000  2139471   82.16%
   2667  1669       57.0000   246      269.0000       48.0000  2149722   82.16%
   2671  1672       58.0000   246      269.0000       48.0000  2154873   82.16%
   2673  1674       58.0000   243      269.0000       48.0000  2160577   82.16%
   2676  1676       58.0000   244      269.0000       48.0000  2167258   82.16%
   2681  1679       58.0000   260      269.0000       48.0000  2168702   82.16%
Elapsed time = 3036.71 sec. (5000556.89 ticks, tree = 209.56 MB, solutions = 3)
   2684  1682       58.0000   229      269.0000       48.0000  2174443   82.16%
   2690  1685       64.0000   234      269.0000       48.0000  2177687   82.16%
   2699  1691       65.0000   258      269.0000       48.0000  2179967   82.16%
   2701  1693       65.0000   220      269.0000       48.0000  2180398   82.16%
   2718  1704       98.0000   157      269.0000       48.0000  2180937   82.16%
   2747  1719      158.0000   123      269.0000       48.0000  2181265   82.16%
   2792  1751      196.0000    23      269.0000       48.0000  2181785   82.16%
   2795  1751       68.0000   318      269.0000       48.0000  2187939   82.16%
   2798  1754       68.0000   280      269.0000       48.0000  2198564   82.16%
   2799  1755       68.0000   261      269.0000       48.0000  2209476   82.16%
Elapsed time = 3085.96 sec. (5078353.08 ticks, tree = 219.32 MB, solutions = 3)
   2800  1756       68.0000   256      269.0000       48.0000  2217050   82.16%
   2804  1759       68.0000   282      269.0000       48.0000  2218303   82.16%
   2807  1762       68.0000   308      269.0000       48.0000  2219251   82.16%
   2808  1763       68.0000   286      269.0000       48.0000  2225160   82.16%
   2814  1769       68.0000   264      269.0000       48.0000  2225199   82.16%
   2818  1773       68.0000   273      269.0000       48.0000  2231616   82.16%
   2819  1774       68.0000   258      269.0000       48.0000  2236534   82.16%
   2826  1781       68.0000   281      269.0000       48.0000  2236801   82.16%
   2829  1783       68.0000   281      269.0000       48.0000  2238017   82.16%
   2831  1784       68.0000   333      269.0000       48.0000  2238949   82.16%
Elapsed time = 3129.06 sec. (5148821.15 ticks, tree = 223.02 MB, solutions = 3)
   2838  1791       68.0000   347      269.0000       48.0000  2239386   82.16%
   2845  1797       68.0000   225      269.0000       48.0000  2245343   82.16%
   2854  1806       68.0000   247      269.0000       48.0000  2254298   82.16%
   2855  1807       68.0000   275      269.0000       48.0000  2257231   82.16%
   2857  1809       68.0000   271      269.0000       48.0000  2263570   82.16%
   2859  1810       77.1379   219      269.0000       48.0000  2269780   82.16%
   2864  1815       78.0000   251      269.0000       48.0000  2270805   82.16%
   2870  1820       88.0000   226      269.0000       48.0000  2272173   82.16%
   2884  1831       96.0000   231      269.0000       48.0000  2272749   82.16%
   2900  1846       96.1379   247      269.0000       48.0000  2273265   82.16%
Elapsed time = 3174.63 sec. (5219695.52 ticks, tree = 230.80 MB, solutions = 3)
   2909  1852      131.0000   131      269.0000       48.0000  2276490   82.16%
   2918  1858      136.1897   147      269.0000       48.0000  2280655   82.16%
   2924  1863      137.0000   169      269.0000       48.0000  2290143   82.16%
   2925  1863      137.4286   175      269.0000       48.0000  2299979   82.16%
   2945  1880      171.0000   107      269.0000       48.0000  2300663   82.16%
   2973  1898      189.0000    73      269.0000       48.0000  2301182   82.16%
   3005  1913       48.1398   347      269.0000       48.0000  2309829   82.16%
   3010  1917       49.0000   314      269.0000       48.0000  2331687   82.16%
   3013  1920       49.0000   299      269.0000       48.0000  2332819   82.16%
   3014  1921       49.0000   323      269.0000       48.0000  2340212   82.16%
Elapsed time = 3236.88 sec. (5323331.90 ticks, tree = 240.29 MB, solutions = 3)
   3017  1924       49.0000   312      269.0000       48.0000  2349674   82.16%
   3018  1924       53.2069   365      269.0000       48.0000  2367947   82.16%
   3027  1933       54.0000   291      269.0000       48.0000  2368256   82.16%
   3029  1935       54.0000   337      269.0000       48.0000  2391185   82.16%
   3034  1940       54.0000   370      269.0000       48.0000  2391667   82.16%
   3037  1943       54.0000   252      269.0000       48.0000  2405050   82.16%
   3040  1946       54.0000   283      269.0000       48.0000  2405939   82.16%
   3042  1948       54.0000   313      269.0000       48.0000  2418685   82.16%
   3050  1956       54.0000   249      269.0000       48.0000  2419091   82.16%
   3051  1957       54.0000   319      269.0000       48.0000  2441757   82.16%
Elapsed time = 3344.40 sec. (5509328.89 ticks, tree = 244.69 MB, solutions = 3)
   3052  1958       54.0000   307      269.0000       48.0000  2468507   82.16%
   3055  1961       54.0000   313      269.0000       48.0000  2487607   82.16%
   3065  1970       58.0000   278      269.0000       48.0000  2487894   82.16%
   3067  1972       58.0000   347      269.0000       48.0000  2503635   82.16%
   3068  1973       58.0000   347      269.0000       48.0000  2519133   82.16%
   3069  1974       58.0000   372      269.0000       48.0000  2530859   82.16%
   3070  1975       58.0000   330      269.0000       48.0000  2542988   82.16%
   3071  1975       64.0000   367      269.0000       48.0000  2560930   82.16%
   3078  1981       64.0000   244      269.0000       48.0000  2561041   82.16%
   3081  1983       64.0000   330      269.0000       48.0000  2576785   82.16%
Elapsed time = 3468.97 sec. (5715532.42 ticks, tree = 247.89 MB, solutions = 3)
   3085  1987       64.0000   208      269.0000       48.0000  2577396   82.16%
   3095  1996       73.0000   233      269.0000       48.0000  2577670   82.16%
   3102  2003       73.0000   396      269.0000       48.0000  2588148   82.16%
   3111  2012       73.0000   352      269.0000       48.0000  2597312   82.16%
   3113  2014       85.0000   288      269.0000       48.0000  2609245   82.16%
   3117  2018       85.0000   327      269.0000       48.0000  2609936   82.16%
*  3121+ 2020                          259.0000       48.0000            81.47%
   3121  2022       85.0000   221      259.0000       48.0000  2610174   81.47%
   3129  2029       85.0000   286      259.0000       48.0000  2616001   81.47%
   3137  2037       85.0000   282      259.0000       48.0000  2616134   81.47%
   3150  2049       85.0000   244      259.0000       48.0000  2616394   81.47%
Elapsed time = 3531.34 sec. (5809197.75 ticks, tree = 256.12 MB, solutions = 4)
   3162  2061       85.0000   295      259.0000       48.0000  2616847   81.47%
   3167  2066       85.0000   254      259.0000       48.0000  2618612   81.47%
   3169  2068       85.0000   220      259.0000       48.0000  2623172   81.47%
   3171  2070       85.0000   204      259.0000       48.0000  2628245   81.47%
   3188  2076      112.0000   174      259.0000       48.0000  2628690   81.47%
   3209  2092      121.0000   133      259.0000       48.0000  2629196   81.47%
*  3221+ 2090                          247.0000       48.0000            80.57%
   3223  2093       48.9088   293      247.0000       48.0000  2641432   80.57%
   3228  2097       49.0000   259      247.0000       48.0000  2646177   80.57%

GUB cover cuts applied:  1
Clique cuts applied:  16
Cover cuts applied:  14
Implied bound cuts applied:  13
Flow cuts applied:  3
Mixed integer rounding cuts applied:  73
Zero-half cuts applied:  32
Gomory fractional cuts applied:  4

Root node processing (before b&c):
  Real time             =  228.60 sec. (385959.17 ticks)
Sequential b&c:
  Real time             = 3371.40 sec. (5503220.44 ticks)
                          ------------
Total (root+branch&cut) = 3600.01 sec. (5889179.61 ticks)

Solution pool: 5 solutions saved.

MIP - Time limit exceeded, integer feasible:  Objective =  2.4700000000e+02
Current MIP best bound =  4.8000000000e+01 (gap = 199, 80.57%)
Solution time = 3600.01 sec.  Iterations = 2646207  Nodes = 3229 (2097)
Deterministic time = 5889179.91 ticks  (1635.88 ticks/sec)

CPLEX> Incumbent solution
Variable Name           Solution Value
y                           247.000000
x51                           1.000000
x5798                         1.000000
x11564                        1.000000
x17343                        1.000000
x23180                        1.000000
x28894                        1.000000
x34691                        1.000000
x40448                        1.000000
x46272                        1.000000
x51994                        1.000000
x57810                        1.000000
x63562                        1.000000
x69316                        1.000000
x75133                        1.000000
x80919                        1.000000
x86665                        1.000000
x92473                        1.000000
x98246                        1.000000
x3953                         1.000000
x10413                        1.000000
x16569                        1.000000
x21509                        1.000000
x28729                        1.000000
x30401                        1.000000
x35189                        1.000000
x41345                        1.000000
x48261                        1.000000
x56545                        1.000000
x60193                        1.000000
x65437                        1.000000
x71821                        1.000000
x78433                        1.000000
x83981                        1.000000
x92037                        1.000000
x96673                        1.000000
x102221                       1.000000
x50998                        1.000000
x60119                        1.000000
x7377                         1.000000
x3806                         1.000000
x61415                        1.000000
x37248                        1.000000
x83761                        1.000000
x4419                         1.000000
x41585                        1.000000
x8757                         1.000000
x49798                        1.000000
x20083                        1.000000
x18412                        1.000000
x34373                        1.000000
x403                          1.000000
x56948                        1.000000
x21231                        1.000000
x51784                        1.000000
x12417                        1.000000
x46314                        1.000000
x54827                        1.000000
x61516                        1.000000
x58249                        1.000000
x69574                        1.000000
x49740                        1.000000
x18809                        1.000000
x56354                        1.000000
x85007                        1.000000
x11060                        1.000000
x19345                        1.000000
x81514                        1.000000
x1715                         1.000000
x57956                        1.000000
x10306                        1.000000
x51575                        1.000000
x48460                        1.000000
x61077                        1.000000
x18748                        1.000000
x813                          1.000000
x20424                        1.000000
x52726                        1.000000
x3251                         1.000000
x10928                        1.000000
x53793                        1.000000
x9258                         1.000000
x29931                        1.000000
x54329                        1.000000
x56914                        1.000000
x13747                        1.000000
x7060                         1.000000
x47569                        1.000000
x6150                         1.000000
x51447                        1.000000
x88536                        1.000000
x33665                        1.000000
x48942                        1.000000
x28879                        1.000000
u2                            1.000000
u3                            2.000000
u5                            1.000000
u6                            1.000000
u7                            5.000000
u8                            1.000000
u9                            2.000000
u11                           6.000000
u13                          57.000000
u17                           4.000000
u18                           4.000000
u19                           4.000000
u20                           1.000000
u21                           4.000000
u23                           2.000000
u24                           8.000000
u27                           6.000000
u28                          10.000000
u29                          56.000000
u30                           2.000000
u31                           5.000000
u32                           1.000000
u33                          57.000000
u34                           1.000000
u36                           8.000000
u37                           2.000000
u38                           2.000000
u39                           1.000000
u40                           3.000000
u41                           7.000000
u42                           3.000000
u43                           3.000000
u44                           3.000000
u46                           7.000000
u47                           7.000000
u48                           3.000000
u49                           4.000000
u52                           5.000000
u53                           7.000000
u56                          57.000000
u58                           1.000000
u59                           5.000000
u60                           6.000000
u61                          57.000000
u62                           8.000000
u63                           1.000000
u65                           6.000000
u66                           7.000000
u67                          57.000000
u68                           5.000000
u69                           5.000000
u70                           2.000000
u71                           6.000000
u72                           1.000000
u73                           3.000000
u74                           9.000000
u75                           1.000000
All other variables in the range 1-102676 are 0.
CPLEX> 