
Welcome to IBM(R) ILOG(R) CPLEX(R) Interactive Optimizer 12.7.1.0
  with Simplex, Mixed Integer & Barrier Optimizers
5725-A06 5725-A29 5724-Y48 5724-Y49 5724-Y54 5724-Y55 5655-Y21
Copyright IBM Corp. 1988, 2017.  All Rights Reserved.

Type 'help' for a list of available commands.
Type 'help' followed by a command name for more
information on commands.

CPLEX> New value for default parallel thread count: 1
CPLEX> New value for time limit in seconds: 3600
CPLEX> Problem 'eil76_m17.lp' read.
Read time = 0.12 sec. (10.83 ticks)
CPLEX> CPXPARAM_TimeLimit                               3600
CPXPARAM_Threads                                 1
CPXPARAM_Read_APIEncoding                        "UTF-8"
Tried aggregator 1 time.
MIP Presolve modified 99450 coefficients.
Reduced MIP has 7026 rows, 96976 columns, and 585071 nonzeros.
Reduced MIP has 96900 binaries, 75 generals, 0 SOSs, and 0 indicators.
Presolve time = 0.35 sec. (428.42 ticks)
Tried aggregator 1 time.
Reduced MIP has 7026 rows, 96976 columns, and 585071 nonzeros.
Reduced MIP has 96900 binaries, 76 generals, 0 SOSs, and 0 indicators.
Presolve time = 0.37 sec. (304.76 ticks)
Probing time = 0.09 sec. (47.35 ticks)
Clique table members: 192325.
MIP emphasis: balance optimality and feasibility.
MIP search method: dynamic search.
Parallel mode: none, using 1 thread.
Root relaxation solution time = 14.59 sec. (24656.76 ticks)

        Nodes                                         Cuts/
   Node  Left     Objective  IInf  Best Integer    Best Bound    ItCnt     Gap

      0     0       46.3669   228                     46.3669    26785         
      0     0       48.4726   291                    Cuts: 88    50042         
      0     0       49.0000   400                   Cuts: 101    77271         
      0     0       49.0000   352                   Cuts: 103    89885         
      0     0       49.0000   332                    Cuts: 68   107391         
      0     0       49.0000   372                    Cuts: 61   116834         
      0     0       49.0000   302                    Cuts: 24   125895         
      0     0       49.0000   355                   Cuts: 125   140776         
Heuristic still looking.
Heuristic still looking.
      0     2       49.0000   213                     49.0000   140776         
Elapsed time = 245.77 sec. (413497.73 ticks, tree = 0.01 MB, solutions = 0)
      1     3       49.0000   238                     49.0000   141116         
      2     4       49.0000   300                     49.0000   146847         
      3     5       49.0000   296                     49.0000   154484         
      4     6       49.0000   222                     49.0000   155831         
      5     7       49.0000   233                     49.0000   159990         
      6     8       49.0000   227                     49.0000   160810         
      7     9       49.0000   201                     49.0000   163446         
      8    10       49.0000   240                     49.0000   168479         
      9    11       49.0000   243                     49.0000   174837         
     10    12       49.0000   252                     49.0000   175976         
Elapsed time = 281.79 sec. (483838.36 ticks, tree = 1.05 MB, solutions = 0)
     12    14       49.0000   264                     49.0000   183894         
     13    15       49.0000   284                     49.0000   185944         
     14    16       49.0000   295                     49.0000   191505         
     15    17       49.0000   249                     49.0000   193288         
     16    16    infeasible                           49.0000   193410         
     17    17       49.0000   270                     49.0000   194350         
     18    18       49.0000   265                     49.0000   199083         
     19    19       49.0612   270                     49.0000   203803         
     20    20       49.2066   284                     49.0000   208965         
     21    21       54.1695   330                     49.0000   214597         
Elapsed time = 345.96 sec. (601945.78 ticks, tree = 2.12 MB, solutions = 0)
     23    23       49.0612   317                     49.0000   215119         
     27    27       49.0613   372                     49.0000   215677         
     28    28       56.0678   303                     49.0000   222804         
     30    30       49.0618   410                     49.0000   223152         
     31    31       52.1017   288                     49.0000   223860         
     34    34       58.4407   275                     49.0000   224792         
     38    38       59.1186   502                     49.0000   243854         
     40    40       54.3051   329                     49.0000   244522         
     43    42       56.6780   333                     49.0000   249959         
     45    43       51.2034   319                     49.0000   250933         
Elapsed time = 387.19 sec. (672431.15 ticks, tree = 4.99 MB, solutions = 0)
     48    46       49.6619   356                     49.0000   251812         
     51    49       49.9626   316                     49.0000   253873         
     55    53       49.5358   314                     49.0000   254544         
     57    55       55.1525   309                     49.0000   259641         
     59    57       54.1356   313                     49.0000   268713         
     63    61       50.1451   293                     49.0000   269611         
     66    64       49.7365   280                     49.0000   270234         
     68    66       49.8009   292                     49.0000   270865         
     70    68       52.0000   247                     49.0000   271391         
     74    72       49.8809   312                     49.0000   272004         
Elapsed time = 404.90 sec. (704003.56 ticks, tree = 8.22 MB, solutions = 0)
     80    78       62.1017   262                     49.0000   272712         
     82    80       50.2290   275                     49.0000   273542         
     86    84       57.1017   252                     49.0000   274781         
     88    86       61.0678   266                     49.0000   275449         
     96    93       50.2154   270                     49.0000   276502         
    100    94       62.2034   257                     49.0000   277093         
    120   106       97.2542   208                     49.0000   277569         
    142   122      151.5424   199                     49.0000   278048         
    172   144      208.0000   161                     49.0000   278595         
    207   177      208.0000    76                     49.0000   279197         
Elapsed time = 412.41 sec. (715888.08 ticks, tree = 21.21 MB, solutions = 0)
    254   215    infeasible                           49.0000   279656         
*   260+  212                          254.0000       49.0000            80.71%
    261   212       49.0000   252      254.0000       49.0000   285387   80.71%
    262   213       49.0000   253      254.0000       49.0000   286345   80.71%
    263   214       49.0000   280      254.0000       49.0000   290467   80.71%
    264   215       49.0000   268      254.0000       49.0000   291543   80.71%
    265   216       49.0000   234      254.0000       49.0000   294877   80.71%
    266   217       49.0000   235      254.0000       49.0000   295518   80.71%
    267   218       49.0000   227      254.0000       49.0000   296240   80.71%
    268   219       49.0000   225      254.0000       49.0000   300126   80.71%
    269   220       49.0000   253      254.0000       49.0000   300593   80.71%
Elapsed time = 437.70 sec. (765344.93 ticks, tree = 26.49 MB, solutions = 1)
    270   221       49.0000   257      254.0000       49.0000   303874   80.71%
    272   223       49.0000   274      254.0000       49.0000   312573   80.71%
    275   226       52.7797   294      254.0000       49.0000   317875   80.71%
    276   227       49.0000   250      254.0000       49.0000   319247   80.71%
    278   229       49.0000   280      254.0000       49.0000   326269   80.71%
    279   230       49.0000   247      254.0000       49.0000   328214   80.71%
    280   231       49.0000   250      254.0000       49.0000   332488   80.71%
    281   232       49.0000   287      254.0000       49.0000   335169   80.71%
    282   233       49.0000   292      254.0000       49.0000   337209   80.71%
    283   234       49.0000   255      254.0000       49.0000   338349   80.71%
Elapsed time = 470.75 sec. (827623.83 ticks, tree = 28.28 MB, solutions = 1)
    284   235       49.0000   261      254.0000       49.0000   339231   80.71%
    286   237       49.0000   273      254.0000       49.0000   339884   80.71%
    287   238       49.0601   264      254.0000       49.0000   343293   80.71%
    288   239       49.0000   268      254.0000       49.0000   343859   80.71%
    289   240       49.0000   268      254.0000       49.0000   348021   80.71%
    291   242       49.0929   310      254.0000       49.0000   353904   80.71%
    292   243       49.0000   232      254.0000       49.0000   355573   80.71%
    294   245       49.0000   250      254.0000       49.0000   356435   80.71%
    295   246       49.1237   285      254.0000       49.0000   362062   80.71%
    296   247       49.0000   242      254.0000       49.0000   365269   80.71%
Elapsed time = 492.04 sec. (868424.95 ticks, tree = 29.84 MB, solutions = 1)
    297   248       49.0000   292      254.0000       49.0000   365793   80.71%
    299   248       49.0000   272      254.0000       49.0000   366725   80.71%
    300   249       49.0000   295      254.0000       49.0000   367324   80.71%
    301   250       49.0295   255      254.0000       49.0000   374933   80.71%
    302   251       49.0125   243      254.0000       49.0000   376300   80.71%
    303   252       49.0000   245      254.0000       49.0000   377148   80.71%
    306   255       49.3333   240      254.0000       49.0000   381390   80.71%
    308   257       49.1422   301      254.0000       49.0000   384527   80.71%
    309   258       49.0155   237      254.0000       49.0000   386004   80.71%
    310   259       49.0080   252      254.0000       49.0000   387525   80.71%
Elapsed time = 509.99 sec. (902190.92 ticks, tree = 31.29 MB, solutions = 1)
    312   261       62.5424   367      254.0000       49.0000   391399   80.71%
    317   266       52.0000   238      254.0000       49.0000   392144   80.71%
    321   270       49.2434   285      254.0000       49.0000   392872   80.71%
    325   274       49.5059   251      254.0000       49.0000   393805   80.71%
    330   279       49.5738   257      254.0000       49.0000   394494   80.71%
    335   284       49.8718   280      254.0000       49.0000   395223   80.71%
    340   289       49.9916   246      254.0000       49.0000   395948   80.71%
    347   296       50.1553   272      254.0000       49.0000   396665   80.71%
    355   304       50.3568   272      254.0000       49.0000   397231   80.71%
    405   339      197.3051   175      254.0000       49.0000   398554   80.71%
Elapsed time = 526.10 sec. (927702.84 ticks, tree = 41.11 MB, solutions = 1)
    433   354       49.0000   239      254.0000       49.0000   403731   80.71%
    434   355       49.0000   253      254.0000       49.0000   412932   80.71%
    437   358       49.0000   250      254.0000       49.0000   415134   80.71%
    438   359       49.0000   242      254.0000       49.0000   420000   80.71%
    440   361       49.0000   295      254.0000       49.0000   420881   80.71%
    443   364       49.0000   256      254.0000       49.0000   422782   80.71%
    444   365       49.0000   221      254.0000       49.0000   425109   80.71%
    447   368       49.0000   238      254.0000       49.0000   427270   80.71%
    450   371       49.0000   252      254.0000       49.0000   431649   80.71%
    452   373       49.0000   257      254.0000       49.0000   434654   80.71%
Elapsed time = 599.52 sec. (1065794.86 ticks, tree = 45.11 MB, solutions = 1)
    453   374       49.0000   359      254.0000       49.0000   437696   80.71%
    454   375       49.0323   467      254.0000       49.0000   443268   80.71%
    463   384       49.3059   366      254.0000       49.0000   445272   80.71%
    473   394       49.5438   551      254.0000       49.0000   446999   80.71%
    478   399       49.7774   465      254.0000       49.0000   449719   80.71%
    484   405       50.0159   512      254.0000       49.0000   451628   80.71%
    487   408       49.0000   278      254.0000       49.0000   463285   80.71%
*   488+  400                          238.0000       49.0000            79.41%
    488   402       49.0000   240      238.0000       49.0000   467462   79.41%
    489   403       49.0000   265      238.0000       49.0000   472718   79.41%
    494   408       49.0000   265      238.0000       49.0000   474944   79.41%
Elapsed time = 702.08 sec. (1241730.72 ticks, tree = 49.22 MB, solutions = 2)
    495   409       49.0000   288      238.0000       49.0000   479059   79.41%
    498   412       49.0000   255      238.0000       49.0000   481237   79.41%
    499   413       49.0000   247      238.0000       49.0000   485285   79.41%
    500   414       49.0000   291      238.0000       49.0000   486393   79.41%
    502   416       49.0000   271      238.0000       49.0000   493165   79.41%
    507   421       49.0000   285      238.0000       49.0000   495422   79.41%
    509   423       49.0000   250      238.0000       49.0000   497334   79.41%
    513   427       49.0000   264      238.0000       49.0000   500270   79.41%
    516   430       49.0000   264      238.0000       49.0000   503210   79.41%
    519   433       49.0000   329      238.0000       49.0000   507829   79.41%
Elapsed time = 747.68 sec. (1326095.48 ticks, tree = 52.20 MB, solutions = 2)
    520   434       49.0000   495      238.0000       49.0000   512213   79.41%
    521   435       49.0147   478      238.0000       49.0000   515354   79.41%
    529   443       49.3340   335      238.0000       49.0000   517245   79.41%
    544   458       49.7587   347      238.0000       49.0000   519185   79.41%
    556   470       50.0996   488      238.0000       49.0000   521126   79.41%
    561   475       50.3691   458      238.0000       49.0000   523160   79.41%
    576   490       50.7149   514      238.0000       49.0000   524970   79.41%
    585   499       51.0890   493      238.0000       49.0000   526985   79.41%
    598   512       49.0000   214      238.0000       49.0000   631289   79.41%
    600   513       49.0000   225      238.0000       49.0000   632769   79.41%
Elapsed time = 1361.34 sec. (2279906.79 ticks, tree = 61.60 MB, solutions = 2)
    602   515       49.0000   240      238.0000       49.0000   633295   79.41%
    603   515       49.0000   238      238.0000       49.0000   636133   79.41%
    604   515       49.0000   281      238.0000       49.0000   637152   79.41%
    606   515       49.0000   237      238.0000       49.0000   640132   79.41%
    608   517       49.0000   267      238.0000       49.0000   646296   79.41%
    610   517       49.0000   268      238.0000       49.0000   648004   79.41%
    613   518       49.0000   272      238.0000       49.0000   648343   79.41%
    616   521       49.0000   246      238.0000       49.0000   650709   79.41%
    618   522       49.0000   251      238.0000       49.0000   651604   79.41%
    619   522       49.0000   255      238.0000       49.0000   653830   79.41%
Elapsed time = 1398.30 sec. (2348330.97 ticks, tree = 62.62 MB, solutions = 2)
    621   524       53.0678   363      238.0000       49.0000   660747   79.41%
    624   526       49.0000   280      238.0000       49.0000   662546   79.41%
    625   526       49.0000   281      238.0000       49.0000   663256   79.41%
    627   527       49.1335   239      238.0000       49.0000   669433   79.41%
    632   528       50.0000   233      238.0000       49.0000   669749   79.41%
    634   529       50.0000   268      238.0000       49.0000   673870   79.41%
    636   530       51.0000   229      238.0000       49.0000   678291   79.41%
    638   531       51.0000   233      238.0000       49.0000   678319   79.41%
    644   535       51.0000   227      238.0000       49.0000   681883   79.41%
    646   536       51.0000   240      238.0000       49.0000   682655   79.41%
Elapsed time = 1442.56 sec. (2426941.95 ticks, tree = 64.27 MB, solutions = 2)
    649   535       53.0000   272      238.0000       49.0000   687896   79.41%
    653   534       55.0000   291      238.0000       49.0000   690610   79.41%
    656   535       55.0000   253      238.0000       49.0000   692269   79.41%
    660   536       55.0000   265      238.0000       49.0000   695668   79.41%
    663   536       55.0000   224      238.0000       49.0000   697747   79.41%
    674   545       55.0000   241      238.0000       49.0000   698862   79.41%
    681   546       57.0000   205      238.0000       49.0000   701183   79.41%
    687   547       61.0000   225      238.0000       49.0000   704488   79.41%
    688   548       61.0000   256      238.0000       49.0000   705140   79.41%
    696   549       61.0000   244      238.0000       49.0000   706981   79.41%
Elapsed time = 1481.41 sec. (2484535.60 ticks, tree = 65.99 MB, solutions = 2)
    709   555       62.0000   227      238.0000       49.0000   708139   79.41%
    713   554       63.7288   211      238.0000       49.0000   711948   79.41%
    723   558       75.3390   153      238.0000       49.0000   714914   79.41%
    732   560       76.0000   198      238.0000       49.0000   719343   79.41%
    735   561       76.2542   220      238.0000       49.0000   724882   79.41%
    752   568       89.0000   166      238.0000       49.0000   725356   79.41%
    777   575      128.0000   113      238.0000       49.0000   726075   79.41%
    836   578      216.0000    43      238.0000       49.0000   726840   79.41%
    840   573       49.0000   315      238.0000       49.0000   736435   79.41%
    842   574       49.0000   242      238.0000       49.0000   737909   79.41%
Elapsed time = 1549.47 sec. (2605388.07 ticks, tree = 69.27 MB, solutions = 2)
    843   574       49.0000   252      238.0000       49.0000   740700   79.41%
    844   574       49.0000   364      238.0000       49.0000   743751   79.41%
    846   576       49.0000   339      238.0000       49.0000   745583   79.41%
    847   576       49.0000   495      238.0000       49.0000   754356   79.41%
    849   578       49.0000   436      238.0000       49.0000   754661   79.41%
    850   577       49.0785   404      238.0000       49.0000   764727   79.41%
    851   578       49.0000   413      238.0000       49.0000   772267   79.41%
    852   579       49.0000   376      238.0000       49.0000   777280   79.41%
    855   581       49.0000   412      238.0000       49.0000   785860   79.41%
    856   582       49.0000   386      238.0000       49.0000   793418   79.41%
Elapsed time = 1614.64 sec. (2733678.45 ticks, tree = 70.16 MB, solutions = 2)
    857   581       49.0043   318      238.0000       49.0000   800102   79.41%
    858   581       49.0997   379      238.0000       49.0000   815343   79.41%
    861   583       50.0000   465      238.0000       49.0000   815874   79.41%
    862   584       91.0000   455      238.0000       49.0000   831731   79.41%
    864   585       50.0000   347      238.0000       49.0000   844513   79.41%
    866   587       50.0000   374      238.0000       49.0000   846259   79.41%
    868   588       50.0000   310      238.0000       49.0000   847257   79.41%
    870   590       50.0000   367      238.0000       49.0000   851471   79.41%
    874   591       50.0000   316      238.0000       49.0000   852284   79.41%
    877   594       50.0000   296      238.0000       49.0000   853503   79.41%
Elapsed time = 1683.63 sec. (2860068.36 ticks, tree = 71.56 MB, solutions = 2)
    880   596       50.0000   245      238.0000       49.0000   855899   79.41%
    882   598       50.0000   251      238.0000       49.0000   858388   79.41%
    883   597       50.0363   248      238.0000       49.0000   860645   79.41%
    886   598       50.1623   264      238.0000       49.0000   864488   79.41%
    891   602       51.0000   283      238.0000       49.0000   865494   79.41%
    895   603       51.0000   257      238.0000       49.0000   867395   79.41%
    899   606       51.0000   266      238.0000       49.0000   870676   79.41%
    903   608       51.0000   269      238.0000       49.0000   872680   79.41%
    907   610       51.0000   243      238.0000       49.0000   875610   79.41%
    913   612       51.0000   234      238.0000       49.0000   877595   79.41%
Elapsed time = 1713.80 sec. (2914077.39 ticks, tree = 73.71 MB, solutions = 2)
    919   617       51.3235   216      238.0000       49.0000   880455   79.41%
    927   620       54.7119   238      238.0000       49.0000   883456   79.41%
    943   625       95.0000   218      238.0000       49.0000   883888   79.41%
    991   638      105.0000   190      238.0000       49.0000   884481   79.41%
   1040   650      113.0000   133      238.0000       49.0000   885327   79.41%
   1089   668      113.0000    95      238.0000       49.0000   886338   79.41%
   1146   676       49.0000   236      238.0000       49.0000   889825   79.41%
   1147   675       49.0915   246      238.0000       49.0000   923047   79.41%
   1150   678       50.0000   298      238.0000       49.0000   939339   79.41%
   1155   682       50.0000   312      238.0000       49.0000   939957   79.41%
Elapsed time = 1867.90 sec. (3195012.65 ticks, tree = 82.76 MB, solutions = 2)
   1157   683       50.0000   274      238.0000       49.0000   961728   79.41%
   1161   685       50.0000   283      238.0000       49.0000   962790   79.41%
   1162   685       50.0000   324      238.0000       49.0000   977422   79.41%
   1166   685       54.2034   275      238.0000       49.0000   978695   79.41%
   1176   690       55.0000   313      238.0000       49.0000   978937   79.41%
   1178   692       55.0000   369      238.0000       49.0000   979939   79.41%
   1181   694       55.0000   293      238.0000       49.0000   988357   79.41%
   1183   694       55.0000   275      238.0000       49.0000   996760   79.41%
   1184   695       55.0000   302      238.0000       49.0000  1007519   79.41%
   1186   696       55.0000   261      238.0000       49.0000  1015466   79.41%
Elapsed time = 1950.60 sec. (3338357.06 ticks, tree = 84.40 MB, solutions = 2)
   1188   698       55.0000   281      238.0000       49.0000  1017258   79.41%
   1189   698       60.3051   279      238.0000       49.0000  1025353   79.41%
   1198   703       61.0000   297      238.0000       49.0000  1025810   79.41%
   1200   704       49.0000   315      238.0000       49.0000  1067622   79.41%
   1201   704       49.0000   280      238.0000       49.0000  1070684   79.41%
   1202   705       49.0000   275      238.0000       49.0000  1078829   79.41%
   1203   705       49.0000   233      238.0000       49.0000  1084515   79.41%
   1204   706       49.0000   255      238.0000       49.0000  1087981   79.41%
   1209   707       49.0000   284      238.0000       49.0000  1089225   79.41%
   1210   707       51.0763   277      238.0000       49.0000  1100077   79.41%
Elapsed time = 2069.83 sec. (3557321.29 ticks, tree = 85.82 MB, solutions = 2)
   1222   716       52.0000   289      238.0000       49.0000  1100251   79.41%
   1225   718       52.0000   340      238.0000       49.0000  1101452   79.41%
   1226   718       52.0000   280      238.0000       49.0000  1113467   79.41%
   1229   720       52.0000   336      238.0000       49.0000  1114828   79.41%
   1230   721       52.0000   280      238.0000       49.0000  1117902   79.41%
   1234   722       52.0000   252      238.0000       49.0000  1120527   79.41%
   1241   721       52.0242   216      238.0000       49.0000  1122840   79.41%
   1257   728       53.0000   217      238.0000       49.0000  1124165   79.41%
   1269   727       57.0000   217      238.0000       49.0000  1127634   79.41%
   1283   735       57.0000   203      238.0000       49.0000  1129760   79.41%
Elapsed time = 2102.96 sec. (3610335.75 ticks, tree = 89.29 MB, solutions = 2)
   1292   737       60.0000   188      238.0000       49.0000  1132804   79.41%
   1298   742       60.0000   190      238.0000       49.0000  1132924   79.41%
   1314   746       92.0000   145      238.0000       49.0000  1134051   79.41%
   1346   755      168.0000   134      238.0000       49.0000  1134323   79.41%
   1379   760       49.0000   245      238.0000       49.0000  1135515   79.41%
   1381   760       49.0000   224      238.0000       49.0000  1140076   79.41%
   1384   762       49.0000   239      238.0000       49.0000  1145025   79.41%
   1387   765       49.0000   247      238.0000       49.0000  1146854   79.41%
   1391   764       49.1759   293      238.0000       49.0000  1154392   79.41%
   1394   765       50.0000   335      238.0000       49.0000  1158611   79.41%
Elapsed time = 2177.77 sec. (3733988.68 ticks, tree = 93.03 MB, solutions = 2)
   1396   766       50.0000   313      238.0000       49.0000  1171186   79.41%
   1398   768       50.0000   288      238.0000       49.0000  1171289   79.41%
   1399   768       50.0000   299      238.0000       49.0000  1187126   79.41%
   1403   771       50.0000   307      238.0000       49.0000  1193438   79.41%
   1404   772       50.0000   324      238.0000       49.0000  1197388   79.41%
   1407   774       50.0000   297      238.0000       49.0000  1201272   79.41%
   1409   775       50.0000   287      238.0000       49.0000  1207180   79.41%
   1410   774       50.5305   308      238.0000       49.0000  1218050   79.41%
   1413   774       51.0000   331      238.0000       49.0000  1219324   79.41%
   1415   773       54.1695   327      238.0000       49.0000  1231831   79.41%
Elapsed time = 2249.24 sec. (3861467.99 ticks, tree = 93.96 MB, solutions = 2)
   1417   773       51.0000   265      238.0000       49.0000  1239240   79.41%
   1420   775       51.0000   278      238.0000       49.0000  1243786   79.41%
   1423   776       51.0000   285      238.0000       49.0000  1245709   79.41%
   1426   778       51.0000   260      238.0000       49.0000  1251318   79.41%
   1428   778       51.8051   256      238.0000       49.0000  1254453   79.41%
   1432   780       51.0000   257      238.0000       49.0000  1258425   79.41%
   1435   782       51.0000   263      238.0000       49.0000  1260485   79.41%
   1437   782       51.8051   309      238.0000       49.0000  1263680   79.41%
   1438   782       51.0000   255      238.0000       49.0000  1263898   79.41%
   1443   787       51.0000   295      238.0000       49.0000  1266132   79.41%
Elapsed time = 2286.48 sec. (3926043.32 ticks, tree = 95.64 MB, solutions = 2)
   1446   789       51.0000   252      238.0000       49.0000  1268976   79.41%
   1454   791       51.0000   217      238.0000       49.0000  1271905   79.41%
   1458   793       51.0000   206      238.0000       49.0000  1274663   79.41%
   1460   793       53.1017   219      238.0000       49.0000  1279830   79.41%
   1474   797       85.0000   191      238.0000       49.0000  1280354   79.41%
   1487   797      126.0000   191      238.0000       49.0000  1280547   79.41%
   1504   803      143.0000   193      238.0000       49.0000  1281010   79.41%
   1521   809      177.0000   194      238.0000       49.0000  1281632   79.41%
   1541   818      177.0000   121      238.0000       49.0000  1282160   79.41%
   1585   829      179.0000   119      238.0000       49.0000  1282660   79.41%
Elapsed time = 2314.91 sec. (3969261.89 ticks, tree = 101.02 MB, solutions = 2)
   1600   829       57.2034   285      238.0000       49.0000  1292475   79.41%
   1604   832       58.0000   277      238.0000       49.0000  1307694   79.41%
   1610   835       58.0000   318      238.0000       49.0000  1307970   79.41%
   1617   840       58.0000   256      238.0000       49.0000  1315988   79.41%
   1618   840       58.0000   296      238.0000       49.0000  1317641   79.41%
   1621   840       58.0000   282      238.0000       49.0000  1330673   79.41%
   1623   842       58.0000   289      238.0000       49.0000  1346888   79.41%
   1625   844       58.0000   256      238.0000       49.0000  1357556   79.41%
   1627   844       58.0000   268      238.0000       49.0000  1374981   79.41%
   1629   846       58.0000   333      238.0000       49.0000  1376197   79.41%
Elapsed time = 2413.13 sec. (4134063.94 ticks, tree = 103.06 MB, solutions = 2)
   1630   846       58.0000   274      238.0000       49.0000  1389734   79.41%
   1631   846       58.0000   319      238.0000       49.0000  1396231   79.41%
   1637   849       95.0000   301      238.0000       49.0000  1404322   79.41%
   1638   850       95.0000   310      238.0000       49.0000  1404358   79.41%
   1646   854       95.0000   257      238.0000       49.0000  1404498   79.41%
   1651   858       95.0000   347      238.0000       49.0000  1405503   79.41%
   1658   859       95.0000   342      238.0000       49.0000  1406323   79.41%
   1665   864       95.0000   334      238.0000       49.0000  1406834   79.41%
   1679   875       95.0000   311      238.0000       49.0000  1407129   79.41%
   1693   881       95.0000   271      238.0000       49.0000  1407596   79.41%
Elapsed time = 2473.01 sec. (4226377.82 ticks, tree = 107.32 MB, solutions = 2)
   1708   890       95.0000   232      238.0000       49.0000  1408151   79.41%
   1718   895       95.0000   258      238.0000       49.0000  1408387   79.41%
   1735   906       95.0000   237      238.0000       49.0000  1408805   79.41%
   1755   922      114.0000   131      238.0000       49.0000  1409387   79.41%
   1800   954       49.0000   223      238.0000       49.0000  1409971   79.41%
   1802   956       49.0000   256      238.0000       49.0000  1412688   79.41%
   1804   958       49.0000   268      238.0000       49.0000  1424191   79.41%
   1806   960       49.0000   237      238.0000       49.0000  1429422   79.41%
   1808   962       49.0000   218      238.0000       49.0000  1433238   79.41%
   1811   965       49.0000   303      238.0000       49.0000  1443650   79.41%
Elapsed time = 2535.33 sec. (4335273.25 ticks, tree = 117.78 MB, solutions = 2)
   1813   967       49.0000   225      238.0000       49.0000  1448142   79.41%
   1814   967       49.1718   231      238.0000       49.0000  1454679   79.41%
   1818   971       50.0000   273      238.0000       49.0000  1460034   79.41%
   1820   973       50.0000   282      238.0000       49.0000  1464904   79.41%
   1821   974       50.0000   257      238.0000       49.0000  1468647   79.41%
   1824   977       50.0000   314      238.0000       49.0000  1478507   79.41%
   1825   978       50.0000   396      238.0000       49.0000  1489088   79.41%
   1826   979       50.0000   342      238.0000       49.0000  1493452   79.41%
   1829   982       50.0000   330      238.0000       49.0000  1495025   79.41%
   1830   982       50.0248   322      238.0000       49.0000  1499336   79.41%
Elapsed time = 2590.06 sec. (4437256.11 ticks, tree = 119.91 MB, solutions = 2)
   1837   987       55.0000   282      238.0000       49.0000  1500035   79.41%
   1843   993       55.0000   341      238.0000       49.0000  1500544   79.41%
   1848   998       55.0000   369      238.0000       49.0000  1515266   79.41%
   1854  1004       55.0000   349      238.0000       49.0000  1516231   79.41%
   1855  1005       55.0000   283      238.0000       49.0000  1524547   79.41%
   1857  1007       55.0000   315      238.0000       49.0000  1526304   79.41%
   1864  1013       55.0000   286      238.0000       49.0000  1531835   79.41%
   1869  1018       55.0000   226      238.0000       49.0000  1535068   79.41%
   1870  1019       55.0000   272      238.0000       49.0000  1542226   79.41%
   1871  1020       55.0000   271      238.0000       49.0000  1542348   79.41%
Elapsed time = 2655.85 sec. (4532506.53 ticks, tree = 124.33 MB, solutions = 2)
   1877  1026       95.0000   263      238.0000       49.0000  1543221   79.41%
   1878  1027       95.0000   278      238.0000       49.0000  1543259   79.41%
   1892  1041       95.0000   294      238.0000       49.0000  1543502   79.41%
   1905  1051       95.0000   259      238.0000       49.0000  1543868   79.41%
   1914  1059       95.0000   232      238.0000       49.0000  1548806   79.41%
   1919  1063       95.0000   222      238.0000       49.0000  1549954   79.41%
   1935  1078       95.0000   272      238.0000       49.0000  1550339   79.41%
   1954  1089       99.0000   180      238.0000       49.0000  1550924   79.41%
   1998  1126      107.0000   162      238.0000       49.0000  1551487   79.41%
   2000  1128       49.0000   220      238.0000       49.0000  1554679   79.41%
Elapsed time = 2736.45 sec. (4651384.61 ticks, tree = 137.66 MB, solutions = 2)
   2001  1129       49.0000   238      238.0000       49.0000  1558774   79.41%
   2006  1134       49.0000   252      238.0000       49.0000  1562422   79.41%
   2007  1135       49.0000   268      238.0000       49.0000  1564743   79.41%
   2009  1137       49.0000   255      238.0000       49.0000  1567768   79.41%
   2012  1140       49.0000   236      238.0000       49.0000  1570664   79.41%
   2013  1140       49.2157   470      238.0000       49.0000  1574725   79.41%
   2015  1142       50.0000   276      238.0000       49.0000  1580533   79.41%
   2024  1151       50.0000   293      238.0000       49.0000  1583990   79.41%
   2034  1161       50.0000   301      238.0000       49.0000  1585229   79.41%
   2036  1163       50.0000   275      238.0000       49.0000  1588647   79.41%
Elapsed time = 2773.56 sec. (4718593.28 ticks, tree = 141.83 MB, solutions = 2)
   2042  1168       50.0923   299      238.0000       49.0000  1596605   79.41%
   2046  1172       51.0000   263      238.0000       49.0000  1599212   79.41%
   2048  1174       51.0000   272      238.0000       49.0000  1601498   79.41%
   2053  1179       51.0000   253      238.0000       49.0000  1602819   79.41%
   2059  1185       51.0000   273      238.0000       49.0000  1603898   79.41%
   2062  1188       51.0000   295      238.0000       49.0000  1605631   79.41%
   2066  1192       51.0000   270      238.0000       49.0000  1608037   79.41%
   2071  1197       51.0000   247      238.0000       49.0000  1609312   79.41%
   2073  1199       51.0000   278      238.0000       49.0000  1616680   79.41%
   2081  1207       51.0000   267      238.0000       49.0000  1622672   79.41%
Elapsed time = 2810.00 sec. (4782425.66 ticks, tree = 147.09 MB, solutions = 2)
   2083  1209       51.0000   262      238.0000       49.0000  1625206   79.41%
   2085  1211       51.0000   249      238.0000       49.0000  1628422   79.41%
   2088  1214       51.0000   262      238.0000       49.0000  1633048   79.41%
   2090  1216       51.0000   309      238.0000       49.0000  1635337   79.41%
   2092  1217       51.0402   288      238.0000       49.0000  1638094   79.41%
   2097  1221       52.0000   260      238.0000       49.0000  1646396   79.41%
   2100  1224       52.0000   266      238.0000       49.0000  1652637   79.41%
   2102  1225       52.0722   354      238.0000       49.0000  1658184   79.41%
   2105  1228       53.0000   267      238.0000       49.0000  1664286   79.41%
   2106  1229       53.0000   292      238.0000       49.0000  1667561   79.41%
Elapsed time = 2851.98 sec. (4856905.99 ticks, tree = 149.73 MB, solutions = 2)
   2109  1232       53.0000   285      238.0000       49.0000  1671627   79.41%
   2111  1234       53.0000   303      238.0000       49.0000  1674538   79.41%
   2112  1235       53.0000   271      238.0000       49.0000  1678388   79.41%
   2113  1235       53.0220   382      238.0000       49.0000  1681995   79.41%
   2115  1237       54.0000   268      238.0000       49.0000  1687185   79.41%
   2118  1240       54.0000   252      238.0000       49.0000  1689420   79.41%
   2119  1241       54.0000   258      238.0000       49.0000  1691757   79.41%
   2124  1246       54.0000   243      238.0000       49.0000  1693665   79.41%
   2129  1251       54.0000   252      238.0000       49.0000  1698412   79.41%
   2133  1255       54.0000   202      238.0000       49.0000  1701527   79.41%
Elapsed time = 2885.21 sec. (4915353.15 ticks, tree = 152.85 MB, solutions = 2)
   2137  1256       55.0000   309      238.0000       49.0000  1704359   79.41%
   2147  1265       55.0000   242      238.0000       49.0000  1705365   79.41%
   2152  1270       55.0000   209      238.0000       49.0000  1707872   79.41%
   2154  1271       64.1356   226      238.0000       49.0000  1712578   79.41%
   2159  1275       67.0678   224      238.0000       49.0000  1721725   79.41%
   2160  1275       69.1356   229      238.0000       49.0000  1732074   79.41%
   2168  1283       70.0000   343      238.0000       49.0000  1733463   79.41%
   2171  1286       70.0000   231      238.0000       49.0000  1739141   79.41%
   2182  1296       70.0000   262      238.0000       49.0000  1740317   79.41%
   2189  1301       91.0000   225      238.0000       49.0000  1741906   79.41%
Elapsed time = 2933.23 sec. (4979166.90 ticks, tree = 158.46 MB, solutions = 2)
   2198  1309      100.0000   191      238.0000       49.0000  1742117   79.41%
   2200  1310       49.0935   388      238.0000       49.0000  1753537   79.41%
   2203  1313       50.0000   303      238.0000       49.0000  1758768   79.41%
   2205  1315       50.0000   322      238.0000       49.0000  1760388   79.41%
   2207  1317       50.0000   285      238.0000       49.0000  1765250   79.41%
   2210  1320       50.0000   308      238.0000       49.0000  1770812   79.41%
   2214  1324       50.0000   298      238.0000       49.0000  1774310   79.41%
   2216  1326       50.0000   346      238.0000       49.0000  1782197   79.41%
   2221  1330       50.1642   288      238.0000       49.0000  1790967   79.41%
   2229  1338       51.0000   345      238.0000       49.0000  1792009   79.41%
Elapsed time = 3011.81 sec. (5118802.40 ticks, tree = 162.91 MB, solutions = 2)
   2230  1339       51.0000   287      238.0000       49.0000  1808015   79.41%
   2232  1341       51.0000   277      238.0000       49.0000  1812866   79.41%
   2234  1343       51.0000   301      238.0000       49.0000  1816909   79.41%
   2237  1346       51.0000   287      238.0000       49.0000  1818239   79.41%
   2239  1348       51.0000   307      238.0000       49.0000  1832947   79.41%
   2242  1351       51.0000   284      238.0000       49.0000  1835834   79.41%
   2243  1352       51.0000   288      238.0000       49.0000  1846080   79.41%
   2247  1356       51.0000   303      238.0000       49.0000  1848824   79.41%
   2249  1358       51.0000   281      238.0000       49.0000  1857906   79.41%
   2253  1362       51.0000   337      238.0000       49.0000  1866650   79.41%
Elapsed time = 3090.98 sec. (5260032.16 ticks, tree = 165.77 MB, solutions = 2)
   2254  1362       51.0368   317      238.0000       49.0000  1886804   79.41%
   2257  1365       52.0000   322      238.0000       49.0000  1906536   79.41%
   2258  1366       52.0000   318      238.0000       49.0000  1922537   79.41%
   2261  1369       52.0000   285      238.0000       49.0000  1930205   79.41%
   2265  1373       52.0000   286      238.0000       49.0000  1933986   79.41%
   2267  1374       52.4284   302      238.0000       49.0000  1939905   79.41%
   2270  1377       53.0000   255      238.0000       49.0000  1953109   79.41%
   2271  1378       53.0000   253      238.0000       49.0000  1953175   79.41%
   2272  1379       53.0000   287      238.0000       49.0000  1966957   79.41%
   2275  1382       53.0000   261      238.0000       49.0000  1968801   79.41%
Elapsed time = 3218.18 sec. (5455322.68 ticks, tree = 168.17 MB, solutions = 2)
   2276  1383       53.0000   272      238.0000       49.0000  1975740   79.41%
   2277  1384       53.0000   275      238.0000       49.0000  1978777   79.41%
   2278  1384       53.6217   273      238.0000       49.0000  1982847   79.41%
   2280  1386       54.0000   322      238.0000       49.0000  1985034   79.41%
   2282  1388       54.0000   271      238.0000       49.0000  1989231   79.41%
   2283  1388       54.1402   213      238.0000       49.0000  1991894   79.41%
   2286  1391       55.0000   288      238.0000       49.0000  1998779   79.41%
   2292  1397       55.0000   236      238.0000       49.0000  2008376   79.41%
   2293  1398       55.0000   266      238.0000       49.0000  2012082   79.41%
   2297  1402       55.0000   224      238.0000       49.0000  2014545   79.41%
Elapsed time = 3262.50 sec. (5534954.51 ticks, tree = 170.57 MB, solutions = 2)
   2300  1405       55.0000   247      238.0000       49.0000  2018552   79.41%
   2301  1406       55.0000   208      238.0000       49.0000  2022115   79.41%
   2308  1412       55.0000   219      238.0000       49.0000  2023940   79.41%
   2313  1416       56.0000   190      238.0000       49.0000  2026475   79.41%
   2316  1418       58.3898   266      238.0000       49.0000  2032605   79.41%
   2323  1425       59.0000   240      238.0000       49.0000  2036867   79.41%
   2325  1427       59.0000   217      238.0000       49.0000  2040426   79.41%
   2327  1429       59.0000   226      238.0000       49.0000  2044192   79.41%
   2334  1436       59.0000   210      238.0000       49.0000  2047520   79.41%
   2337  1438       60.2034   191      238.0000       49.0000  2053262   79.41%
Elapsed time = 3295.12 sec. (5586211.48 ticks, tree = 175.08 MB, solutions = 2)
   2344  1443       73.9076   212      238.0000       49.0000  2057266   79.41%
   2346  1444       75.0000   168      238.0000       49.0000  2069139   79.41%
   2355  1450       76.0932   166      238.0000       49.0000  2074959   79.41%
   2362  1457       77.0000   179      238.0000       49.0000  2078249   79.41%
   2373  1465      159.0000   122      238.0000       49.0000  2080880   79.41%
   2400  1484       49.2271   259      238.0000       49.0000  2088645   79.41%
   2402  1486       50.0000   277      238.0000       49.0000  2098229   79.41%
   2403  1487       50.0000   292      238.0000       49.0000  2110401   79.41%
   2405  1489       50.0000   303      238.0000       49.0000  2115855   79.41%
   2409  1493       50.0000   293      238.0000       49.0000  2123324   79.41%
Elapsed time = 3356.71 sec. (5688505.39 ticks, tree = 181.79 MB, solutions = 2)
   2411  1495       50.0000   271      238.0000       49.0000  2125590   79.41%
   2413  1497       50.0000   243      238.0000       49.0000  2130208   79.41%
   2416  1500       50.0000   273      238.0000       49.0000  2136173   79.41%
   2418  1501       50.0883   241      238.0000       49.0000  2142341   79.41%
   2420  1503       50.0000   241      238.0000       49.0000  2145474   79.41%
   2423  1504       51.0000   244      238.0000       49.0000  2147267   79.41%
   2428  1509       62.0000   388      238.0000       49.0000  2160552   79.41%
   2430  1511       51.0000   277      238.0000       49.0000  2167530   79.41%
   2433  1514       51.0000   283      238.0000       49.0000  2169878   79.41%
   2436  1517       51.0000   303      238.0000       49.0000  2172377   79.41%
Elapsed time = 3404.04 sec. (5773264.81 ticks, tree = 184.66 MB, solutions = 2)
   2438  1519       51.0000   274      238.0000       49.0000  2176622   79.41%
   2440  1520       57.7458   241      238.0000       49.0000  2182796   79.41%
   2445  1525       51.0000   267      238.0000       49.0000  2188699   79.41%
   2449  1529       51.0000   256      238.0000       49.0000  2198106   79.41%
   2452  1532       51.0000   249      238.0000       49.0000  2203661   79.41%
   2457  1537       51.0000   254      238.0000       49.0000  2207856   79.41%
   2464  1544       51.0000   302      238.0000       49.0000  2209061   79.41%
   2467  1547       51.0000   329      238.0000       49.0000  2218632   79.41%
   2471  1551       51.0000   249      238.0000       49.0000  2220954   79.41%
   2474  1553       51.0626   283      238.0000       49.0000  2225055   79.41%
Elapsed time = 3452.91 sec. (5860314.17 ticks, tree = 189.11 MB, solutions = 2)
   2476  1555       52.0000   297      238.0000       49.0000  2228338   79.41%
   2478  1557       52.0000   284      238.0000       49.0000  2234269   79.41%
   2480  1559       52.0000   340      238.0000       49.0000  2236506   79.41%
   2481  1559       52.0079   302      238.0000       49.0000  2239388   79.41%
   2483  1560       52.1057   408      238.0000       49.0000  2244956   79.41%
   2486  1563       53.0000   271      238.0000       49.0000  2255754   79.41%
   2488  1564       58.3559   303      238.0000       49.0000  2260522   79.41%
   2493  1569       53.0000   273      238.0000       49.0000  2262454   79.41%
   2495  1571       53.0000   254      238.0000       49.0000  2266399   79.41%
*  2498+ 1535                          211.0000       49.0000            76.78%
   2499  1538       53.0000   258      211.0000       49.0000  2269227   76.78%
Elapsed time = 3490.17 sec. (5924979.74 ticks, tree = 186.88 MB, solutions = 3)
   2500  1539       53.0000   231      211.0000       49.0000  2273709   76.78%
   2502  1540       53.3546   220      211.0000       49.0000  2278088   76.78%
   2514  1551       66.0000   206      211.0000       49.0000  2278734   76.78%
   2518  1555       66.0000   243      211.0000       49.0000  2283294   76.78%
   2527  1562       71.5424   288      211.0000       49.0000  2288365   76.78%
   2536  1571       66.0000   243      211.0000       49.0000  2297749   76.78%
   2542  1576       73.5424   304      211.0000       49.0000  2304881   76.78%
   2547  1580       66.0000   245      211.0000       49.0000  2308670   76.78%
   2549  1582       66.0000   188      211.0000       49.0000  2312257   76.78%
   2558  1591       66.0000   274      211.0000       49.0000  2317303   76.78%
Elapsed time = 3533.29 sec. (5989985.50 ticks, tree = 193.47 MB, solutions = 3)
   2564  1594       67.4407   232      211.0000       49.0000  2329307   76.78%
   2566  1595       66.0000   223      211.0000       49.0000  2333796   76.78%
   2573  1600       66.8305   215      211.0000       49.0000  2338720   76.78%
   2581  1608       66.0000   231      211.0000       49.0000  2340601   76.78%
   2588  1615       66.0000   250      211.0000       49.0000  2343326   76.78%
   2593  1620       66.0000   234      211.0000       49.0000  2346854   76.78%
   2597  1624       66.0000   193      211.0000       49.0000  2351244   76.78%

GUB cover cuts applied:  1
Clique cuts applied:  15
Cover cuts applied:  14
Implied bound cuts applied:  1
Flow cuts applied:  2
Mixed integer rounding cuts applied:  47
Zero-half cuts applied:  59
Gomory fractional cuts applied:  3

Root node processing (before b&c):
  Real time             =  231.32 sec. (401910.53 ticks)
Sequential b&c:
  Real time             = 3368.70 sec. (5686123.00 ticks)
                          ------------
Total (root+branch&cut) = 3600.02 sec. (6088033.53 ticks)

Solution pool: 3 solutions saved.

MIP - Time limit exceeded, integer feasible:  Objective =  2.1100000000e+02
Current MIP best bound =  4.9000000000e+01 (gap = 162, 76.78%)
Solution time = 3600.02 sec.  Iterations = 2351885  Nodes = 2598 (1624)
Deterministic time = 6088033.81 ticks  (1691.11 ticks/sec)

CPLEX> Incumbent solution
Variable Name           Solution Value
y                           211.000000
x52                           1.000000
x5825                         1.000000
x11605                        1.000000
x17342                        1.000000
x23137                        1.000000
x28920                        1.000000
x34687                        1.000000
x40451                        1.000000
x46247                        1.000000
x52027                        1.000000
x57810                        1.000000
x63592                        1.000000
x69366                        1.000000
x75134                        1.000000
x80926                        1.000000
x86677                        1.000000
x92439                        1.000000
x4789                         1.000000
x10337                        1.000000
x15961                        1.000000
x18773                        1.000000
x24245                        1.000000
x33593                        1.000000
x40053                        1.000000
x45525                        1.000000
x47045                        1.000000
x54569                        1.000000
x60117                        1.000000
x63993                        1.000000
x72581                        1.000000
x77901                        1.000000
x85501                        1.000000
x87705                        1.000000
x95761                        1.000000
x26602                        1.000000
x28807                        1.000000
x7908                         1.000000
x42641                        1.000000
x23186                        1.000000
x67723                        1.000000
x94096                        1.000000
x73349                        1.000000
x36946                        1.000000
x15515                        1.000000
x49108                        1.000000
x80041                        1.000000
x90911                        1.000000
x23272                        1.000000
x26921                        1.000000
x33002                        1.000000
x19324                        1.000000
x28749                        1.000000
x9446                         1.000000
x61508                        1.000000
x30197                        1.000000
x24346                        1.000000
x18343                        1.000000
x8920                         1.000000
x11353                        1.000000
x43502                        1.000000
x59540                        1.000000
x80138                        1.000000
x55211                        1.000000
x28384                        1.000000
x76038                        1.000000
x41841                        1.000000
x7414                         1.000000
x69964                        1.000000
x97325                        1.000000
x28319                        1.000000
x24672                        1.000000
x25587                        1.000000
x31899                        1.000000
x89433                        1.000000
x35398                        1.000000
x12371                        1.000000
x28484                        1.000000
x6065                         1.000000
x34415                        1.000000
x3940                         1.000000
x93013                        1.000000
x77662                        1.000000
x78575                        1.000000
x40804                        1.000000
x25833                        1.000000
x27658                        1.000000
x26747                        1.000000
x39060                        1.000000
x30777                        1.000000
x7902                         1.000000
x25079                        1.000000
x23560                        1.000000
u2                           54.000000
u3                           57.000000
u4                            6.000000
u5                            8.000000
u6                           55.000000
u7                            1.000000
u8                            1.000000
u9                            2.000000
u10                           1.000000
u11                           1.000000
u12                           1.000000
u13                          56.000000
u15                          58.000000
u16                          58.000000
u17                           2.000000
u18                           3.000000
u20                          58.000000
u21                           5.000000
u22                           1.000000
u24                          56.000000
u25                           4.000000
u26                           3.000000
u27                          57.000000
u28                           3.000000
u29                           5.000000
u30                           2.000000
u32                          57.000000
u34                           2.000000
u35                          58.000000
u36                          12.000000
u37                          56.000000
u38                          58.000000
u41                           1.000000
u42                           2.000000
u44                          58.000000
u45                          58.000000
u47                          14.000000
u48                           7.000000
u51                           1.000000
u54                           1.000000
u55                           1.000000
u57                          57.000000
u58                          57.000000
u59                          58.000000
u60                          10.000000
u61                           7.000000
u63                          58.000000
u64                          58.000000
u65                           2.000000
u66                           3.000000
u67                           1.000000
u68                          58.000000
u69                          13.000000
u70                          11.000000
u71                           9.000000
u72                          58.000000
u73                           5.000000
u74                           4.000000
u75                           4.000000
u76                          56.000000
All other variables in the range 1-96976 are 0.
CPLEX> 