
Welcome to IBM(R) ILOG(R) CPLEX(R) Interactive Optimizer 12.7.1.0
  with Simplex, Mixed Integer & Barrier Optimizers
5725-A06 5725-A29 5724-Y48 5724-Y49 5724-Y54 5724-Y55 5655-Y21
Copyright IBM Corp. 1988, 2017.  All Rights Reserved.

Type 'help' for a list of available commands.
Type 'help' followed by a command name for more
information on commands.

CPLEX> New value for default parallel thread count: 1
CPLEX> New value for time limit in seconds: 3600
CPLEX> Problem 'bays29_m2.lp' read.
Read time = 0.01 sec. (0.22 ticks)
CPLEX> CPXPARAM_TimeLimit                               3600
CPXPARAM_Threads                                 1
CPXPARAM_Read_APIEncoding                        "UTF-8"
Tried aggregator 1 time.
Reduced MIP has 874 rows, 1653 columns, and 11034 nonzeros.
Reduced MIP has 1624 binaries, 28 generals, 0 SOSs, and 0 indicators.
Presolve time = 0.01 sec. (4.88 ticks)
Probing time = 0.00 sec. (2.98 ticks)
Cover probing fixed 0 vars, tightened 1 bounds.
Tried aggregator 1 time.
Reduced MIP has 874 rows, 1653 columns, and 11034 nonzeros.
Reduced MIP has 1624 binaries, 29 generals, 0 SOSs, and 0 indicators.
Presolve time = 0.01 sec. (6.59 ticks)
Probing time = 0.00 sec. (3.16 ticks)
Clique table members: 5627.
MIP emphasis: balance optimality and feasibility.
MIP search method: dynamic search.
Parallel mode: none, using 1 thread.
Root relaxation solution time = 0.01 sec. (8.07 ticks)

        Nodes                                         Cuts/
   Node  Left     Objective  IInf  Best Integer    Best Bound    ItCnt     Gap

      0     0      929.9630    62                    929.9630      237         
      0     0      995.0000    83                   Cuts: 107      830         
      0     0      995.0000    71                    Cuts: 45      877         
      0     0      995.0000    74                    Cuts: 12      886         
      0     0      995.0000    79                     Cuts: 9      893         
      0     2      995.0000    79                    995.0000      893         
Elapsed time = 0.56 sec. (788.26 ticks, tree = 0.01 MB, solutions = 0)
*    92    68      integral     0     2077.0000      995.0998     2564   52.09%
*   168   117      integral     0     2023.0000      995.0998     3328   50.81%
    188   136     1024.2222    50     2023.0000      995.2293     3733   50.80%
*   297   230      integral     0     2006.0000      995.2293     4757   50.39%
*   397+  298                         1846.0000      995.6217            46.07%
    418   319     1210.7222    59     1846.0000      995.6217     6480   46.07%
    670   529      997.2655    63     1846.0000      996.5000     9526   46.02%
*   834   672      integral     0     1810.0000      996.5395    11390   44.94%
    928   758     1078.3994    62     1810.0000      996.6416    12784   44.94%
*   989   727      integral     0     1698.0000      996.6416    13778   41.30%
*  1099+  549                         1633.0000     1025.2500            37.22%
*  1099+  365                         1588.0000     1025.2500            35.44%
   1099   366     1026.0000    42     1588.0000     1026.0000    18047   35.39%
   1103   367     1027.0000    63     1588.0000     1026.0000    18576   35.39%
   1108   368     1028.0000    80     1588.0000     1026.0000    18935   35.39%
   1121   369     1052.0000    84     1588.0000     1026.0000    19440   35.39%
   1142   377     1075.0000    65     1588.0000     1026.0000    19889   35.39%
   1363   410     1437.0000    31     1588.0000     1026.0000    23455   35.39%
Elapsed time = 4.95 sec. (6831.32 ticks, tree = 1.79 MB, solutions = 8)
   1619   518     1072.7778    81     1588.0000     1026.0494    28066   35.39%
   1922   663     1164.9259    78     1588.0000     1026.6296    31754   35.35%
   2488  1181     1401.5465    43     1588.0000     1026.9770    36822   35.33%
   3085  1738     1119.0741    35     1588.0000     1027.0000    43011   35.33%
   3669  2283     1242.3883    53     1588.0000     1027.0000    49011   35.33%
   4417  3008     1318.9815    53     1588.0000     1027.0000    54972   35.33%
   5049  3622     1188.6872    37     1588.0000     1027.0000    62177   35.33%
   5800  4361     1166.3425    82     1588.0000     1027.4083    68539   35.30%
   6651  5187     1295.0874    62     1588.0000     1027.7728    75008   35.28%
*  6699+ 5228                         1586.0000     1027.7728            35.20%
   7490  6008     1405.1421    69     1586.0000     1028.1343    81821   35.17%
Elapsed time = 11.17 sec. (16394.41 ticks, tree = 34.98 MB, solutions = 9)
   8378  6885     1285.0699    74     1586.0000     1029.3215    87352   35.10%
   9484  7981     1110.0407    86     1586.0000     1029.4934    93791   35.09%
  10504  8983     1050.2500    90     1586.0000     1029.9987   100225   35.06%
  10819  9298     1191.6239    68     1586.0000     1030.0000   102885   35.06%
* 11268  9648      integral     0     1529.0000     1030.0000   106549   32.64%
  11269  9649     1039.1295    88     1529.0000     1030.0051   107379   32.64%
  12232 10587     1332.2963    36     1529.0000     1030.2479   115273   32.62%
  13099 11446     1107.0347    96     1529.0000     1030.5625   121462   32.60%
  14384 12709     1066.2500    82     1529.0000     1031.0698   129291   32.57%
  15827 14142     1079.3827    82     1529.0000     1031.5000   136990   32.54%
  17055 15339     1075.6599    82     1529.0000     1031.7593   145256   32.52%
Elapsed time = 18.48 sec. (27108.46 ticks, tree = 126.96 MB, solutions = 10)
  18301 16575     1032.0000    92     1529.0000     1032.0000   153666   32.50%
  19301 17563     1033.2675    53     1529.0000     1032.0000   161511   32.50%
  20423 18657     1075.7077    94     1529.0000     1032.1481   169093   32.50%
  21501 19723     1035.6486    52     1529.0000     1032.1481   176631   32.50%
  22588 20788     1117.2394    49     1529.0000     1032.4074   183874   32.48%
  23703 21893     1038.2286    57     1529.0000     1032.7315   191832   32.46%
  24834 23007     1121.4833    81     1529.0000     1032.9695   200276   32.44%
  25871 24031     1125.4381    41     1529.0000     1033.2456   207778   32.42%
  26901 25043     1037.2446    83     1529.0000     1033.4664   215306   32.41%
  27880 26001     1432.5656    51     1529.0000     1033.6157   222001   32.40%
Elapsed time = 25.09 sec. (36765.91 ticks, tree = 152.58 MB, solutions = 10)
  28987 27085     1299.2764    58     1529.0000     1033.7057   231048   32.39%
  30000 28079     1059.8203    92     1529.0000     1033.9617   238813   32.38%
* 30099+27258                         1419.0000     1033.9617            27.13%
  30099 27260     1103.3981    92     1419.0000     1033.9617   239454   27.13%
  31117 28272     1269.7764    26     1419.0000     1034.0890   247273   27.13%
  32266 29403     1239.8813    69     1419.0000     1034.4728   254746   27.10%
  33379 30485     1036.8086    79     1419.0000     1034.7500   263088   27.08%
  34435 31507     1097.0135    76     1419.0000     1034.8766   270792   27.07%
  35401 32447     1205.4069    56     1419.0000     1035.0000   278437   27.06%
  36169 33188     1068.2988    96     1419.0000     1035.0000   285174   27.06%
  37199 34197     1071.8117    88     1419.0000     1035.0000   291473   27.06%
Elapsed time = 31.55 sec. (46364.82 ticks, tree = 156.08 MB, solutions = 11)
  37949 34910     1303.1729    70     1419.0000     1035.0000   299525   27.06%
  38701 35643     1042.1481    60     1419.0000     1035.0908   306891   27.05%
  39584 36497     1292.2029    60     1419.0000     1035.2500   314568   27.04%
  40287 37184     1085.5082    85     1419.0000     1035.3611   319751   27.04%
  41289 38155     1234.8998    74     1419.0000     1035.4899   326362   27.03%
  42234 39085     1065.9499    87     1419.0000     1035.6801   333579   27.01%
  43193 40017     1054.0935    91     1419.0000     1035.8148   340684   27.00%
  44146 40949     1217.4975    66     1419.0000     1035.9382   347758   27.00%
  45215 42002     1239.2768    37     1419.0000     1035.9947   354496   26.99%
  46163 42938     1151.5377    76     1419.0000     1036.0645   360757   26.99%
Elapsed time = 37.88 sec. (55932.48 ticks, tree = 164.34 MB, solutions = 11)
  47099 43846     1078.3049    90     1419.0000     1036.1389   367979   26.98%
  48128 44842     1156.2346    66     1419.0000     1036.2202   374973   26.98%
  49202 45884     1054.1599    71     1419.0000     1036.4215   382633   26.96%
  50191 46842     1053.5714    75     1419.0000     1036.6481   389245   26.95%
  51279 47895     1081.5446    77     1419.0000     1036.7274   395832   26.94%
* 51699+47304                         1381.0000     1036.7636            24.93%
  52153 47755     1191.8462    70     1381.0000     1036.7660   402760   24.93%
  53132 48704     1163.5556    49     1381.0000     1036.8417   409467   24.92%
  54000 49545     1187.7718    66     1381.0000     1036.9000   416018   24.92%
  55043 50558     1089.7546   105     1381.0000     1036.9193   423007   24.92%
  56028 51520     1131.2593    35     1381.0000     1037.0000   429573   24.91%
Elapsed time = 44.85 sec. (66347.38 ticks, tree = 168.98 MB, solutions = 12)
  56946 52418     1040.3907    48     1381.0000     1037.0000   436789   24.91%
  58013 53466     1139.5518    81     1381.0000     1037.1362   444379   24.90%
  58914 54358     1179.8296    42     1381.0000     1037.2529   450263   24.89%
  59866 55288     1191.8409    36     1381.0000     1037.2858   456941   24.89%
  60611 55996     1192.0318    64     1381.0000     1037.3278   462995   24.89%
  61499 56844     1364.0793    34     1381.0000     1037.3846   470239   24.88%
  62569 57889     1097.2607    99     1381.0000     1037.4631   476993   24.88%
  63441 58726     1081.6111    66     1381.0000     1037.5000   483779   24.87%
  64429 59683     1061.3646    80     1381.0000     1037.6300   491624   24.86%
  65524 60763     1216.3324    71     1381.0000     1037.6787   497794   24.86%
Elapsed time = 51.11 sec. (75938.40 ticks, tree = 177.93 MB, solutions = 12)
  66099 61309     1038.4142   114     1381.0000     1037.7227   501739   24.86%
  67117 62295     1086.3657    86     1381.0000     1037.7750   508937   24.85%
  68168 63326     1145.7778    59     1381.0000     1037.8260   516490   24.85%
  69280 64407     1062.8935    67     1381.0000     1037.8750   524110   24.85%
  70349 65439     1097.7792    85     1381.0000     1037.9167   532395   24.84%
  71355 66409     1070.4121    95     1381.0000     1037.9712   540712   24.84%
  72578 67598     1074.7397    92     1381.0000     1038.0000   549633   24.84%
  73625 68620     1136.3182    68     1381.0000     1038.1383   557698   24.83%
  74618 69571     1072.5667    99     1381.0000     1038.2500   565005   24.82%
  75491 70416     1250.0151    78     1381.0000     1038.2500   573239   24.82%
Elapsed time = 57.61 sec. (85768.17 ticks, tree = 190.15 MB, solutions = 12)
  76373 71261     1132.0615    69     1381.0000     1038.2500   580476   24.82%
  77500 72358     1280.8094    46     1381.0000     1038.2500   587687   24.82%
  78475 73299     1303.2222    66     1381.0000     1038.2963   595432   24.82%
  79399 74193     1109.1713    63     1381.0000     1038.3182   602527   24.81%
  80403 75177     1129.3508    46     1381.0000     1038.3816   610278   24.81%
  81439 76180     1344.4064    60     1381.0000     1038.4736   617956   24.80%
  82381 77094     1162.9648    43     1381.0000     1038.5000   624736   24.80%
  83336 78012     1129.4983    97     1381.0000     1038.5000   631685   24.80%
  84247 78895     1118.9998   101     1381.0000     1038.6168   638236   24.79%
  87930 82489     1129.7755    63     1381.0000     1038.7330   663980   24.78%
Elapsed time = 65.90 sec. (98181.17 ticks, tree = 201.91 MB, solutions = 12)
  92001 86437     1222.4948    61     1381.0000     1038.9148   694700   24.77%
  96099 90373     1115.1231    51     1381.0000     1039.1944   723598   24.75%
 100299 94407     1264.6157    81     1381.0000     1039.5000   758279   24.73%
 104099 98077     1075.1173    64     1381.0000     1039.7536   788543   24.71%
 108220 102060     1347.1111    50     1381.0000     1039.9707   818933   24.69%
*108417 90125      integral     0     1259.0000     1039.9782   820047   17.40%
 111511 93012     1246.3741    45     1259.0000     1040.2812   844341   17.37%
 114437 95718     1042.4864    75     1259.0000     1040.5920   871333   17.35%
 117964 99042     1102.2746    61     1259.0000     1040.9250   901886   17.32%
 121456 102321     1082.6453    43     1259.0000     1041.1333   931698   17.30%
*124412 99578      integral     0     1228.0000     1041.4444   959189   15.19%
*124414 99363      integral     0     1227.0000     1041.4444   959207   15.12%
*124514+97960                         1219.0000     1041.4724            14.56%
 124514 97962     1094.2643    79     1219.0000     1041.4724   960712   14.56%
Elapsed time = 91.39 sec. (136925.37 ticks, tree = 286.76 MB, solutions = 16)
 127950 101117     1152.2531    83     1219.0000     1041.7778   997079   14.54%
 131647 104616     1120.5592    57     1219.0000     1042.0000  1029901   14.52%
 134569 107301     1116.5656    62     1219.0000     1042.2599  1057954   14.50%
 136831 109370     1056.4660    64     1219.0000     1042.4864  1077517   14.48%
 140134 112388     1128.8722    81     1219.0000     1042.7500  1102377   14.46%
 143372 115389     1056.3234    84     1219.0000     1043.0185  1126463   14.44%
*144548 114736      integral     0     1211.0000     1043.0543  1136100   13.87%
 146079 116112     1113.9259    29     1211.0000     1043.2407  1149219   13.85%
*146099+113946                         1203.0000     1043.2683            13.28%
*147099+107538                         1185.0000     1043.3889            11.95%
*147099+104329                         1179.0000     1043.3889            11.50%
*147099+97015                         1168.0000     1043.3889            10.67%
 148785 98504     1051.2963    67     1168.0000     1043.6071  1174590   10.65%
 151572 101045     1107.5221    72     1168.0000     1043.8571  1198347   10.63%
 154785 103900     1106.0657    49     1168.0000     1044.2896  1231213   10.59%
Elapsed time = 116.82 sec. (175077.55 ticks, tree = 471.50 MB, solutions = 21)
 156651 105559     1026.0000    50     1168.0000     1044.6481  1253303   10.56%
 156967 94844     1033.2778    94     1168.0000     1044.6481  1258574   10.56%
 157690 92618     1059.1445    41     1168.0000     1044.6481  1263446   10.56%
 158828 90094     1071.3056    77     1168.0000     1044.6481  1277147   10.56%
 160485 88740     1139.5370    86     1168.0000     1044.6481  1294714   10.56%
 162150 88463     1105.7839    74     1168.0000     1044.6481  1310665   10.56%
 164275 88641     1049.2467    84     1168.0000     1044.6481  1328493   10.56%
 166140 88679     1061.0926    96     1168.0000     1044.6481  1351314   10.56%
 167633 88982     1103.0278    64     1168.0000     1044.6481  1366060   10.56%
 169285 89242     1131.8955    60     1168.0000     1044.6481  1386156   10.56%
Elapsed time = 143.53 sec. (214420.78 ticks, tree = 391.53 MB, solutions = 21)
 170854 89516     1062.5000    58     1168.0000     1044.6481  1405939   10.56%
 172602 90045     1057.3302    80     1168.0000     1044.6481  1422324   10.56%
 174322 90490     1097.2966    90     1168.0000     1044.6481  1441574   10.56%
 176136 91164     1109.9175    88     1168.0000     1044.6481  1459605   10.56%
 177895 91728     1053.4167    80     1168.0000     1044.6481  1478821   10.56%
 179975 92416     1129.9534    57     1168.0000     1044.6481  1503191   10.56%
 182112 93094        cutoff           1168.0000     1044.6481  1526362   10.56%
 184348 93947     1090.8849    71     1168.0000     1044.6481  1548844   10.56%
 186528 94754     1139.0743    66     1168.0000     1044.6481  1573801   10.56%
 188414 95418     1131.9815    19     1168.0000     1044.6481  1595277   10.56%
Elapsed time = 173.45 sec. (252651.20 ticks, tree = 409.59 MB, solutions = 21)
 190466 96085     1076.3333    58     1168.0000     1044.6481  1617670   10.56%
 192704 96901     1127.7311    36     1168.0000     1044.6481  1642395   10.56%
 194488 97355     1092.8405    75     1168.0000     1044.6481  1664952   10.56%
 196581 98204     1102.0841    88     1168.0000     1044.6481  1687331   10.56%
 198375 98970     1071.7578    69     1168.0000     1044.6481  1704951   10.56%
 200569 99797     1119.2927    67     1168.0000     1044.6481  1730684   10.56%
 202697 100583     1053.1222    64     1168.0000     1045.0000  1756784   10.53%
 204684 101334     1149.7947    69     1168.0000     1045.4498  1783672   10.49%
 206811 102100     1055.1525    88     1168.0000     1045.8460  1809287   10.46%
 208904 102929     1081.9883    73     1168.0000     1046.0963  1831033   10.44%
Elapsed time = 203.46 sec. (290812.86 ticks, tree = 433.31 MB, solutions = 21)
 211051 103703     1086.9236    78     1168.0000     1046.4588  1858904   10.41%
 212734 104247     1078.3237    97     1168.0000     1046.6667  1879297   10.39%
 214830 104996     1111.6667    89     1168.0000     1046.9005  1907184   10.37%
 216806 105653     1082.8979    37     1168.0000     1047.2006  1934663   10.34%
 218933 106385     1100.9907    85     1168.0000     1047.4488  1957850   10.32%
 221063 107220     1082.3889    85     1168.0000     1047.6975  1984096   10.30%
 223229 108097     1080.0454    65     1168.0000     1047.8969  2013257   10.28%
 225453 109013     1125.8111    82     1168.0000     1048.1667  2041712   10.26%
 227352 109856     1078.4506    65     1168.0000     1048.3511  2066200   10.24%
 229285 110576     1130.4840    67     1168.0000     1048.5656  2090319   10.23%
Elapsed time = 232.88 sec. (328967.39 ticks, tree = 437.49 MB, solutions = 21)
 231151 111317     1087.6439    93     1168.0000     1048.7919  2114292   10.21%
 233249 112095     1091.6425    96     1168.0000     1049.0223  2141396   10.19%
 234961 112743     1086.7785    40     1168.0000     1049.1644  2162640   10.17%
 237123 113607     1087.3251    85     1168.0000     1049.3483  2193605   10.16%
 239312 114484     1083.1896    80     1168.0000     1049.5145  2221019   10.14%
 241138 115166     1133.6204    92     1168.0000     1049.7318  2248392   10.13%
 243169 115982     1130.5435    79     1168.0000     1049.9021  2271119   10.11%
 245049 116683     1128.6974    86     1168.0000     1050.0634  2295686   10.10%
 247041 117407     1079.7287    95     1168.0000     1050.2500  2325427   10.08%
 248788 118057     1088.2500    81     1168.0000     1050.4495  2347633   10.06%
Elapsed time = 261.83 sec. (367137.56 ticks, tree = 436.25 MB, solutions = 21)
 250754 118828     1145.7287    44     1168.0000     1050.6294  2374448   10.05%
 252763 119639     1077.4497    84     1168.0000     1050.7956  2400751   10.03%
 254645 120313     1126.8029   100     1168.0000     1050.9316  2425571   10.02%
 256561 121051     1081.3183    75     1168.0000     1051.0794  2450532   10.01%
 258597 121772     1115.4800    61     1168.0000     1051.2778  2479144    9.99%
 260536 122554     1124.1817    91     1168.0000     1051.3731  2504557    9.99%
 262635 123312     1134.2804    70     1168.0000     1051.5444  2535804    9.97%
 264567 123945     1129.9764    77     1168.0000     1051.7481  2560990    9.95%
 266275 124510     1107.5753    81     1168.0000     1051.9512  2588759    9.94%
 268128 125128     1137.8048    73     1168.0000     1052.0797  2615100    9.92%
Elapsed time = 290.53 sec. (405291.35 ticks, tree = 422.54 MB, solutions = 21)
 269986 125709    infeasible           1168.0000     1052.2593  2643983    9.91%
 271949 126395    infeasible           1168.0000     1052.4247  2673768    9.90%
 273651 126996     1096.0660    84     1168.0000     1052.5595  2700213    9.88%
 275594 127586     1086.2778    75     1168.0000     1052.7500  2731754    9.87%
*276245 117258      integral     0     1158.0000     1052.7990  2740997    9.08%
*276345+108361                         1150.0000     1052.8333             8.45%
 277520 108723     1080.9702    99     1150.0000     1052.9521  2763294    8.44%
 279281 109295     1117.1636    78     1150.0000     1053.0926  2788615    8.43%
 280692 109734     1083.3433    96     1150.0000     1053.2000  2810986    8.42%
 282510 110202     1114.9575    80     1150.0000     1053.4748  2840208    8.39%
 284416 110744     1129.3657    78     1150.0000     1053.6964  2871589    8.37%
 286275 111288     1068.3561    66     1150.0000     1053.9010  2899215    8.36%
Elapsed time = 319.02 sec. (443482.88 ticks, tree = 330.68 MB, solutions = 23)
 288067 111854     1074.8714    73     1150.0000     1054.0723  2928904    8.34%
 289755 112294     1068.8807    72     1150.0000     1054.2549  2960357    8.33%
 291242 112683     1065.5518   110     1150.0000     1054.4292  2984830    8.31%
 293051 113109     1095.5675    31     1150.0000     1054.6420  3013180    8.29%
 294717 113573     1094.3333    70     1150.0000     1054.8328  3040717    8.28%
 296436 114037     1127.9640    78     1150.0000     1055.0357  3070512    8.26%
 298272 114634     1087.4056    43     1150.0000     1055.1876  3100080    8.24%
 300112 115068     1093.7818    82     1150.0000     1055.4112  3133036    8.23%
 301881 116312     1088.0156    77     1150.0000     1055.6029  3165749    8.21%
 303244 117325     1075.2246    77     1150.0000     1055.7437  3189158    8.20%
Elapsed time = 347.44 sec. (481655.26 ticks, tree = 323.04 MB, solutions = 23)
 304851 118557     1075.7697   100     1150.0000     1055.9334  3216165    8.18%
 306483 119721     1107.4251    92     1150.0000     1056.1272  3245154    8.16%
 308084 120830     1111.5641    47     1150.0000     1056.3708  3275080    8.14%
 309778 122056     1101.3051    63     1150.0000     1056.5370  3305168    8.13%
 311579 123346     1096.2561    64     1150.0000     1056.7778  3340273    8.11%
 313221 124592     1085.0484    82     1150.0000     1056.9704  3370465    8.09%
 315030 126026     1067.2000    66     1150.0000     1057.1501  3401317    8.07%
 316569 127139     1104.2305    69     1150.0000     1057.3551  3428127    8.06%
 318253 128334     1111.1294    62     1150.0000     1057.5435  3457601    8.04%
 319885 129479     1120.3923    43     1150.0000     1057.7706  3489317    8.02%
Elapsed time = 375.64 sec. (519818.48 ticks, tree = 332.59 MB, solutions = 23)
*321220 129372      integral     0     1148.0000     1057.9158  3513369    7.85%
*321651+128363                         1146.0000     1057.9629             7.68%
 321651 128365     1081.3945    69     1146.0000     1057.9629  3520882    7.68%
 323278 129559     1086.3878    74     1146.0000     1058.1413  3551889    7.67%
 324816 130568     1122.3537    79     1146.0000     1058.3889  3581717    7.64%
 326089 131418     1099.1499    31     1146.0000     1058.5633  3603885    7.63%
 327531 132391     1144.2556    83     1146.0000     1058.7831  3627943    7.61%
 329119 133607     1096.3217    96     1146.0000     1058.9289  3657162    7.60%
 330911 134907     1091.9878    67     1146.0000     1059.1043  3688811    7.58%
 332731 136181     1106.7646    62     1146.0000     1059.3052  3721569    7.56%
 334361 137314     1063.2553    42     1146.0000     1059.4705  3754836    7.55%
 336051 138533     1095.1931    86     1146.0000     1059.6472  3783957    7.54%
Elapsed time = 403.79 sec. (558288.03 ticks, tree = 369.34 MB, solutions = 25)
*336322 129484      integral     0     1136.0000     1059.6667  3788429    6.72%
 337593 130268     1086.1470    79     1136.0000     1059.8704  3816722    6.70%
 339128 131385     1116.4000    82     1136.0000     1060.0000  3844819    6.69%
 340581 132257     1106.2130    61     1136.0000     1060.1992  3876403    6.67%
 342205 133215     1106.3151    81     1136.0000     1060.4479  3908258    6.65%
 343693 134237     1081.4833    73     1136.0000     1060.5968  3933825    6.64%
 345194 135225     1080.3223    74     1136.0000     1060.8039  3958843    6.62%
 346798 136339     1129.1296    34     1136.0000     1060.9630  3987740    6.61%
 348335 137269     1072.4469    73     1136.0000     1061.1708  4018014    6.59%
 349905 138219     1080.4630    76     1136.0000     1061.3852  4050909    6.57%
 351445 139259     1122.7037    94     1136.0000     1061.5500  4081643    6.55%
Elapsed time = 432.03 sec. (596533.35 ticks, tree = 359.66 MB, solutions = 26)
 352777 139980     1076.3947    83     1136.0000     1061.7712  4107430    6.53%
 354259 140866     1128.2500    66     1136.0000     1061.9926  4136873    6.51%
 355696 141781     1125.4815    25     1136.0000     1062.1692  4165747    6.50%
 357284 142775     1070.6902    88     1136.0000     1062.3333  4197233    6.48%
 358896 143737     1088.9931    73     1136.0000     1062.5273  4231502    6.47%
 360527 144698     1129.7331    68     1136.0000     1062.7250  4265113    6.45%
 362179 145825        cutoff           1136.0000     1062.9000  4294448    6.43%
 363673 146755    infeasible           1136.0000     1063.0818  4324941    6.42%
 365139 147617     1095.5052    95     1136.0000     1063.2774  4354878    6.40%
 366583 148415     1090.4475    98     1136.0000     1063.4793  4385710    6.38%
Elapsed time = 460.06 sec. (634721.85 ticks, tree = 370.10 MB, solutions = 26)
 367984 149320     1102.1456    83     1136.0000     1063.6279  4412497    6.37%
 369550 150193     1103.2173    75     1136.0000     1063.8333  4445659    6.35%
 371207 151296     1133.9608    89     1136.0000     1063.9753  4475616    6.34%
 372676 152172     1132.7519    87     1136.0000     1064.1329  4507232    6.33%
 373974 152871    infeasible           1136.0000     1064.3287  4535782    6.31%
 375405 153737     1108.0000    37     1136.0000     1064.4938  4566133    6.29%
 376792 154492     1097.9304    67     1136.0000     1064.6515  4593248    6.28%
 378286 155350     1081.3361    92     1136.0000     1064.8700  4623486    6.26%
 379580 156110     1122.2142    74     1136.0000     1065.0061  4648930    6.25%
 381135 157077     1082.9117    82     1136.0000     1065.1535  4679652    6.24%
Elapsed time = 488.00 sec. (672896.87 ticks, tree = 386.71 MB, solutions = 26)
 382677 158099     1078.6050    73     1136.0000     1065.3000  4707940    6.22%
 384158 158975     1065.5578    95     1136.0000     1065.4631  4735898    6.21%
 385715 159864     1131.3106    41     1136.0000     1065.6667  4766890    6.19%
 387176 160756     1104.8952    60     1136.0000     1065.8023  4795558    6.18%
 388587 161630     1111.0000    30     1136.0000     1065.9444  4823477    6.17%
 390009 162586     1111.4273    57     1136.0000     1066.0516  4851883    6.16%
 391311 163347     1127.2670    53     1136.0000     1066.2040  4879535    6.14%
 392661 164012        cutoff           1136.0000     1066.4051  4908122    6.13%
 393982 164801     1077.3698    79     1136.0000     1066.5211  4939860    6.12%
 395430 165662     1114.2583    61     1136.0000     1066.6996  4968469    6.10%
Elapsed time = 516.32 sec. (711083.26 ticks, tree = 403.76 MB, solutions = 26)
 396803 166487        cutoff           1136.0000     1066.8298  4997292    6.09%
 398435 167518     1088.8042    85     1136.0000     1066.9804  5030557    6.08%
 400004 168434     1116.6522    79     1136.0000     1067.1622  5061318    6.06%
 401646 169402     1100.7684    64     1136.0000     1067.3434  5095436    6.04%
 403085 170171     1096.6580    68     1136.0000     1067.5201  5125814    6.03%
 404644 171119     1105.8714    42     1136.0000     1067.6822  5156605    6.01%
 406194 172085     1131.2362    89     1136.0000     1067.8571  5190127    6.00%
*407335 167064      integral     0     1132.0000     1067.9879  5214916    5.65%
 407851 167394     1075.5530    85     1132.0000     1068.0265  5224128    5.65%
 409473 168384     1091.9634    73     1132.0000     1068.2108  5257516    5.64%
 410977 169186     1097.9529    85     1132.0000     1068.4012  5291424    5.62%
Elapsed time = 543.10 sec. (749245.79 ticks, tree = 406.73 MB, solutions = 27)
 412382 169955     1072.6728    74     1132.0000     1068.5089  5322088    5.61%
 413790 170747     1126.7642   103     1132.0000     1068.6667  5352770    5.59%
 415130 171495        cutoff           1132.0000     1068.7963  5381155    5.58%
*415651+164441                         1128.0000     1068.8333             5.25%
 416545 164967     1078.4971    75     1128.0000     1068.9204  5408818    5.24%
 417835 165540     1121.0133    82     1128.0000     1069.1052  5437136    5.22%
 419272 166208     1074.2083    77     1128.0000     1069.3118  5468735    5.20%
 420473 166819     1098.6841    91     1128.0000     1069.4296  5491993    5.19%
 421629 167349        cutoff           1128.0000     1069.5657  5518146    5.18%
 422760 167903        cutoff           1128.0000     1069.6848  5543228    5.17%
 424244 168631     1099.1263    60     1128.0000     1069.8285  5575930    5.16%
Elapsed time = 571.63 sec. (787448.48 ticks, tree = 403.77 MB, solutions = 28)
 425874 169393     1097.3422    81     1128.0000     1070.0000  5610531    5.14%
 427567 170131        cutoff           1128.0000     1070.1993  5647280    5.12%
 429145 171002     1122.6587    59     1128.0000     1070.3445  5680998    5.11%
 430718 171726     1124.8082    68     1128.0000     1070.5118  5715340    5.10%
 432120 172162     1096.0353    59     1128.0000     1070.7085  5750431    5.08%
 433544 172807        cutoff           1128.0000     1070.8657  5778851    5.07%
 435050 173366     1096.7704    71     1128.0000     1071.0600  5814346    5.05%
 436679 174081     1107.2757    70     1128.0000     1071.2745  5849352    5.03%
 438212 174757     1092.6015    99     1128.0000     1071.4444  5884044    5.01%
 439863 175501     1122.6111    61     1128.0000     1071.6217  5918664    5.00%
Elapsed time = 597.68 sec. (825618.83 ticks, tree = 413.78 MB, solutions = 28)
 441556 176298     1087.3214    76     1128.0000     1071.7778  5955395    4.98%
 443052 177017     1076.1662    52     1128.0000     1071.9074  5987539    4.97%
 444522 177738     1089.5000    62     1128.0000     1072.0364  6016727    4.96%
 446261 178672     1074.0338   102     1128.0000     1072.1780  6051395    4.95%
 447930 179499     1106.7593    73     1128.0000     1072.3424  6087886    4.93%
 449511 180171     1110.8019    72     1128.0000     1072.5028  6125942    4.92%
 451098 180940        cutoff           1128.0000     1072.6633  6158974    4.91%
 452651 181683     1092.8333    69     1128.0000     1072.7954  6191673    4.89%
*453508 177718      integral     0     1126.0000     1072.8781  6211073    4.72%
 454276 178030     1085.7633    48     1126.0000     1072.9889  6228442    4.71%
 455787 178665     1124.5790    61     1126.0000     1073.1467  6264476    4.69%
Elapsed time = 623.73 sec. (864023.52 ticks, tree = 413.79 MB, solutions = 29)
 457384 179279     1097.0278    49     1126.0000     1073.3276  6298101    4.68%
 459002 180079     1110.6407    64     1126.0000     1073.4539  6333244    4.67%
 460678 180952     1081.3438    94     1126.0000     1073.5725  6367973    4.66%
 462379 181720        cutoff           1126.0000     1073.7368  6402036    4.64%
 463919 182259     1120.4815    27     1126.0000     1073.8886  6439629    4.63%
 465535 183014        cutoff           1126.0000     1074.0173  6476197    4.62%
 467177 183707     1111.4871    85     1126.0000     1074.1893  6511154    4.60%
 468804 184393     1107.6250    89     1126.0000     1074.3426  6545780    4.59%
 470442 185090     1091.8333    63     1126.0000     1074.5000  6578821    4.57%
 471771 185597        cutoff           1126.0000     1074.6206  6605624    4.56%
Elapsed time = 649.56 sec. (902197.56 ticks, tree = 424.33 MB, solutions = 29)
 473320 186064        cutoff           1126.0000     1074.7986  6640204    4.55%
 475054 186845     1120.7570    69     1126.0000     1074.9444  6675354    4.53%
 476786 187634     1075.4823    85     1126.0000     1075.0727  6711774    4.52%
 478377 188113     1107.1440    69     1126.0000     1075.2682  6748867    4.51%
 480030 188782     1099.1420    93     1126.0000     1075.4271  6784720    4.49%
 481603 189364     1116.0555    82     1126.0000     1075.5651  6822013    4.48%
 483098 189837     1086.5191    81     1126.0000     1075.7289  6857592    4.46%
 484564 190493     1081.6667    58     1126.0000     1075.8333  6885425    4.46%
 486091 191029     1087.9906    96     1126.0000     1075.9720  6923096    4.44%
 487651 191647     1094.4932    80     1126.0000     1076.1220  6958451    4.43%
Elapsed time = 675.19 sec. (940440.65 ticks, tree = 434.59 MB, solutions = 29)
 489284 192260     1107.4441    43     1126.0000     1076.2893  6993569    4.41%
 490755 192793     1095.2917    55     1126.0000     1076.4167  7028442    4.40%
 492295 193392     1096.1606    66     1126.0000     1076.5491  7061047    4.39%
 493894 193834     1086.5053    89     1126.0000     1076.6992  7098845    4.38%
 495608 194450     1094.6273    68     1126.0000     1076.8642  7134883    4.36%
 497049 194973        cutoff           1126.0000     1077.0000  7169446    4.35%
 498590 195502        cutoff           1126.0000     1077.1150  7204348    4.34%
 500047 195982        cutoff           1126.0000     1077.2380  7236814    4.33%
 501632 196475        cutoff           1126.0000     1077.3682  7271560    4.32%
 503264 197043     1083.5529    81     1126.0000     1077.5000  7306476    4.31%
Elapsed time = 700.65 sec. (978606.78 ticks, tree = 442.23 MB, solutions = 29)
 504930 197702        cutoff           1126.0000     1077.6312  7341104    4.30%
 506532 198250     1109.8750    68     1126.0000     1077.7451  7377839    4.29%
 508144 198668     1119.8657    70     1126.0000     1077.8995  7415416    4.27%
 509662 199282     1093.8333    44     1126.0000     1078.0000  7447713    4.26%
 511179 199723     1113.0741    63     1126.0000     1078.1304  7482285    4.25%
 512752 200176     1094.1046    76     1126.0000     1078.2758  7516119    4.24%
 514261 200531        cutoff           1126.0000     1078.4137  7555209    4.23%
 515762 200931     1109.9826    62     1126.0000     1078.5556  7593597    4.21%
 517483 201540    infeasible           1126.0000     1078.6656  7630303    4.20%
 519081 202028     1123.7774    79     1126.0000     1078.7889  7667289    4.19%
Elapsed time = 726.20 sec. (1016796.11 ticks, tree = 444.96 MB, solutions = 29)
 520690 202435        cutoff           1126.0000     1078.9320  7705676    4.18%
 522326 202869     1086.2547    90     1126.0000     1079.0786  7743574    4.17%
 523921 203419     1122.7222    15     1126.0000     1079.1986  7780098    4.16%
 525403 203815     1108.3281    72     1126.0000     1079.3148  7816220    4.15%
 526879 204251        cutoff           1126.0000     1079.4309  7851702    4.14%
 528174 204579        cutoff           1126.0000     1079.5397  7880475    4.13%
 529787 205087     1081.6667    72     1126.0000     1079.6667  7917213    4.11%
 531390 205542     1099.3845    83     1126.0000     1079.7884  7952612    4.10%
*531651+194250                         1122.0000     1079.8111             3.76%
 533052 194664     1092.8390    91     1122.0000     1079.9240  7988756    3.75%
 534702 195016        cutoff           1122.0000     1080.0556  8025674    3.74%
Elapsed time = 751.68 sec. (1054966.58 ticks, tree = 423.78 MB, solutions = 30)
 536358 195280        cutoff           1122.0000     1080.2152  8063511    3.72%
 537843 195513     1108.5689    74     1122.0000     1080.3662  8097402    3.71%
 539381 195794    infeasible           1122.0000     1080.5000  8133825    3.70%
 540941 196111     1088.1459    82     1122.0000     1080.6330  8169014    3.69%
 542587 196385     1084.7748    68     1122.0000     1080.7821  8206807    3.67%
 544228 196666     1089.6111    74     1122.0000     1080.9167  8243564    3.66%
 545651 196948     1086.3868    87     1122.0000     1081.0291  8275059    3.65%
 547217 197149        cutoff           1122.0000     1081.1852  8312317    3.64%
 548735 197324     1101.0021    90     1122.0000     1081.3333  8348315    3.62%
 550315 197618     1103.8408    71     1122.0000     1081.4769  8385226    3.61%
Elapsed time = 777.41 sec. (1093165.02 ticks, tree = 426.32 MB, solutions = 30)
 551833 197830     1100.5799    76     1122.0000     1081.5970  8421172    3.60%
 553467 198074     1098.6815    92     1122.0000     1081.7259  8457790    3.59%
 554944 198405     1097.6111    87     1122.0000     1081.8333  8494141    3.58%
 556489 198400        cutoff           1122.0000     1081.9991  8530683    3.57%
 558035 198682     1113.8571    39     1122.0000     1082.1182  8568674    3.55%
 559567 198849     1117.7870    75     1122.0000     1082.2684  8606080    3.54%
 561007 199018     1100.6117    84     1122.0000     1082.4034  8639330    3.53%
 562656 199327     1113.4603    58     1122.0000     1082.5110  8677171    3.52%
 564198 199380        cutoff           1122.0000     1082.6600  8713366    3.51%
 565655 199495        cutoff           1122.0000     1082.7813  8750889    3.50%
Elapsed time = 802.73 sec. (1131338.65 ticks, tree = 425.97 MB, solutions = 30)
 567282 199594        cutoff           1122.0000     1082.9388  8789156    3.48%
 568875 199882     1116.9713    89     1122.0000     1083.0453  8826359    3.47%
 570386 199999        cutoff           1122.0000     1083.1744  8861574    3.46%
 571872 200131     1098.0715    78     1122.0000     1083.2997  8895241    3.45%
 573442 200482     1106.3445    80     1122.0000     1083.4000  8931349    3.44%
 574929 200657        cutoff           1122.0000     1083.5183  8965519    3.43%
 576300 200644     1118.8346    79     1122.0000     1083.6562  8995505    3.42%
 577993 200943        cutoff           1122.0000     1083.7731  9032881    3.41%
 579651 201273     1116.5898    63     1122.0000     1083.8791  9070104    3.40%
 581246 201477     1111.1961    55     1122.0000     1084.0000  9107013    3.39%
Elapsed time = 828.29 sec. (1169649.69 ticks, tree = 425.77 MB, solutions = 30)
 582861 201543        cutoff           1122.0000     1084.1252  9145033    3.38%
 584397 201512     1107.9691    48     1122.0000     1084.2654  9184027    3.36%
 585746 201603        cutoff           1122.0000     1084.3833  9214779    3.35%
 587345 201863     1097.9698    79     1122.0000     1084.5000  9249020    3.34%
 589051 202056     1099.7688    72     1122.0000     1084.6196  9285275    3.33%
 590558 202093        cutoff           1122.0000     1084.7580  9321778    3.32%
 592102 202031        cutoff           1122.0000     1084.8981  9358919    3.31%
 593653 202280     1116.7037    83     1122.0000     1085.0000  9395729    3.30%
 595189 202490        cutoff           1122.0000     1085.1008  9431494    3.29%
 596823 202677     1087.7878    80     1122.0000     1085.2121  9467389    3.28%
Elapsed time = 853.71 sec. (1207809.61 ticks, tree = 424.67 MB, solutions = 30)
 598404 202774     1098.4931    93     1122.0000     1085.3277  9504828    3.27%
 599985 202827     1090.9644    59     1122.0000     1085.4470  9541896    3.26%
 601441 202876     1113.4645    54     1122.0000     1085.5556  9575140    3.25%
 602983 202859     1104.1774    80     1122.0000     1085.6772  9612544    3.24%
 604585 202846     1112.9716    77     1122.0000     1085.8056  9649991    3.23%
 606241 202997        cutoff           1122.0000     1085.9221  9687511    3.22%
 607801 203192     1087.1599    67     1122.0000     1086.0159  9726490    3.21%
 609458 203361        cutoff           1122.0000     1086.1289  9764626    3.20%
 610951 203357        cutoff           1122.0000     1086.2554  9800055    3.19%
 612612 203432     1108.5769    64     1122.0000     1086.3906  9837782    3.17%
Elapsed time = 878.94 sec. (1245964.81 ticks, tree = 423.29 MB, solutions = 30)
 614211 203534        cutoff           1122.0000     1086.5004  9877275    3.16%
 615835 203663     1096.4206    86     1122.0000     1086.6171  9913027    3.15%
 617356 203707     1116.9164    89     1122.0000     1086.7222  9949969    3.14%
 618941 203951     1120.7778    41     1122.0000     1086.8148  9985060    3.14%
 620551 204066     1118.2650    67     1122.0000     1086.9189 10021328    3.13%
 621909 204104     1093.5927    45     1122.0000     1087.0079 10058240    3.12%
 623375 204005     1097.7159    79     1122.0000     1087.1280 10091748    3.11%
 625005 203958        cutoff           1122.0000     1087.2593 10129746    3.10%
 626583 203926     1096.4550    69     1122.0000     1087.3710 10168536    3.09%
 628089 203919        cutoff           1122.0000     1087.4860 10205748    3.08%
Elapsed time = 903.95 sec. (1284120.28 ticks, tree = 419.73 MB, solutions = 30)
 629768 203818     1105.8896    78     1122.0000     1087.6140 10243210    3.06%
 631375 203817     1100.6296    51     1122.0000     1087.7222 10282105    3.06%
 632929 203957     1090.3735    81     1122.0000     1087.8333 10315544    3.05%
 634463 204114        cutoff           1122.0000     1087.9167 10349353    3.04%
 636061 204361     1098.6863    88     1122.0000     1088.0000 10385162    3.03%
 637761 204490     1119.0667    49     1122.0000     1088.0971 10422712    3.02%
 639426 204509        cutoff           1122.0000     1088.2211 10459386    3.01%
 640905 204487     1119.5565    75     1122.0000     1088.3176 10494968    3.00%
 642624 204719     1095.7863    99     1122.0000     1088.4078 10532793    2.99%
 644247 204691     1104.1759    60     1122.0000     1088.5206 10572401    2.98%
Elapsed time = 928.99 sec. (1322275.81 ticks, tree = 419.95 MB, solutions = 30)
 645947 204739     1119.5294    74     1122.0000     1088.6246 10610947    2.97%
 647475 204751     1108.9351    88     1122.0000     1088.7284 10644016    2.97%
 648987 204749        cutoff           1122.0000     1088.8337 10681614    2.96%
 650651 204754     1090.5122    81     1122.0000     1088.9488 10718247    2.95%
 652232 204807    infeasible           1122.0000     1089.0425 10755370    2.94%
 653804 204715     1103.6220    78     1122.0000     1089.1481 10791976    2.93%
 655353 204714     1110.5515    74     1122.0000     1089.2483 10829660    2.92%
 656959 204740        cutoff           1122.0000     1089.3567 10867052    2.91%
 658640 204779     1096.4977    75     1122.0000     1089.4621 10902675    2.90%
 660246 204752        cutoff           1122.0000     1089.5629 10939557    2.89%
Elapsed time = 953.71 sec. (1360527.65 ticks, tree = 415.96 MB, solutions = 30)
 661894 204718        cutoff           1122.0000     1089.6674 10978222    2.88%
 663354 204780        cutoff           1122.0000     1089.7563 11010992    2.87%
 664828 204792     1118.0616    76     1122.0000     1089.8441 11043993    2.87%
 666356 204733        cutoff           1122.0000     1089.9344 11078667    2.86%
 667967 204667     1096.9646    85     1122.0000     1090.0244 11118461    2.85%
 669602 204601        cutoff           1122.0000     1090.1285 11156994    2.84%
 671266 204454     1098.8069    70     1122.0000     1090.2363 11194536    2.83%
 672824 204308     1106.5244    88     1122.0000     1090.3380 11228427    2.82%
 674568 204230        cutoff           1122.0000     1090.4553 11265086    2.81%
 676238 204053     1118.0805    58     1122.0000     1090.5741 11302597    2.80%
Elapsed time = 978.72 sec. (1398700.99 ticks, tree = 414.52 MB, solutions = 30)
 677939 203822     1096.4513    80     1122.0000     1090.6967 11339257    2.79%
 679512 203630     1113.4893    71     1122.0000     1090.8033 11375558    2.78%
 681120 203462    infeasible           1122.0000     1090.9056 11413611    2.77%
 682720 203347    infeasible           1122.0000     1091.0000 11451477    2.76%
 684348 203317     1111.9815    53     1122.0000     1091.0858 11488847    2.76%
 686024 203259        cutoff           1122.0000     1091.1881 11524276    2.75%
 687678 203184     1097.1110   107     1122.0000     1091.2889 11561465    2.74%
 689334 203108     1113.2034    47     1122.0000     1091.3889 11600733    2.73%
 691010 202838        cutoff           1122.0000     1091.5032 11640152    2.72%
 692675 202547     1115.3305    58     1122.0000     1091.6271 11677749    2.71%
Elapsed time = 1003.25 sec. (1436857.19 ticks, tree = 408.40 MB, solutions = 30)
 694358 202420        cutoff           1122.0000     1091.7378 11716095    2.70%
 696045 202115        cutoff           1122.0000     1091.8458 11754715    2.69%
 697452 201952     1104.8981    43     1122.0000     1091.9279 11797370    2.68%
 698883 201771        cutoff           1122.0000     1092.0161 11828036    2.67%
 700509 201666     1096.9004    65     1122.0000     1092.1116 11862701    2.66%
 702126 201437     1095.6035    88     1122.0000     1092.2114 11901248    2.65%
 703779 201147        cutoff           1122.0000     1092.3173 11938869    2.65%
 705419 200858     1111.1162    75     1122.0000     1092.4247 11976490    2.64%
 707092 200498     1119.7441    77     1122.0000     1092.5328 12016450    2.63%
 708807 200294        cutoff           1122.0000     1092.6431 12054505    2.62%
Elapsed time = 1028.09 sec. (1475016.68 ticks, tree = 403.59 MB, solutions = 30)
 710383 200085        cutoff           1122.0000     1092.7320 12090434    2.61%
 712073 199860        cutoff           1122.0000     1092.8365 12129873    2.60%
 713669 199612        cutoff           1122.0000     1092.9333 12168466    2.59%
 715299 199565     1114.1111    78     1122.0000     1093.0150 12205917    2.58%
 716955 199221     1096.7342    66     1122.0000     1093.1230 12242811    2.57%
 718631 198894     1120.9660    53     1122.0000     1093.2302 12277764    2.56%
 720343 198562        cutoff           1122.0000     1093.3477 12314696    2.55%
 721926 198449     1115.5593    76     1122.0000     1093.4338 12348076    2.55%
 723592 198187        cutoff           1122.0000     1093.5312 12387026    2.54%
 725325 197980     1101.7479    79     1122.0000     1093.6290 12424444    2.53%
Elapsed time = 1052.75 sec. (1513180.16 ticks, tree = 397.28 MB, solutions = 30)
 727051 197725     1104.9296    73     1122.0000     1093.7325 12462691    2.52%
 728781 197455     1100.8704    68     1122.0000     1093.8333 12500784    2.51%
 730268 197157        cutoff           1122.0000     1093.9259 12535149    2.50%
 731857 197061     1098.0529    83     1122.0000     1094.0000 12575049    2.50%
 733613 196791        cutoff           1122.0000     1094.1068 12612421    2.49%
 735269 196450        cutoff           1122.0000     1094.2192 12648975    2.48%
 736921 196084        cutoff           1122.0000     1094.3181 12684294    2.47%
 738528 195906        cutoff           1122.0000     1094.4045 12717736    2.46%
 740193 195553     1116.7791    39     1122.0000     1094.5000 12756518    2.45%
 741937 195178        cutoff           1122.0000     1094.6111 12793423    2.44%
Elapsed time = 1077.34 sec. (1551335.92 ticks, tree = 388.67 MB, solutions = 30)
 743642 194827     1112.4439    72     1122.0000     1094.7143 12831083    2.43%
 745314 194526     1100.6784    67     1122.0000     1094.8112 12869767    2.42%
 747011 194486     1095.9626    81     1122.0000     1094.8911 12905316    2.42%
 748651 194125     1112.5033    74     1122.0000     1094.9898 12942835    2.41%
 750367 194088        cutoff           1122.0000     1095.0643 12981768    2.40%
 752106 193752     1108.0000    35     1122.0000     1095.1667 13019323    2.39%
 753761 193388     1105.6790    53     1122.0000     1095.2605 13056358    2.38%
 755432 192991     1110.8705    94     1122.0000     1095.3655 13094456    2.37%
 757151 192560     1116.1328    77     1122.0000     1095.4691 13131775    2.36%
 758882 192160    infeasible           1122.0000     1095.5736 13170625    2.36%
Elapsed time = 1101.86 sec. (1589611.49 ticks, tree = 379.78 MB, solutions = 30)
 760605 191753     1097.3951    94     1122.0000     1095.6852 13207976    2.35%
 762306 191455     1119.7487    78     1122.0000     1095.7778 13246183    2.34%
 763936 191125        cutoff           1122.0000     1095.8718 13280179    2.33%
 765648 190694     1116.3562    82     1122.0000     1095.9739 13318551    2.32%
 767313 190466     1104.7501    71     1122.0000     1096.0578 13358356    2.31%
 768971 190041        cutoff           1122.0000     1096.1605 13396219    2.30%
 770711 189646     1120.5789    77     1122.0000     1096.2571 13432675    2.29%
 772408 189221     1115.2027    58     1122.0000     1096.3611 13469405    2.29%
 774008 188950     1104.9871    70     1122.0000     1096.4444 13505330    2.28%
 775745 188506     1110.0031    67     1122.0000     1096.5405 13542778    2.27%
Elapsed time = 1126.43 sec. (1627777.18 ticks, tree = 370.26 MB, solutions = 30)
 777502 188186        cutoff           1122.0000     1096.6369 13580545    2.26%
 779226 187782     1098.0208    30     1122.0000     1096.7386 13618261    2.25%
 780981 187416     1100.2222    75     1122.0000     1096.8333 13657752    2.24%
 782676 187072     1105.5326    83     1122.0000     1096.9167 13692995    2.24%
 784349 186663     1105.8694    72     1122.0000     1097.0038 13732300    2.23%
 786157 186372     1114.9493    62     1122.0000     1097.0992 13770117    2.22%
 787870 185881     1106.5318    53     1122.0000     1097.1958 13807719    2.21%
 789560 185327     1118.8900    84     1122.0000     1097.3048 13843207    2.20%
 791224 184974     1097.8537    60     1122.0000     1097.4000 13880799    2.19%
 793022 184629     1107.3470    69     1122.0000     1097.5000 13916633    2.18%
Elapsed time = 1150.70 sec. (1665939.10 ticks, tree = 360.10 MB, solutions = 30)
 794769 184086     1101.0113    90     1122.0000     1097.6078 13953812    2.17%
 796456 183568     1106.9530    61     1122.0000     1097.7168 13990644    2.16%
 798233 183102        cutoff           1122.0000     1097.8184 14028058    2.16%
 799955 182671        cutoff           1122.0000     1097.9106 14065251    2.15%
 801748 182291     1108.7500    75     1122.0000     1098.0000 14102939    2.14%
 803581 181800     1109.3177    88     1122.0000     1098.1041 14139896    2.13%
 805281 181317     1111.3933    75     1122.0000     1098.2065 14176041    2.12%
 806983 180649     1101.2756    41     1122.0000     1098.3218 14211012    2.11%
 808682 180246     1102.2697    84     1122.0000     1098.4118 14248108    2.10%
 810451 179874     1120.4815    40     1122.0000     1098.5000 14283921    2.09%
Elapsed time = 1175.09 sec. (1704099.59 ticks, tree = 349.51 MB, solutions = 30)
 812120 179330     1113.4918    61     1122.0000     1098.6023 14319374    2.09%
 813849 178827        cutoff           1122.0000     1098.6959 14356685    2.08%
 815664 178183        cutoff           1122.0000     1098.8025 14394701    2.07%
 817471 177674     1100.8043    93     1122.0000     1098.8963 14430625    2.06%
 819202 176983        cutoff           1122.0000     1098.9979 14469736    2.05%
 820976 176593     1113.3639    69     1122.0000     1099.0806 14507851    2.04%
 822751 176061        cutoff           1122.0000     1099.1852 14543697    2.03%
 824553 175567        cutoff           1122.0000     1099.2833 14579995    2.02%
 826254 175013     1099.4319    31     1122.0000     1099.3838 14616162    2.02%
 828001 174402     1103.2586    74     1122.0000     1099.4822 14651569    2.01%
Elapsed time = 1199.20 sec. (1742262.07 ticks, tree = 336.83 MB, solutions = 30)
 829767 173834     1116.9167    35     1122.0000     1099.5836 14687998    2.00%
 831604 173295     1112.3647    52     1122.0000     1099.6828 14724154    1.99%
 833444 172571        cutoff           1122.0000     1099.7981 14761661    1.98%
 835272 171935     1099.9548    34     1122.0000     1099.9060 14798258    1.97%
 836892 171382        cutoff           1122.0000     1100.0000 14832008    1.96%
 838714 170884     1102.5950    46     1122.0000     1100.0879 14869152    1.95%
 840487 170299        cutoff           1122.0000     1100.1915 14905162    1.94%
 842278 169645     1118.5185    54     1122.0000     1100.2967 14942811    1.93%
 844061 169008        cutoff           1122.0000     1100.3988 14980277    1.93%
 845824 168317     1109.6111    51     1122.0000     1100.5000 15016164    1.92%
Elapsed time = 1223.36 sec. (1780427.39 ticks, tree = 323.48 MB, solutions = 30)
 847602 167697        cutoff           1122.0000     1100.5926 15051961    1.91%
 849339 166999        cutoff           1122.0000     1100.6900 15086437    1.90%
 851213 166182     1120.8668    74     1122.0000     1100.8107 15122299    1.89%
 853017 165368        cutoff           1122.0000     1100.9259 15160341    1.88%
 854754 164753        cutoff           1122.0000     1101.0123 15197364    1.87%
 856646 164023        cutoff           1122.0000     1101.1212 15234530    1.86%
 858536 163237     1102.3464    59     1122.0000     1101.2333 15271780    1.85%
 860330 162496    infeasible           1122.0000     1101.3380 15310395    1.84%
 862144 161699     1107.2593    70     1122.0000     1101.4444 15347005    1.83%
 863895 161065     1119.8713    77     1122.0000     1101.5365 15384979    1.82%
Elapsed time = 1247.45 sec. (1818590.04 ticks, tree = 308.55 MB, solutions = 30)
 865713 160420     1107.0604    63     1122.0000     1101.6341 15421216    1.82%
 867320 159622     1110.4056    72     1122.0000     1101.7383 15452644    1.81%
 869096 158815        cutoff           1122.0000     1101.8457 15490827    1.80%
 870983 158045     1116.9004    68     1122.0000     1101.9506 15526780    1.79%
 872788 157360     1119.6528    77     1122.0000     1102.0431 15564659    1.78%
 874678 156457        cutoff           1122.0000     1102.1586 15600044    1.77%
 876585 155638        cutoff           1122.0000     1102.2719 15636539    1.76%
 878439 154984     1114.4815    74     1122.0000     1102.3754 15672090    1.75%
 880330 154109        cutoff           1122.0000     1102.4919 15707979    1.74%
 882143 153513     1109.6940    61     1122.0000     1102.5761 15744246    1.73%
Elapsed time = 1271.59 sec. (1856759.01 ticks, tree = 292.92 MB, solutions = 30)
 883963 152609        cutoff           1122.0000     1102.6940 15779702    1.72%
 885783 151810        cutoff           1122.0000     1102.8056 15816266    1.71%
 887663 150869     1119.8427    51     1122.0000     1102.9125 15852933    1.70%
 889473 150110        cutoff           1122.0000     1103.0013 15890809    1.69%
 891281 149327        cutoff           1122.0000     1103.1021 15925450    1.68%
 893111 148443        cutoff           1122.0000     1103.2184 15960009    1.67%
 895051 147543     1103.5000    53     1122.0000     1103.3328 15995254    1.66%
 896897 146586        cutoff           1122.0000     1103.4518 16032388    1.65%
 898799 145895        cutoff           1122.0000     1103.5482 16069274    1.64%
 900700 145018        cutoff           1122.0000     1103.6685 16106032    1.63%
Elapsed time = 1295.52 sec. (1894926.40 ticks, tree = 275.90 MB, solutions = 30)
 902536 144179     1108.4652    75     1122.0000     1103.7753 16141060    1.62%
 904301 143352    infeasible           1122.0000     1103.8750 16174440    1.62%
 906239 142453        cutoff           1122.0000     1103.9928 16208708    1.60%
 908020 141735     1120.6777    90     1122.0000     1104.0858 16245887    1.60%
 909946 140793     1109.0833    25     1122.0000     1104.2019 16282143    1.59%
 911822 139792        cutoff           1122.0000     1104.3259 16318239    1.58%
 913714 138836     1109.1971    76     1122.0000     1104.4444 16353755    1.56%
 915603 137782        cutoff           1122.0000     1104.5670 16390488    1.55%
 917496 136746     1116.3289    45     1122.0000     1104.6852 16425963    1.54%
 919424 135659        cutoff           1122.0000     1104.8094 16462831    1.53%
Elapsed time = 1319.38 sec. (1933086.09 ticks, tree = 257.03 MB, solutions = 30)
 921340 134654     1120.1710    91     1122.0000     1104.9270 16499214    1.52%
 922874 133926        cutoff           1122.0000     1105.0027 16533588    1.51%
 924494 133032        cutoff           1122.0000     1105.1093 16562855    1.51%
 926118 132160        cutoff           1122.0000     1105.2130 16590838    1.50%
 927751 131198     1105.4424    90     1122.0000     1105.3244 16618818    1.49%
 929428 130269        cutoff           1122.0000     1105.4259 16650874    1.48%
 931064 129473        cutoff           1122.0000     1105.5085 16681202    1.47%
 932786 128449        cutoff           1122.0000     1105.6295 16711781    1.46%
 934500 127384        cutoff           1122.0000     1105.7466 16743116    1.45%
 936104 126475     1105.8397    80     1122.0000     1105.8401 16774419    1.44%
Elapsed time = 1343.87 sec. (1971251.94 ticks, tree = 239.23 MB, solutions = 30)
 937835 125522        cutoff           1122.0000     1105.9503 16805310    1.43%
 939321 124880        cutoff           1122.0000     1106.0295 16836872    1.42%
 940975 124100     1106.3496    86     1122.0000     1106.1246 16864964    1.41%
 942766 122928     1109.1826    87     1122.0000     1106.2500 16895907    1.40%
 944487 121974        cutoff           1122.0000     1106.3580 16926150    1.39%
 946222 120912        cutoff           1122.0000     1106.4805 16955538    1.38%
 947888 120042        cutoff           1122.0000     1106.5699 16985112    1.38%
 949597 119035     1118.3133    72     1122.0000     1106.6840 17015264    1.37%
 951352 117953     1118.4803    78     1122.0000     1106.8012 17045292    1.35%
 953026 116934     1107.2370    51     1122.0000     1106.9111 17074512    1.34%
Elapsed time = 1368.26 sec. (2009421.00 ticks, tree = 221.42 MB, solutions = 30)
 954686 116106     1111.5750    75     1122.0000     1107.0000 17104000    1.34%
 956453 115049        cutoff           1122.0000     1107.1134 17133657    1.33%
 958267 113854     1112.3768    87     1122.0000     1107.2489 17163428    1.31%
 960061 112863        cutoff           1122.0000     1107.3698 17193276    1.30%
 961879 111721        cutoff           1122.0000     1107.4879 17222858    1.29%
 963607 110832        cutoff           1122.0000     1107.5905 17252946    1.28%
 965301 109874     1120.3166    84     1122.0000     1107.6919 17283272    1.28%
 967083 108790     1119.8124    80     1122.0000     1107.8061 17312982    1.27%
 968864 107760     1108.4444    70     1122.0000     1107.9259 17342198    1.25%
 970484 106913        cutoff           1122.0000     1108.0096 17372389    1.25%
Elapsed time = 1392.36 sec. (2047586.43 ticks, tree = 202.76 MB, solutions = 30)
 972250 105877    infeasible           1122.0000     1108.1219 17401345    1.24%
 974059 104674     1117.1667    63     1122.0000     1108.2483 17430924    1.23%
 975846 103546     1118.2940    81     1122.0000     1108.3709 17460802    1.21%
 977652 102359     1108.5741    40     1122.0000     1108.5000 17491694    1.20%
 979464 101291     1111.7433    61     1122.0000     1108.6111 17521508    1.19%
 981238 100183     1115.5000    51     1122.0000     1108.7251 17549900    1.18%
 983064 99039     1118.9157    77     1122.0000     1108.8412 17580466    1.17%
 984877 97916     1111.3333    66     1122.0000     1108.9581 17609662    1.16%
 986644 96852        cutoff           1122.0000     1109.0640 17640085    1.15%
 988522 95592     1109.6648    38     1122.0000     1109.2037 17669505    1.14%
Elapsed time = 1416.28 sec. (2085754.91 ticks, tree = 181.37 MB, solutions = 30)
 990350 94422        cutoff           1122.0000     1109.3245 17696881    1.13%
 992201 93164     1111.1436    40     1122.0000     1109.4622 17725091    1.12%
 993994 92087        cutoff           1122.0000     1109.5741 17754204    1.11%
 995877 90788     1112.3628    84     1122.0000     1109.7038 17782393    1.10%
 997697 89481     1118.7222    19     1122.0000     1109.8404 17811531    1.08%
 999598 88162    infeasible           1122.0000     1109.9800 17840047    1.07%
 1001335 87121        cutoff           1122.0000     1110.0903 17868819    1.06%
 1003207 85917        cutoff           1122.0000     1110.2222 17897168    1.05%
 1005138 84532     1119.8904    63     1122.0000     1110.3704 17926134    1.04%
 1007019 83291    infeasible           1122.0000     1110.5000 17954687    1.02%
Elapsed time = 1440.04 sec. (2123916.21 ticks, tree = 159.93 MB, solutions = 30)
 1008916 81974        cutoff           1122.0000     1110.6278 17983867    1.01%
 1010906 80560        cutoff           1122.0000     1110.7712 18011964    1.00%
 1012923 79014        cutoff           1122.0000     1110.9255 18039718    0.99%
 1014803 77698    infeasible           1122.0000     1111.0482 18068557    0.98%
 1016812 76292     1115.7606    85     1122.0000     1111.1968 18095173    0.96%
 1018831 74812     1111.3594    40     1122.0000     1111.3594 18122570    0.95%
 1020811 73377     1113.7310    17     1122.0000     1111.5000 18150129    0.94%
 1022666 72013        cutoff           1122.0000     1111.6471 18175616    0.92%
 1024584 70640        cutoff           1122.0000     1111.7837 18202773    0.91%
 1026581 69148        cutoff           1122.0000     1111.9308 18230012    0.90%
Elapsed time = 1463.43 sec. (2162076.15 ticks, tree = 135.44 MB, solutions = 30)
 1028516 67737     1116.3974    64     1122.0000     1112.0625 18257636    0.89%
 1030598 66071        cutoff           1122.0000     1112.2509 18284025    0.87%
 1032628 64515        cutoff           1122.0000     1112.4235 18311740    0.85%
 1034652 63009     1117.8519    44     1122.0000     1112.5769 18338843    0.84%
 1036762 61383        cutoff           1122.0000     1112.7550 18364229    0.82%
 1038760 59862     1113.0000    48     1122.0000     1112.9167 18391269    0.81%
 1040554 58637        cutoff           1122.0000     1113.0370 18420399    0.80%
 1042648 57026        cutoff           1122.0000     1113.2222 18446016    0.78%
 1044779 55287        cutoff           1122.0000     1113.4163 18470774    0.77%
 1046839 53717        cutoff           1122.0000     1113.5773 18496674    0.75%
Elapsed time = 1486.80 sec. (2200240.77 ticks, tree = 108.80 MB, solutions = 30)
 1048955 51997     1113.8241    67     1122.0000     1113.7679 18522632    0.73%
 1050967 50403        cutoff           1122.0000     1113.9407 18548654    0.72%
 1052975 48917        cutoff           1122.0000     1114.0925 18574803    0.70%
 1055149 47104        cutoff           1122.0000     1114.3036 18597917    0.69%
 1057307 45319        cutoff           1122.0000     1114.5000 18621527    0.67%
 1059488 43452        cutoff           1122.0000     1114.7173 18646511    0.65%
 1061711 41593        cutoff           1122.0000     1114.9237 18671789    0.63%
 1063879 39774     1116.0165    72     1122.0000     1115.1176 18696653    0.61%
 1066153 37734        cutoff           1122.0000     1115.3643 18719404    0.59%
 1068416 35788        cutoff           1122.0000     1115.6006 18742210    0.57%
Elapsed time = 1509.81 sec. (2238396.10 ticks, tree = 78.58 MB, solutions = 30)
 1070718 33771        cutoff           1122.0000     1115.8352 18765102    0.55%
 1072957 31928        cutoff           1122.0000     1116.0508 18788641    0.53%
 1075312 29812     1118.0833    64     1122.0000     1116.3333 18809451    0.51%
 1077651 27744        cutoff           1122.0000     1116.5873 18830983    0.48%
 1080017 25646        cutoff           1122.0000     1116.8615 18851283    0.46%
 1082333 23593     1117.7271    25     1122.0000     1117.1301 18872158    0.43%
 1084831 21247        cutoff           1122.0000     1117.4628 18890412    0.40%
 1087221 19094        cutoff           1122.0000     1117.7517 18910244    0.38%
 1089634 16889        cutoff           1122.0000     1118.0417 18928972    0.35%
 1092092 14618        cutoff           1122.0000     1118.4124 18944280    0.32%
Elapsed time = 1532.65 sec. (2276551.49 ticks, tree = 40.38 MB, solutions = 30)
 1094571 12281        cutoff           1122.0000     1118.7583 18960329    0.29%
 1097090  9888        cutoff           1122.0000     1119.1250 18976206    0.26%
 1099739  7333        cutoff           1122.0000     1119.5656 18989760    0.22%
 1102376  4777        cutoff           1122.0000     1120.0384 19003224    0.17%
 1105093  2128        cutoff           1122.0000     1120.5726 19013842    0.13%

GUB cover cuts applied:  223
Clique cuts applied:  1
Cover cuts applied:  90
Flow cuts applied:  4
Mixed integer rounding cuts applied:  431
Zero-half cuts applied:  99
Lift and project cuts applied:  33
Gomory fractional cuts applied:  17

Root node processing (before b&c):
  Real time             =    0.56 sec. (788.90 ticks)
Sequential b&c:
  Real time             = 1545.11 sec. (2301275.39 ticks)
                          ------------
Total (root+branch&cut) = 1545.66 sec. (2302064.29 ticks)

Solution pool: 30 solutions saved.

MIP - Integer optimal solution:  Objective =  1.1220000000e+03
Solution time = 1545.66 sec.  Iterations = 19020940  Nodes = 1107244
Deterministic time = 2302064.30 ticks  (1489.37 ticks/sec)

CPLEX> Incumbent solution
Variable Name           Solution Value
y                          1122.000000
x28                           1.000000
x854                          1.000000
x668                          1.000000
x1045                         1.000000
x60                           1.000000
x815                          1.000000
x265                          1.000000
x237                          1.000000
x789                          1.000000
x1544                         1.000000
x1487                         1.000000
x328                          1.000000
x561                          1.000000
x1461                         1.000000
x157                          1.000000
x1319                         1.000000
x1204                         1.000000
x538                          1.000000
x1351                         1.000000
x1265                         1.000000
x106                          1.000000
x600                          1.000000
x50                           1.000000
x1240                         1.000000
x1038                         1.000000
x778                          1.000000
x1156                         1.000000
x142                          1.000000
x462                          1.000000
x754                          1.000000
u2                            8.000000
u3                            7.000000
u4                           12.000000
u5                            4.000000
u6                            1.000000
u7                            8.000000
u8                           26.000000
u9                            3.000000
u10                          11.000000
u11                           6.000000
u12                           2.000000
u14                           4.000000
u15                           1.000000
u16                          14.000000
u17                           3.000000
u18                           2.000000
u19                          13.000000
u20                          10.000000
u21                           9.000000
u22                           5.000000
u23                           9.000000
u24                          26.000000
u25                           7.000000
u26                           5.000000
u27                          15.000000
u29                           6.000000
All other variables in the range 1-1653 are 0.
CPLEX> 