
Welcome to IBM(R) ILOG(R) CPLEX(R) Interactive Optimizer 12.7.1.0
  with Simplex, Mixed Integer & Barrier Optimizers
5725-A06 5725-A29 5724-Y48 5724-Y49 5724-Y54 5724-Y55 5655-Y21
Copyright IBM Corp. 1988, 2017.  All Rights Reserved.

Type 'help' for a list of available commands.
Type 'help' followed by a command name for more
information on commands.

CPLEX> New value for default parallel thread count: 1
CPLEX> New value for time limit in seconds: 3600
CPLEX> Problem 'berlin52_m12.lp' read.
Read time = 0.04 sec. (3.60 ticks)
CPLEX> CPXPARAM_TimeLimit                               3600
CPXPARAM_Threads                                 1
CPXPARAM_Read_APIEncoding                        "UTF-8"
Tried aggregator 1 time.
MIP Presolve modified 7344 coefficients.
Reduced MIP has 3300 rows, 31876 columns, and 193536 nonzeros.
Reduced MIP has 31824 binaries, 51 generals, 0 SOSs, and 0 indicators.
Presolve time = 0.13 sec. (174.04 ticks)
Tried aggregator 1 time.
Reduced MIP has 3300 rows, 31876 columns, and 193536 nonzeros.
Reduced MIP has 31824 binaries, 52 generals, 0 SOSs, and 0 indicators.
Presolve time = 0.10 sec. (107.68 ticks)
Probing time = 0.03 sec. (19.48 ticks)
Clique table members: 75025.
MIP emphasis: balance optimality and feasibility.
MIP search method: dynamic search.
Parallel mode: none, using 1 thread.
Root relaxation solution time = 1.60 sec. (2724.32 ticks)

        Nodes                                         Cuts/
   Node  Left     Objective  IInf  Best Integer    Best Bound    ItCnt     Gap

      0     0      731.3854   141                    731.3854     9138         
      0     0      793.0083   152                    Cuts: 70    15446         
      0     0      794.0000   193                   Cuts: 100    21793         
      0     0      794.0000   276                    Cuts: 55    29439         
      0     0      794.0000   171                    Cuts: 21    33411         
      0     0      794.0000   201                    Cuts: 56    38374         
      0     2      794.0000   162                    794.0000    38374         
Elapsed time = 26.14 sec. (46132.21 ticks, tree = 0.01 MB, solutions = 0)
      1     3      794.0000   146                    794.0000    39492         
      2     4      806.6959   175                    794.0000    45933         
      3     5      794.0000   191                    794.0000    52560         
      4     6      794.0000   185                    794.0000    54513         
      6     8      858.4625   262                    794.0000    61668         
      7     9      794.2479   227                    794.0000    63885         
      8    10      797.6651   190                    794.0000    64851         
      9    11      795.1395   226                    794.0000    64951         
     11    13      796.7478   199                    794.0000    66520         
     16    18     1418.9500   370                    794.0000    72573         
Elapsed time = 33.44 sec. (59550.53 ticks, tree = 0.20 MB, solutions = 0)
     21    23      821.1363   196                    794.0000    76879         
     27    29     1517.2500   246                    794.0000    84161         
     31    33     1775.4500   289                    794.0000    93591         
     35    37      829.3574   193                    794.0000    97434         
     39    41     1263.9500   373                    794.0000   105477         
     41    43     1228.9500   385                    794.0000   111601         
     44    46     1494.3125   247                    794.0000   120039         
     47    49      839.9947   237                    794.0000   130212         
     50    52      842.6403   232                    794.0000   136664         
     54    56     1272.2000   169                    794.0000   143917         
Elapsed time = 47.37 sec. (82932.09 ticks, tree = 0.78 MB, solutions = 0)
     60    62      845.5450   223                    794.0000   152036         
     64    66      847.1407   238                    794.0000   162618         
     68    70     1429.0375   357                    794.0000   170489         
     73    75      849.5870   237                    794.0000   186772         
     77    79      850.7427   265                    794.0000   193852         
     81    83     1661.6750   311                    794.0000   197485         
     86    88      856.3453   280                    794.0000   204118         
     93    95      858.2341   297                    794.0000   205590         
     98   100      859.4793   358                    794.0000   207009         
    100   102      859.8840   250                    794.0000   210494         
Elapsed time = 56.07 sec. (97133.03 ticks, tree = 1.34 MB, solutions = 0)
    101   103      861.1300   300                    794.0000   216574         
    105   107     1689.0000   199                    794.0000   223587         
    108   110      865.0870   277                    794.0000   228241         
    112   114     2282.3000   191                    794.0000   236281         
    116   118      869.9547   277                    794.0000   243851         
    122   124      870.7453   301                    794.0000   245178         
    127   129     2027.0000   271                    794.0000   246527         
    131   133      873.2805   301                    794.0000   254004         
    134   136     2010.0000   187                    794.0000   260843         
    137   139     2212.0000   245                    794.0000   262093         
Elapsed time = 62.43 sec. (108533.47 ticks, tree = 1.79 MB, solutions = 0)
    140   142      898.3719   312                    794.0000   270703         
    145   147     1767.6500   300                    794.0000   272614         
    150   152      903.7258   310                    794.0000   283878         
    155   157      904.8677   279                    794.0000   295418         
    159   160     1926.5500   180                    794.0000   311554         
    160   161      906.9671   286                    794.0000   313567         
    166   167     2150.0000   332                    794.0000   324772         
    170   171      918.0122   310                    794.0000   339113         
    174   175     2928.0000   240                    794.0000   350610         
    179   180     2982.0000   300                    794.0000   361282         
Elapsed time = 75.24 sec. (128881.50 ticks, tree = 2.29 MB, solutions = 0)
    180   181     2243.4500   316                    794.0000   362681         
    192   191     3130.0000   306                    794.0000   374848         
    207   206     3130.0000   254                    794.0000   386924         
    233   232     3221.2000   155                    794.0000   398680         
    300   291     5594.6500    44                    794.0000   406728         
    323   300      794.0000   156                    794.0000   422379         
    325   302      803.6033   254                    794.0000   453857         
    329   306      794.0000   280                    794.0000   474020         
    334   311      858.4625   266                    794.0000   490948         
    338   315      795.9539   234                    794.0000   506189         
Elapsed time = 94.29 sec. (159724.33 ticks, tree = 4.12 MB, solutions = 0)
    340   317      797.6451   251                    794.0000   518944         
    342   319      797.9807   260                    794.0000   533969         
    344   321      814.7658   220                    794.0000   549764         
    347   324     1409.6625   364                    794.0000   561760         
    350   327      821.5363   177                    794.0000   579420         
    353   330      826.3361   213                    794.0000   595105         
    356   333     1056.8500   297                    794.0000   608985         
    361   338      827.4663   224                    794.0000   625566         
    365   342      831.7258   207                    794.0000   639734         
    369   346      831.8478   237                    794.0000   653491         
Elapsed time = 102.77 sec. (170435.36 ticks, tree = 4.52 MB, solutions = 0)
    375   352      835.6067   231                    794.0000   667673         
    379   356      837.9130   211                    794.0000   682096         
    384   361      844.6247   189                    794.0000   694003         
    389   366      855.2354   217                    794.0000   707590         
    395   372      844.3727   197                    794.0000   720281         
    401   378      848.1866   167                    794.0000   732451         
    408   385      862.9939   164                    794.0000   747504         
    411   388      892.3392   169                    794.0000   763646         
    418   395      867.7976   162                    794.0000   776074         
    424   401      874.0490   138                    794.0000   790807         
Elapsed time = 111.20 sec. (180653.73 ticks, tree = 5.24 MB, solutions = 0)
    434   411      879.8367   166                    794.0000   803879         
    443   420      889.1328   144                    794.0000   816104         
    453   430      901.3989   138                    794.0000   828838         
    466   443     2282.3000   199                    794.0000   840413         
    479   456     1586.2000   216                    794.0000   851135         
    490   467      951.1000   165                    794.0000   863301         
    503   480      953.6928   145                    794.0000   874853         
    520   495     1404.9000   213                    794.0000   885735         
    563   536     3372.2500    71                    794.0000   895435         
*   586   479      integral     0     3655.0000      794.0000   895663   78.28%
    588   480      796.7237   250     3655.0000      794.0000   910370   78.28%
Elapsed time = 119.49 sec. (191459.69 ticks, tree = 6.32 MB, solutions = 1)
    591   483      823.0875   313     3655.0000      794.0000   925695   78.28%
    602   492      804.6349   283     3655.0000      794.0000   944113   78.28%
    607   497      823.5431   193     3655.0000      794.0000   958973   78.28%
    612   502      824.7057   223     3655.0000      794.0000   973915   78.28%
    617   507      828.1840   240     3655.0000      794.0000   987479   78.28%
    621   511      831.5115   249     3655.0000      794.0000   999543   78.28%
    627   517      836.9927   199     3655.0000      794.0000  1013002   78.28%
    631   521      841.1258   232     3655.0000      794.0000  1026819   78.28%
    634   524      849.1096   248     3655.0000      794.0000  1039569   78.28%
    652   542      859.9912   232     3655.0000      794.0000  1085861   78.28%
Elapsed time = 130.76 sec. (205589.57 ticks, tree = 7.09 MB, solutions = 1)
    671   561      866.3810   256     3655.0000      794.0000  1135644   78.28%
    691   581      876.3168   259     3655.0000      794.0000  1184760   78.28%
    710   600      905.3514   306     3655.0000      794.0000  1232057   78.28%
    720   610      918.5896   288     3655.0000      794.0000  1250542   78.28%
    732   622     1223.0184   397     3655.0000      794.0000  1299751   78.28%
    780   670     1874.4750   421     3655.0000      794.0000  1337603   78.28%
    802   692      794.0000   366     3655.0000      794.0000  1358025   78.28%
    817   707     1266.0750   377     3655.0000      794.0000  1405224   78.28%
    832   722      821.5732   308     3655.0000      794.0000  1454190   78.28%
    850   740     1467.1500   305     3655.0000      794.0000  1501638   78.28%
Elapsed time = 168.33 sec. (260239.28 ticks, tree = 9.55 MB, solutions = 1)
    867   757      838.9458   240     3655.0000      794.0000  1551554   78.28%
    880   770      842.0440   251     3655.0000      794.0000  1588500   78.28%
    905   795      846.5414   226     3655.0000      794.0000  1631791   78.28%
    934   824     1742.0500   293     3655.0000      794.0000  1675208   78.28%
    959   849     1586.3000   388     3655.0000      794.0000  1719548   78.28%
    983   873      872.1454   275     3655.0000      794.0000  1763522   78.28%
    999   889     1691.0750   211     3655.0000      794.0000  1793892   78.28%
   1001   891      794.1656   268     3655.0000      794.0000  1801266   78.28%
   1003   893      794.0000   142     3655.0000      794.0000  1829690   78.28%
   1004   893     1102.0000   248     3655.0000      794.0000  1837324   78.28%
Elapsed time = 250.85 sec. (386121.84 ticks, tree = 11.49 MB, solutions = 1)
   1006   893     1246.7500   263     3655.0000      794.0000  1849626   78.28%
   1013   898     1247.0000   248     3655.0000      794.0000  1849755   78.28%
   1015   900     1247.0000   354     3655.0000      794.0000  1875918   78.28%
   1016   901     1247.0000   276     3655.0000      794.0000  1886064   78.28%
   1019   902     1247.0000   454     3655.0000      794.0000  1898839   78.28%
   1021   903     1247.0000   461     3655.0000      794.0000  1899148   78.28%
   1033   912     1247.0000   297     3655.0000      794.0000  1913890   78.28%
   1036   915     1565.0000   568     3655.0000      794.0000  1921713   78.28%
   1046   917     1247.0000   476     3655.0000      794.0000  1922779   78.28%
   1049   917     1253.0000   594     3655.0000      794.0000  1934144   78.28%
Elapsed time = 298.91 sec. (470394.88 ticks, tree = 12.04 MB, solutions = 1)
   1054   918     1260.0000   601     3655.0000      794.0000  1934505   78.28%
   1062   922     1263.0000   445     3655.0000      794.0000  1935892   78.28%
   1067   924     1263.0000   399     3655.0000      794.0000  1937422   78.28%
   1071   927     1263.0000   379     3655.0000      794.0000  1955528   78.28%
   1077   930     1263.0000   284     3655.0000      794.0000  1958598   78.28%
   1090   935     1263.0000   430     3655.0000      794.0000  1959827   78.28%
   1103   941     1263.0000   262     3655.0000      794.0000  1962890   78.28%
   1112   946     1263.0000   261     3655.0000      794.0000  1966004   78.28%
   1129   951     1263.0000   227     3655.0000      794.0000  1968799   78.28%
   1173   939     1773.0000    90     3655.0000      794.0000  1972201   78.28%
Elapsed time = 323.75 sec. (512689.60 ticks, tree = 12.35 MB, solutions = 1)
*  1260   691      integral     0     2913.0000      794.0000  1973255   72.74%
   1261   688      800.2500   323     2913.0000      800.2500  1987197   72.53%
   1265   689      804.0000   231     2913.0000      800.2500  1989923   72.53%
   1274   691      811.9375   262     2913.0000      800.2500  1993064   72.53%
   1279   694      814.2664   185     2913.0000      800.2500  1996673   72.53%
   1283   694      855.8351   231     2913.0000      800.2500  1999714   72.53%
   1298   696      862.2684   213     2913.0000      800.2500  2002634   72.53%
   1303   698      858.0000   265     2913.0000      800.2500  2004033   72.53%
   1319   700      864.9293   251     2913.0000      800.2500  2008028   72.53%
   1334   704      869.0000   226     2913.0000      800.2500  2012096   72.53%
   1343   709      870.0000   210     2913.0000      800.2500  2015475   72.53%
Elapsed time = 370.47 sec. (602268.90 ticks, tree = 9.45 MB, solutions = 2)
   1360   713      872.6690   225     2913.0000      800.2500  2020095   72.53%
   1377   716      944.6997   174     2913.0000      800.2500  2023237   72.53%
   1400   721      885.0000   204     2913.0000      800.2500  2027240   72.53%
   1403   722      885.0000   220     2913.0000      800.2500  2028151   72.53%
   1421   727      918.4273   171     2913.0000      800.2500  2032839   72.53%
   1449   737      896.0341   169     2913.0000      800.2500  2039166   72.53%
   1476   745      907.2286   183     2913.0000      800.2500  2044834   72.53%
   1500   758     1553.0000   219     2913.0000      800.2500  2046231   72.53%
   1540   766     2748.0000   126     2913.0000      800.2500  2048068   72.53%
   1603   753     1246.7500   313     2913.0000      803.0625  2050724   72.43%
Elapsed time = 393.63 sec. (643843.47 ticks, tree = 10.11 MB, solutions = 2)
   1605   753      807.3958   211     2913.0000      804.0000  2053808   72.40%
   1620   757      873.0000   226     2913.0000      804.0000  2058541   72.40%
   1642   766      936.2500   302     2913.0000      804.0000  2060256   72.40%
   1664   781      937.0000   259     2913.0000      804.0000  2061599   72.40%
   1684   792     1262.0000   278     2913.0000      804.0000  2063441   72.40%
   1714   809     1266.0000   263     2913.0000      804.0000  2064869   72.40%
   1755   816      825.5985   217     2913.0000      804.0000  2068949   72.40%
   1758   815      827.0000   266     2913.0000      804.0000  2069720   72.40%
   1768   817      828.0000   212     2913.0000      804.0000  2073588   72.40%
   1784   818      837.4694   213     2913.0000      804.0000  2079390   72.40%
Elapsed time = 421.15 sec. (688038.66 ticks, tree = 11.01 MB, solutions = 2)
   1803   824      848.0000   195     2913.0000      804.0000  2084337   72.40%
   1824   832     1280.9000   200     2913.0000      804.0000  2089248   72.40%
   1846   838     1413.3500   198     2913.0000      804.0000  2094048   72.40%
   1892   846      804.0000   180     2913.0000      804.0000  2108350   72.40%
   1896   848      835.3625   283     2913.0000      804.0000  2113117   72.40%
   1899   850      836.0000   295     2913.0000      804.0000  2125531   72.40%
   1907   851      844.6648   228     2913.0000      804.0000  2130207   72.40%
   1923   854      857.0000   271     2913.0000      804.0000  2135349   72.40%
   1933   856      879.0000   244     2913.0000      804.0000  2140103   72.40%
   1939   854      885.5469   222     2913.0000      804.0000  2144595   72.40%
Elapsed time = 466.03 sec. (775621.04 ticks, tree = 11.44 MB, solutions = 2)
   1957   854     1829.6000   179     2913.0000      804.0000  2148956   72.40%
   1986   872     1830.0000   313     2913.0000      804.0000  2149668   72.40%
   2003   883     1830.0000   352     2913.0000      804.0000  2150856   72.40%
   2025   890     1952.1500   351     2913.0000      804.0000  2152411   72.40%
   2053   908     1953.0000   271     2913.0000      804.0000  2153649   72.40%
   2111   914      827.0078   156     2913.0000      808.0000  2157440   72.26%
   2125   918      937.0000   319     2913.0000      808.0000  2160984   72.26%
   2142   930      937.0000   321     2913.0000      808.0000  2162793   72.26%
   2149   933      942.0000   337     2913.0000      808.0000  2164408   72.26%
   2158   937      942.0000   371     2913.0000      808.0000  2166510   72.26%
Elapsed time = 496.08 sec. (829014.86 ticks, tree = 12.53 MB, solutions = 2)
   2169   945      942.0000   267     2913.0000      808.0000  2168946   72.26%
   2183   952      942.0000   213     2913.0000      808.0000  2171893   72.26%
   2202   963      942.0000   195     2913.0000      808.0000  2174888   72.26%
   2260   988     2374.0000    65     2913.0000      808.0000  2178512   72.26%
   2272   987      808.0000   456     2913.0000      808.0000  2186316   72.26%
   2276   990      851.0546   173     2913.0000      808.0000  2203673   72.26%
   2288   999      860.2084   177     2913.0000      808.0000  2218524   72.26%
   2321  1022      866.0000   186     2913.0000      808.0000  2223783   72.26%
   2343  1034      905.0000   191     2913.0000      808.0000  2227384   72.26%
   2370  1048     2119.4000   177     2913.0000      808.0000  2228910   72.26%
Elapsed time = 540.50 sec. (914095.25 ticks, tree = 14.02 MB, solutions = 2)
   2440  1100      809.6699   236     2913.0000      808.0000  2231642   72.26%
   2450  1109      824.3589   165     2913.0000      808.0000  2235868   72.26%
   2474  1131      860.9103   200     2913.0000      808.0000  2241491   72.26%
   2512  1164      888.5482   165     2913.0000      808.0000  2247710   72.26%
   2523  1173      894.0000   214     2913.0000      808.0000  2249965   72.26%
   2544  1189     1389.0000   263     2913.0000      808.0000  2254648   72.26%
   2571  1216     1389.0000   239     2913.0000      808.0000  2256294   72.26%
   2606  1246     1839.0000   202     2913.0000      808.0000  2258314   72.26%
   2695  1287     1220.8375   359     2913.0000      808.0000  2261568   72.26%
   2703  1294     1221.0000   390     2913.0000      808.0000  2262822   72.26%
Elapsed time = 567.63 sec. (961627.29 ticks, tree = 17.35 MB, solutions = 2)
   2714  1303     1223.0000   412     2913.0000      808.0000  2264082   72.26%
   2719  1308     1223.0000   450     2913.0000      808.0000  2265650   72.26%
   2727  1316     1223.0000   440     2913.0000      808.0000  2266812   72.26%
   2737  1326     1223.0000   400     2913.0000      808.0000  2269068   72.26%
   2738  1327     1223.0000   204     2913.0000      808.0000  2279667   72.26%
   2744  1333     1223.0000   214     2913.0000      808.0000  2288774   72.26%
   2758  1347     1223.0000   313     2913.0000      808.0000  2290158   72.26%
   2774  1363     1223.0000   313     2913.0000      808.0000  2291613   72.26%
   2786  1375     1223.0000   319     2913.0000      808.0000  2293175   72.26%
   2796  1385     1223.0000   303     2913.0000      808.0000  2295385   72.26%
Elapsed time = 594.26 sec. (1011681.43 ticks, tree = 18.48 MB, solutions = 2)
   2817  1405     1224.8875   262     2913.0000      808.0000  2296928   72.26%
   2828  1416     1225.0000   270     2913.0000      808.0000  2299278   72.26%
   2842  1430     1225.0000   312     2913.0000      808.0000  2302287   72.26%
   2851  1439     1225.0000   296     2913.0000      808.0000  2305119   72.26%
   2869  1455     1496.0000   204     2913.0000      808.0000  2314972   72.26%
   2914  1493     1820.0000   165     2913.0000      808.0000  2323854   72.26%
   2999  1547      809.2965   239     2913.0000      808.4792  2348725   72.25%
   3021  1568      819.0000   249     2913.0000      808.4792  2394514   72.25%
   3070  1613      853.0000   211     2913.0000      808.4792  2431012   72.25%
   3098  1637     1586.0500   337     2913.0000      808.4792  2436687   72.25%
Elapsed time = 620.07 sec. (1052329.55 ticks, tree = 21.89 MB, solutions = 2)
   3123  1660     1599.0000   290     2913.0000      808.4792  2442129   72.25%
   3171  1701     1969.8750    81     2913.0000      808.4792  2450737   72.25%
   3212  1726     1261.0000   414     2913.0000      809.0000  2457035   72.23%
   3224  1737     1405.0000   475     2913.0000      809.0000  2462681   72.23%
   3246  1759     1405.0000   495     2913.0000      809.0000  2465260   72.23%
   3260  1773     1405.0000   448     2913.0000      809.0000  2472258   72.23%
   3277  1790     1405.0000   453     2913.0000      809.0000  2478152   72.23%
   3292  1804     1794.0000   415     2913.0000      809.0000  2486708   72.23%
   3327  1835     1885.0000   134     2913.0000      809.0000  2498432   72.23%
   3376  1865      809.0000   271     2913.0000      809.0000  2508102   72.23%
Elapsed time = 653.96 sec. (1111122.27 ticks, tree = 25.01 MB, solutions = 2)
   3391  1880      878.2260   296     2913.0000      809.0000  2556508   72.23%
   3401  1888      897.0000   237     2913.0000      809.0000  2573808   72.23%
   3418  1902      979.0125   228     2913.0000      809.0000  2621960   72.23%
   3449  1931     1282.4000   263     2913.0000      809.0000  2656310   72.23%
   3494  1971     1814.0000   242     2913.0000      809.0000  2664341   72.23%
   3532  1997      834.8228   288     2913.0000      809.0000  2691887   72.23%
   3572  2037      867.5834   198     2913.0000      809.0000  2739137   72.23%
   3612  2075     1317.0000   336     2913.0000      809.0000  2756590   72.23%
   3660  2119     1575.0000   214     2913.0000      809.0000  2768271   72.23%
   3713  2160      820.6550   199     2913.0000      809.0000  2802699   72.23%
Elapsed time = 687.11 sec. (1153849.12 ticks, tree = 29.01 MB, solutions = 2)
   3731  2176     1088.0500   328     2913.0000      809.0000  2843568   72.23%
   3750  2191      922.0000   247     2913.0000      809.0000  2885101   72.23%
   3773  2212      937.0000   256     2913.0000      809.0000  2912844   72.23%
   3806  2242      944.0000   192     2913.0000      809.0000  2948759   72.23%
   3833  2267      955.5447   215     2913.0000      809.0000  2989645   72.23%
   3862  2287      996.1573   161     2913.0000      809.0000  3024440   72.23%
   3891  2308      991.2949   156     2913.0000      809.0000  3065312   72.23%
   3963  2366     1624.0000   174     2913.0000      809.0000  3082674   72.23%
   4008  2395     1222.0000   493     2913.0000      809.0208  3095247   72.23%
   4018  2404     1225.0000   476     2913.0000      809.0208  3105217   72.23%
Elapsed time = 715.90 sec. (1194459.48 ticks, tree = 32.29 MB, solutions = 2)
   4032  2418     1225.0000   494     2913.0000      809.0208  3120500   72.23%
   4054  2439     1465.0000   512     2913.0000      809.0208  3130616   72.23%
   4091  2474     1483.0000   412     2913.0000      809.0208  3141959   72.23%
   4124  2507     1483.0000   287     2913.0000      809.0208  3160840   72.23%
   4208  2557     1380.3250   488     2913.0000      809.0256  3178804   72.23%
   4219  2567     1384.0000   504     2913.0000      809.0256  3185516   72.23%
   4250  2597     1438.0000   534     2913.0000      809.0256  3191639   72.23%
   4276  2623     1438.0000   534     2913.0000      809.0256  3203958   72.23%
   4300  2647     1438.0000   497     2913.0000      809.0256  3217296   72.23%
   4330  2677     1438.0000   434     2913.0000      809.0256  3229832   72.23%
Elapsed time = 741.04 sec. (1234224.90 ticks, tree = 35.91 MB, solutions = 2)
   4400  2729      809.0256   174     2913.0000      809.0256  3250982   72.23%
   4418  2747      818.0000   244     2913.0000      809.0256  3299147   72.23%
   4438  2764      843.4730   260     2913.0000      809.0256  3333881   72.23%
   4452  2772      867.7617   195     2913.0000      809.0256  3359134   72.23%
   4467  2781      889.8968   237     2913.0000      809.0256  3379314   72.23%
   4481  2789      930.4631   209     2913.0000      809.0256  3400391   72.23%
   4493  2798      939.1008   246     2913.0000      809.0256  3432832   72.23%
   4503  2805      977.7029   208     2913.0000      809.0256  3455848   72.23%
   4518  2814      999.3932   192     2913.0000      809.0256  3480288   72.23%
   4531  2822     1021.2147   194     2913.0000      809.0256  3506541   72.23%
Elapsed time = 774.47 sec. (1283313.25 ticks, tree = 37.80 MB, solutions = 2)
   4544  2831     1035.0419   188     2913.0000      809.0256  3535299   72.23%
   4555  2838     1046.7527   170     2913.0000      809.0256  3565961   72.23%
   4565  2843     1066.5894   191     2913.0000      809.0256  3597483   72.23%
   4578  2852     1073.0000   202     2913.0000      809.0256  3625012   72.23%
   4590  2859     1084.5583   180     2913.0000      809.0256  3660846   72.23%
   4603  2870     1088.5630   173     2913.0000      809.0256  3685654   72.23%
   4621  2887     1221.0000   378     2913.0000      809.0256  3696155   72.23%
   4645  2911     1221.0000   371     2913.0000      809.0256  3700417   72.23%
   4665  2931     1221.0000   376     2913.0000      809.0256  3712809   72.23%
   4689  2954     1221.0000   287     2913.0000      809.0256  3724641   72.23%
Elapsed time = 801.72 sec. (1324565.12 ticks, tree = 39.46 MB, solutions = 2)
   4715  2979     1221.0000   272     2913.0000      809.0256  3736890   72.23%
   4745  3009     1221.0000   245     2913.0000      809.0256  3744616   72.23%
   4781  3041     1708.0000   211     2913.0000      809.0256  3754553   72.23%
   4808  3062      837.0000   229     2913.0000      809.0256  3776252   72.23%
   4818  3068      868.0000   257     2913.0000      809.0256  3804872   72.23%
   4831  3076      877.5452   240     2913.0000      809.0256  3829226   72.23%
   4844  3085      881.0000   237     2913.0000      809.0256  3858396   72.23%
   4853  3090      896.4406   192     2913.0000      809.0256  3894990   72.23%
   4870  3102     1047.8500   301     2913.0000      809.0256  3912235   72.23%
   4884  3109     1504.7375   250     2913.0000      809.0256  3935796   72.23%
Elapsed time = 827.97 sec. (1364218.35 ticks, tree = 41.50 MB, solutions = 2)
   4900  3119      949.0000   228     2913.0000      809.0256  3955779   72.23%
   4917  3129      955.0000   240     2913.0000      809.0256  3974073   72.23%
   4933  3137     1001.1500   208     2913.0000      809.0256  3997977   72.23%
   4951  3148     1092.5125   273     2913.0000      809.0256  4017200   72.23%
   4969  3159     2167.0250   262     2913.0000      809.0256  4037892   72.23%
   4991  3174     2368.0000   265     2913.0000      809.0256  4051435   72.23%
   5011  3193     1257.0000   397     2913.0000      809.0256  4066211   72.23%
   5028  3205     1465.0000   360     2913.0000      809.0256  4078834   72.23%
   5053  3229     1466.0000   351     2913.0000      809.0256  4087229   72.23%
   5085  3260     1574.3500   246     2913.0000      809.0256  4093825   72.23%
Elapsed time = 853.40 sec. (1403539.00 ticks, tree = 43.48 MB, solutions = 2)
   5125  3296     1936.0000   193     2913.0000      809.0256  4099518   72.23%
   5159  3326      840.7858   243     2913.0000      809.1481  4119384   72.22%
   5164  3331      897.8094   270     2913.0000      809.1481  4159148   72.22%
   5173  3338      924.0000   284     2913.0000      809.1481  4191524   72.22%
   5183  3347     1141.0000   387     2913.0000      809.1481  4215464   72.22%
   5200  3363     1644.0000   466     2913.0000      809.1481  4227334   72.22%
   5217  3379     1651.0000   423     2913.0000      809.1481  4240146   72.22%
   5241  3398     1800.0000   327     2913.0000      809.1481  4250545   72.22%
   5268  3423     1800.0000   368     2913.0000      809.1481  4260034   72.22%
   5288  3442     2465.0000   293     2913.0000      809.1481  4268458   72.22%
Elapsed time = 879.68 sec. (1443830.70 ticks, tree = 45.86 MB, solutions = 2)
   5326  3480     2465.0000   166     2913.0000      809.1481  4273887   72.22%
   5357  3499     1221.0000   440     2913.0000      809.2965  4293044   72.22%
   5374  3515     1222.0000   456     2913.0000      809.2965  4306273   72.22%
   5396  3537     1222.0000   427     2913.0000      809.2965  4312400   72.22%
   5403  3544     1222.0000   407     2913.0000      809.2965  4326708   72.22%
   5426  3567     1222.0000   442     2913.0000      809.2965  4333954   72.22%
   5446  3587     1222.0000   387     2913.0000      809.2965  4347755   72.22%
   5467  3608     1222.0000   360     2913.0000      809.2965  4359684   72.22%
   5488  3629     1222.0000   347     2913.0000      809.2965  4374031   72.22%
   5511  3652     1222.0000   310     2913.0000      809.2965  4385935   72.22%
Elapsed time = 916.06 sec. (1500608.01 ticks, tree = 48.58 MB, solutions = 2)
   5531  3671     1222.0000   355     2913.0000      809.2965  4402126   72.22%
   5556  3696     1222.0000   345     2913.0000      809.2965  4413983   72.22%
   5581  3721     1222.0000   295     2913.0000      809.2965  4427003   72.22%
   5609  3749     1222.0000   299     2913.0000      809.2965  4436935   72.22%
   5634  3772     2062.5500   360     2913.0000      809.2965  4452109   72.22%
   5669  3799      820.2713   211     2913.0000      809.6699  4481036   72.20%
   5684  3810      844.8793   215     2913.0000      809.6699  4505857   72.20%
   5705  3830     1435.0000   385     2913.0000      809.6699  4514737   72.20%
   5733  3858     1435.0000   298     2913.0000      809.6699  4521709   72.20%
   5769  3892     1574.0000   303     2913.0000      809.6699  4526226   72.20%
Elapsed time = 943.04 sec. (1541973.59 ticks, tree = 51.74 MB, solutions = 2)
   5803  3924     2043.0000   230     2913.0000      809.6699  4533222   72.20%
   5848  3960     1056.8500   309     2913.0000      809.9590  4540855   72.20%
   5867  3977     2091.0000   435     2913.0000      809.9590  4548275   72.20%
   5892  4002     2091.0000   365     2913.0000      809.9590  4550663   72.20%
   5915  4025     2091.0000   463     2913.0000      809.9590  4556281   72.20%
   5943  4052     2091.0000   310     2913.0000      809.9590  4559835   72.20%
   5974  4083     2091.0000   323     2913.0000      809.9590  4564107   72.20%
   6007  4116     2091.0000   292     2913.0000      809.9590  4568762   72.20%
   6057  4158     2518.0000    91     2913.0000      809.9590  4574215   72.20%
   6095  4184     1343.0000   397     2913.0000      810.0000  4580596   72.19%
Elapsed time = 967.38 sec. (1581348.87 ticks, tree = 55.84 MB, solutions = 2)
   6119  4207     1348.0000   417     2913.0000      810.0000  4584419   72.19%
   6143  4231     1348.0000   432     2913.0000      810.0000  4587676   72.19%
   6164  4252     1348.0000   455     2913.0000      810.0000  4596941   72.19%
   6188  4276     1348.0000   424     2913.0000      810.0000  4602277   72.19%
   6203  4291     1348.0000   367     2913.0000      810.0000  4613184   72.19%
   6227  4315     1348.0000   374     2913.0000      810.0000  4623051   72.19%
   6253  4341     1348.0000   357     2913.0000      810.0000  4630877   72.19%
   6279  4366     1564.0000   366     2913.0000      810.0000  4637915   72.19%
   6308  4395     1564.0000   330     2913.0000      810.0000  4646610   72.19%
   6371  4454     1727.0000   269     2913.0000      810.0000  4664395   72.19%
Elapsed time = 1002.94 sec. (1635609.45 ticks, tree = 59.30 MB, solutions = 2)
*  6468  4484      integral     0     2824.0000      810.0000  4673210   71.32%
   6469  4485      873.4000   278     2824.0000      810.0000  4695587   71.32%
   6475  4491      881.1610   227     2824.0000      810.0000  4748584   71.32%
   6483  4496      904.0727   240     2824.0000      810.0000  4781512   71.32%
   6495  4504      916.4875   232     2824.0000      810.0000  4805266   71.32%
   6512  4516      927.0000   257     2824.0000      810.0000  4821327   71.32%
   6526  4524     1119.0000   337     2824.0000      810.0000  4840689   71.32%
   6545  4542     1121.0000   345     2824.0000      810.0000  4857382   71.32%
   6567  4562     1282.0000   354     2824.0000      810.0000  4868304   71.32%
   6591  4585     1381.0000   339     2824.0000      810.0000  4880359   71.32%
   6603  4597     1381.0000   364     2824.0000      810.0000  4881436   71.32%
Elapsed time = 1030.42 sec. (1676961.99 ticks, tree = 61.17 MB, solutions = 3)
   6631  4625     1381.0000   269     2824.0000      810.0000  4890125   71.32%
   6659  4653     2474.0000   281     2824.0000      810.0000  4899718   71.32%
   6695  4685     2474.0000   230     2824.0000      810.0000  4905791   71.32%
   6731  4710      812.8825   214     2824.0000      810.0000  4920687   71.32%
   6737  4716      848.6152   232     2824.0000      810.0000  4957090   71.32%
   6743  4722      927.0750   225     2824.0000      810.0000  5009012   71.32%
   6754  4730      875.7264   197     2824.0000      810.0000  5045407   71.32%
   6765  4735      880.4765   203     2824.0000      810.0000  5086334   71.32%
   6779  4746      890.9132   206     2824.0000      810.0000  5125155   71.32%
   6793  4754      908.6212   208     2824.0000      810.0000  5151856   71.32%
Elapsed time = 1063.38 sec. (1721565.21 ticks, tree = 63.26 MB, solutions = 3)
   6809  4764      932.1410   209     2824.0000      810.0000  5181890   71.32%
   6826  4774      939.0000   218     2824.0000      810.0000  5209208   71.32%
   6848  4786      951.0000   240     2824.0000      810.0000  5235370   71.32%
   6869  4799      984.3260   217     2824.0000      810.0000  5265463   71.32%
   6886  4809     1003.0425   229     2824.0000      810.0000  5293278   71.32%
   6903  4820     1505.6000   363     2824.0000      810.0000  5322973   71.32%
   6921  4832     1034.0000   254     2824.0000      810.0000  5356136   71.32%
   6939  4843     1062.2124   226     2824.0000      810.0000  5388205   71.32%
   6969  4864     1073.0000   205     2824.0000      810.0000  5415030   71.32%
   7001  4887     1101.1107   184     2824.0000      810.0000  5443932   71.32%
Elapsed time = 1090.69 sec. (1760538.23 ticks, tree = 64.95 MB, solutions = 3)
   7003  4888     1104.2625   185     2824.0000      810.0000  5448581   71.32%
   7009  4894      891.0750   271     2824.0000      810.0000  5479838   71.32%
   7019  4902      895.0000   340     2824.0000      810.0000  5509316   71.32%
   7034  4916      919.0000   344     2824.0000      810.0000  5531287   71.32%
   7047  4929      919.0000   256     2824.0000      810.0000  5561565   71.32%
   7065  4947      919.0000   254     2824.0000      810.0000  5583743   71.32%
   7079  4957      925.0000   201     2824.0000      810.0000  5612939   71.32%
   7091  4966      941.0000   198     2824.0000      810.0000  5646119   71.32%
   7108  4978      950.8520   187     2824.0000      810.0000  5674485   71.32%
   7134  4998      983.0224   193     2824.0000      810.0000  5694193   71.32%
Elapsed time = 1119.47 sec. (1802142.15 ticks, tree = 66.36 MB, solutions = 3)
   7162  5020     1012.1893   196     2824.0000      810.0000  5709738   71.32%
   7195  5048     1029.3333   200     2824.0000      810.0000  5714862   71.32%
   7212  5063     1344.3250   505     2824.0000      810.0000  5729213   71.32%
   7230  5081     1345.0000   525     2824.0000      810.0000  5737979   71.32%
   7252  5103     1345.0000   504     2824.0000      810.0000  5744154   71.32%
   7273  5124     1345.0000   505     2824.0000      810.0000  5752808   71.32%
   7289  5140     1345.0000   526     2824.0000      810.0000  5768529   71.32%
   7308  5158     1484.1875   497     2824.0000      810.0000  5781455   71.32%
   7331  5181     1485.0000   451     2824.0000      810.0000  5788542   71.32%
   7355  5205     1485.0000   434     2824.0000      810.0000  5795710   71.32%
Elapsed time = 1144.19 sec. (1841315.71 ticks, tree = 68.98 MB, solutions = 3)
   7380  5230     1485.0000   478     2824.0000      810.0000  5804221   71.32%
   7405  5255      813.1068   220     2824.0000      810.0879  5817768   71.31%
   7413  5263      831.8584   174     2824.0000      810.0879  5851518   71.31%
   7423  5271      871.1103   192     2824.0000      810.0879  5889342   71.31%
   7443  5283      884.3075   194     2824.0000      810.0879  5919943   71.31%
   7456  5293     1007.2000   338     2824.0000      810.0879  5961032   71.31%
   7465  5300     1313.0000   619     2824.0000      810.0879  5985360   71.31%
   7486  5321     1313.0000   575     2824.0000      810.0879  5993237   71.31%
   7505  5338     1327.0000   545     2824.0000      810.0879  6006030   71.31%
   7531  5363     1333.0000   519     2824.0000      810.0879  6011224   71.31%
Elapsed time = 1172.22 sec. (1883102.09 ticks, tree = 70.98 MB, solutions = 3)
   7558  5390     1333.0000   490     2824.0000      810.0879  6016464   71.31%
   7583  5415     1333.0000   460     2824.0000      810.0879  6026453   71.31%
   7605  5437      833.7916   379     2824.0000      810.0879  6035056   71.31%
   7614  5446      858.2635   173     2824.0000      810.0879  6067011   71.31%
   7628  5456      908.0038   198     2824.0000      810.0879  6101465   71.31%
   7647  5467      925.2293   214     2824.0000      810.0879  6133164   71.31%
   7664  5477      949.5976   208     2824.0000      810.0879  6158262   71.31%
   7696  5501      975.0000   218     2824.0000      810.0879  6178781   71.31%
   7740  5535      986.5720   191     2824.0000      810.0879  6196445   71.31%
   7782  5573     1556.0000   301     2824.0000      810.0879  6202549   71.31%
Elapsed time = 1199.07 sec. (1922484.66 ticks, tree = 73.69 MB, solutions = 3)
   7803  5594     1556.0000   328     2824.0000      810.0879  6204271   71.31%
   7819  5609     1257.0000   462     2824.0000      810.6111  6219518   71.30%
   7836  5626     1257.0000   435     2824.0000      810.6111  6235522   71.30%
   7856  5641     1265.0000   397     2824.0000      810.6111  6252027   71.30%
   7873  5650     1382.5000   299     2824.0000      810.6111  6274651   71.30%
   7896  5672     1383.0000   337     2824.0000      810.6111  6287516   71.30%
   7917  5691     1418.0000   301     2824.0000      810.6111  6303678   71.30%
   7945  5712     1432.0000   257     2824.0000      810.6111  6317848   71.30%
   7976  5733     1581.3000   221     2824.0000      810.6111  6327098   71.30%
   8005  5762      810.8743   191     2824.0000      810.8743  6354788   71.29%
Elapsed time = 1232.88 sec. (1973376.39 ticks, tree = 76.21 MB, solutions = 3)
   8015  5771      951.8125   289     2824.0000      810.8743  6391725   71.29%
   8031  5787      952.0000   266     2824.0000      810.8743  6414849   71.29%
   8048  5804      952.0000   192     2824.0000      810.8743  6441869   71.29%
   8072  5821      973.0000   268     2824.0000      810.8743  6471621   71.29%
   8095  5832      990.0505   208     2824.0000      810.8743  6502081   71.29%
   8103  5838      996.0000   219     2824.0000      810.8743  6506578   71.29%
   8142  5866     1025.6928   180     2824.0000      810.8743  6530817   71.29%
   8178  5895     1313.0000   260     2824.0000      810.8743  6541517   71.29%
   8205  5922     1342.6375   347     2824.0000      810.8743  6550723   71.29%
   8221  5937     1484.0000   405     2824.0000      810.8743  6565138   71.29%
Elapsed time = 1265.36 sec. (2021476.47 ticks, tree = 78.47 MB, solutions = 3)
   8239  5955     1484.0000   422     2824.0000      810.8743  6578198   71.29%
   8256  5972     1484.0000   452     2824.0000      810.8743  6590514   71.29%
   8274  5990     1484.0000   390     2824.0000      810.8743  6602405   71.29%
   8294  6010     1484.0000   502     2824.0000      810.8743  6613522   71.29%
   8317  6033     1484.0000   508     2824.0000      810.8743  6618718   71.29%
   8340  6056     1484.0000   519     2824.0000      810.8743  6624013   71.29%
   8364  6080     1484.0000   518     2824.0000      810.8743  6628600   71.29%
   8388  6104     1484.0000   447     2824.0000      810.8743  6635315   71.29%
   8405  6121      859.6508   216     2824.0000      810.9032  6655458   71.29%
   8412  6128      904.0133   310     2824.0000      810.9032  6689752   71.29%
Elapsed time = 1290.76 sec. (2060774.36 ticks, tree = 80.86 MB, solutions = 3)
   8421  6136      945.1570   234     2824.0000      810.9032  6730251   71.29%
   8429  6144     1123.0125   342     2824.0000      810.9032  6768022   71.29%
   8447  6161     1579.0000   377     2824.0000      810.9032  6779837   71.29%
   8469  6183     1579.0000   362     2824.0000      810.9032  6784336   71.29%
   8492  6206     1579.0000   331     2824.0000      810.9032  6792102   71.29%
   8517  6231     1579.0000   325     2824.0000      810.9032  6799236   71.29%
   8545  6259     1579.0000   297     2824.0000      810.9032  6806452   71.29%
   8576  6289     1579.0000   258     2824.0000      810.9032  6814353   71.29%
   8608  6316     1316.0000   432     2824.0000      810.9032  6824549   71.29%
   8627  6335     1316.0000   520     2824.0000      810.9032  6833609   71.29%
Elapsed time = 1315.89 sec. (2100096.04 ticks, tree = 83.56 MB, solutions = 3)
   8648  6355     1341.0000   537     2824.0000      810.9032  6841716   71.29%
   8670  6377     1341.0000   531     2824.0000      810.9032  6849134   71.29%
   8693  6399     1344.0000   537     2824.0000      810.9032  6856588   71.29%
   8719  6424     1345.0000   499     2824.0000      810.9032  6861402   71.29%
   8746  6451     1345.0000   466     2824.0000      810.9032  6865870   71.29%
   8771  6476     1345.0000   417     2824.0000      810.9032  6873064   71.29%
   8797  6502     1345.0000   422     2824.0000      810.9032  6880529   71.29%
   8812  6517      821.4451   240     2824.0000      810.9032  6916590   71.29%
   8823  6526      847.0000   205     2824.0000      810.9032  6959482   71.29%
   8837  6534      863.9094   213     2824.0000      810.9032  7006130   71.29%
Elapsed time = 1342.28 sec. (2139677.55 ticks, tree = 86.12 MB, solutions = 3)
   8867  6558      884.0000   233     2824.0000      810.9032  7041522   71.29%
   8899  6583      896.8791   199     2824.0000      810.9032  7080282   71.29%
   8919  6597      910.8440   169     2824.0000      810.9032  7125598   71.29%
   8943  6614      930.0000   193     2824.0000      810.9032  7161332   71.29%
   8986  6648     1319.8000   299     2824.0000      810.9032  7195698   71.29%
   9011  6668     1254.0000   447     2824.0000      810.9032  7213304   71.29%
   9032  6689     1254.0000   483     2824.0000      810.9032  7218870   71.29%
   9052  6709     1254.0000   445     2824.0000      810.9032  7226697   71.29%
   9075  6732     1254.0000   502     2824.0000      810.9032  7229846   71.29%
   9097  6754     1254.0000   491     2824.0000      810.9032  7235696   71.29%
Elapsed time = 1369.42 sec. (2178877.09 ticks, tree = 88.90 MB, solutions = 3)
   9120  6777     1254.0000   505     2824.0000      810.9032  7240760   71.29%
   9143  6800     1254.0000   478     2824.0000      810.9032  7245579   71.29%
   9167  6824     1254.0000   487     2824.0000      810.9032  7249124   71.29%
   9192  6849     1254.0000   508     2824.0000      810.9032  7252592   71.29%
   9212  6868     1325.0000   445     2824.0000      810.9032  7260499   71.29%
   9229  6883     1406.0000   525     2824.0000      810.9032  7274034   71.29%
   9250  6904     1406.0000   497     2824.0000      810.9032  7280544   71.29%
   9271  6925     1406.0000   508     2824.0000      810.9032  7287072   71.29%
   9293  6945     1408.0000   504     2824.0000      810.9032  7292174   71.29%
   9317  6969     1408.0000   484     2824.0000      810.9032  7295938   71.29%
Elapsed time = 1393.61 sec. (2217891.00 ticks, tree = 91.60 MB, solutions = 3)
   9332  6984     1408.0000   454     2824.0000      810.9032  7317249   71.29%
   9357  7009     1408.0000   410     2824.0000      810.9032  7324510   71.29%
   9381  7033     1408.0000   438     2824.0000      810.9032  7332106   71.29%
   9402  7054     1408.0000   466     2824.0000      810.9032  7345874   71.29%
   9406  7058      906.3000   343     2824.0000      811.0000  7363683   71.28%
   9421  7071     1119.0000   487     2824.0000      811.0000  7384632   71.28%
   9436  7085     1127.0000   427     2824.0000      811.0000  7404949   71.28%
   9457  7106     1127.0000   444     2824.0000      811.0000  7418647   71.28%
   9482  7131     1127.0000   378     2824.0000      811.0000  7428505   71.28%
   9507  7155     1131.0000   400     2824.0000      811.0000  7439447   71.28%
Elapsed time = 1419.53 sec. (2257696.21 ticks, tree = 93.97 MB, solutions = 3)
   9533  7178     1141.0000   407     2824.0000      811.0000  7443734   71.28%
   9563  7206     1141.0000   399     2824.0000      811.0000  7447726   71.28%
   9588  7231     1141.0000   329     2824.0000      811.0000  7462026   71.28%
   9606  7249     1342.6375   418     2824.0000      811.6481  7480551   71.26%
   9616  7258     1343.0000   495     2824.0000      811.6481  7502306   71.26%
   9627  7268     1579.0000   518     2824.0000      811.6481  7519949   71.26%
   9635  7276     1579.0000   257     2824.0000      811.6481  7535387   71.26%
   9657  7298     1579.0000   502     2824.0000      811.6481  7542787   71.26%
   9680  7321     1579.0000   442     2824.0000      811.6481  7548384   71.26%
   9701  7342     1579.0000   490     2824.0000      811.6481  7557178   71.26%
Elapsed time = 1451.57 sec. (2304693.51 ticks, tree = 96.37 MB, solutions = 3)
   9724  7365     1579.0000   509     2824.0000      811.6481  7562931   71.26%
   9745  7386     1579.0000   483     2824.0000      811.6481  7571685   71.26%
   9771  7412     1579.0000   478     2824.0000      811.6481  7575715   71.26%
   9797  7438     1579.0000   443     2824.0000      811.6481  7580936   71.26%
   9816  7454     1319.0000   513     2824.0000      811.8750  7590885   71.25%
   9834  7470     1321.0000   498     2824.0000      811.8750  7599731   71.25%
   9855  7491     1321.0000   460     2824.0000      811.8750  7606571   71.25%
   9873  7507     1324.0000   546     2824.0000      811.8750  7615467   71.25%
   9890  7523     1325.0000   534     2824.0000      811.8750  7632151   71.25%
   9911  7543     1325.0000   490     2824.0000      811.8750  7641945   71.25%
Elapsed time = 1476.66 sec. (2344062.72 ticks, tree = 98.90 MB, solutions = 3)
   9932  7564     1325.0000   445     2824.0000      811.8750  7656852   71.25%
   9946  7578     1325.0000   411     2824.0000      811.8750  7679021   71.25%
   9971  7603     1325.0000   446     2824.0000      811.8750  7688209   71.25%
   9992  7624     1325.0000   463     2824.0000      811.8750  7701150   71.25%
  10008  7639     1910.2000   504     2824.0000      812.0000  7720722   71.25%
  10028  7658     1912.0000   541     2824.0000      812.0000  7726582   71.25%
  10048  7678     2182.0000   556     2824.0000      812.0000  7731790   71.25%
  10070  7700     2182.0000   484     2824.0000      812.0000  7735075   71.25%
  10091  7720     2182.0000   477     2824.0000      812.0000  7739838   71.25%
  10115  7744     2182.0000   458     2824.0000      812.0000  7743329   71.25%
Elapsed time = 1501.97 sec. (2384091.52 ticks, tree = 101.43 MB, solutions = 3)
  10139  7768     2182.0000   458     2824.0000      812.0000  7746993   71.25%
  10164  7792     2347.0000   358     2824.0000      812.0000  7754643   71.25%
  10193  7820     2434.0000   339     2824.0000      812.0000  7762753   71.25%
  10203  7829     2434.0000   298     2824.0000      812.0000  7763988   71.25%
  10208  7834      839.9701   289     2824.0000      812.0000  7805118   71.25%
  10217  7842      884.1736   260     2824.0000      812.0000  7842945   71.25%
  10224  7847      933.0583   211     2824.0000      812.0000  7887002   71.25%
  10229  7851     1008.0583   253     2824.0000      812.0000  7933636   71.25%
  10235  7855     1018.0000   307     2824.0000      812.0000  7976653   71.25%
  10246  7862     1042.5336   232     2824.0000      812.0000  8014824   71.25%
Elapsed time = 1531.41 sec. (2426326.01 ticks, tree = 102.89 MB, solutions = 3)
  10256  7869     1070.9608   234     2824.0000      812.0000  8047948   71.25%
  10271  7878     1090.0000   264     2824.0000      812.0000  8082833   71.25%
  10287  7887     1269.6000   299     2824.0000      812.0000  8110437   71.25%
  10312  7907     1433.0000   286     2824.0000      812.0000  8117102   71.25%
  10337  7932     1433.0000   325     2824.0000      812.0000  8125453   71.25%
  10364  7959     1433.0000   308     2824.0000      812.0000  8131990   71.25%
  10392  7987     1433.0000   273     2824.0000      812.0000  8139007   71.25%
  10406  8001      818.6251   228     2824.0000      812.2337  8167973   71.24%
  10414  8009      877.2862   196     2824.0000      812.2337  8214711   71.24%
  10418  8013      906.6317   192     2824.0000      812.2337  8267020   71.24%
Elapsed time = 1558.67 sec. (2466575.79 ticks, tree = 104.81 MB, solutions = 3)
  10428  8023      939.9766   192     2824.0000      812.2337  8313002   71.24%
  10438  8033      975.4468   217     2824.0000      812.2337  8361108   71.24%
  10455  8047     1006.4689   217     2824.0000      812.2337  8402698   71.24%
  10470  8058     1056.0000   234     2824.0000      812.2337  8440960   71.24%
  10482  8068     1064.8794   210     2824.0000      812.2337  8482761   71.24%
  10495  8078     1081.0000   255     2824.0000      812.2337  8521251   71.24%
  10512  8093     1586.0000   391     2824.0000      812.2337  8538168   71.24%
  10530  8111     1586.0000   352     2824.0000      812.2337  8546679   71.24%
  10548  8129     1586.0000   379     2824.0000      812.2337  8554598   71.24%
  10563  8144     1586.0000   421     2824.0000      812.2337  8570652   71.24%
Elapsed time = 1586.53 sec. (2506283.63 ticks, tree = 106.41 MB, solutions = 3)
  10581  8162     1586.0000   464     2824.0000      812.2337  8581628   71.24%
  10598  8177     1586.0000   471     2824.0000      812.2337  8596482   71.24%
  10603  8182     1586.0000   450     2824.0000      812.2337  8598765   71.24%
  10615  8189     1220.8375   488     2824.0000      812.5556  8622714   71.23%
  10633  8206     1226.0000   454     2824.0000      812.5556  8631842   71.23%
  10653  8226     1226.0000   494     2824.0000      812.5556  8637500   71.23%
  10672  8244     1234.0000   441     2824.0000      812.5556  8646016   71.23%
  10691  8261     1250.0000   431     2824.0000      812.5556  8652378   71.23%
  10714  8284     1250.0000   445     2824.0000      812.5556  8659089   71.23%
  10737  8307     1250.0000   411     2824.0000      812.5556  8666281   71.23%
Elapsed time = 1612.69 sec. (2547550.44 ticks, tree = 108.78 MB, solutions = 3)
  10761  8330     1251.0000   404     2824.0000      812.5556  8671402   71.23%
  10785  8354     1251.0000   313     2824.0000      812.5556  8680359   71.23%
  10809  8378     1251.0000   366     2824.0000      812.5556  8688641   71.23%
  10835  8404     1251.0000   380     2824.0000      812.5556  8692843   71.23%
  10860  8429     1251.0000   326     2824.0000      812.5556  8701473   71.23%
  10889  8457     2086.0000   323     2824.0000      812.5556  8707759   71.23%
  10921  8489     2086.0000   299     2824.0000      812.5556  8714088   71.23%
  10958  8525     2091.0000   262     2824.0000      812.5556  8719102   71.23%
  10995  8562     2091.0000   296     2824.0000      812.5556  8724301   71.23%
  11003  8570     2091.0000   306     2824.0000      812.5556  8724763   71.23%
Elapsed time = 1749.29 sec. (2754401.41 ticks, tree = 112.25 MB, solutions = 3)
  11011  8577     1221.0000   474     2824.0000      812.8825  8748747   71.22%
  11027  8591     1223.0000   499     2824.0000      812.8825  8758886   71.22%
  11043  8607     1223.0000   506     2824.0000      812.8825  8770767   71.22%
  11061  8624     1288.2500   528     2824.0000      812.8825  8783095   71.22%
  11081  8644     1289.0000   556     2824.0000      812.8825  8790122   71.22%
  11101  8664     1289.0000   501     2824.0000      812.8825  8798781   71.22%
  11117  8680     1289.0000   450     2824.0000      812.8825  8816057   71.22%
  11139  8702     1289.0000   477     2824.0000      812.8825  8824997   71.22%
  11162  8725     1289.0000   454     2824.0000      812.8825  8834346   71.22%
  11182  8744     1293.0000   429     2824.0000      812.8825  8852984   71.22%
Elapsed time = 1774.86 sec. (2794169.56 ticks, tree = 114.40 MB, solutions = 3)
  11208  8770     1293.0000   399     2824.0000      812.8825  8860911   71.22%
  11227  8788     1408.0000   379     2824.0000      812.8825  8879468   71.22%
  11254  8814     1410.0000   355     2824.0000      812.8825  8887762   71.22%
  11282  8841     1410.0000   332     2824.0000      812.8825  8896868   71.22%
  11310  8867     1429.0000   355     2824.0000      812.8825  8905646   71.22%
  11338  8895     1429.0000   336     2824.0000      812.8825  8917214   71.22%
  11366  8920     1851.0000   437     2824.0000      812.8825  8927914   71.22%
  11397  8950     1921.0000   370     2824.0000      812.8825  8934153   71.22%
  11429  8981     2176.0000   388     2824.0000      812.8825  8939997   71.22%
  11463  9014     2176.0000   356     2824.0000      812.8825  8943500   71.22%
Elapsed time = 1800.85 sec. (2833048.57 ticks, tree = 117.92 MB, solutions = 3)
  11502  9048     2176.0000   321     2824.0000      812.8825  8949808   71.22%
  11554  9092     2242.0000   144     2824.0000      812.8825  8956968   71.22%
  11608  9124      843.4817   189     2824.0000      812.9252  8988920   71.21%
  11620  9135      928.0000   304     2824.0000      812.9252  9019201   71.21%
  11639  9151     2020.9500   429     2824.0000      812.9252  9036989   71.21%
  11653  9165      945.0000   251     2824.0000      812.9252  9069110   71.21%
  11682  9193      945.0000   180     2824.0000      812.9252  9097093   71.21%
  11738  9244      945.0000   173     2824.0000      812.9252  9129442   71.21%
  11788  9284      974.6687   208     2824.0000      812.9252  9158988   71.21%
  11849  9335      968.0000   144     2824.0000      812.9252  9188074   71.21%
Elapsed time = 1828.30 sec. (2873482.71 ticks, tree = 122.29 MB, solutions = 3)
  11910  9386      994.0000   130     2824.0000      812.9252  9205635   71.21%
  11983  9446     1814.0000   184     2824.0000      812.9252  9223738   71.21%
  12010  9469      880.7099   349     2824.0000      812.9445  9251154   71.21%
  12021  9479      898.3871   288     2824.0000      812.9445  9297619   71.21%
  12041  9498      926.0712   306     2824.0000      812.9445  9338078   71.21%
  12075  9528      952.3709   256     2824.0000      812.9445  9376370   71.21%
  12103  9553     1007.2788   278     2824.0000      812.9445  9419570   71.21%
  12129  9574     1040.4528   234     2824.0000      812.9445  9460951   71.21%
  12154  9594     1094.6972   232     2824.0000      812.9445  9502187   71.21%
  12182  9614     1126.0000   236     2824.0000      812.9445  9539461   71.21%
Elapsed time = 1857.04 sec. (2912774.63 ticks, tree = 125.94 MB, solutions = 3)
  12205  9632      812.9445   217     2824.0000      812.9445  9566863   71.21%
  12217  9644      859.7809   252     2824.0000      812.9445  9621676   71.21%
  12243  9669      905.0833   165     2824.0000      812.9445  9668160   71.21%
  12274  9691      929.0000   162     2824.0000      812.9445  9711967   71.21%
  12309  9721     1333.0000   363     2824.0000      812.9445  9738023   71.21%
  12336  9747     1333.0000   373     2824.0000      812.9445  9745544   71.21%
  12364  9775     1333.0000   340     2824.0000      812.9445  9754092   71.21%
  12394  9805     1333.0000   369     2824.0000      812.9445  9759717   71.21%
  12410  9821      913.8625   284     2824.0000      812.9445  9787710   71.21%
  12427  9836      939.2500   295     2824.0000      812.9445  9829570   71.21%
Elapsed time = 1885.88 sec. (2952676.57 ticks, tree = 128.79 MB, solutions = 3)
  12447  9851     1238.3750   368     2824.0000      812.9445  9838774   71.21%
  12469  9871     1554.0000   357     2824.0000      812.9445  9848101   71.21%
  12493  9894     1554.0000   357     2824.0000      812.9445  9854116   71.21%
  12519  9919     1560.0000   333     2824.0000      812.9445  9860828   71.21%
  12549  9949     1560.0000   329     2824.0000      812.9445  9864672   71.21%
  12583  9983     1560.0000   292     2824.0000      812.9445  9868807   71.21%
  12609 10009      870.6481   243     2824.0000      813.0000  9889367   71.21%
  12626 10026      911.0012   279     2824.0000      813.0000  9935091   71.21%
  12652 10051     1056.3641   262     2824.0000      813.0000  9983535   71.21%
  12697 10090     1089.2209   256     2824.0000      813.0000 10015555   71.21%
Elapsed time = 1912.12 sec. (2991977.72 ticks, tree = 132.02 MB, solutions = 3)
  12746 10127     1227.0000   251     2824.0000      813.0000 10048512   71.21%
  12781 10162     1227.0000   250     2824.0000      813.0000 10063378   71.21%
  12808 10187     1288.1125   500     2824.0000      813.0000 10099016   71.21%
  12820 10198     1342.3375   447     2824.0000      813.0000 10122929   71.21%
  12834 10211     1337.0000   501     2824.0000      813.0000 10137724   71.21%
  12853 10228     1343.0000   483     2824.0000      813.0000 10150023   71.21%
  12872 10243     1362.7500   469     2824.0000      813.0000 10163266   71.21%
  12890 10258     1364.7250   452     2824.0000      813.0000 10178110   71.21%
  12911 10274     1760.0000   494     2824.0000      813.0000 10188744   71.21%
  12937 10299     1761.0000   459     2824.0000      813.0000 10193071   71.21%
Elapsed time = 1938.47 sec. (3032097.14 ticks, tree = 134.67 MB, solutions = 3)
  12963 10325     1761.0000   421     2824.0000      813.0000 10198881   71.21%
  12989 10350     1761.0000   376     2824.0000      813.0000 10206458   71.21%
  13008 10369      825.1431   258     2824.0000      813.0000 10233537   71.21%
  13013 10373      840.5317   233     2824.0000      813.0000 10244987   71.21%
  13033 10393      864.1406   161     2824.0000      813.0000 10289151   71.21%
  13050 10407      904.2004   262     2824.0000      813.0000 10333780   71.21%
  13070 10427      923.0000   221     2824.0000      813.0000 10380843   71.21%
  13098 10452     1296.0000   376     2824.0000      813.0000 10410891   71.21%
  13120 10473     1296.0000   333     2824.0000      813.0000 10427564   71.21%
  13143 10496     1296.0000   320     2824.0000      813.0000 10442834   71.21%
Elapsed time = 1969.98 sec. (3073096.22 ticks, tree = 137.17 MB, solutions = 3)
  13170 10523     1296.0000   276     2824.0000      813.0000 10453275   71.21%
  13202 10553     1370.0000   347     2824.0000      813.0000 10460695   71.21%
  13214 10565      847.0000   194     2824.0000      813.0000 10493389   71.21%
  13236 10587      873.3848   181     2824.0000      813.0000 10544089   71.21%
  13266 10616      908.8076   191     2824.0000      813.0000 10591282   71.21%
  13292 10642     1654.0000   349     2824.0000      813.0000 10614672   71.21%
  13314 10663     1654.0000   405     2824.0000      813.0000 10618889   71.21%
  13340 10689     1654.0000   325     2824.0000      813.0000 10622166   71.21%
  13366 10715     1654.0000   327     2824.0000      813.0000 10625694   71.21%
  13391 10740     1654.0000   300     2824.0000      813.0000 10630807   71.21%
Elapsed time = 1996.68 sec. (3112376.29 ticks, tree = 140.28 MB, solutions = 3)
  13415 10764      820.0000   193     2824.0000      813.0000 10654650   71.21%
  13429 10778      930.4500   293     2824.0000      813.0000 10707659   71.21%
  13445 10791     1005.5613   228     2824.0000      813.0000 10754114   71.21%
  13492 10833     1136.3522   206     2824.0000      813.0000 10795333   71.21%
  13521 10857     1326.0000   292     2824.0000      813.0000 10804294   71.21%
  13554 10888     2063.0000   328     2824.0000      813.0000 10810672   71.21%
  13591 10925     2063.0000   364     2824.0000      813.0000 10813692   71.21%
  13615 10949      836.9439   191     2824.0000      813.0000 10846507   71.21%
  13648 10982      869.1783   290     2824.0000      813.0000 10894210   71.21%
  13676 11006     1062.5875   297     2824.0000      813.0000 10939721   71.21%
Elapsed time = 2025.71 sec. (3152184.20 ticks, tree = 143.71 MB, solutions = 3)
  13698 11024     1552.0000   383     2824.0000      813.0000 10946915   71.21%
  13721 11047     1552.0000   427     2824.0000      813.0000 10956370   71.21%
  13749 11072     1552.0000   390     2824.0000      813.0000 10965076   71.21%
  13779 11099     1704.0000   414     2824.0000      813.0000 10970274   71.21%
  13805 11125      834.9012   184     2824.0000      813.0000 10985452   71.21%
  13821 11141      881.3976   185     2824.0000      813.0000 11033254   71.21%
  13841 11161      907.8125   195     2824.0000      813.0000 11082416   71.21%
  13864 11175     1332.6000   307     2824.0000      813.0000 11104568   71.21%
  13882 11187     1231.9000   320     2824.0000      813.0000 11125030   71.21%
  13900 11198     1332.6000   338     2824.0000      813.0000 11146718   71.21%
Elapsed time = 2052.62 sec. (3191774.60 ticks, tree = 146.16 MB, solutions = 3)
  13919 11211      913.0000   233     2824.0000      813.0000 11166956   71.21%
  13935 11223      913.0000   207     2824.0000      813.0000 11189580   71.21%
  13951 11234      913.0000   217     2824.0000      813.0000 11213197   71.21%
  13966 11244     1231.9000   375     2824.0000      813.0000 11239227   71.21%
  13980 11255     1332.6000   392     2824.0000      813.0000 11270188   71.21%
  13990 11264     1231.9000   405     2824.0000      813.0000 11312237   71.21%
  14006 11279     1092.8500   369     2824.0000      813.0000 11331770   71.21%
  14021 11291     1520.0000   556     2824.0000      813.0000 11345520   71.21%
  14042 11312     1520.0000   504     2824.0000      813.0000 11351743   71.21%
  14065 11335     1520.0000   468     2824.0000      813.0000 11360299   71.21%
Elapsed time = 2079.39 sec. (3232223.30 ticks, tree = 147.90 MB, solutions = 3)
  14091 11361     1520.0000   483     2824.0000      813.0000 11364600   71.21%
  14119 11389     1520.0000   462     2824.0000      813.0000 11371411   71.21%
  14152 11422     1520.0000   419     2824.0000      813.0000 11373923   71.21%
  14180 11450     2392.0000   431     2824.0000      813.0000 11379789   71.21%
  14206 11476      813.5722   223     2824.0000      813.0000 11393433   71.21%
  14216 11486      838.6329   198     2824.0000      813.0000 11443563   71.21%
  14225 11495      862.0540   234     2824.0000      813.0000 11494516   71.21%
  14233 11503      915.1294   169     2824.0000      813.0000 11552230   71.21%
  14243 11513      930.0000   269     2824.0000      813.0000 11601855   71.21%
  14252 11522      956.7414   239     2824.0000      813.0000 11659388   71.21%
Elapsed time = 2109.07 sec. (3273031.42 ticks, tree = 150.32 MB, solutions = 3)
  14266 11535      999.8359   240     2824.0000      813.0000 11712458   71.21%
  14286 11551     1083.1022   245     2824.0000      813.0000 11766812   71.21%
  14305 11568     1104.8264   118     2824.0000      813.0000 11817811   71.21%
  14321 11581     1138.3050   171     2824.0000      813.0000 11867687   71.21%
  14338 11588     1202.0000   196     2824.0000      813.0000 11904699   71.21%
  14355 11599     1435.0000   237     2824.0000      813.0000 11931737   71.21%
  14381 11623     1768.0000   249     2824.0000      813.0000 11940205   71.21%
  14407 11646     1277.2500   410     2824.0000      813.0513 11949403   71.21%
  14421 11660     1278.0000   544     2824.0000      813.0513 11964139   71.21%
  14437 11676     1278.0000   546     2824.0000      813.0513 11975193   71.21%
Elapsed time = 2138.43 sec. (3312829.04 ticks, tree = 152.27 MB, solutions = 3)
  14457 11696     1278.0000   543     2824.0000      813.0513 11980492   71.21%
  14477 11716     1278.0000   509     2824.0000      813.0513 11988938   71.21%
  14494 11733     1278.0000   476     2824.0000      813.0513 12002681   71.21%
  14510 11749     1278.0000   544     2824.0000      813.0513 12019528   71.21%
  14527 11766     1278.0000   399     2824.0000      813.0513 12039402   71.21%
  14546 11785     1278.0000   423     2824.0000      813.0513 12054821   71.21%
  14568 11807     1278.0000   418     2824.0000      813.0513 12065507   71.21%
  14586 11825     1997.0000   534     2824.0000      813.0513 12082363   71.21%
  14607 11846      824.4590   157     2824.0000      813.0531 12092957   71.21%
  14618 11857      873.9026   206     2824.0000      813.0531 12146553   71.21%
Elapsed time = 2165.02 sec. (3352592.90 ticks, tree = 154.55 MB, solutions = 3)
  14627 11865      885.0000   227     2824.0000      813.0531 12175109   71.21%
  14637 11872      902.5983   214     2824.0000      813.0531 12208904   71.21%
  14645 11877      949.2461   263     2824.0000      813.0531 12243021   71.21%
  14660 11886      970.6898   221     2824.0000      813.0531 12265041   71.21%
  14677 11898     1002.2910   214     2824.0000      813.0531 12295692   71.21%
  14687 11904     1063.5706   164     2824.0000      813.0531 12332128   71.21%
  14704 11916     1720.0000   336     2824.0000      813.0531 12356025   71.21%
  14729 11941     1720.0000   445     2824.0000      813.0531 12365608   71.21%
  14754 11966     1720.0000   410     2824.0000      813.0531 12374623   71.21%
  14780 11980    infeasible           2824.0000      813.0972 12395190   71.21%
Elapsed time = 2193.20 sec. (3393285.20 ticks, tree = 156.13 MB, solutions = 3)
  14800 11997     1400.0000   511     2824.0000      813.1068 12404698   71.21%
  14824 12021     1400.0000   453     2824.0000      813.1068 12413474   71.21%
  14852 12048     2503.0000   391     2824.0000      813.1068 12419302   71.21%
  14883 12079     2503.0000   376     2824.0000      813.1068 12422318   71.21%
  14915 12111     2503.0000   372     2824.0000      813.1068 12424544   71.21%
  14947 12142     2544.0000   342     2824.0000      813.1068 12429654   71.21%
  14984 12178     2617.0000   288     2824.0000      813.1068 12433376   71.21%
  15041 12231     2617.0000   161     2824.0000      813.1068 12438897   71.21%
  15080 12259      841.1410   229     2824.0000      813.1068 12477790   71.21%
  15092 12271      888.2649   180     2824.0000      813.1068 12530055   71.21%
Elapsed time = 2218.85 sec. (3432322.46 ticks, tree = 160.06 MB, solutions = 3)
  15102 12281      922.7324   200     2824.0000      813.1068 12576112   71.21%
  15107 12285      962.6189   214     2824.0000      813.1068 12618665   71.21%
  15116 12291     1014.0000   231     2824.0000      813.1068 12654088   71.21%
  15125 12296     1029.5767   185     2824.0000      813.1068 12699162   71.21%
  15135 12304     1051.7475   204     2824.0000      813.1068 12745980   71.21%
  15152 12315     1071.0000   250     2824.0000      813.1068 12782711   71.21%
  15178 12333     1091.0323   182     2824.0000      813.1068 12825190   71.21%
  15208 12354     1118.0000   190     2824.0000      813.1068 12863196   71.21%
  15232 12373     1442.0000   311     2824.0000      813.1068 12892193   71.21%
  15261 12400     2088.2500   200     2824.0000      813.1068 12906251   71.21%
Elapsed time = 2249.44 sec. (3472255.83 ticks, tree = 161.72 MB, solutions = 3)
  15302 12440     2306.0000   164     2824.0000      813.1068 12910502   71.21%
  15356 12493     2306.0000   178     2824.0000      813.1068 12914201   71.21%
  15389 12519      840.7375   209     2824.0000      813.1068 12923422   71.21%
  15406 12535      883.7271   234     2824.0000      813.1068 12957167   71.21%
  15418 12545      916.4548   173     2824.0000      813.1068 13002422   71.21%
  15444 12564      952.9199   218     2824.0000      813.1068 13035942   71.21%
  15467 12580      984.6824   196     2824.0000      813.1068 13069672   71.21%
  15490 12595     1000.0000   252     2824.0000      813.1068 13104114   71.21%
  15515 12611     1027.6836   255     2824.0000      813.1068 13138601   71.21%
  15534 12623     1244.8000   251     2824.0000      813.1068 13179091   71.21%
Elapsed time = 2277.66 sec. (3511807.37 ticks, tree = 164.70 MB, solutions = 3)
  15555 12642     1250.3409   189     2824.0000      813.1068 13209362   71.21%
  15590 12663     1283.0000   235     2824.0000      813.1068 13252803   71.21%
  15625 12689     1307.2639   180     2824.0000      813.1068 13293791   71.21%
  15688 12740     1419.0000   176     2824.0000      813.1068 13318914   71.21%
  15748 12797     1660.0000   159     2824.0000      813.1068 13323299   71.21%
  15805 12854     1324.1125   431     2824.0000      813.1240 13332644   71.21%
  15819 12867     1325.0000   452     2824.0000      813.1240 13350220   71.21%
  15840 12887     1325.0000   482     2824.0000      813.1240 13362590   71.21%
  15861 12905     1333.0000   428     2824.0000      813.1240 13374216   71.21%
  15886 12930     1333.0000   380     2824.0000      813.1240 13385551   71.21%
Elapsed time = 2305.09 sec. (3551559.92 ticks, tree = 168.83 MB, solutions = 3)
  15914 12958     1333.0000   362     2824.0000      813.1240 13395932   71.21%
  15946 12990     1333.0000   311     2824.0000      813.1240 13406713   71.21%
  15982 13026     1333.0000   240     2824.0000      813.1240 13419824   71.21%
  16007 13049      875.4833   286     2824.0000      813.2192 13449129   71.20%
  16020 13061      920.3222   316     2824.0000      813.2192 13492571   71.20%
  16049 13090      988.2675   264     2824.0000      813.2192 13530888   71.20%
  16062 13103     1048.5433   203     2824.0000      813.2192 13582856   71.20%
  16072 13112     1077.8087   220     2824.0000      813.2192 13624114   71.20%
  16082 13120     1306.7125   361     2824.0000      813.2192 13667534   71.20%
  16099 13135     1606.2125   448     2824.0000      813.2192 13682961   71.20%
Elapsed time = 2333.69 sec. (3591528.23 ticks, tree = 171.54 MB, solutions = 3)
  16122 13155     1613.0000   453     2824.0000      813.2192 13689394   71.20%
  16148 13176     1688.4500   390     2824.0000      813.2192 13694203   71.20%
  16175 13202     1693.0000   432     2824.0000      813.2192 13700688   71.20%
  16203 13230     1693.0000   381     2824.0000      813.2192 13707520   71.20%
  16212 13239      883.7609   290     2824.0000      813.2694 13750247   71.20%
  16226 13251      909.0890   279     2824.0000      813.2694 13794579   71.20%
  16236 13260      923.0000   245     2824.0000      813.2694 13814736   71.20%
  16258 13281      964.7707   240     2824.0000      813.2694 13860591   71.20%
  16292 13310      991.0000   294     2824.0000      813.2694 13899967   71.20%
  16326 13339     1014.0000   240     2824.0000      813.2694 13937989   71.20%
Elapsed time = 2365.54 sec. (3633011.67 ticks, tree = 174.11 MB, solutions = 3)
  16381 13382     1045.3953   203     2824.0000      813.2694 13968710   71.20%
  16412 13404     1258.0000   456     2824.0000      813.3000 13994642   71.20%
  16431 13420     1271.0000   504     2824.0000      813.3000 14003241   71.20%
  16453 13442     1271.0000   493     2824.0000      813.3000 14010182   71.20%
  16477 13466     1271.0000   486     2824.0000      813.3000 14016486   71.20%
  16500 13488     1272.0000   485     2824.0000      813.3000 14024844   71.20%
  16523 13511     1272.0000   341     2824.0000      813.3000 14038620   71.20%
  16553 13539     1286.0000   333     2824.0000      813.3000 14045602   71.20%
  16585 13571     1286.0000   310     2824.0000      813.3000 14051778   71.20%
  16608 13592     1256.8375   365     2824.0000      813.4087 14065632   71.20%
Elapsed time = 2391.43 sec. (3672050.25 ticks, tree = 177.42 MB, solutions = 3)
  16626 13610     1257.0000   428     2824.0000      813.4087 14074531   71.20%
  16642 13626     1257.0000   467     2824.0000      813.4087 14087391   71.20%
  16663 13647     1257.0000   419     2824.0000      813.4087 14095755   71.20%
  16686 13670     1257.0000   454     2824.0000      813.4087 14103266   71.20%
  16709 13693     1257.0000   420     2824.0000      813.4087 14112058   71.20%
  16728 13711     1257.0000   360     2824.0000      813.4087 14132168   71.20%
  16749 13732     1257.0000   360     2824.0000      813.4087 14147745   71.20%
  16771 13754     1257.0000   387     2824.0000      813.4087 14162571   71.20%
  16796 13777     1306.0000   360     2824.0000      813.4087 14172308   71.20%
  16803 13784     1306.0000   358     2824.0000      813.4087 14176734   71.20%
Elapsed time = 2425.46 sec. (3722465.73 ticks, tree = 179.83 MB, solutions = 3)
  16819 13799     1315.0000   473     2824.0000      813.4104 14189437   71.20%
  16834 13812     1319.0000   493     2824.0000      813.4104 14207438   71.20%
  16854 13830     1321.0000   535     2824.0000      813.4104 14216385   71.20%
  16872 13846     1324.0000   501     2824.0000      813.4104 14232373   71.20%
  16889 13863     1324.0000   546     2824.0000      813.4104 14247221   71.20%
  16910 13883     1324.3000   547     2824.0000      813.4104 14256364   71.20%
  16931 13904     1325.0000   573     2824.0000      813.4104 14265988   71.20%
  16949 13922     1325.0000   454     2824.0000      813.4104 14280219   71.20%
  16970 13943     1325.0000   496     2824.0000      813.4104 14290638   71.20%
  16990 13963     1325.0000   535     2824.0000      813.4104 14304955   71.20%
Elapsed time = 2450.99 sec. (3761998.71 ticks, tree = 182.10 MB, solutions = 3)
  17006 13979     1288.1125   452     2824.0000      813.5722 14322379   71.19%
  17022 13993     1369.0000   565     2824.0000      813.5722 14335873   71.19%
  17042 14011     1372.0000   499     2824.0000      813.5722 14342539   71.19%
  17063 14032     1372.0000   498     2824.0000      813.5722 14352093   71.19%
  17087 14056     1372.0000   427     2824.0000      813.5722 14362345   71.19%
  17115 14084     1372.0000   445     2824.0000      813.5722 14367137   71.19%
  17132 14098     1818.0750   378     2824.0000      813.5722 14390755   71.19%
  17161 14122     1881.0000   361     2824.0000      813.5722 14396474   71.19%
  17191 14149     1977.6625   335     2824.0000      813.5722 14403744   71.19%
  17208 14164      881.0932   301     2824.0000      813.5722 14430218   71.19%
Elapsed time = 2476.64 sec. (3801201.16 ticks, tree = 184.69 MB, solutions = 3)
  17220 14176      916.6949   288     2824.0000      813.5722 14476344   71.19%
  17234 14188      946.4633   263     2824.0000      813.5722 14525550   71.19%
  17244 14198      993.1276   220     2824.0000      813.5722 14578583   71.19%
  17254 14208     1009.0000   279     2824.0000      813.5722 14624358   71.19%
  17266 14220     1048.9702   232     2824.0000      813.5722 14681499   71.19%
  17277 14230     1073.5288   215     2824.0000      813.5722 14738210   71.19%
  17302 14252     1148.3750   299     2824.0000      813.5722 14773092   71.19%
  17324 14270     1226.0000   328     2824.0000      813.5722 14784300   71.19%
  17345 14288     1253.0000   338     2824.0000      813.5722 14800873   71.19%
  17376 14318     1321.0000   322     2824.0000      813.5722 14805816   71.19%
Elapsed time = 2506.80 sec. (3841598.89 ticks, tree = 186.63 MB, solutions = 3)
  17403 14345     1321.0000   337     2824.0000      813.5722 14818912   71.19%
  17420 14360     1316.0000   571     2824.0000      813.6500 14827503   71.19%
  17437 14375     1320.3000   566     2824.0000      813.6500 14839877   71.19%
  17455 14392     1322.6000   589     2824.0000      813.6500 14848904   71.19%
  17474 14409     1324.5000   548     2824.0000      813.6500 14858270   71.19%
  17493 14428     1325.0000   569     2824.0000      813.6500 14869204   71.19%
  17512 14447     1325.0000   497     2824.0000      813.6500 14882746   71.19%
  17529 14464     1325.0000   445     2824.0000      813.6500 14901584   71.19%
  17551 14486     1325.0000   412     2824.0000      813.6500 14914344   71.19%
  17571 14505     1455.0000   447     2824.0000      813.6500 14932120   71.19%
Elapsed time = 2532.34 sec. (3881170.20 ticks, tree = 188.99 MB, solutions = 3)
  17600 14534     1455.0000   381     2824.0000      813.6500 14939178   71.19%
  17619 14551     1671.0000   420     2824.0000      813.7292 14950250   71.19%
  17640 14572     1671.0000   448     2824.0000      813.7292 14956746   71.19%
  17662 14592     1673.0000   444     2824.0000      813.7292 14961948   71.19%
  17686 14614     1675.0000   432     2824.0000      813.7292 14964846   71.19%
  17711 14639     1675.0000   387     2824.0000      813.7292 14970625   71.19%
  17735 14662     2090.0000   474     2824.0000      813.7292 14978336   71.19%
  17764 14690     2090.0000   415     2824.0000      813.7292 14981019   71.19%
  17794 14720     2090.0000   426     2824.0000      813.7292 14983158   71.19%
  17810 14735     1220.8375   456     2824.0000      813.7668 14997003   71.18%
Elapsed time = 2557.08 sec. (3920090.26 ticks, tree = 191.94 MB, solutions = 3)
  17826 14750     1222.0000   472     2824.0000      813.7668 15007444   71.18%
  17840 14761     1225.0000   493     2824.0000      813.7668 15023094   71.18%
  17851 14772     1225.0000   507     2824.0000      813.7668 15042693   71.18%
  17864 14784     1932.0500   472     2824.0000      813.7668 15062842   71.18%
  17879 14799     1225.0000   406     2824.0000      813.7668 15079804   71.18%
  17892 14812     1225.0000   437     2824.0000      813.7668 15101468   71.18%
  17907 14826     1401.4875   399     2824.0000      813.7668 15129066   71.18%
  17927 14846     1225.0000   306     2824.0000      813.7668 15149755   71.18%
  17940 14859     1225.0000   346     2824.0000      813.7668 15176332   71.18%
  17956 14875     1225.0000   362     2824.0000      813.7668 15197403   71.18%
Elapsed time = 2583.41 sec. (3961002.23 ticks, tree = 193.66 MB, solutions = 3)
  17971 14890     1225.0000   304     2824.0000      813.7668 15225333   71.18%
  17993 14912     1225.0000   286     2824.0000      813.7668 15242492   71.18%
  18006 14924      877.0505   274     2824.0000      813.7668 15276591   71.18%
  18014 14932      922.9428   224     2824.0000      813.7668 15327826   71.18%
  18025 14943      955.6152   310     2824.0000      813.7668 15370856   71.18%
  18035 14953      997.3094   259     2824.0000      813.7668 15424644   71.18%
  18046 14962     1043.4738   313     2824.0000      813.7668 15470371   71.18%
  18062 14977     1071.1369   290     2824.0000      813.7668 15513722   71.18%
  18077 14992     1101.3027   263     2824.0000      813.7668 15557251   71.18%
  18089 15002     1136.3514   266     2824.0000      813.7668 15605413   71.18%
Elapsed time = 2612.56 sec. (4001031.90 ticks, tree = 195.23 MB, solutions = 3)
  18103 15015     1352.0000   327     2824.0000      813.7668 15633245   71.18%
  18124 15036     1352.0000   320     2824.0000      813.7668 15645963   71.18%
  18146 15058     1352.0000   320     2824.0000      813.7668 15661070   71.18%
  18177 15086     1388.0000   280     2824.0000      813.7668 15679062   71.18%
  18203 15106     2177.0000   312     2824.0000      813.7668 15685550   71.18%
  18221 15123     1221.0000   342     2824.0000      813.8741 15694265   71.18%
  18241 15142     1222.0000   333     2824.0000      813.8741 15702900   71.18%
  18260 15158     1227.0000   344     2824.0000      813.8741 15708682   71.18%
  18285 15183     1227.0000   346     2824.0000      813.8741 15715166   71.18%
  18308 15206     1227.0000   362     2824.0000      813.8741 15727655   71.18%
Elapsed time = 2647.62 sec. (4053425.02 ticks, tree = 197.80 MB, solutions = 3)
  18334 15232     1227.0000   317     2824.0000      813.8741 15737004   71.18%
  18368 15266     1227.0000   358     2824.0000      813.8741 15744642   71.18%
  18404 15302     1227.0000   298     2824.0000      813.8741 15755683   71.18%
  18414 15312      887.6375   272     2824.0000      813.8741 15799818   71.18%
  18429 15327      930.6292   286     2824.0000      813.8741 15847928   71.18%
  18453 15351      998.2295   255     2824.0000      813.8741 15893417   71.18%
  18475 15373     1044.1286   236     2824.0000      813.8741 15940944   71.18%
  18497 15395     1081.0000   232     2824.0000      813.8741 15988832   71.18%
  18529 15424     1628.0000   379     2824.0000      813.8741 16024169   71.18%
  18554 15445     1957.6500   480     2824.0000      813.8741 16030398   71.18%
Elapsed time = 2676.00 sec. (4092337.67 ticks, tree = 200.85 MB, solutions = 3)
  18584 15475     1958.0000   377     2824.0000      813.8741 16034274   71.18%
  18607 15496      904.9000   341     2824.0000      814.0000 16052104   71.18%
  18618 15507     1445.9667   469     2824.0000      814.0000 16074670   71.18%
  18641 15526     1538.0000   447     2824.0000      814.0000 16079825   71.18%
  18664 15540     1601.8750   409     2824.0000      814.0000 16085892   71.18%
  18686 15562     1606.0000   411     2824.0000      814.0000 16092030   71.18%
  18708 15584     1606.0000   437     2824.0000      814.0000 16098766   71.18%
  18733 15605     2607.0000   427     2824.0000      814.0000 16105125   71.18%
  18765 15636     2615.0000   340     2824.0000      814.0000 16108322   71.18%
  18804 15675     2615.0000   356     2824.0000      814.0000 16110739   71.18%
Elapsed time = 2700.85 sec. (4131399.60 ticks, tree = 203.84 MB, solutions = 3)
  18817 15687      843.6442   228     2824.0000      814.0000 16153931   71.18%
  18839 15707      868.4714   216     2824.0000      814.0000 16202170   71.18%
  18848 15714      889.3128   278     2824.0000      814.0000 16245387   71.18%
  18860 15725     1389.7000   274     2824.0000      814.0000 16292492   71.18%
  18870 15733      992.0383   239     2824.0000      814.0000 16347763   71.18%
  18880 15743      997.9162   210     2824.0000      814.0000 16397479   71.18%
  18899 15760     1015.2522   231     2824.0000      814.0000 16441324   71.18%
  18924 15782     1034.0000   236     2824.0000      814.0000 16477994   71.18%
  18950 15805     1048.7575   190     2824.0000      814.0000 16521785   71.18%
  18982 15832     1290.0000   257     2824.0000      814.0000 16563769   71.18%
Elapsed time = 2731.88 sec. (4171924.43 ticks, tree = 205.78 MB, solutions = 3)
  19006 15853     1476.5750   395     2824.0000      814.0000 16572098   71.18%
  19026 15872     1477.0000   418     2824.0000      814.0000 16581229   71.18%
  19046 15891     2293.0000   456     2824.0000      814.0000 16591169   71.18%
  19069 15913     2293.0000   412     2824.0000      814.0000 16597956   71.18%
  19104 15948     2293.0000   403     2824.0000      814.0000 16600281   71.18%
  19147 15991     2293.0000   421     2824.0000      814.0000 16602633   71.18%
  19189 16033     2293.0000   440     2824.0000      814.0000 16605706   71.18%
  19211 16055      847.4479   196     2824.0000      814.0000 16634072   71.18%
  19238 16081      877.1084   184     2824.0000      814.0000 16682474   71.18%
  19271 16113      909.0000   227     2824.0000      814.0000 16730068   71.18%
Elapsed time = 2758.39 sec. (4211081.72 ticks, tree = 209.43 MB, solutions = 3)
  19303 16141      939.0000   214     2824.0000      814.0000 16777799   71.18%
  19332 16169      987.3206   206     2824.0000      814.0000 16834463   71.18%
  19368 16202     1247.0000   274     2824.0000      814.0000 16865921   71.18%
  19393 16224     1375.0000   318     2824.0000      814.0000 16877106   71.18%
  19403 16233     1376.0000   328     2824.0000      814.0000 16880917   71.18%
  19415 16245      831.7702   223     2824.0000      814.0000 16922644   71.18%
  19432 16262      864.4049   244     2824.0000      814.0000 16968637   71.18%
  19463 16292      893.0000   252     2824.0000      814.0000 17014591   71.18%
  19486 16314     1082.0000   368     2824.0000      814.0000 17046526   71.18%
  19501 16329     1082.0000   386     2824.0000      814.0000 17066275   71.18%
Elapsed time = 2788.23 sec. (4251043.17 ticks, tree = 212.15 MB, solutions = 3)
  19517 16345     1082.0000   390     2824.0000      814.0000 17081424   71.18%
  19535 16363     1082.0000   361     2824.0000      814.0000 17097369   71.18%
  19563 16389     1098.0000   333     2824.0000      814.0000 17120231   71.18%
  19588 16414     1098.0000   297     2824.0000      814.0000 17147580   71.18%
  19613 16437     1313.0000   361     2824.0000      814.0000 17163489   71.18%
  19635 16459     1313.0000   403     2824.0000      814.0000 17170620   71.18%
  19661 16485     1313.0000   460     2824.0000      814.0000 17176666   71.18%
  19687 16511     1313.0000   374     2824.0000      814.0000 17181650   71.18%
  19703 16527     1313.0000   416     2824.0000      814.0000 17185359   71.18%
  19732 16554     1313.0000   403     2824.0000      814.0000 17192270   71.18%
Elapsed time = 2814.83 sec. (4292012.59 ticks, tree = 215.70 MB, solutions = 3)
  19768 16589     1315.0000   390     2824.0000      814.0000 17197073   71.18%
  19801 16622     1315.0000   385     2824.0000      814.0000 17206271   71.18%
  19817 16638      838.2825   206     2824.0000      814.0000 17245859   71.18%
  19836 16655      858.4553   190     2824.0000      814.0000 17288136   71.18%
  19857 16675      867.2162   194     2824.0000      814.0000 17329428   71.18%
  19901 16717      955.6500   237     2824.0000      814.0000 17378937   71.18%
  19950 16765      936.0000   180     2824.0000      814.0000 17415538   71.18%
  20004 16814      950.8270   188     2824.0000      814.0000 17458979   71.18%
  20016 16826      846.7009   195     2824.0000      814.0000 17501842   71.18%
  20034 16844      867.2040   236     2824.0000      814.0000 17548703   71.18%
Elapsed time = 2844.64 sec. (4331031.43 ticks, tree = 219.38 MB, solutions = 3)
  20062 16872      909.1082   206     2824.0000      814.0000 17596482   71.18%
  20082 16892      951.9370   245     2824.0000      814.0000 17644879   71.18%
  20103 16913      981.0000   267     2824.0000      814.0000 17676621   71.18%
  20133 16941     1056.5991   185     2824.0000      814.0000 17727416   71.18%
  20137 16944     1109.0000   244     2824.0000      814.0000 17732339   71.18%
  20186 16993     1136.0837   223     2824.0000      814.0000 17773918   71.18%
  20216 17021     1584.0000   431     2824.0000      814.0000 17793711   71.18%
  20238 17041     1589.0000   456     2824.0000      814.0000 17801034   71.18%
  20261 17063     1589.0000   426     2824.0000      814.0000 17807630   71.18%
  20283 17083     1813.3750   478     2824.0000      814.0000 17818842   71.18%
Elapsed time = 2883.73 sec. (4382937.32 ticks, tree = 222.42 MB, solutions = 3)
  20311 17111     1814.0000   435     2824.0000      814.0000 17823936   71.18%
  20344 17144     1814.0000   384     2824.0000      814.0000 17828105   71.18%
  20389 17189     1814.0000   378     2824.0000      814.0000 17832917   71.18%
  20411 17211      833.3873   217     2824.0000      814.0000 17867370   71.18%
  20425 17225      852.8481   211     2824.0000      814.0000 17915787   71.18%
  20442 17242      882.3025   166     2824.0000      814.0000 17970354   71.18%
  20458 17258      913.3176   238     2824.0000      814.0000 18019878   71.18%
  20476 17276      977.5407   220     2824.0000      814.0000 18072890   71.18%
  20510 17310      996.0000   223     2824.0000      814.0000 18119627   71.18%
  20603 17402     1077.0000   240     2824.0000      814.0000 18218084   71.18%
Elapsed time = 2924.60 sec. (4437251.65 ticks, tree = 226.47 MB, solutions = 3)
  20676 17474     1254.0000   448     2824.0000      814.0000 18256176   71.18%
  20773 17571     1254.0000   332     2824.0000      814.0000 18299858   71.18%
  20838 17631      994.7500   332     2824.0000      814.0000 18367836   71.18%
  20891 17675     1170.4750   358     2824.0000      814.0000 18444966   71.18%
  20931 17702     1170.4750   392     2824.0000      814.0000 18539707   71.18%
  20963 17730      994.7500   323     2824.0000      814.0000 18655306   71.18%
  20990 17753     2115.0000   471     2824.0000      814.0000 18768933   71.18%
  21007 17768      822.0000   155     2824.0000      822.0000 18911117   70.89%
  21011 17772      837.9364   173     2824.0000      822.0000 18931475   70.89%
  21014 17774      822.0000   159     2824.0000      822.0000 18966485   70.89%
Elapsed time = 3271.14 sec. (4984833.20 ticks, tree = 231.18 MB, solutions = 3)
  21042 17785     2255.0000   196     2824.0000      822.0000 18968824   70.89%
  21070 17797     2265.0000   173     2824.0000      822.0000 18970526   70.89%
* 21107+11764                         2806.0000      822.0000            70.71%
* 21107+ 7871                         2769.0000      822.0000            70.31%
* 21107+ 5275                         2668.0000      822.0000            69.19%
  21107  5277     2265.0000   123     2668.0000      822.0000 18972206   69.19%
  21131  5173      853.0000   166     2668.0000      822.0000 18987336   69.19%
  21161  5174     1372.0000   218     2668.0000      822.0000 18989023   69.19%
  21189  5181     1835.0000   202     2668.0000      822.0000 18989991   69.19%
  21220  5164     1835.0000   207     2668.0000      822.0000 18991068   69.19%
  21249  5168     1835.0000   193     2668.0000      822.0000 18994213   69.19%
  21284  5168     2038.5000   171     2668.0000      822.0000 18998759   69.19%
  21312  5170     2038.5000   150     2668.0000      822.0000 19001931   69.19%
Elapsed time = 3356.88 sec. (5140036.53 ticks, tree = 75.53 MB, solutions = 6)
  21348  5174     2038.5000   143     2668.0000      822.0000 19006055   69.19%
  21381  5179     2088.0875   174     2668.0000      822.0000 19010491   69.19%
  21413  5187     2091.0000   141     2668.0000      822.0000 19012370   69.19%
  21468  5183      893.7917   263     2668.0000      822.0000 19016073   69.19%
  21486  5185      964.2966   290     2668.0000      822.0000 19022181   69.19%
  21515  5177     2384.6208   306     2668.0000      822.0000 19046349   69.19%
  21527  5177     2528.1542   272     2668.0000      822.0000 19070200   69.19%
  21581  5163     2634.0000   259     2668.0000      822.0000 19073323   69.19%
  21615  5137      840.6074   160     2668.0000      822.0000 19077253   69.19%
  21644  5147      858.0000   327     2668.0000      822.0000 19083748   69.19%
Elapsed time = 3447.98 sec. (5305349.60 ticks, tree = 84.36 MB, solutions = 6)
  21673  5153      882.0000   219     2668.0000      822.0000 19087798   69.19%
  21706  5161      919.2859   226     2668.0000      822.0000 19097647   69.19%
  21724  5169      925.0000   227     2668.0000      822.0000 19100489   69.19%
  21756  5170      966.0000   214     2668.0000      822.0000 19108256   69.19%
  21809  5193      822.0000   218     2668.0000      822.0000 19113773   69.19%
  21831  5198      831.0000   226     2668.0000      822.0000 19120776   69.19%
  21858  5200      847.4137   251     2668.0000      822.0000 19131325   69.19%
  21887  5208     1179.0000   219     2668.0000      822.0000 19137109   69.19%
  21922  5221     1376.9375   191     2668.0000      822.0000 19146616   69.19%
  22011  5221      861.0000   315     2668.0000      822.0000 19155348   69.19%
Elapsed time = 3536.77 sec. (5467763.87 ticks, tree = 95.98 MB, solutions = 6)
  22034  5221      884.0000   298     2668.0000      822.0000 19161939   69.19%
  22061  5233     1302.6875   273     2668.0000      822.0000 19210735   69.19%
  22080  5241     2218.8000   308     2668.0000      822.0000 19223522   69.19%
  22127  5262     2402.0000   317     2668.0000      822.0000 19226450   69.19%
  22214  5304      969.0000   160     2668.0000      822.0000 19229587   69.19%
  22271  5329      969.0000   260     2668.0000      822.0000 19231993   69.19%

Clique cuts applied:  12
Cover cuts applied:  9
Mixed integer rounding cuts applied:  21
Zero-half cuts applied:  178
Gomory fractional cuts applied:  19

Root node processing (before b&c):
  Real time             =   24.85 sec. (44975.20 ticks)
Sequential b&c:
  Real time             = 3575.15 sec. (5532600.84 ticks)
                          ------------
Total (root+branch&cut) = 3600.00 sec. (5577576.04 ticks)

Solution pool: 6 solutions saved.

MIP - Time limit exceeded, integer feasible:  Objective =  2.6680000000e+03
Current MIP best bound =  8.2200000000e+02 (gap = 1846, 69.19%)
Solution time = 3600.00 sec.  Iterations = 19232566  Nodes = 22286 (5340)
Deterministic time = 5577576.14 ticks  (1549.33 ticks/sec)

CPLEX> Incumbent solution
Variable Name           Solution Value
y                          2668.000000
x2                            1.000000
x2738                         1.000000
x5435                         1.000000
x8120                         1.000000
x10828                        1.000000
x13556                        1.000000
x16259                        1.000000
x18957                        1.000000
x21637                        1.000000
x24382                        1.000000
x27091                        1.000000
x29786                        1.000000
x105                          1.000000
x3433                         1.000000
x6293                         1.000000
x10193                        1.000000
x12741                        1.000000
x14925                        1.000000
x17785                        1.000000
x19449                        1.000000
x23505                        1.000000
x26989                        1.000000
x27977                        1.000000
x30837                        1.000000
x2187                         1.000000
x3956                         1.000000
x2866                         1.000000
x17999                        1.000000
x29649                        1.000000
x27466                        1.000000
x20395                        1.000000
x14833                        1.000000
x26690                        1.000000
x2979                         1.000000
x17384                        1.000000
x8493                         1.000000
x7714                         1.000000
x27527                        1.000000
x32312                        1.000000
x24149                        1.000000
x30754                        1.000000
x16559                        1.000000
x31900                        1.000000
x5121                         1.000000
x15366                        1.000000
x14172                        1.000000
x4450                         1.000000
x18283                        1.000000
x8976                         1.000000
x11421                        1.000000
x24113                        1.000000
x12830                        1.000000
x12519                        1.000000
x18500                        1.000000
x9765                         1.000000
x95                           1.000000
x17048                        1.000000
x6805                         1.000000
x4259                         1.000000
x22720                        1.000000
x21889                        1.000000
x30990                        1.000000
x25064                        1.000000
u3                            3.000000
u4                           36.000000
u6                           37.000000
u7                            1.000000
u9                           37.000000
u10                          38.000000
u11                           1.000000
u13                          38.000000
u14                           1.000000
u15                          38.000000
u16                           3.000000
u17                           1.000000
u18                          27.000000
u19                          39.000000
u20                           4.000000
u21                           3.000000
u22                           5.000000
u23                           2.000000
u24                           2.000000
u25                          35.000000
u26                          37.000000
u28                          39.000000
u30                           1.000000
u31                           8.000000
u32                           2.000000
u33                           1.000000
u36                          36.000000
u37                          39.000000
u38                           8.000000
u39                           7.000000
u40                           5.000000
u41                           3.000000
u43                           1.000000
u44                           4.000000
u45                           3.000000
u47                          34.000000
u48                          38.000000
u49                           1.000000
u50                           3.000000
u51                          36.000000
u52                          38.000000
All other variables in the range 1-31876 are 0.
CPLEX> 