
Welcome to IBM(R) ILOG(R) CPLEX(R) Interactive Optimizer 12.7.1.0
  with Simplex, Mixed Integer & Barrier Optimizers
5725-A06 5725-A29 5724-Y48 5724-Y49 5724-Y54 5724-Y55 5655-Y21
Copyright IBM Corp. 1988, 2017.  All Rights Reserved.

Type 'help' for a list of available commands.
Type 'help' followed by a command name for more
information on commands.

CPLEX> New value for default parallel thread count: 1
CPLEX> New value for time limit in seconds: 3600
CPLEX> Problem 'bier127_m6.lp' read.
Read time = 0.13 sec. (11.55 ticks)
CPLEX> CPXPARAM_TimeLimit                               3600
CPXPARAM_Threads                                 1
CPXPARAM_Read_APIEncoding                        "UTF-8"
Tried aggregator 1 time.
Reduced MIP has 16776 rows, 96139 columns, and 604554 nonzeros.
Reduced MIP has 96012 binaries, 126 generals, 0 SOSs, and 0 indicators.
Presolve time = 0.22 sec. (233.25 ticks)
Tried aggregator 1 time.
Reduced MIP has 16776 rows, 96139 columns, and 604554 nonzeros.
Reduced MIP has 96012 binaries, 126 generals, 0 SOSs, and 0 indicators.
Presolve time = 0.35 sec. (333.06 ticks)
Probing time = 0.08 sec. (39.83 ticks)
Cover probing fixed 0 vars, tightened 1 bounds.
Clique table members: 153052.
MIP emphasis: balance optimality and feasibility.
MIP search method: dynamic search.
Parallel mode: none, using 1 thread.
Root relaxation solution time = 8.58 sec. (12041.15 ticks)

        Nodes                                         Cuts/
   Node  Left     Objective  IInf  Best Integer    Best Bound    ItCnt     Gap

      0     0    16847.6612   315                  16847.6612    13055         
      0     0    19438.6088   355                   Cuts: 177    13527         
      0     0    19498.3857   400                   Cuts: 243    14072         
      0     0    19501.5000   385                    Cuts: 84    14381         
      0     0    19501.5000   381                    Cuts: 72    14585         
      0     0    19501.5000   400                    Cuts: 69    14773         
      0     0    19501.5000   372                    Cuts: 40    14859         
      0     0    19501.5000   393                   Cuts: 127    15110         
      0     2    19501.5000   365                  19501.5000    15110         
Elapsed time = 66.15 sec. (70282.83 ticks, tree = 0.01 MB, solutions = 0)
      1     3    20341.4530   391                  19501.5000    17756         
      2     4    19502.1465   491                  19502.1465    18068         
      3     5    19739.0000   345                  19502.1465    18655         
      4     6    21698.1322   616                  19739.0000    29154         
      5     7    19739.0000   485                  19739.0000    32108         
      6     8    19782.0818   436                  19739.0000    33486         
      7     9    19739.0000   536                  19739.0000    33778         
      8    10    19739.0000   513                  19739.0000    34088         
      9    11    19786.0971   532                  19739.0000    34837         
     10    12    20022.0248   536                  19739.0000    35926         
Elapsed time = 88.50 sec. (107084.53 ticks, tree = 0.35 MB, solutions = 0)
     11    13    19842.6800   495                  19739.0000    36917         
     12    14    19909.6834   436                  19739.0000    39113         
     14    16    20100.1215   402                  19739.0000    40383         
     16    18    28899.3719   597                  19739.0000    53874         
     17    19    19965.9801   494                  19739.0000    54869         
     18    20    19982.7282   414                  19739.0000    55347         
     21    23    20126.4979   438                  19739.0000    56818         
     23    25    20033.8086   441                  19739.0000    57544         
     24    26    20266.0268   382                  19739.0000    58929         
     26    28    20239.1585   470                  19739.0000    60788         
Elapsed time = 114.09 sec. (148092.42 ticks, tree = 1.73 MB, solutions = 0)
     27    29    20185.5999   586                  19739.0000    63737         
     28    30    20263.5330   382                  19739.0000    65749         
     29    31    20263.5330   367                  19739.0000    67069         
     30    32    20263.5330   369                  19739.0000    68461         
     31    33    20268.0239   356                  19739.0000    75045         
     35    37    20465.2059   360                  19739.0000    76530         
     37    39    20567.4862   403                  19739.0000    77216         
     40    42    20623.2700   394                  19739.0000    77859         
     43    45    20635.1612   402                  19739.0000    78461         
     47    49    20610.8666   411                  19739.0000    79002         
Elapsed time = 134.33 sec. (180063.50 ticks, tree = 2.50 MB, solutions = 0)
     49    51    20620.9162   516                  19739.0000    79438         
     51    53    22046.0041   456                  19739.0000    93394         
     52    54    23140.3017   547                  19739.0000   101739         
     53    55    20643.5519   412                  19739.0000   102945         
     54    56    20643.5519   412                  19739.0000   102950         
     55    57    20664.5348   424                  19739.0000   103766         
     58    58    20643.5519   409                  19739.0000   104506         
     59    59    27617.7355   544                  19739.0000   116781         
     60    60    27617.7355   496                  19739.0000   116859         
     62    61    29899.4504   478                  19739.0000   127047         
Elapsed time = 201.95 sec. (286254.57 ticks, tree = 2.95 MB, solutions = 0)
     65    63    32535.8058   417                  19739.0000   127627         
     66    64    32535.8058   473                  19739.0000   139641         
     68    66    32535.8058   496                  19739.0000   148920         
     70    68    32535.8058   490                  19739.0000   161976         
     71    69    32538.5207   520                  19739.0000   173384         
     73    71    32535.8058   451                  19739.0000   189941         
     74    72    32535.8058   450                  19739.0000   190982         
     75    73    32535.8058   518                  19739.0000   192734         
     76    74    32535.8058   625                  19739.0000   200407         
     77    75    32535.8058   518                  19739.0000   205104         
Elapsed time = 284.88 sec. (415951.78 ticks, tree = 3.87 MB, solutions = 0)
     79    77    32535.8058   548                  19739.0000   216054         
     81    79    32535.8058   539                  19739.0000   221860         
     82    80    32535.8058   457                  19739.0000   246255         
     83    81    32535.8058   469                  19739.0000   247661         
     84    82    32535.8058   471                  19739.0000   248941         
     86    84    32535.8058   465                  19739.0000   250173         
     87    85    32535.8058   454                  19739.0000   251499         
     88    86    32535.8058   482                  19739.0000   253322         
     90    88    32535.8058   439                  19739.0000   255920         
     92    90    32535.8058   438                  19739.0000   258140         
Elapsed time = 311.35 sec. (453268.56 ticks, tree = 4.43 MB, solutions = 0)
     94    92    32535.8058   456                  19739.0000   260463         
     96    94    32535.8058   444                  19739.0000   262502         
     98    96    32535.8058   429                  19739.0000   264361         
    100    98    32535.8058   424                  19739.0000   266119         
    101    99    32535.8058   422                  19739.0000   267068         
    103   101    32535.8058   424                  19739.0000   269408         
    104   102    32535.8058   442                  19739.0000   270650         
    106   104    32535.8058   436                  19739.0000   272008         
    108   106    32535.8058   405                  19739.0000   273977         
    111   107    32535.8058   408                  19739.0000   275339         
Elapsed time = 323.05 sec. (471439.96 ticks, tree = 5.08 MB, solutions = 0)
    113   109    32535.8058   420                  19739.0000   276735         
    114   110    32535.8058   403                  19739.0000   277771         
    116   112    32535.8058   415                  19739.0000   281456         
    118   114    32535.8058   403                  19739.0000   282591         
    121   115    34503.8471   411                  19739.0000   283775         
    122   116    34503.8471   426                  19739.0000   283998         
    124   118    34503.8471   409                  19739.0000   285109         
    126   120    34503.8471   415                  19739.0000   286113         
    130   124    34534.9752   386                  19739.0000   287005         
    133   125    36719.0744   373                  19739.0000   288678         
Elapsed time = 350.80 sec. (509765.51 ticks, tree = 5.77 MB, solutions = 0)
    136   128    36719.0744   383                  19739.0000   289791         
    138   130    36719.0744   368                  19739.0000   290897         
    140   132    36719.0744   377                  19739.0000   292243         
    142   134    36719.0744   371                  19739.0000   293572         
    144   136    36719.0744   372                  19739.0000   295112         
    146   138    36719.0744   345                  19739.0000   296244         
    148   140    36719.0744   353                  19739.0000   297699         
    156   146    38911.2397   338                  19739.0000   298760         
    159   149    38911.2397   333                  19739.0000   300404         
    165   155    38911.2397   331                  19739.0000   301763         
Elapsed time = 360.08 sec. (521683.21 ticks, tree = 6.90 MB, solutions = 0)
    168   158    38911.2397   316                  19739.0000   303127         
    180   166    39690.1694   292                  19739.0000   304324         
    184   168    infeasible                        19739.0000   306005         
    192   174    infeasible                        19739.0000   307422         
    206   182    45070.7603   290                  19739.0000   308660         
    220   192    46204.7107   264                  19739.0000   309938         
    231   201    46847.1860   249                  19739.0000   311232         
    241   207    48333.0165   223                  19739.0000   312622         
    252   214    infeasible                        19739.0000   314352         
    280   230    55780.5372   194                  19739.0000   318897         
Elapsed time = 372.67 sec. (535867.48 ticks, tree = 9.97 MB, solutions = 0)
    297   239    59056.0000   179                  19739.0000   322597         
    350   284    59056.0000   111                  19739.0000   326144         
    390   320    59056.0000    40                  19739.0000   330573         
    399   327    59056.0000    24                  19739.0000   339081         
    408   330    infeasible                        19739.0000   344557         
    413   335    69641.0000     4                  19739.0000   352905         
*   417   328      integral     0    69641.0000    19739.0000   358039   71.66%
    418   328    19739.0000   531    69641.0000    19739.0000   360021   71.66%
    419   329    20368.8822   382    69641.0000    19739.0000   364051   71.66%
    420   330    19782.0818   407    69641.0000    19739.0000   367051   71.66%
    422   332    19791.9794   402    69641.0000    19739.0000   371216   71.66%
Elapsed time = 415.93 sec. (590610.20 ticks, tree = 14.30 MB, solutions = 1)
    424   334    19831.2851   438    69641.0000    19739.0000   376568   71.66%
    425   335    19862.7805   421    69641.0000    19739.0000   379620   71.66%
    426   336    20053.9530   419    69641.0000    19739.0000   383177   71.66%
    428   338    20126.1021   410    69641.0000    19739.0000   389279   71.66%
    430   340    19919.5977   421    69641.0000    19739.0000   392813   71.66%
    431   341    19966.2498   434    69641.0000    19739.0000   395210   71.66%
    433   343    20084.0004   439    69641.0000    19739.0000   397654   71.66%
    437   347    20229.7614   458    69641.0000    19739.0000   401123   71.66%
    440   350    20271.0360   448    69641.0000    19739.0000   403890   71.66%
    443   353    20292.5895   422    69641.0000    19739.0000   405951   71.66%
Elapsed time = 466.48 sec. (669959.19 ticks, tree = 15.04 MB, solutions = 1)
    447   357    22503.4215   380    69641.0000    19739.0000   408307   71.66%
    450   360    20342.6067   356    69641.0000    19739.0000   411585   71.66%
    454   364    20469.0062   402    69641.0000    19739.0000   414670   71.66%
    458   368    20430.2734   361    69641.0000    19739.0000   417708   71.66%
    462   372    20455.6371   412    69641.0000    19739.0000   421021   71.66%
    465   375    20460.5563   363    69641.0000    19739.0000   424259   71.66%
    468   378    20975.0248   366    69641.0000    19739.0000   427183   71.66%
    471   381    20466.3690   368    69641.0000    19739.0000   431688   71.66%
    474   384    22980.8430   537    69641.0000    19739.0000   437865   71.66%
    476   386    23512.9917   553    69641.0000    19739.0000   441829   71.66%
Elapsed time = 502.12 sec. (724127.42 ticks, tree = 16.69 MB, solutions = 1)
    479   389    20470.1109   468    69641.0000    19739.0000   446242   71.66%
    482   392    21429.5702   480    69641.0000    19739.0000   464522   71.66%
    483   393    20491.9980   468    69641.0000    19739.0000   468126   71.66%
    484   394    20510.3540   485    69641.0000    19739.0000   471440   71.66%
    485   395    22748.1322   626    69641.0000    19739.0000   481074   71.66%
    489   399    23809.4174   557    69641.0000    19739.0000   499025   71.66%
    492   402    20563.0183   433    69641.0000    19739.0000   502130   71.66%
    494   404    20563.4031   428    69641.0000    19739.0000   504771   71.66%
    496   406    20563.4031   431    69641.0000    19739.0000   507416   71.66%
    500   410    20716.3841   358    69641.0000    19739.0000   510482   71.66%
Elapsed time = 576.09 sec. (842182.14 ticks, tree = 17.97 MB, solutions = 1)
    507   417    23617.1653   420    69641.0000    19739.0000   513345   71.66%
    520   430    23617.1653   471    69641.0000    19739.0000   515271   71.66%
    524   434    23617.1653   437    69641.0000    19739.0000   517209   71.66%
    527   437    19679.1944   380    69641.0000    19739.0000   544718   71.66%
    528   437    19807.9928   408    69641.0000    19739.0000   546043   71.66%
    529   437    19682.5873   540    69641.0000    19739.0000   546825   71.66%
    530   438    19713.5714   567    69641.0000    19739.0000   547188   71.66%
    531   439    19762.2159   533    69641.0000    19739.0000   548226   71.66%
    532   440    19848.8977   632    69641.0000    19739.0000   549548   71.66%
    533   441    19817.5035   529    69641.0000    19739.0000   553650   71.66%
Elapsed time = 767.30 sec. (1082298.71 ticks, tree = 19.06 MB, solutions = 1)
    534   441    19952.8479   574    69641.0000    19739.0000   557462   71.66%
    535   442    20072.7056   414    69641.0000    19739.0000   561575   71.66%
    536   443    20602.1587   417    69641.0000    19739.0000   563199   71.66%
    537   444    20030.5624   427    69641.0000    19739.0000   563807   71.66%
    539   445    20063.2040   469    69641.0000    19739.0000   564457   71.66%
    541   446    20112.6938   468    69641.0000    19739.0000   565441   71.66%
    543   448    20333.3670   473    69641.0000    19739.0000   567486   71.66%
    544   449    20075.5621   490    69641.0000    19739.0000   569825   71.66%
    545   449    20091.8005   503    69641.0000    19739.0000   570824   71.66%
    547   450    20080.7082   477    69641.0000    19739.0000   570990   71.66%
Elapsed time = 806.52 sec. (1150978.87 ticks, tree = 19.72 MB, solutions = 1)
    549   451    20081.6478   470    69641.0000    19739.0000   571904   71.66%
    551   453    20222.3944   472    69641.0000    19739.0000   574525   71.66%
    553   454    20192.7391   456    69641.0000    19739.0000   575674   71.66%
    555   454    20121.5476   527    69641.0000    19739.0000   577733   71.66%
    557   456    20172.0758   351    69641.0000    19739.0000   578227   71.66%
    558   457    20746.6561   519    69641.0000    19739.0000   582338   71.66%
    560   458    20217.6241   345    69641.0000    19739.0000   583532   71.66%
    562   459    20281.2345   468    69641.0000    19739.0000   585000   71.66%
    565   460    20252.4143   528    69641.0000    19739.0000   586974   71.66%
    567   461    20280.9637   592    69641.0000    19739.0000   587928   71.66%
Elapsed time = 842.18 sec. (1212136.25 ticks, tree = 21.45 MB, solutions = 1)
    570   463    20248.6966   504    69641.0000    19739.0000   588756   71.66%
    571   463    20280.6175   652    69641.0000    19739.0000   590871   71.66%
    573   465    20282.0321   652    69641.0000    19739.0000   591923   71.66%
    576   467    20285.5069   606    69641.0000    19739.0000   593028   71.66%
    577   468    20285.5421   622    69641.0000    19739.0000   593048   71.66%
    578   468    20443.6978   514    69641.0000    19739.0000   595184   71.66%
    583   472    20598.8662   533    69641.0000    19739.0000   596318   71.66%
    586   475    20606.3968   599    69641.0000    19739.0000   597382   71.66%
    597   479    20611.1679   572    69641.0000    19739.0000   597632   71.66%
    607   483    20616.3428   561    69641.0000    19739.0000   597711   71.66%
Elapsed time = 880.30 sec. (1276449.79 ticks, tree = 29.12 MB, solutions = 1)
    625   491    20699.0289   666    69641.0000    19739.0000   599018   71.66%
    626   492    20693.0163   580    69641.0000    19739.0000   601155   71.66%
    655   512    31860.9793   648    69641.0000    19739.0000   617267   71.66%
    667   517    20714.7362   591    69641.0000    19739.0000   617747   71.66%
    702   541    20718.3833   597    69641.0000    19739.0000   618042   71.66%
    727   557    20784.6868   602    69641.0000    19739.0000   619163   71.66%
    740   565    20725.8681   620    69641.0000    19739.0000   620709   71.66%
    759   573    21319.7808   595    69641.0000    19739.0000   622339   71.66%
    767   579    21262.8103   636    69641.0000    19739.0000   623922   71.66%
    796   600    23942.4793   498    69641.0000    19739.0000   631598   71.66%
Elapsed time = 938.56 sec. (1371225.48 ticks, tree = 70.48 MB, solutions = 1)
    825   613    20745.3751   635    69641.0000    19739.0000   632486   71.66%
    871   635    20753.2200   606    69641.0000    19739.0000   633054   71.66%
    912   660    20791.8156   573    69641.0000    19739.0000   634120   71.66%
    917   663    20838.3638   545    69641.0000    19739.0000   636091   71.66%
    920   664    20816.2296   524    69641.0000    19739.0000   638353   71.66%
    945   680    22206.9587   545    69641.0000    19739.0000   646679   71.66%
    954   685    20797.2538   608    69641.0000    19739.0000   648295   71.66%
    983   704    20800.9558   585    69641.0000    19739.0000   649261   71.66%
    987   707    20801.1028   558    69641.0000    19739.0000   649597   71.66%
   1042   738    20805.8972   557    69641.0000    19739.0000   650081   71.66%
Elapsed time = 975.15 sec. (1430744.44 ticks, tree = 123.53 MB, solutions = 1)
   1050   744    22351.9709   534    69641.0000    19739.0000   652063   71.66%
   1097   772    20981.4249   537    69641.0000    19739.0000   653802   71.66%
   1110   779    22699.2736   602    69641.0000    19739.0000   657385   71.66%
   1127   788    20820.6592   523    69641.0000    19739.0000   657995   71.66%
   1138   793    23154.6033   523    69641.0000    19739.0000   662335   71.66%
   1158   807    23387.3802   498    69641.0000    19739.0000   679935   71.66%
   1164   810    32870.5083   849    69641.0000    19739.0000   702888   71.66%
   1165   810    22526.7708   531    69641.0000    19739.0000   702895   71.66%
   1176   817    22548.7432   596    69641.0000    19739.0000   703642   71.66%
   1193   824    43475.0000  1314    69641.0000    19739.0000   721586   71.66%
Elapsed time = 1105.03 sec. (1620582.64 ticks, tree = 155.90 MB, solutions = 1)
   1194   825    43475.0000  1311    69641.0000    19739.0000   721725   71.66%
   1195   826    43475.0000  1304    69641.0000    19739.0000   721793   71.66%
   1196   827    43475.0000  1295    69641.0000    19739.0000   721813   71.66%
   1197   828    43475.0000  1272    69641.0000    19739.0000   721824   71.66%
   1198   829    43475.0000  1268    69641.0000    19739.0000   721835   71.66%
   1200   830    43475.0000  1264    69641.0000    19739.0000   721850   71.66%
   1202   832    43475.0000  1242    69641.0000    19739.0000   721863   71.66%
   1204   833    43475.0000   895    69641.0000    19739.0000   744478   71.66%
   1205   833    43475.0000   969    69641.0000    19739.0000   744629   71.66%
   1206   833    43475.0000  1059    69641.0000    19739.0000   744813   71.66%
Elapsed time = 1180.11 sec. (1742578.96 ticks, tree = 158.80 MB, solutions = 1)
   1207   834    43475.0000  1048    69641.0000    19739.0000   744841   71.66%
   1208   835    43475.0000  1070    69641.0000    19739.0000   744846   71.66%
   1209   835    43475.0000   830    69641.0000    19739.0000   746263   71.66%
   1210   836    43475.0000   901    69641.0000    19739.0000   746344   71.66%
   1211   837    43475.0000   623    69641.0000    19739.0000   761835   71.66%
   1212   837    43475.0000   608    69641.0000    19739.0000   783523   71.66%
   1213   837    43475.0000   800    69641.0000    19739.0000   783974   71.66%
   1214   838    43475.0000   829    69641.0000    19739.0000   784162   71.66%
   1215   838    43475.0000   963    69641.0000    19739.0000   784375   71.66%
   1216   839    43475.0000  1012    69641.0000    19739.0000   784462   71.66%
Elapsed time = 1275.82 sec. (1895166.22 ticks, tree = 160.98 MB, solutions = 1)
   1218   839    43475.0000  1036    69641.0000    19739.0000   784480   71.66%
   1220   839    43475.0000   991    69641.0000    19739.0000   784610   71.66%
   1221   840    43475.0000   787    69641.0000    19739.0000   807914   71.66%
   1222   841    43475.0000   927    69641.0000    19739.0000   808103   71.66%
   1223   842    43475.0000   895    69641.0000    19739.0000   808150   71.66%
   1225   842    43475.0000   927    69641.0000    19739.0000   808158   71.66%
   1227   843    43475.0000   925    69641.0000    19739.0000   808160   71.66%
   1230   845    43475.0000   811    69641.0000    19739.0000   808613   71.66%
   1231   845    43475.0000   675    69641.0000    19739.0000   809850   71.66%
   1233   846    43475.0000   683    69641.0000    19739.0000   809872   71.66%
Elapsed time = 1339.68 sec. (1993423.86 ticks, tree = 164.56 MB, solutions = 1)
   1235   847    43475.0000   727    69641.0000    19739.0000   826027   71.66%
   1236   847    43475.0000   758    69641.0000    19739.0000   826129   71.66%
   1238   849    43475.0000   803    69641.0000    19739.0000   826243   71.66%
   1240   850    43475.0000   830    69641.0000    19739.0000   826250   71.66%
   1241   850    43475.0000   598    69641.0000    19739.0000   841210   71.66%
   1242   850    43475.0000   689    69641.0000    19739.0000   842269   71.66%
   1244   852    43475.0000   674    69641.0000    19739.0000   842698   71.66%
   1245   853    43475.0000   685    69641.0000    19739.0000   856928   71.66%
   1246   853    43475.0000   577    69641.0000    19739.0000   892272   71.66%
   1247   853    43475.0000   784    69641.0000    19739.0000   912677   71.66%
Elapsed time = 1492.64 sec. (2226906.51 ticks, tree = 167.37 MB, solutions = 1)
   1248   853    43475.0000   669    69641.0000    19739.0000   927938   71.66%
   1249   853    43475.0000   742    69641.0000    19739.0000   928068   71.66%
   1251   854    43475.0000   708    69641.0000    19739.0000   928181   71.66%
   1253   856    43475.0000   715    69641.0000    19739.0000   928836   71.66%
   1255   857    43475.0000   612    69641.0000    19739.0000   936378   71.66%
   1257   858    43475.0000   685    69641.0000    19739.0000   936454   71.66%
   1259   859    43475.0000   537    69641.0000    19739.0000   942118   71.66%
   1261   861    43475.0000   617    69641.0000    19739.0000   942838   71.66%
   1262   861    43475.0000   534    69641.0000    19739.0000   947245   71.66%
   1264   861    43475.0000   544    69641.0000    19739.0000   955191   71.66%
Elapsed time = 1570.95 sec. (2347706.28 ticks, tree = 170.79 MB, solutions = 1)
   1266   863    43475.0000   559    69641.0000    19739.0000   955289   71.66%
   1267   863    43475.0000   541    69641.0000    19739.0000   967152   71.66%
   1270   865    43475.0000   602    69641.0000    19739.0000   975494   71.66%
   1272   867    43475.0000   616    69641.0000    19739.0000   975579   71.66%
   1274   868    43475.0000   626    69641.0000    19739.0000   981810   71.66%
   1275   869    43475.0000   676    69641.0000    19739.0000   981872   71.66%
   1277   868    43475.0000   654    69641.0000    19739.0000   981876   71.66%
   1280   869    43475.0000   596    69641.0000    19739.0000   986058   71.66%
   1283   871    43475.0000   556    69641.0000    19739.0000   988664   71.66%
   1286   873    43475.0000   536    69641.0000    19739.0000   989123   71.66%
Elapsed time = 1635.29 sec. (2446102.76 ticks, tree = 175.38 MB, solutions = 1)
   1287   873    43475.0000   534    69641.0000    19739.0000   989129   71.66%
   1288   873    43475.0000   575    69641.0000    19739.0000   993484   71.66%
   1291   874    43475.0000   494    69641.0000    19739.0000   996643   71.66%
   1293   875    45619.6942   567    69641.0000    19739.0000  1007358   71.66%
   1294   876    43475.0000   532    69641.0000    19739.0000  1007457   71.66%
   1297   877    43475.0000   500    69641.0000    19739.0000  1007597   71.66%
   1300   878    43475.0000   540    69641.0000    19739.0000  1011594   71.66%
   1301   878    43475.0000   491    69641.0000    19739.0000  1014168   71.66%
   1303   880    43475.0000   483    69641.0000    19739.0000  1017774   71.66%
   1305   881    43475.0000   435    69641.0000    19739.0000  1021351   71.66%
Elapsed time = 1700.47 sec. (2536628.49 ticks, tree = 179.41 MB, solutions = 1)
   1307   883    43475.0000   401    69641.0000    19739.0000  1025573   71.66%
   1311   885    43475.0000   387    69641.0000    19739.0000  1028234   71.66%
   1318   889    43475.0000   333    69641.0000    19739.0000  1028821   71.66%
   1322   890    43475.0000   329    69641.0000    19739.0000  1030201   71.66%
   1325   892    43475.0000   425    69641.0000    19739.0000  1034278   71.66%
   1328   895    43475.0000   354    69641.0000    19739.0000  1036990   71.66%
   1332   897    43475.0000   310    69641.0000    19739.0000  1038225   71.66%
   1334   898    43475.0000   368    69641.0000    19739.0000  1041097   71.66%
   1337   899    43475.0000   322    69641.0000    19739.0000  1043671   71.66%
   1342   902    43475.0000   302    69641.0000    19739.0000  1044308   71.66%
Elapsed time = 1739.64 sec. (2590578.60 ticks, tree = 187.51 MB, solutions = 1)
   1344   904    43475.0000   375    69641.0000    19739.0000  1047286   71.66%
   1351   907    43475.0000   367    69641.0000    19739.0000  1049980   71.66%
   1361   913    43475.0000   306    69641.0000    19739.0000  1052381   71.66%
   1368   918    43475.0000   342    69641.0000    19739.0000  1055667   71.66%
   1373   921    43475.0000   268    69641.0000    19739.0000  1057157   71.66%
   1381   925    43475.0000   354    69641.0000    19739.0000  1060535   71.66%
   1387   929    43475.0000   289    69641.0000    19739.0000  1062892   71.66%
   1402   936    45408.9298   388    69641.0000    19739.0000  1066871   71.66%
   1414   945    43475.0000   291    69641.0000    19739.0000  1070722   71.66%
   1422   951    43475.0000   252    69641.0000    19739.0000  1072977   71.66%
Elapsed time = 1778.65 sec. (2643196.86 ticks, tree = 204.86 MB, solutions = 1)
   1441   963    43475.0000   240    69641.0000    19739.0000  1074284   71.66%
   1447   966    43475.0000   229    69641.0000    19739.0000  1076019   71.66%
   1464   974    43475.0000   220    69641.0000    19739.0000  1077865   71.66%
   1487   985    43475.0000   197    69641.0000    19739.0000  1079159   71.66%
   1502   994    43475.0000   201    69641.0000    19739.0000  1081800   71.66%
   1515   999    45698.7273   228    69641.0000    19739.0000  1085494   71.66%
   1527  1005    43571.7355   194    69641.0000    19739.0000  1088043   71.66%
   1548  1012    44070.5289   169    69641.0000    19739.0000  1092334   71.66%
   1584  1044    44201.9091   122    69641.0000    19739.0000  1097470   71.66%
   1661  1106    63801.0000    33    69641.0000    19739.0000  1098518   71.66%
Elapsed time = 1895.08 sec. (2801952.21 ticks, tree = 253.97 MB, solutions = 1)
*  1682  1099      integral     0    63801.0000    19739.0000  1098613   69.06%
   1683  1099    19785.5396   678    63801.0000    19761.3898  1100351   69.03%
   1685  1101    19879.9427   656    63801.0000    19761.3898  1102433   69.03%
   1687  1103    20168.9323   418    63801.0000    19761.3898  1104581   69.03%
   1701  1117    20148.6790   520    63801.0000    19761.3898  1106239   69.03%
   1715  1131    20363.5900   526    63801.0000    19761.3898  1108180   69.03%
   1722  1138    20446.8844   614    63801.0000    19761.3898  1110261   69.03%
   1727  1143    20393.6464   505    63801.0000    19761.3898  1111417   69.03%
   1737  1153    20536.9502   443    63801.0000    19761.3898  1112782   69.03%
   1743  1159    21223.5794   399    63801.0000    19761.3898  1115619   69.03%
   1753  1169    20531.1543   475    63801.0000    19761.3898  1117339   69.03%
Elapsed time = 1951.00 sec. (2898093.89 ticks, tree = 268.98 MB, solutions = 2)
   1758  1174    20602.9974   480    63801.0000    19761.3898  1118881   69.03%
   1807  1223    20643.9292   407    63801.0000    19761.3898  1119498   69.03%
   1847  1262    21507.7079   492    63801.0000    19761.3898  1123753   69.03%
   1850  1265    23336.6653   468    63801.0000    19761.3898  1126144   69.03%
   1869  1284    21894.0358   436    63801.0000    19761.3898  1128452   69.03%
   1880  1295    21604.5170   478    63801.0000    19761.3898  1130967   69.03%
   1887  1302    26748.5124   586    63801.0000    19761.3898  1143120   69.03%
   1942  1357    22334.0124   436    63801.0000    19761.3898  1144030   69.03%
   1997  1412    21566.9694   477    63801.0000    19761.3898  1144420   69.03%
   2047  1462    21578.5063   486    63801.0000    19761.3898  1144703   69.03%
Elapsed time = 2022.23 sec. (3016428.84 ticks, tree = 338.17 MB, solutions = 2)
   2067  1481    42117.8099   865    63801.0000    19761.3898  1165600   69.03%
   2068  1481    42119.7438   909    63801.0000    19761.3898  1165664   69.03%
   2069  1482    42119.7438   507    63801.0000    19761.3898  1193570   69.03%
   2070  1483    42119.7438   539    63801.0000    19761.3898  1216943   69.03%
   2071  1484    42119.7438   571    63801.0000    19761.3898  1217245   69.03%
   2072  1485    42119.7438   671    63801.0000    19761.3898  1217657   69.03%
   2074  1487    42119.7438   520    63801.0000    19761.3898  1240912   69.03%
   2075  1488    42119.7438   484    63801.0000    19761.3898  1268969   69.03%
   2077  1490    42119.7438   590    63801.0000    19761.3898  1269199   69.03%
   2079  1492    42119.7438   841    63801.0000    19761.3898  1286964   69.03%
Elapsed time = 2274.33 sec. (3390570.01 ticks, tree = 345.26 MB, solutions = 2)
   2080  1493    42119.7438   840    63801.0000    19761.3898  1287048   69.03%
   2081  1494    42119.7438   619    63801.0000    19761.3898  1304848   69.03%
   2083  1496    42119.7438   632    63801.0000    19761.3898  1305082   69.03%
   2084  1497    42119.7438   707    63801.0000    19761.3898  1305174   69.03%
   2085  1497    42120.8182   688    63801.0000    19761.3898  1321025   69.03%
   2086  1498    42120.8182   614    63801.0000    19761.3898  1328076   69.03%
   2087  1499    42120.8182   561    63801.0000    19761.3898  1337420   69.03%
   2088  1500    42120.8182   635    63801.0000    19761.3898  1352857   69.03%
   2090  1502    42120.8182   449    63801.0000    19761.3898  1359511   69.03%
   2092  1504    42120.8182   491    63801.0000    19761.3898  1359678   69.03%
Elapsed time = 2402.32 sec. (3585791.48 ticks, tree = 348.10 MB, solutions = 2)
   2101  1513    42176.7273   390    63801.0000    19761.3898  1360127   69.03%
   2103  1515    42177.6942   541    63801.0000    19761.3898  1364010   69.03%
   2105  1517    42177.6942   535    63801.0000    19761.3898  1364116   69.03%
   2108  1520    48813.0000   427    63801.0000    19761.3898  1382800   69.03%
   2121  1533    42200.4298   352    63801.0000    19761.3898  1383185   69.03%
   2137  1549    42253.6860   399    63801.0000    19761.3898  1383482   69.03%
   2149  1561    42341.2190   403    63801.0000    19761.3898  1383770   69.03%
   2161  1570    59509.0826   427    63801.0000    19761.3898  1384180   69.03%
   2176  1585    59604.0620   420    63801.0000    19761.3898  1384521   69.03%
   2211  1619    59517.5950   431    63801.0000    19761.3898  1384811   69.03%
Elapsed time = 2457.10 sec. (3666198.23 ticks, tree = 375.36 MB, solutions = 2)
   2272  1680    59535.7562   428    63801.0000    19761.3898  1384952   69.03%
   2287  1695    59541.8719   428    63801.0000    19761.3898  1384978   69.03%
   2353  1761    59591.3140   427    63801.0000    19761.3898  1385130   69.03%
   2387  1795    59602.1612   427    63801.0000    19761.3898  1385391   69.03%
   2447  1855    59610.7562   424    63801.0000    19761.3898  1385567   69.03%
   2487  1895    59685.0124   421    63801.0000    19761.3898  1385929   69.03%
   2542  1942    59710.4256   416    63801.0000    19761.3898  1386150   69.03%
   2593  1981    59725.2603   422    63801.0000    19761.3898  1386415   69.03%
   2614  1991    63635.6157   421    63801.0000    19761.3898  1386996   69.03%
   2621  1991    63790.9215   418    63801.0000    19761.3898  1387371   69.03%
Elapsed time = 2493.67 sec. (3716164.07 ticks, tree = 463.81 MB, solutions = 2)
   2624  1991    20223.0445   500    63801.0000    19785.5396  1389305   68.99%
   2626  1993    19898.6032   441    63801.0000    19808.4077  1393931   68.95%
   2627  1994    20045.4816   427    63801.0000    19815.5803  1394699   68.94%
   2628  1995    19939.6691   466    63801.0000    19817.6082  1396353   68.94%
   2629  1996    19877.9671   553    63801.0000    19818.9445  1398102   68.94%
   2630  1997    24064.2727   723    63801.0000    19830.4498  1413220   68.92%
   2631  1998    19951.0065   510    63801.0000    19830.4498  1415009   68.92%
   2632  1999    19932.7486   628    63801.0000    19877.9671  1417246   68.84%
   2633  2000    19927.7167   530    63801.0000    19877.9671  1417876   68.84%
   2634  2001    20061.2063   432    63801.0000    19877.9671  1419929   68.84%
Elapsed time = 2552.35 sec. (3812273.42 ticks, tree = 466.16 MB, solutions = 2)
   2642  2009    20198.7887   467    63801.0000    19877.9671  1422436   68.84%
   2650  2017    20285.4047   533    63801.0000    19877.9671  1424139   68.84%
   2657  2024    20420.0608   445    63801.0000    19877.9671  1425764   68.84%
   2659  2026    20743.6245   367    63801.0000    19877.9671  1429209   68.84%
   2675  2042    20794.6891   446    63801.0000    19877.9671  1430661   68.84%
   2695  2061    22371.0579   568    63801.0000    19877.9671  1436920   68.84%
   2724  2090    22479.9091   492    63801.0000    19877.9671  1437186   68.84%
   2732  2098    20033.1583   445    63801.0000    19877.9671  1438609   68.84%
   2749  2115    20394.6887   452    63801.0000    19877.9671  1440341   68.84%
   2756  2122    20499.6917   427    63801.0000    19877.9671  1442252   68.84%
Elapsed time = 2588.32 sec. (3874129.85 ticks, tree = 494.84 MB, solutions = 2)
   2772  2136    20718.5121   422    63801.0000    19877.9671  1444191   68.84%
   2775  2139    20921.7273   440    63801.0000    19877.9671  1445886   68.84%
   2788  2152    21380.1880   487    63801.0000    19877.9671  1447560   68.84%
   2826  2190    21655.7562   352    63801.0000    19877.9671  1448905   68.84%
   2870  2234    22433.1694   346    63801.0000    19877.9671  1449954   68.84%
   2929  2293    20663.2047   497    63801.0000    19879.9427  1453714   68.84%
   2932  2296    21772.9091   526    63801.0000    19879.9427  1469501   68.84%
   2934  2298    21772.9091   489    63801.0000    19879.9427  1475166   68.84%
   2936  2300    21796.8595   467    63801.0000    19879.9427  1475682   68.84%
   2944  2308    21835.6860   480    63801.0000    19879.9427  1476166   68.84%
Elapsed time = 2650.34 sec. (3974357.18 ticks, tree = 538.85 MB, solutions = 2)
   2950  2314    21848.9752   461    63801.0000    19879.9427  1479292   68.84%
   2956  2320    21848.9752   432    63801.0000    19879.9427  1479923   68.84%
   2962  2326    21848.9752   501    63801.0000    19879.9427  1484636   68.84%
   2970  2334    21848.9752   427    63801.0000    19879.9427  1485872   68.84%
   2974  2338    21848.9752   452    63801.0000    19879.9427  1486925   68.84%
   2982  2346    21848.9752   427    63801.0000    19879.9427  1487815   68.84%
   2993  2357    21848.9752   414    63801.0000    19879.9427  1488456   68.84%
   3007  2371    21848.9752   430    63801.0000    19879.9427  1489372   68.84%
   3010  2374    21848.9752   426    63801.0000    19879.9427  1490146   68.84%
   3019  2383    21848.9752   423    63801.0000    19879.9427  1490765   68.84%
Elapsed time = 2688.62 sec. (4039365.03 ticks, tree = 556.57 MB, solutions = 2)
   3032  2396    21848.9752   427    63801.0000    19879.9427  1491501   68.84%
   3043  2407    21848.9752   472    63801.0000    19879.9427  1492296   68.84%
   3056  2420    21848.9752   437    63801.0000    19879.9427  1493068   68.84%
   3072  2436    21848.9752   425    63801.0000    19879.9427  1493930   68.84%
   3083  2447    21848.9752   443    63801.0000    19879.9427  1494722   68.84%
   3092  2456    21848.9752   427    63801.0000    19879.9427  1495477   68.84%
   3107  2471    21848.9752   436    63801.0000    19879.9427  1496180   68.84%
   3120  2484    21848.9752   484    63801.0000    19879.9427  1505393   68.84%
   3129  2493    19939.9451   434    63801.0000    19898.6032  1507676   68.81%
   3135  2499    20066.0543   492    63801.0000    19898.6032  1509071   68.81%
Elapsed time = 2726.17 sec. (4103991.79 ticks, tree = 583.94 MB, solutions = 2)
   3179  2543    20748.3338   409    63801.0000    19898.6032  1510236   68.81%
   3216  2580    20815.3972   494    63801.0000    19898.6032  1511480   68.81%
   3232  2596    20822.8379   440    63801.0000    19898.6032  1512572   68.81%
   3266  2630    20831.1648   500    63801.0000    19898.6032  1513963   68.81%
   3283  2647    21003.9003   477    63801.0000    19898.6032  1517170   68.81%
   3327  2691    21037.6173   482    63801.0000    19898.6032  1517867   68.81%
   3330  2694    20044.2682   457    63801.0000    19898.6032  1519469   68.81%
   3332  2696    21067.0744   657    63801.0000    19898.6032  1527990   68.81%
   3340  2704    20163.8742   633    63801.0000    19898.6032  1530168   68.81%
   3342  2706    20358.7732   541    63801.0000    19898.6032  1533275   68.81%
Elapsed time = 2777.36 sec. (4187170.85 ticks, tree = 632.63 MB, solutions = 2)
   3350  2714    24177.9835   590    63801.0000    19898.6032  1553321   68.81%
   3372  2736    25395.5248   610    63801.0000    19898.6032  1569185   68.81%
   3388  2751    20659.9450   491    63801.0000    19898.6032  1570909   68.81%
   3396  2758    20951.5868   602    63801.0000    19898.6032  1576687   68.81%
   3439  2801    21100.6364   642    63801.0000    19898.6032  1596345   68.81%
   3446  2808    21100.6364   664    63801.0000    19898.6032  1605298   68.81%
   3447  2809    21100.6364   610    63801.0000    19898.6032  1618017   68.81%
   3448  2810    21100.6364   617    63801.0000    19898.6032  1630949   68.81%
   3449  2811    21100.6364   611    63801.0000    19898.6032  1630951   68.81%
   3450  2812    21100.6364   580    63801.0000    19898.6032  1633962   68.81%
Elapsed time = 2963.10 sec. (4464193.46 ticks, tree = 657.91 MB, solutions = 2)
   3452  2814    21100.6364   580    63801.0000    19898.6032  1635333   68.81%
   3453  2815    21100.6364   606    63801.0000    19898.6032  1637014   68.81%
   3456  2818    21101.1698   537    63801.0000    19898.6032  1641348   68.81%
   3457  2819    21166.5974   534    63801.0000    19898.6032  1656734   68.81%
   3479  2840    24750.8636   533    63801.0000    19898.6032  1657327   68.81%
   3487  2848    24755.2025   516    63801.0000    19898.6032  1657805   68.81%
   3496  2857    25234.9215   456    63801.0000    19898.6032  1658814   68.81%
   3502  2863    24755.2025   680    63801.0000    19898.6032  1672217   68.81%
   3516  2877    24755.2025   445    63801.0000    19898.6032  1672809   68.81%
   3525  2886    24755.2025   434    63801.0000    19898.6032  1673425   68.81%
Elapsed time = 3036.03 sec. (4582083.69 ticks, tree = 675.43 MB, solutions = 2)
   3526  2887    24755.2025   497    63801.0000    19898.6032  1684103   68.81%
   3528  2889    24755.2025   494    63801.0000    19898.6032  1694379   68.81%
   3529  2890    20122.8404   407    63801.0000    19927.7167  1697405   68.77%
   3533  2894    20348.5816   468    63801.0000    19927.7167  1698873   68.77%
   3567  2928    20830.7583   466    63801.0000    19927.7167  1700343   68.77%
   3620  2981    20969.1315   426    63801.0000    19927.7167  1701371   68.77%
   3670  3031    20981.3485   431    63801.0000    19927.7167  1701857   68.77%
   3705  3066    21022.3009   454    63801.0000    19927.7167  1702626   68.77%
   3729  3090    20706.9996   521    63801.0000    19932.7486  1704952   68.76%
   3730  3091    21019.5994   473    63801.0000    19932.7486  1706653   68.76%
Elapsed time = 3086.91 sec. (4665557.53 ticks, tree = 723.93 MB, solutions = 2)
   3736  3097    21193.9494   404    63801.0000    19932.7486  1708599   68.76%
   3753  3114    21312.0851   644    63801.0000    19932.7486  1711211   68.76%
   3766  3126    25878.3471   702    63801.0000    19932.7486  1736121   68.76%
   3768  3128    25880.3306   702    63801.0000    19932.7486  1736199   68.76%
   3775  3134    25960.9587   649    63801.0000    19932.7486  1736403   68.76%
   3776  3135    29460.0000   727    63801.0000    19932.7486  1757002   68.76%
   3778  3137    29460.0000   801    63801.0000    19932.7486  1757052   68.76%
   3779  3138    29460.0000   689    63801.0000    19932.7486  1774707   68.76%
   3781  3140    29460.0000   708    63801.0000    19932.7486  1774986   68.76%
   3784  3143    29460.0000   576    63801.0000    19932.7486  1775157   68.76%
Elapsed time = 3217.55 sec. (4868029.11 ticks, tree = 736.21 MB, solutions = 2)
   3789  3148    29460.0000   496    63801.0000    19932.7486  1775962   68.76%
   3790  3149    29460.0000   641    63801.0000    19932.7486  1809584   68.76%
   3791  3150    29460.0000   648    63801.0000    19932.7486  1810067   68.76%
   3793  3152    29460.0000   646    63801.0000    19932.7486  1810210   68.76%
   3795  3152    29460.0000   644    63801.0000    19932.7486  1834478   68.76%
   3797  3154    29460.0000   596    63801.0000    19932.7486  1852665   68.76%
   3799  3156    29460.0000   527    63801.0000    19932.7486  1868906   68.76%
   3801  3158    29460.0000   559    63801.0000    19932.7486  1869270   68.76%
   3809  3166    29460.0000   489    63801.0000    19932.7486  1870388   68.76%
   3811  3168    29460.0000   588    63801.0000    19932.7486  1885349   68.76%
Elapsed time = 3417.34 sec. (5172398.64 ticks, tree = 742.13 MB, solutions = 2)
   3814  3171    29460.0000   487    63801.0000    19932.7486  1885748   68.76%
   3816  3173    29460.0000   601    63801.0000    19932.7486  1897573   68.76%
   3818  3175    29460.0000   578    63801.0000    19932.7486  1909897   68.76%
   3820  3177    29460.0000   541    63801.0000    19932.7486  1910645   68.76%
   3842  3197    29460.0000   531    63801.0000    19932.7486  1917072   68.76%
   3844  3199    29460.0000   465    63801.0000    19932.7486  1917429   68.76%
   3859  3214    29460.0000   460    63801.0000    19932.7486  1917906   68.76%
   3862  3217    29460.0000   408    63801.0000    19932.7486  1923314   68.76%
   3865  3220    29460.0000   466    63801.0000    19932.7486  1939760   68.76%
   3866  3221    29460.0000   466    63801.0000    19932.7486  1950881   68.76%
Elapsed time = 3532.68 sec. (5355820.17 ticks, tree = 754.67 MB, solutions = 2)
   3867  3222    29460.0000   440    63801.0000    19932.7486  1955756   68.76%
   3868  3223    29460.0000   509    63801.0000    19932.7486  1957748   68.76%
   3870  3225    29460.0000   476    63801.0000    19932.7486  1958080   68.76%
   3872  3227    29460.0000   478    63801.0000    19932.7486  1958844   68.76%
   3873  3228    29460.0000   527    63801.0000    19932.7486  1976217   68.76%
   3878  3233    29460.0000   404    63801.0000    19932.7486  1976542   68.76%
   3881  3235    29517.6933   474    63801.0000    19932.7486  1986007   68.76%
   3887  3241    29599.3905   379    63801.0000    19932.7486  1986268   68.76%
   3896  3250    29778.0000   372    63801.0000    19932.7486  1986347   68.76%

Clique cuts applied:  43
Cover cuts applied:  13
Implied bound cuts applied:  25
Flow cuts applied:  3
Mixed integer rounding cuts applied:  104
Zero-half cuts applied:  386
Gomory fractional cuts applied:  66

Root node processing (before b&c):
  Real time             =   65.06 sec. (69504.60 ticks)
Sequential b&c:
  Real time             = 3534.95 sec. (5394788.25 ticks)
                          ------------
Total (root+branch&cut) = 3600.01 sec. (5464292.86 ticks)

Solution pool: 2 solutions saved.

MIP - Time limit exceeded, integer feasible:  Objective =  6.3801000000e+04
Current MIP best bound =  1.9932748623e+04 (gap = 43868.3, 68.76%)
Solution time = 3600.01 sec.  Iterations = 1987308  Nodes = 3898 (3251)
Deterministic time = 5464293.13 ticks  (1517.85 ticks/sec)

CPLEX> Incumbent solution
Variable Name           Solution Value
y                         63801.000000
x75                           1.000000
x16174                        1.000000
x32305                        1.000000
x48401                        1.000000
x64518                        1.000000
x80748                        1.000000
x12320                        1.000000
x24385                        1.000000
x33275                        1.000000
x61977                        1.000000
x65660                        1.000000
x92076                        1.000000
x32896                        1.000000
x18546                        1.000000
x96652                        1.000000
x36074                        1.000000
x82430                        1.000000
x57412                        1.000000
x43570                        1.000000
x69479                        1.000000
x19061                        1.000000
x2171                         1.000000
x10173                        1.000000
x82692                        1.000000
x50943                        1.000000
x90187                        1.000000
x11194                        1.000000
x18815                        1.000000
x18435                        1.000000
x61743                        1.000000
x30629                        1.000000
x61618                        1.000000
x16534                        1.000000
x31521                        1.000000
x45111                        1.000000
x50065                        1.000000
x5997                         1.000000
x22508                        1.000000
x50322                        1.000000
x40671                        1.000000
x53118                        1.000000
x30513                        1.000000
x53755                        1.000000
x1432                         1.000000
x51725                        1.000000
x4355                         1.000000
x52616                        1.000000
x20232                        1.000000
x74589                        1.000000
x28108                        1.000000
x19219                        1.000000
x52113                        1.000000
x55162                        1.000000
x38400                        1.000000
x6652                         1.000000
x38149                        1.000000
x52882                        1.000000
x26086                        1.000000
x35485                        1.000000
x4625                         1.000000
x56442                        1.000000
x31805                        1.000000
x15296                        1.000000
x31299                        1.000000
x93276                        1.000000
x55939                        1.000000
x63052                        1.000000
x38034                        1.000000
x52386                        1.000000
x39941                        1.000000
x60008                        1.000000
x7050                         1.000000
x23053                        1.000000
x38802                        1.000000
x89476                        1.000000
x91509                        1.000000
x89351                        1.000000
x95575                        1.000000
x55825                        1.000000
x64716                        1.000000
x78306                        1.000000
x89230                        1.000000
x73864                        1.000000
x30939                        1.000000
x21415                        1.000000
x74248                        1.000000
x9479                         1.000000
x75012                        1.000000
x80474                        1.000000
x74887                        1.000000
x91652                        1.000000
x91399                        1.000000
x91781                        1.000000
x93814                        1.000000
x12535                        1.000000
x32602                        1.000000
x94960                        1.000000
x64227                        1.000000
x21810                        1.000000
x61943                        1.000000
x27908                        1.000000
x78582                        1.000000
x21052                        1.000000
x3527                         1.000000
x8227                         1.000000
x81507                        1.000000
x46202                        1.000000
x45060                        1.000000
x89639                        1.000000
x49381                        1.000000
x51287                        1.000000
x62591                        1.000000
x60306                        1.000000
x76690                        1.000000
x47354                        1.000000
x75168                        1.000000
x53960                        1.000000
x87997                        1.000000
x17513                        1.000000
x23356                        1.000000
x54726                        1.000000
x21326                        1.000000
x81271                        1.000000
x40251                        1.000000
x26028                        1.000000
x1645                         1.000000
x28443                        1.000000
x93722                        1.000000
x19809                        1.000000
x56259                        1.000000
x73786                        1.000000
x96266                        1.000000
u3                           53.000000
u4                          105.000000
u5                            3.000000
u6                           52.000000
u7                          116.000000
u8                           16.000000
u9                          120.000000
u10                         120.000000
u11                         107.000000
u12                          78.000000
u13                          71.000000
u15                         115.000000
u16                          21.000000
u17                         114.000000
u18                          77.000000
u19                          77.000000
u20                         104.000000
u21                          20.000000
u22                          76.000000
u23                          18.000000
u24                         106.000000
u25                         113.000000
u26                          48.000000
u27                           1.000000
u28                          83.000000
u29                         117.000000
u30                          22.000000
u31                          51.000000
u32                          26.000000
u33                         109.000000
u34                          24.000000
u35                          79.000000
u36                          10.000000
u37                          80.000000
u38                          25.000000
u39                         110.000000
u40                         119.000000
u41                          70.000000
u42                         114.000000
u43                          23.000000
u44                         108.000000
u45                           7.000000
u46                          41.000000
u47                          20.000000
u48                          82.000000
u49                          40.000000
u50                          11.000000
u51                         116.000000
u52                          49.000000
u53                          81.000000
u54                          31.000000
u55                         119.000000
u56                          73.000000
u57                          74.000000
u58                         118.000000
u59                          14.000000
u60                          13.000000
u61                          42.000000
u62                          27.000000
u63                          43.000000
u64                          30.000000
u65                          74.000000
u66                         120.000000
u67                          50.000000
u68                         112.000000
u69                          70.000000
u70                         111.000000
u71                           5.000000
u72                          15.000000
u73                           1.000000
u74                          98.000000
u76                         113.000000
u77                          99.000000
u78                          72.000000
u79                         115.000000
u80                         118.000000
u81                           1.000000
u82                           4.000000
u83                           3.000000
u84                           5.000000
u85                          68.000000
u86                          69.000000
u87                           8.000000
u88                           7.000000
u89                          76.000000
u90                          54.000000
u91                         120.000000
u92                          29.000000
u93                           8.000000
u94                         111.000000
u95                           9.000000
u96                          95.000000
u97                         111.000000
u98                          84.000000
u99                          75.000000
u100                        117.000000
u101                         46.000000
u102                         47.000000
u104                          6.000000
u105                         17.000000
u106                         19.000000
u107                        110.000000
u108                        112.000000
u109                         97.000000
u110                         45.000000
u111                          6.000000
u112                        109.000000
u113                        119.000000
u114                        108.000000
u115                         75.000000
u116                         12.000000
u117                         71.000000
u118                          4.000000
u119                         44.000000
u120                         73.000000
u121                         72.000000
u122                        112.000000
u123                          1.000000
u124                        118.000000
u125                         28.000000
u126                          2.000000
u127                          2.000000
All other variables in the range 1-96139 are 0.
CPLEX> 