
Welcome to IBM(R) ILOG(R) CPLEX(R) Interactive Optimizer 12.7.1.0
  with Simplex, Mixed Integer & Barrier Optimizers
5725-A06 5725-A29 5724-Y48 5724-Y49 5724-Y54 5724-Y55 5655-Y21
Copyright IBM Corp. 1988, 2017.  All Rights Reserved.

Type 'help' for a list of available commands.
Type 'help' followed by a command name for more
information on commands.

CPLEX> New value for default parallel thread count: 1
CPLEX> New value for time limit in seconds: 3600
CPLEX> Problem 'eil76_m12.lp' read.
Read time = 0.08 sec. (7.76 ticks)
CPLEX> CPXPARAM_TimeLimit                               3600
CPXPARAM_Threads                                 1
CPXPARAM_Read_APIEncoding                        "UTF-8"
Tried aggregator 1 time.
MIP Presolve modified 70200 coefficients.
Reduced MIP has 6636 rows, 68476 columns, and 416256 nonzeros.
Reduced MIP has 68400 binaries, 75 generals, 0 SOSs, and 0 indicators.
Presolve time = 0.21 sec. (303.94 ticks)
Tried aggregator 1 time.
Reduced MIP has 6636 rows, 68476 columns, and 416256 nonzeros.
Reduced MIP has 68400 binaries, 76 generals, 0 SOSs, and 0 indicators.
Presolve time = 0.23 sec. (217.44 ticks)
Probing time = 0.06 sec. (34.26 ticks)
Clique table members: 138007.
MIP emphasis: balance optimality and feasibility.
MIP search method: dynamic search.
Parallel mode: none, using 1 thread.
Root relaxation solution time = 7.19 sec. (11888.25 ticks)

        Nodes                                         Cuts/
   Node  Left     Objective  IInf  Best Integer    Best Bound    ItCnt     Gap

      0     0       54.9258   213                     54.9258    17104         
      0     0       57.8776   245                   Cuts: 120    33610         
      0     0       58.1667   257                    Cuts: 98    56490         
      0     0       58.1667   227                    Cuts: 56    56788         
      0     0       58.1667   215                    Cuts: 33    57086         
      0     0       58.1667   266                ZeroHalf: 27    57408         
      0     0       58.1667   225                    Cuts: 23    57673         
      0     0       58.1667   211                    Cuts: 63    57940         
      0     0       58.1667   213                    Cuts: 33    58131         
      0     2       58.1667   202                     58.1667    58131         
Elapsed time = 88.27 sec. (153259.67 ticks, tree = 0.01 MB, solutions = 0)
      1     3       58.2071   265                     58.1667    58699         
      2     4       58.1667   415                     58.1667    59347         
      3     5       58.1704   427                     58.1667    59937         
      4     6       58.2800   458                     58.1704    60630         
      5     7       58.3929   572                     58.1704    61121         
      6     8       58.4071   392                     58.2071    62428         
      7     9       58.4991   500                     58.2071    62626         
      8    10       58.4691   436                     58.2071    62851         
      9    11       58.7585   446                     58.2071    63197         
     12    14       70.1875   470                     58.2071    64782         
Elapsed time = 96.75 sec. (169136.74 ticks, tree = 1.24 MB, solutions = 0)
     15    17       58.9097   464                     58.2071    65665         
     17    19       59.1894   406                     58.2071    66482         
     20    22       59.3262   446                     58.2071    67533         
     24    26       59.3406   365                     58.2071    68206         
     30    32       59.5709   236                     58.2071    69014         
     35    37       59.5537   249                     58.2071    69916         
     38    40       59.7637   262                     58.2071    70790         
     40    42       59.5842   249                     58.2071    70821         
     45    47       59.6150   248                     58.2071    71661         
     50    52       64.2188   351                     58.2071    80293         
Elapsed time = 119.84 sec. (207790.23 ticks, tree = 5.22 MB, solutions = 0)
     57    59       60.1580   215                     58.2071    81139         
     70    72       59.9967   232                     58.2071    81862         
     79    81       60.0064   253                     58.2071    82614         
     83    85       60.7807   221                     58.2071    83438         
     88    89       68.0703   370                     58.2071    96156         
     96    97       67.0703   337                     58.2071    97351         
    106   107       61.0815   236                     58.2071    98237         
    109   110       69.0937   260                     58.2071   107768         
    115   116       61.1730   226                     58.2071   108655         
    117   118       62.2500   225                     58.2071   119094         
Elapsed time = 144.60 sec. (249932.37 ticks, tree = 12.07 MB, solutions = 0)
    119   120       62.2666   170                     58.2071   125800         
    130   131       73.0703   366                     58.2071   132333         
    141   142       63.0154   229                     58.2071   133419         
    172   168      102.6563   144                     58.2071   134481         
    201   188    infeasible                           58.2071   135572         
    213   200      104.0000   143                     58.2071   137620         
    273   246      276.0000    72                     58.2071   138824         
    306   269       58.2073   329                     58.2071   139389         
    308   271       58.3240   259                     58.2071   142079         
    311   274       58.3113   307                     58.2071   143803         
Elapsed time = 158.76 sec. (273787.33 ticks, tree = 29.10 MB, solutions = 0)
    315   278       58.5315   322                     58.2071   144887         
    317   280       58.7616   229                     58.2071   146027         
    320   283       58.5822   334                     58.2071   146639         
    322   285       58.6309   321                     58.2071   147581         
    324   287       58.6553   244                     58.2071   148392         
    326   289       72.2344   422                     58.2071   165201         
    329   292       58.7541   293                     58.2071   165880         
    334   297       58.7922   285                     58.2071   166532         
    336   299       58.8055   296                     58.2071   167251         
    338   301       58.8425   337                     58.2071   167965         
Elapsed time = 176.59 sec. (305482.76 ticks, tree = 31.81 MB, solutions = 0)
    342   305       59.2531   325                     58.2071   168686         
    344   307       58.9273   297                     58.2071   169327         
    347   310       58.9764   255                     58.2071   170160         
    351   314       59.3637   228                     58.2071   171153         
    353   316       61.0312   261                     58.2071   172450         
    357   320       59.1869   275                     58.2071   173411         
    360   323       59.1087   239                     58.2071   174083         
    363   326       60.0082   288                     58.2071   175138         
    367   330       59.3531   318                     58.2071   175969         
    373   336       59.5396   270                     58.2071   176903         
Elapsed time = 183.40 sec. (317872.55 ticks, tree = 35.59 MB, solutions = 0)
    377   340       61.0938   320                     58.2071   177828         
    382   344       59.6796   274                     58.2071   178654         
    388   350       77.2344   355                     58.2071   186540         
    395   357       59.7863   279                     58.2071   187229         
    399   361       69.0469   261                     58.2071   197639         
    404   366       59.8664   284                     58.2071   198412         
    407   369       60.0237   288                     58.2071   199366         
    415   377       60.8599   251                     58.2071   200321         
    420   381       62.2500   209                     58.2071   201371         
    427   388       61.4852   213                     58.2071   202628         
Elapsed time = 200.66 sec. (347591.20 ticks, tree = 41.08 MB, solutions = 0)
    435   396       62.2344   216                     58.2071   203616         
    440   401       60.4436   271                     58.2071   204480         
    444   405       69.0469   271                     58.2071   212523         
    451   412       60.7974   243                     58.2071   213396         
    464   423       60.9680   210                     58.2071   214183         
    472   431       60.8733   182                     58.2071   215064         
    477   436       61.2804   219                     58.2071   216226         
    480   439       60.9643   197                     58.2071   216274         
    490   449       61.2947   208                     58.2071   217030         
    503   462       61.2162   186                     58.2071   217973         
Elapsed time = 220.37 sec. (379709.28 ticks, tree = 48.92 MB, solutions = 0)
    510   469       61.6552   207                     58.2071   219137         
    516   475       61.3068   198                     58.2071   220344         
    527   486       72.3906   277                     58.2071   225488         
    529   488       77.4844   260                     58.2071   233666         
    538   497       68.4063   174                     58.2071   235179         
    540   499       68.4063   256                     58.2071   245042         
    543   502       68.4063   257                     58.2071   251027         
    552   511       68.4063   255                     58.2071   254053         
    556   515       68.4062   237                     58.2071   259778         
    559   518       68.4062   225                     58.2071   266875         
Elapsed time = 242.38 sec. (412091.46 ticks, tree = 54.95 MB, solutions = 0)
    560   519       68.4062   216                     58.2071   266930         
    567   525       75.0000   195                     58.2071   270857         
    572   528       75.0000   158                     58.2071   272508         
    620   559      183.6875   131                     58.2071   273424         
    680   607      242.0000    59                     58.2071   274026         
    708   625       58.2927   361                     58.2800   274749         
    711   628       58.3972   264                     58.2808   275950         
    716   633       58.4852   299                     58.2808   276842         
    717   634       74.0469   462                     58.2808   284691         
    726   643       58.9275   264                     58.2808   286904         
Elapsed time = 257.01 sec. (436553.55 ticks, tree = 68.56 MB, solutions = 0)
    743   660       58.7379   306                     58.2808   289598         
    760   677       59.0373   273                     58.2808   292476         
    785   702       59.6389   241                     58.2808   295856         
    800   717       60.2623   234                     58.2808   297243         
    806   723       58.5432   286                     58.2927   300189         
    828   745       59.0004   267                     58.2927   302955         
    844   760       69.0625   377                     58.2927   311763         
    853   769       79.0469   545                     58.2927   327625         
    857   773       80.0469   405                     58.2927   337047         
    883   798       59.3152   268                     58.2927   339984         
Elapsed time = 299.81 sec. (510039.34 ticks, tree = 84.81 MB, solutions = 0)
    884   798       62.4375   290                     58.2927   350139         
    910   823       60.1066   217                     58.2927   353255         
    990   880      271.7188   147                     58.2927   356305         
   1014   901       59.1396   276                     58.2927   358923         
   1017   904       72.0938   350                     58.2927   371078         
   1027   914       59.4535   435                     58.2927   373952         
   1057   943       64.2813   238                     58.2927   376483         
   1062   946       70.0469   353                     58.2927   384925         
   1185  1042      282.0000   132                     58.2927   388047         
   1207  1064       58.6378   400                     58.3113   390526         
Elapsed time = 335.94 sec. (571115.73 ticks, tree = 113.47 MB, solutions = 0)
   1212  1069       59.0319   429                     58.3113   392941         
   1225  1082       59.5725   450                     58.3113   395325         
   1232  1089       59.9051   357                     58.3113   397899         
   1238  1095       60.4377   349                     58.3113   400323         
   1242  1099       60.8118   359                     58.3113   402915         
   1245  1102       61.0551   398                     58.3113   405249         
   1251  1108       61.4160   424                     58.3113   407676         
   1256  1113       61.7272   364                     58.3113   410389         
   1267  1124       62.0154   336                     58.3113   413251         
   1275  1132       62.6736   309                     58.3113   415858         
Elapsed time = 357.48 sec. (612091.15 ticks, tree = 120.59 MB, solutions = 0)
   1284  1141       62.9251   430                     58.3113   418524         
   1295  1152       63.2468   503                     58.3113   420805         
   1303  1160       63.4621   416                     58.3113   423540         
   1309  1166       63.6312   391                     58.3113   426156         
   1314  1171       63.8663   365                     58.3113   429618         
   1321  1178       64.0660   386                     58.3113   432399         
   1331  1188       64.3274   384                     58.3113   435173         
   1337  1194       82.0000   540                     58.3113   445093         
   1338  1195       82.0000   403                     58.3113   457368         
   1339  1196       82.0000   362                     58.3113   469075         
Elapsed time = 400.59 sec. (691350.43 ticks, tree = 127.28 MB, solutions = 0)
   1342  1199       82.1641   337                     58.3113   471624         
   1345  1202       82.1641   350                     58.3113   484567         
   1347  1204       82.1641   386                     58.3113   498779         
   1348  1205       82.1641   375                     58.3113   514840         
   1350  1207       82.1641   450                     58.3113   536360         
   1352  1209       82.1641   361                     58.3113   550238         
   1354  1211       82.1641   378                     58.3113   565217         
   1355  1212       82.1641   407                     58.3113   579805         
   1356  1213       82.1641   382                     58.3113   600408         
   1359  1216       82.1641   423                     58.3113   613490         
Elapsed time = 522.06 sec. (896208.25 ticks, tree = 129.38 MB, solutions = 0)
   1361  1218       82.1641   340                     58.3113   618021         
   1364  1221       82.1641   302                     58.3113   622246         
   1366  1223       82.1641   330                     58.3113   633612         
   1367  1224       82.1641   364                     58.3113   643349         
   1371  1228       82.1641   292                     58.3113   646958         
   1373  1230       82.1641   309                     58.3113   658756         
   1375  1232       82.1641   290                     58.3113   667688         
   1376  1233       82.1641   300                     58.3113   674974         
   1378  1235       82.1641   322                     58.3113   683435         
   1384  1241       82.1641   367                     58.3113   685848         
Elapsed time = 579.09 sec. (998993.92 ticks, tree = 132.00 MB, solutions = 0)
   1387  1244       82.1641   343                     58.3113   695655         
   1390  1247       82.1641   276                     58.3113   698410         
   1393  1250       82.1641   329                     58.3113   700718         
   1396  1253       82.1641   327                     58.3113   707481         
   1404  1261       58.6444   261                     58.3113   708559         
   1420  1277       72.0938   345                     58.3113   719369         
   1433  1290       58.9887   307                     58.3113   722075         
   1443  1300       75.1875   332                     58.3113   735424         
   1456  1312       59.5963   315                     58.3113   738678         
   1480  1336       59.3304   251                     58.3113   741190         
Elapsed time = 623.03 sec. (1077978.00 ticks, tree = 141.89 MB, solutions = 0)
   1500  1356       60.3587   258                     58.3113   744295         
   1527  1380       61.0900   260                     58.3113   747358         
   1560  1413       61.2330   234                     58.3113   750902         
   1580  1433       74.0938   248                     58.3113   758137         
   1588  1441       81.1719   283                     58.3113   765168         
   1602  1455       58.7332   252                     58.3215   768748         
   1616  1469       59.1365   297                     58.3215   771173         
   1625  1478       60.0110   361                     58.3215   773706         
   1633  1486       60.3028   377                     58.3215   776152         
   1639  1492       60.5829   392                     58.3215   779160         
Elapsed time = 648.86 sec. (1123141.92 ticks, tree = 158.56 MB, solutions = 0)
   1651  1504       60.9959   403                     58.3215   782152         
   1657  1510       61.3637   420                     58.3215   784540         
   1666  1519       61.8136   401                     58.3215   787184         
   1669  1522       62.1710   411                     58.3215   789687         
   1675  1528       62.5029   305                     58.3215   792098         
   1680  1533       62.8627   428                     58.3215   796069         
   1689  1542       63.4172   503                     58.3215   798707         
   1692  1545       63.5062   373                     58.3215   801623         
   1698  1551       63.5790   380                     58.3215   804385         
   1711  1564       63.9174   431                     58.3215   806725         
Elapsed time = 677.91 sec. (1176655.58 ticks, tree = 166.12 MB, solutions = 0)
   1720  1573       64.0940   405                     58.3215   809049         
   1732  1585       64.6335   356                     58.3215   811506         
   1742  1595       64.8059   287                     58.3215   814247         
   1747  1600       64.9845   414                     58.3215   816992         
   1751  1604       65.1281   351                     58.3215   819526         
   1755  1608       65.3496   383                     58.3215   822236         
   1762  1615       65.5784   415                     58.3215   825198         
   1768  1621       65.6586   377                     58.3215   828144         
   1774  1627       65.8712   406                     58.3215   830682         
   1786  1639       66.2053   414                     58.3215   833280         
Elapsed time = 700.56 sec. (1219669.88 ticks, tree = 173.99 MB, solutions = 0)
   1793  1646       66.4836   463                     58.3215   835587         
   1803  1656       58.3374   274                     58.3231   837893         
   1812  1665       58.5134   324                     58.3231   840306         
   1826  1679       58.5393   276                     58.3231   842877         
   1840  1693       58.5773   270                     58.3231   845488         
   1845  1698       72.1172   415                     58.3231   855991         
   1847  1700       74.0703   468                     58.3231   870325         
   1865  1718       59.8206   263                     58.3231   873415         
   1870  1723       64.0625   397                     58.3231   887742         
   1886  1739       72.2187   277                     58.3231   897066         
Elapsed time = 749.68 sec. (1306976.77 ticks, tree = 184.52 MB, solutions = 0)
   1898  1751       66.0469   363                     58.3231   905141         
   1910  1763       59.2856   250                     58.3231   907968         
   1920  1773       59.3250   260                     58.3231   908965         
   1962  1815       60.7688   210                     58.3231   912091         
   1997  1850       63.5312   222                     58.3231   921596         
   2002  1855       58.7272   266                     58.3231   927206         
   2045  1895      137.0521   322                     58.3231   935622         
   2047  1897      139.0000   395                     58.3231   947149         
   2112  1961      190.1458   323                     58.3231   949488         
   2160  2009      208.2031   300                     58.3231   950500         
Elapsed time = 800.22 sec. (1387875.17 ticks, tree = 213.18 MB, solutions = 0)
   2204  2053       58.7857   303                     58.3240   952950         
   2209  2058       76.0000   451                     58.3240   961849         
   2214  2063       58.6458   371                     58.3240   965178         
   2222  2071       58.6648   315                     58.3240   967904         
   2233  2082       58.7524   326                     58.3240   970720         
   2247  2096       61.4297   351                     58.3240   973576         
   2255  2104       81.0000   322                     58.3240   988442         
   2260  2109       73.0000   391                     58.3240  1000050         
   2262  2111       77.2500   478                     58.3240  1011087         
   2278  2127       59.1034   327                     58.3240  1014034         
Elapsed time = 840.88 sec. (1457930.95 ticks, tree = 225.63 MB, solutions = 0)
   2295  2144       59.6069   259                     58.3240  1017122         
   2314  2160       77.2031   553                     58.3240  1033812         
   2316  2162       76.1562   360                     58.3240  1041438         
   2318  2164       76.2969   356                     58.3240  1051180         
   2323  2169       65.1094   333                     58.3240  1059462         
   2342  2188       72.0625   276                     58.3240  1066066         
   2386  2232       71.1250   181                     58.3240  1069797         
   2392  2238       73.5937   261                     58.3240  1081642         
   2408  2254       58.9180   357                     58.3240  1084490         
   2416  2262       59.4975   438                     58.3240  1086913         
Elapsed time = 886.92 sec. (1535337.10 ticks, tree = 240.14 MB, solutions = 0)
   2430  2276       59.0000   207                     59.0000  1148745         
   2432  2278       59.0000   263                     59.0000  1150675         
   2433  2278       59.0000   318                     59.0000  1155524         
   2434  2279       59.0000   283                     59.0000  1157553         
   2435  2280       59.0000   288                     59.0000  1158007         
   2436  2281       59.0000   269                     59.0000  1160860         
   2437  2281       59.0000   268                     59.0000  1162890         
   2438  2282       59.0000   230                     59.0000  1165634         
   2439  2281       59.0000   228                     59.0000  1165722         
   2441  2283       59.0000   230                     59.0000  1168502         
Elapsed time = 1163.21 sec. (1975579.45 ticks, tree = 242.22 MB, solutions = 0)
   2444  2284       59.0000   207                     59.0000  1171395         
   2445  2285       59.0000   247                     59.0000  1174840         
   2449  2287       59.0000   242                     59.0000  1176557         
   2452  2288       61.0000   259                     59.0000  1181495         
   2454  2288       64.0000   220                     59.0000  1184098         
   2463  2293       88.0000   306                     59.0000  1189252         
   2470  2296       88.0000   256                     59.0000  1189566         
   2477  2299       88.0000   291                     59.0000  1190257         
   2480  2300       94.0000   290                     59.0000  1193337         
   2482  2301      104.0000   328                     59.0000  1197899         
Elapsed time = 1206.80 sec. (2043045.81 ticks, tree = 244.09 MB, solutions = 0)
   2490  2305       99.0625   233                     59.0000  1200614         
   2499  2266       88.3516   284                     59.0000  1201975         
   2506  2270       90.4688   201                     59.0000  1205440         
   2510  2270       89.0000   248                     59.0000  1208250         
   2515  2271       91.0000   270                     59.0000  1210802         
   2521  2272       91.0000   236                     59.0000  1218602         
   2530  2277       91.0000   267                     59.0000  1220349         
   2541  2285       91.0000   213                     59.0000  1221310         
   2551  2288       91.0000   196                     59.0000  1224457         
   2591  2304      161.0000   156                     59.0000  1227357         
Elapsed time = 1237.25 sec. (2089094.46 ticks, tree = 244.47 MB, solutions = 0)
   2660  2265      161.0000    50                     59.0000  1228596         
   2715  2255       61.0703   261                     59.0000  1238867         
   2718  2255       61.1172   231                     59.0000  1243104         
   2724  2260       62.0000   258                     59.0000  1246060         
   2726  2260       64.5156   263                     59.0000  1252023         
   2733  2265       65.0000   319                     59.0000  1252795         
   2734  2266       65.0000   263                     59.0000  1256561         
   2741  2269       65.0000   296                     59.0000  1258102         
   2744  2270       72.0313   223                     59.0000  1266209         
   2747  2270       67.6563   236                     59.0000  1270973         
Elapsed time = 1290.11 sec. (2179062.00 ticks, tree = 241.20 MB, solutions = 0)
   2759  2278       70.5438   223                     59.0000  1274054         
   2763  2280       68.0000   216                     59.0000  1277697         
   2766  2281       75.1719   220                     59.0000  1283741         
   2771  2284       68.0000   257                     59.0000  1285687         
   2773  2284       68.0000   250                     59.0000  1291410         
   2777  2287       68.0000   249                     59.0000  1293364         
   2782  2288       68.4625   214                     59.0000  1298008         
   2786  2288       69.8281   248                     59.0000  1301765         
   2793  2290      135.3281   265                     59.0000  1309250         
   2797  2293       70.0000   198                     59.0000  1313290         
Elapsed time = 1322.32 sec. (2230373.68 ticks, tree = 243.43 MB, solutions = 0)
   2802  2295       70.0000   185                     59.0000  1318869         
   2803  2294       70.0625   190                     59.0000  1327773         
   2809  2298       70.0000   231                     59.0000  1331428         
   2813  2302       70.0000   201                     59.0000  1335046         
   2818  2303       70.0625   195                     59.0000  1341706         
   2826  2307       70.0625   187                     59.0000  1347876         
   2838  2302       70.0000   187                     59.0000  1353708         
   2861  2293      129.5938   187                     59.0000  1358424         
   2879  2301       78.0000   179                     59.0000  1361122         
   2905  2297       83.0000   174                     59.0000  1366087         
Elapsed time = 1352.77 sec. (2275184.00 ticks, tree = 244.10 MB, solutions = 0)
   2950  2297      135.0000   126                     59.0000  1369076         
*  3041  1664      integral     0      344.0000       59.0000  1369796   82.85%
   3042  1661       64.3516   229      344.0000       59.0000  1378218   82.85%
   3043  1662       66.0703   248      344.0000       59.0000  1383389   82.85%
   3044  1662       61.0703   298      344.0000       59.0000  1396722   82.85%
   3054  1667       69.0000   313      344.0000       59.0000  1397360   82.85%
   3062  1670       84.1641   348      344.0000       59.0000  1404586   82.85%
   3069  1675       85.0000   297      344.0000       59.0000  1404854   82.85%
   3077  1679       85.0000   321      344.0000       59.0000  1406174   82.85%
   3078  1680       85.0000   255      344.0000       59.0000  1410944   82.85%
   3080  1681       85.0000   214      344.0000       59.0000  1419499   82.85%
Elapsed time = 1413.90 sec. (2380674.09 ticks, tree = 178.85 MB, solutions = 1)
   3091  1687       85.0000   296      344.0000       59.0000  1420219   82.85%
   3097  1689       93.0469   271      344.0000       59.0000  1433895   82.85%
   3103  1692       94.0000   260      344.0000       59.0000  1434429   82.85%
   3107  1696       94.0000   293      344.0000       59.0000  1436473   82.85%
   3120  1704       94.0000   286      344.0000       59.0000  1437036   82.85%
   3134  1710       94.0000   254      344.0000       59.0000  1438212   82.85%
   3148  1717       98.0234   202      344.0000       59.0000  1441884   82.85%
   3157  1720      104.2188   203      344.0000       59.0000  1445153   82.85%
   3166  1724      112.1094   245      344.0000       59.0000  1448006   82.85%
   3195  1734      126.0000   218      344.0000       59.0000  1448922   82.85%
Elapsed time = 1447.52 sec. (2432123.28 ticks, tree = 184.52 MB, solutions = 1)
   3216  1728      126.2500   133      344.0000       59.0000  1452187   82.85%
   3232  1738       66.7461   240      344.0000       59.0000  1456389   82.85%
   3246  1741       77.0781   314      344.0000       59.0000  1463193   82.85%
   3270  1749       87.0000   272      344.0000       59.0000  1463863   82.85%
   3276  1753       88.0000   208      344.0000       59.0000  1470510   82.85%
   3289  1763       87.0000   288      344.0000       59.0000  1475204   82.85%
   3298  1769       87.0000   215      344.0000       59.0000  1478015   82.85%
   3307  1773       87.0000   251      344.0000       59.0000  1484427   82.85%
   3309  1774       87.0000   241      344.0000       59.0000  1489756   82.85%
   3310  1775       87.0000   232      344.0000       59.0000  1489782   82.85%
Elapsed time = 1484.02 sec. (2487890.96 ticks, tree = 188.95 MB, solutions = 1)
   3318  1780       87.0000   213      344.0000       59.0000  1493909   82.85%
   3324  1779       89.3906   247      344.0000       59.0000  1502255   82.85%
   3342  1784       90.0000   143      344.0000       59.0000  1505690   82.85%
   3360  1794      119.0000   157      344.0000       59.0000  1509519   82.85%
   3390  1793       93.0000   136      344.0000       59.0000  1512006   82.85%
   3402  1794       97.0000   122      344.0000       59.0000  1513033   82.85%
   3404  1792       66.7461   223      344.0000       59.0000  1517172   82.85%
   3405  1793       80.0937   256      344.0000       59.0000  1530085   82.85%
   3435  1808      109.0000   237      344.0000       59.0000  1530917   82.85%
   3456  1813      109.0000   185      344.0000       59.0000  1532895   82.85%
Elapsed time = 1565.85 sec. (2611533.50 ticks, tree = 193.16 MB, solutions = 1)
   3501  1823      160.0000   125      344.0000       59.0000  1535052   82.85%
   3554  1831       66.0703   250      344.0000       59.0000  1540742   82.85%
   3557  1832       67.2227   244      344.0000       59.0000  1546267   82.85%
   3572  1840       75.0000   278      344.0000       59.0000  1547190   82.85%
   3582  1847       75.0000   302      344.0000       59.0000  1548169   82.85%
   3591  1851       75.0000   290      344.0000       59.0000  1549571   82.85%
   3608  1858       75.0000   286      344.0000       59.0000  1550909   82.85%
   3623  1868       75.0000   198      344.0000       59.0000  1554947   82.85%
   3637  1876       75.0000   238      344.0000       59.0000  1557412   82.85%
   3665  1891       75.0000   208      344.0000       59.0000  1559653   82.85%
Elapsed time = 1595.96 sec. (2659503.72 ticks, tree = 201.65 MB, solutions = 1)
   3694  1902       82.9219   141      344.0000       59.0000  1563225   82.85%
*  3782  1580      integral     0      210.0000       59.0000  1565416   71.90%
   3783  1578       61.0703   294      210.0000       59.0000  1575551   71.90%
   3787  1582       61.1172   283      210.0000       59.0000  1583891   71.90%
   3801  1588       86.0312   236      210.0000       59.0000  1585228   71.90%
   3821  1602       87.0000   313      210.0000       59.0000  1585982   71.90%
   3823  1603       87.0000   267      210.0000       59.0000  1589118   71.90%
   3829  1608       87.0000   417      210.0000       59.0000  1592892   71.90%
   3835  1612      172.2813   360      210.0000       59.0000  1626615   71.90%
   3840  1614       87.0000   314      210.0000       59.0000  1630104   71.90%
   3847  1618      100.0625   335      210.0000       59.0000  1634215   71.90%
Elapsed time = 1649.63 sec. (2746936.26 ticks, tree = 172.70 MB, solutions = 2)
   3854  1619       90.0625   267      210.0000       59.0000  1638228   71.90%
   3862  1625       91.0000   226      210.0000       59.0000  1641899   71.90%
   3865  1627       91.0000   227      210.0000       59.0000  1644969   71.90%
   3872  1631      101.6875   241      210.0000       59.0000  1648868   71.90%
   3880  1637      111.0469   249      210.0000       59.0000  1654319   71.90%
   3893  1645      106.0000   260      210.0000       59.0000  1658686   71.90%
   3894  1646      103.1641   250      210.0000       59.0000  1670257   71.90%
   3902  1644       96.3750   211      210.0000       59.0000  1674767   71.90%
   3906  1645      108.0703   268      210.0000       59.0000  1683403   71.90%
   3919  1650       91.0000   193      210.0000       59.0000  1687135   71.90%
Elapsed time = 1684.53 sec. (2798851.73 ticks, tree = 176.01 MB, solutions = 2)
   3933  1657       91.0000   200      210.0000       59.0000  1690336   71.90%
   3951  1659       91.0000   167      210.0000       59.0000  1693687   71.90%
   3961  1666       98.0000   121      210.0000       59.0000  1700067   71.90%
   3984  1673      143.0000   145      210.0000       59.0000  1717423   71.90%
   4073  1676       61.0703   262      210.0000       59.0000  1729118   71.90%
   4078  1679       64.8438   280      210.0000       59.0000  1738366   71.90%
   4112  1698       82.0000   325      210.0000       59.0000  1739463   71.90%
   4113  1698       89.4375   273      210.0000       59.0000  1746613   71.90%
   4117  1701       90.0000   257      210.0000       59.0000  1748504   71.90%
   4131  1707       90.0000   214      210.0000       59.0000  1751875   71.90%
Elapsed time = 1727.15 sec. (2865628.88 ticks, tree = 182.43 MB, solutions = 2)
   4138  1710       90.0000   219      210.0000       59.0000  1756380   71.90%
   4145  1713       90.0000   211      210.0000       59.0000  1759907   71.90%
   4148  1714       90.0000   196      210.0000       59.0000  1763934   71.90%
   4152  1714      111.0234   252      210.0000       59.0000  1770144   71.90%
   4178  1729      112.0000   258      210.0000       59.0000  1771428   71.90%
   4201  1735      121.0000   218      210.0000       59.0000  1773721   71.90%
   4207  1736      121.0000   259      210.0000       59.0000  1787283   71.90%
   4249  1751      130.2344   123      210.0000       59.0000  1789205   71.90%
   4312  1761       59.0000   316      210.0000       59.0000  1803953   71.90%
   4314  1761       59.0000   389      210.0000       59.0000  1815942   71.90%
Elapsed time = 1796.18 sec. (2987053.92 ticks, tree = 188.38 MB, solutions = 2)
   4315  1761       59.0000   293      210.0000       59.0000  1823600   71.90%
   4316  1762       59.0000   342      210.0000       59.0000  1831541   71.90%
   4317  1763       59.0000   300      210.0000       59.0000  1835803   71.90%
   4318  1764       59.0000   353      210.0000       59.0000  1840570   71.90%
   4321  1766       59.0000   307      210.0000       59.0000  1843710   71.90%
   4326  1770       59.0000   340      210.0000       59.0000  1847540   71.90%
   4328  1771       59.0000   325      210.0000       59.0000  1862247   71.90%
   4329  1772       59.0000   326      210.0000       59.0000  1864298   71.90%
   4330  1772       59.0000   279      210.0000       59.0000  1873649   71.90%
   4334  1775       59.0000   299      210.0000       59.0000  1875465   71.90%
Elapsed time = 1844.02 sec. (3077731.92 ticks, tree = 189.80 MB, solutions = 2)
   4335  1776       59.0000   293      210.0000       59.0000  1882394   71.90%
   4338  1779       59.0000   325      210.0000       59.0000  1886363   71.90%
   4339  1779       59.0331   267      210.0000       59.0000  1892840   71.90%
   4348  1784       60.0000   301      210.0000       59.0000  1899552   71.90%
   4350  1784       60.0000   295      210.0000       59.0000  1909204   71.90%
   4351  1785       60.0000   275      210.0000       59.0000  1909256   71.90%
   4353  1786       60.0000   310      210.0000       59.0000  1916634   71.90%
   4356  1788       60.0000   310      210.0000       59.0000  1920516   71.90%
   4357  1789      105.0000   385      210.0000       59.0000  1927876   71.90%
   4364  1795      105.0000   324      210.0000       59.0000  1928265   71.90%
Elapsed time = 1918.83 sec. (3193574.46 ticks, tree = 191.87 MB, solutions = 2)
   4371  1798      105.0000   382      210.0000       59.0000  1939903   71.90%
   4374  1800      105.0000   358      210.0000       59.0000  1948399   71.90%
   4380  1803      105.0000   305      210.0000       59.0000  1956016   71.90%
   4384  1804      105.0000   329      210.0000       59.0000  1956795   71.90%
   4396  1809      105.0000   329      210.0000       59.0000  1963768   71.90%
   4398  1810      105.0000   216      210.0000       59.0000  1972495   71.90%
   4402  1813      105.0000   278      210.0000       59.0000  1974057   71.90%
   4411  1816      105.0000   262      210.0000       59.0000  1975587   71.90%
   4415  1819      105.0000   272      210.0000       59.0000  1980214   71.90%
   4428  1827      105.0000   230      210.0000       59.0000  1984663   71.90%
Elapsed time = 1969.14 sec. (3275407.71 ticks, tree = 195.26 MB, solutions = 2)
   4430  1829      105.0000   206      210.0000       59.0000  1988210   71.90%
   4457  1835      119.0000   168      210.0000       59.0000  1990994   71.90%
   4517  1836       59.0000   296      210.0000       59.0000  2005157   71.90%
   4524  1839       59.0000   245      210.0000       59.0000  2007170   71.90%
   4525  1839       59.0831   269      210.0000       59.0000  2015884   71.90%
   4533  1842       60.0000   287      210.0000       59.0000  2022693   71.90%
   4535  1844       60.0000   280      210.0000       59.0000  2028920   71.90%
   4537  1844       60.0000   276      210.0000       59.0000  2035032   71.90%
   4538  1845       60.0000   271      210.0000       59.0000  2040936   71.90%
   4541  1848       60.0000   273      210.0000       59.0000  2043429   71.90%
Elapsed time = 2094.25 sec. (3481820.21 ticks, tree = 197.61 MB, solutions = 2)
   4544  1849       60.4365   324      210.0000       59.0000  2050864   71.90%
   4547  1852       61.0000   285      210.0000       59.0000  2053276   71.90%
   4548  1852       61.0000   272      210.0000       59.0000  2057377   71.90%
   4551  1852       61.0000   307      210.0000       59.0000  2066167   71.90%
   4553  1852       61.0000   257      210.0000       59.0000  2070239   71.90%
   4555  1853       61.0000   241      210.0000       59.0000  2074943   71.90%
   4557  1853       61.1614   302      210.0000       59.0000  2079402   71.90%
   4559  1854       62.0000   240      210.0000       59.0000  2082403   71.90%
   4560  1854       62.0000   226      210.0000       59.0000  2089256   71.90%
   4565  1856       62.0000   207      210.0000       59.0000  2092446   71.90%
Elapsed time = 2128.90 sec. (3543520.43 ticks, tree = 198.43 MB, solutions = 2)
   4568  1858       62.0000   245      210.0000       59.0000  2099440   71.90%
   4572  1861       62.0000   219      210.0000       59.0000  2103460   71.90%
   4579  1864       62.2949   215      210.0000       59.0000  2110175   71.90%
   4595  1869       70.1172   197      210.0000       59.0000  2119515   71.90%
   4618  1876       76.1094   196      210.0000       59.0000  2124031   71.90%
   4681  1892       59.0000   271      210.0000       59.0000  2128395   71.90%
   4693  1897       59.0000   260      210.0000       59.0000  2133910   71.90%
   4698  1901       59.0000   283      210.0000       59.0000  2138042   71.90%
   4702  1905       59.1020   299      210.0000       59.0000  2144082   71.90%
   4714  1908       60.0000   294      210.0000       59.0000  2151105   71.90%
Elapsed time = 2178.69 sec. (3633663.96 ticks, tree = 204.04 MB, solutions = 2)
   4721  1912       60.0000   294      210.0000       59.0000  2156389   71.90%
   4726  1914       60.0000   287      210.0000       59.0000  2160372   71.90%
   4727  1914       69.5625   314      210.0000       59.0000  2174023   71.90%
   4730  1916       70.0000   261      210.0000       59.0000  2179763   71.90%
   4738  1919       71.0000   300      210.0000       59.0000  2181878   71.90%
   4742  1920       71.0000   218      210.0000       59.0000  2186566   71.90%
   4744  1922       71.0000   225      210.0000       59.0000  2192848   71.90%
   4748  1924       71.0000   229      210.0000       59.0000  2197830   71.90%
   4756  1929       71.0000   262      210.0000       59.0000  2199693   71.90%
   4758  1931       71.0000   236      210.0000       59.0000  2204371   71.90%
Elapsed time = 2219.57 sec. (3701872.31 ticks, tree = 206.45 MB, solutions = 2)
   4770  1936       71.0000   274      210.0000       59.0000  2205543   71.90%
   4775  1938       71.0000   207      210.0000       59.0000  2210084   71.90%
   4784  1944       71.0000   230      210.0000       59.0000  2213837   71.90%
   4820  1956       85.0000   143      210.0000       59.0000  2216778   71.90%
   4894  1955       59.0000   265      210.0000       59.0000  2219816   71.90%
   4895  1956       59.0000   289      210.0000       59.0000  2222815   71.90%
   4900  1958       59.0145   290      210.0000       59.0000  2225231   71.90%
   4905  1960       60.0000   312      210.0000       59.0000  2231345   71.90%
   4908  1962       60.0000   283      210.0000       59.0000  2234279   71.90%
   4912  1965       60.0000   267      210.0000       59.0000  2238571   71.90%
Elapsed time = 2256.87 sec. (3769528.75 ticks, tree = 210.14 MB, solutions = 2)
   4918  1968       60.0000   312      210.0000       59.0000  2245350   71.90%
   4920  1970       60.0000   270      210.0000       59.0000  2247979   71.90%
   4922  1971       60.0000   265      210.0000       59.0000  2252409   71.90%
   4926  1973       60.0000   258      210.0000       59.0000  2255193   71.90%
   4932  1978       60.0000   268      210.0000       59.0000  2259703   71.90%
   4933  1979       60.0000   273      210.0000       59.0000  2267163   71.90%
   4936  1981       60.0000   270      210.0000       59.0000  2272718   71.90%
   4945  1986       60.0000   261      210.0000       59.0000  2275456   71.90%
   4947  1987       60.0000   240      210.0000       59.0000  2278268   71.90%
   4950  1987       60.0000   232      210.0000       59.0000  2282611   71.90%
Elapsed time = 2288.71 sec. (3829227.36 ticks, tree = 212.43 MB, solutions = 2)
   4952  1988       60.4050   245      210.0000       59.0000  2291116   71.90%
   4957  1990       60.3995   260      210.0000       59.0000  2297771   71.90%
   4962  1989       60.0000   283      210.0000       59.0000  2305174   71.90%
   4966  1990       60.0466   194      210.0000       59.0000  2309312   71.90%
   4971  1989       61.0000   231      210.0000       59.0000  2318704   71.90%
   4973  1991       61.0000   250      210.0000       59.0000  2324071   71.90%
   4978  1992       63.7422   255      210.0000       59.0000  2333934   71.90%
   4984  1996       84.5078   256      210.0000       59.0000  2337782   71.90%
   4991  1997       61.0000   228      210.0000       59.0000  2342663   71.90%
   4994  1997       61.0000   220      210.0000       59.0000  2347547   71.90%
Elapsed time = 2327.44 sec. (3897727.52 ticks, tree = 213.58 MB, solutions = 2)
   5000  2001       61.0000   223      210.0000       59.0000  2351566   71.90%
   5007  2004       61.0000   203      210.0000       59.0000  2356650   71.90%
   5013  2006       61.0000   216      210.0000       59.0000  2360869   71.90%
   5026  2008       62.0000   201      210.0000       59.0000  2368348   71.90%
   5029  2011       67.0625   249      210.0000       59.0000  2373254   71.90%
   5043  2022       68.0000   262      210.0000       59.0000  2377413   71.90%
   5055  2031       68.0000   242      210.0000       59.0000  2380446   71.90%
   5069  2040       68.0000   197      210.0000       59.0000  2385051   71.90%
   5080  2049       68.5859   172      210.0000       59.0000  2391625   71.90%
   5093  2058       72.3281   185      210.0000       59.0000  2397997   71.90%
Elapsed time = 2354.79 sec. (3940583.47 ticks, tree = 220.12 MB, solutions = 2)
   5112  2073       91.2500   181      210.0000       59.0000  2404036   71.90%
   5143  2096       82.6094   171      210.0000       59.0000  2408772   71.90%
   5212  2139      100.3035   123      210.0000       59.0000  2412949   71.90%
   5291  2191       59.0106   245      210.0000       59.0000  2417364   71.90%
   5304  2203       60.0000   250      210.0000       59.0000  2420224   71.90%
   5305  2204       60.0000   272      210.0000       59.0000  2423653   71.90%
   5313  2212       60.0000   255      210.0000       59.0000  2426099   71.90%
   5316  2215       60.0000   248      210.0000       59.0000  2429007   71.90%
   5325  2224       60.0000   268      210.0000       59.0000  2431377   71.90%
   5333  2232       60.0000   212      210.0000       59.0000  2435419   71.90%
Elapsed time = 2381.57 sec. (3986522.47 ticks, tree = 239.12 MB, solutions = 2)
   5337  2236       60.0000   249      210.0000       59.0000  2439695   71.90%
   5345  2242       60.0000   235      210.0000       59.0000  2443815   71.90%
   5353  2249       61.0000   185      210.0000       59.0000  2448362   71.90%
   5375  2264       63.0000   168      210.0000       59.0000  2454020   71.90%
   5453  2326      154.0000   105      210.0000       59.0000  2456418   71.90%
   5498  2343       59.0350   244      210.0000       59.0000  2467445   71.90%
   5509  2353       60.0000   262      210.0000       59.0000  2473818   71.90%
   5510  2354       60.0000   245      210.0000       59.0000  2476348   71.90%
   5514  2358       60.0000   270      210.0000       59.0000  2478858   71.90%
   5518  2362       60.0000   293      210.0000       59.0000  2482258   71.90%
Elapsed time = 2422.85 sec. (4062014.28 ticks, tree = 253.14 MB, solutions = 2)
   5525  2369       60.0000   450      210.0000       59.0000  2490413   71.90%
   5527  2371       60.0000   498      210.0000       59.0000  2499373   71.90%
   5528  2372       60.0556   491      210.0000       59.0000  2506140   71.90%
   5535  2378       61.0000   343      210.0000       59.0000  2512258   71.90%
   5538  2381       61.0000   311      210.0000       59.0000  2517971   71.90%
   5542  2385       61.0000   314      210.0000       59.0000  2524329   71.90%
   5543  2386       61.0000   300      210.0000       59.0000  2530406   71.90%
   5546  2388       62.0000   263      210.0000       59.0000  2534066   71.90%
   5547  2388       62.1326   225      210.0000       59.0000  2541359   71.90%
   5550  2390       63.0000   302      210.0000       59.0000  2556774   71.90%
Elapsed time = 2472.82 sec. (4150804.55 ticks, tree = 256.19 MB, solutions = 2)
   5558  2398       63.0000   231      210.0000       59.0000  2564529   71.90%
   5559  2399       63.0000   255      210.0000       59.0000  2569639   71.90%
   5565  2404       65.5625   261      210.0000       59.0000  2579857   71.90%
   5572  2410       66.0000   224      210.0000       59.0000  2583337   71.90%
   5575  2413       66.0000   214      210.0000       59.0000  2588654   71.90%
   5579  2416       66.0000   219      210.0000       59.0000  2594817   71.90%
   5584  2421       66.0000   239      210.0000       59.0000  2604321   71.90%
   5588  2424       80.0000   177      210.0000       59.0000  2608924   71.90%
   5593  2429       80.0000   194      210.0000       59.0000  2613311   71.90%
   5600  2435       83.0391   178      210.0000       59.0000  2618882   71.90%
Elapsed time = 2511.89 sec. (4214047.98 ticks, tree = 261.00 MB, solutions = 2)
   5607  2439      101.2188   192      210.0000       59.0000  2622764   71.90%
   5618  2447      124.0000   161      210.0000       59.0000  2626762   71.90%
   5670  2493      161.4375   147      210.0000       59.0000  2627225   71.90%
   5680  2496       59.0000   278      210.0000       59.0000  2638714   71.90%
   5682  2498       59.0000   247      210.0000       59.0000  2647988   71.90%
   5684  2500       59.0000   260      210.0000       59.0000  2650581   71.90%
   5686  2502       59.0000   236      210.0000       59.0000  2659061   71.90%
   5694  2509       60.0000   256      210.0000       59.0000  2660475   71.90%
   5705  2520       60.0000   269      210.0000       59.0000  2661480   71.90%
   5709  2524       60.0000   265      210.0000       59.0000  2666582   71.90%
Elapsed time = 2561.29 sec. (4304516.35 ticks, tree = 270.48 MB, solutions = 2)
   5710  2525       60.0000   286      210.0000       59.0000  2670085   71.90%
   5716  2531       60.0000   266      210.0000       59.0000  2674498   71.90%
   5723  2538       68.1406   312      210.0000       59.0000  2682569   71.90%
   5725  2539       68.1406   272      210.0000       59.0000  2689142   71.90%
   5734  2548       69.0000   261      210.0000       59.0000  2695572   71.90%
   5740  2554       69.0000   264      210.0000       59.0000  2700265   71.90%
   5743  2557       69.0000   225      210.0000       59.0000  2706833   71.90%
   5745  2559       69.0000   282      210.0000       59.0000  2709171   71.90%
   5748  2562       69.0000   266      210.0000       59.0000  2711232   71.90%
   5750  2564       69.0000   290      210.0000       59.0000  2716271   71.90%
Elapsed time = 2602.98 sec. (4376893.80 ticks, tree = 274.70 MB, solutions = 2)
   5751  2565       69.0000   275      210.0000       59.0000  2719300   71.90%
   5752  2566       69.0000   260      210.0000       59.0000  2725587   71.90%
   5753  2567       69.0000   242      210.0000       59.0000  2729382   71.90%
   5759  2573       69.0000   256      210.0000       59.0000  2735223   71.90%
   5762  2576       69.0000   253      210.0000       59.0000  2740248   71.90%
   5763  2577       69.0000   260      210.0000       59.0000  2744227   71.90%
   5764  2577       70.2109   233      210.0000       59.0000  2748934   71.90%
   5769  2582       71.0000   259      210.0000       59.0000  2751492   71.90%
   5773  2586       71.0000   269      210.0000       59.0000  2758562   71.90%
   5778  2591       71.0000   278      210.0000       59.0000  2760625   71.90%
Elapsed time = 2636.41 sec. (4432622.42 ticks, tree = 277.56 MB, solutions = 2)
   5779  2592       71.0000   204      210.0000       59.0000  2764638   71.90%
   5782  2595       71.0000   225      210.0000       59.0000  2770345   71.90%
   5789  2602       71.0000   241      210.0000       59.0000  2775710   71.90%
   5791  2604       71.0000   236      210.0000       59.0000  2779464   71.90%
   5804  2617       71.0000   294      210.0000       59.0000  2780658   71.90%
   5807  2620       71.0000   230      210.0000       59.0000  2785298   71.90%
   5816  2629       71.0000   270      210.0000       59.0000  2789667   71.90%
   5825  2637       71.0000   234      210.0000       59.0000  2794143   71.90%
   5831  2643       71.0000   238      210.0000       59.0000  2798586   71.90%
   5835  2647       71.0000   208      210.0000       59.0000  2804255   71.90%
Elapsed time = 2671.29 sec. (4490498.11 ticks, tree = 283.51 MB, solutions = 2)
   5837  2649       71.0000   182      210.0000       59.0000  2808696   71.90%
   5843  2653       72.0000   249      210.0000       59.0000  2811124   71.90%
   5844  2654       72.0000   217      210.0000       59.0000  2815226   71.90%
   5849  2659       72.0000   260      210.0000       59.0000  2817674   71.90%
   5854  2664       72.0000   231      210.0000       59.0000  2820250   71.90%
   5862  2672       72.0000   213      210.0000       59.0000  2822705   71.90%
   5866  2676       72.0000   216      210.0000       59.0000  2827288   71.90%
   5868  2678       72.0000   217      210.0000       59.0000  2831198   71.90%
   5873  2683       72.0000   228      210.0000       59.0000  2834736   71.90%
   5875  2685       72.0000   226      210.0000       59.0000  2840808   71.90%
Elapsed time = 2698.73 sec. (4536904.41 ticks, tree = 287.56 MB, solutions = 2)
   5877  2687       72.0000   217      210.0000       59.0000  2844318   71.90%
   5878  2688       72.0000   259      210.0000       59.0000  2847936   71.90%
   5885  2693       73.6745   250      210.0000       59.0000  2855817   71.90%
   5889  2696       74.1406   244      210.0000       59.0000  2864318   71.90%
   5895  2702       75.0000   232      210.0000       59.0000  2870550   71.90%
   5908  2714       81.0000   284      210.0000       59.0000  2871750   71.90%
   5914  2720       81.0000   274      210.0000       59.0000  2873867   71.90%
   5916  2722       81.0000   246      210.0000       59.0000  2879737   71.90%
   5917  2723       81.0000   273      210.0000       59.0000  2884903   71.90%
   5924  2730       81.0000   216      210.0000       59.0000  2886621   71.90%
Elapsed time = 2734.91 sec. (4596544.48 ticks, tree = 292.34 MB, solutions = 2)
   5929  2735       81.0000   233      210.0000       59.0000  2889173   71.90%
   5933  2739       81.0000   277      210.0000       59.0000  2896589   71.90%
   5944  2750       81.0000   272      210.0000       59.0000  2897907   71.90%
   5945  2751       81.0000   283      210.0000       59.0000  2901564   71.90%
   5946  2752       81.0000   250      210.0000       59.0000  2906863   71.90%
   5948  2754       81.0000   257      210.0000       59.0000  2914662   71.90%
   5949  2755       81.0000   244      210.0000       59.0000  2919957   71.90%
   5951  2757       81.0000   254      210.0000       59.0000  2927201   71.90%
   5953  2759       81.0000   247      210.0000       59.0000  2930682   71.90%
   5954  2760       81.0000   222      210.0000       59.0000  2937704   71.90%
Elapsed time = 2771.79 sec. (4656744.11 ticks, tree = 295.53 MB, solutions = 2)
   5955  2761       81.0000   235      210.0000       59.0000  2943055   71.90%
   5961  2767       81.0000   253      210.0000       59.0000  2948460   71.90%
   5963  2769       81.0000   256      210.0000       59.0000  2952320   71.90%
   5967  2773       81.0000   208      210.0000       59.0000  2958651   71.90%
   5971  2777       81.0000   207      210.0000       59.0000  2962507   71.90%
   5973  2779       81.0000   210      210.0000       59.0000  2966935   71.90%
   5977  2783       81.0000   257      210.0000       59.0000  2970889   71.90%
   5978  2784       81.0000   220      210.0000       59.0000  2976125   71.90%
   5982  2788       81.0000   284      210.0000       59.0000  2982986   71.90%
   5983  2789       81.0000   280      210.0000       59.0000  2989338   71.90%
Elapsed time = 2807.74 sec. (4715420.06 ticks, tree = 298.62 MB, solutions = 2)
   5985  2791       81.0000   275      210.0000       59.0000  2994245   71.90%
   5986  2792       81.0000   241      210.0000       59.0000  2997665   71.90%
   5997  2803       81.0000   234      210.0000       59.0000  2999354   71.90%
   5998  2804       81.0000   275      210.0000       59.0000  3003316   71.90%
   6000  2806       81.0000   283      210.0000       59.0000  3010466   71.90%
   6006  2812       81.0000   250      210.0000       59.0000  3012940   71.90%
   6008  2814       81.0000   244      210.0000       59.0000  3017216   71.90%
   6010  2816       81.0000   261      210.0000       59.0000  3022673   71.90%
   6011  2817       81.0000   279      210.0000       59.0000  3029378   71.90%
   6012  2818       81.0000   274      210.0000       59.0000  3034474   71.90%
Elapsed time = 2839.74 sec. (4767808.70 ticks, tree = 301.71 MB, solutions = 2)
   6018  2824       81.0000   283      210.0000       59.0000  3040519   71.90%
   6019  2825       81.0000   299      210.0000       59.0000  3044586   71.90%
   6020  2826       81.0000   284      210.0000       59.0000  3049747   71.90%
   6023  2829       81.0000   301      210.0000       59.0000  3056329   71.90%
   6032  2836       59.4741   226      210.0000       59.0000  3064241   71.90%
   6037  2838       60.0000   228      210.0000       59.0000  3069228   71.90%
   6038  2838       65.1406   238      210.0000       59.0000  3079178   71.90%
   6039  2839       66.0000   223      210.0000       59.0000  3079187   71.90%
   6041  2841       66.0000   278      210.0000       59.0000  3082779   71.90%
   6043  2843       66.0000   295      210.0000       59.0000  3086457   71.90%
Elapsed time = 2911.39 sec. (4875706.39 ticks, tree = 304.36 MB, solutions = 2)
   6049  2849       66.0000   262      210.0000       59.0000  3091720   71.90%
   6051  2851       66.0000   266      210.0000       59.0000  3098983   71.90%
   6063  2861       88.1172   284      210.0000       59.0000  3105586   71.90%
   6076  2873       89.0000   290      210.0000       59.0000  3109231   71.90%
   6081  2878       89.0000   268      210.0000       59.0000  3115926   71.90%
   6090  2886       89.0000   309      210.0000       59.0000  3124931   71.90%
   6095  2891       89.0000   298      210.0000       59.0000  3127008   71.90%
   6096  2892       89.0000   213      210.0000       59.0000  3130981   71.90%
   6104  2900       89.0000   234      210.0000       59.0000  3132973   71.90%
   6115  2909      104.0000   181      210.0000       59.0000  3135775   71.90%
Elapsed time = 2956.25 sec. (4948896.29 ticks, tree = 311.37 MB, solutions = 2)
   6135  2926      104.0000   195      210.0000       59.0000  3137418   71.90%
   6152  2941      111.0000   152      210.0000       59.0000  3140613   71.90%
   6170  2952      126.0000   164      210.0000       59.0000  3144064   71.90%
   6197  2968       59.1745   231      210.0000       59.0000  3150452   71.90%
   6203  2973       60.0000   300      210.0000       59.0000  3155393   71.90%
   6204  2974       60.0000   285      210.0000       59.0000  3160592   71.90%
   6205  2975       60.0000   300      210.0000       59.0000  3166214   71.90%
   6207  2977       60.0000   294      210.0000       59.0000  3173364   71.90%
   6215  2985       60.0000   262      210.0000       59.0000  3175450   71.90%
   6218  2988       60.0000   289      210.0000       59.0000  3185444   71.90%
Elapsed time = 2997.52 sec. (5020193.15 ticks, tree = 319.93 MB, solutions = 2)
   6224  2994       84.0000   406      210.0000       59.0000  3189612   71.90%
   6227  2997       60.0000   250      210.0000       59.0000  3194001   71.90%
   6230  2999       71.0938   383      210.0000       59.0000  3199933   71.90%
   6237  3004       71.0938   311      210.0000       59.0000  3200786   71.90%
   6249  3015       93.3125   269      210.0000       59.0000  3207079   71.90%
   6255  3021       72.0000   228      210.0000       59.0000  3211733   71.90%
   6256  3022       72.0000   291      210.0000       59.0000  3217485   71.90%
   6257  3023       72.0000   259      210.0000       59.0000  3223651   71.90%
   6266  3032       72.0000   302      210.0000       59.0000  3225065   71.90%
   6269  3035       72.0000   215      210.0000       59.0000  3230056   71.90%
Elapsed time = 3035.25 sec. (5083341.14 ticks, tree = 324.91 MB, solutions = 2)
   6273  3039       72.0000   245      210.0000       59.0000  3233938   71.90%
   6282  3048       72.0000   257      210.0000       59.0000  3240494   71.90%
   6288  3054       72.0000   230      210.0000       59.0000  3245997   71.90%
   6297  3063       72.0000   217      210.0000       59.0000  3248131   71.90%
   6300  3065       72.7930   191      210.0000       59.0000  3255016   71.90%
   6305  3068       73.0000   198      210.0000       59.0000  3258304   71.90%
   6314  3073       77.0234   232      210.0000       59.0000  3265023   71.90%
   6325  3080       84.9453   194      210.0000       59.0000  3267738   71.90%

Clique cuts applied:  21
Cover cuts applied:  11
Implied bound cuts applied:  26
Mixed integer rounding cuts applied:  61
Zero-half cuts applied:  122
Gomory fractional cuts applied:  5

Root node processing (before b&c):
  Real time             =   84.08 sec. (149795.76 ticks)
Sequential b&c:
  Real time             = 3515.93 sec. (5608595.84 ticks)
                          ------------
Total (root+branch&cut) = 3600.02 sec. (5758391.60 ticks)

Solution pool: 2 solutions saved.

MIP - Time limit exceeded, integer feasible:  Objective =  2.1000000000e+02
Current MIP best bound =  5.9000000000e+01 (gap = 151, 71.90%)
Solution time = 3600.02 sec.  Iterations = 3281773  Nodes = 6326 (3081)
Deterministic time = 5758391.80 ticks  (1599.55 ticks/sec)

CPLEX> Incumbent solution
Variable Name           Solution Value
y                           210.000000
x70                           1.000000
x5829                         1.000000
x11593                        1.000000
x17373                        1.000000
x23108                        1.000000
x28898                        1.000000
x34705                        1.000000
x40453                        1.000000
x46270                        1.000000
x52055                        1.000000
x57793                        1.000000
x63587                        1.000000
x4789                         1.000000
x7753                         1.000000
x14745                        1.000000
x19001                        1.000000
x25613                        1.000000
x30933                        1.000000
x36253                        1.000000
x44993                        1.000000
x48337                        1.000000
x52137                        1.000000
x60193                        1.000000
x64753                        1.000000
x14594                        1.000000
x55255                        1.000000
x37245                        1.000000
x67342                        1.000000
x36031                        1.000000
x9736                         1.000000
x23341                        1.000000
x10118                        1.000000
x16427                        1.000000
x54960                        1.000000
x18405                        1.000000
x43942                        1.000000
x21599                        1.000000
x38320                        1.000000
x63933                        1.000000
x35815                        1.000000
x5264                         1.000000
x37338                        1.000000
x18263                        1.000000
x50412                        1.000000
x32629                        1.000000
x28146                        1.000000
x8083                         1.000000
x34304                        1.000000
x49809                        1.000000
x20702                        1.000000
x6491                         1.000000
x55132                        1.000000
x28838                        1.000000
x35147                        1.000000
x34996                        1.000000
x1481                         1.000000
x9690                         1.000000
x23751                        1.000000
x54380                        1.000000
x56510                        1.000000
x12355                        1.000000
x52864                        1.000000
x6354                         1.000000
x41999                        1.000000
x50968                        1.000000
x30222                        1.000000
x9248                         1.000000
x19586                        1.000000
x30759                        1.000000
x51736                        1.000000
x21413                        1.000000
x8646                         1.000000
x41479                        1.000000
x57364                        1.000000
x44901                        1.000000
x48019                        1.000000
x5612                         1.000000
x16557                        1.000000
x11694                        1.000000
x26059                        1.000000
x25072                        1.000000
x2805                         1.000000
x33056                        1.000000
x50917                        1.000000
x5242                         1.000000
x28271                        1.000000
x28804                        1.000000
u2                            1.000000
u3                            7.000000
u5                            5.000000
u6                            1.000000
u7                            3.000000
u8                            1.000000
u9                            1.000000
u10                           6.000000
u11                           4.000000
u12                           5.000000
u13                           5.000000
u14                           2.000000
u15                           4.000000
u16                           1.000000
u17                           2.000000
u19                           2.000000
u20                           1.000000
u22                           7.000000
u23                           6.000000
u24                           3.000000
u25                           2.000000
u26                           4.000000
u27                           8.000000
u28                           5.000000
u29                           6.000000
u30                           1.000000
u31                           7.000000
u32                           3.000000
u34                          63.000000
u35                           4.000000
u36                           6.000000
u37                           2.000000
u38                           4.000000
u39                           2.000000
u40                           4.000000
u42                           2.000000
u43                          63.000000
u44                           6.000000
u46                           2.000000
u47                           1.000000
u48                           5.000000
u50                           1.000000
u52                           3.000000
u54                           2.000000
u55                           3.000000
u56                           2.000000
u57                           3.000000
u58                           5.000000
u59                           3.000000
u60                           1.000000
u61                           4.000000
u63                           4.000000
u64                          54.000000
u65                           3.000000
u66                           2.000000
u67                           3.000000
u68                           5.000000
u69                           3.000000
u72                           4.000000
u73                           1.000000
u74                           4.000000
u75                           6.000000
u76                           7.000000
All other variables in the range 1-68476 are 0.
CPLEX> 