
Welcome to IBM(R) ILOG(R) CPLEX(R) Interactive Optimizer 12.7.1.0
  with Simplex, Mixed Integer & Barrier Optimizers
5725-A06 5725-A29 5724-Y48 5724-Y49 5724-Y54 5724-Y55 5655-Y21
Copyright IBM Corp. 1988, 2017.  All Rights Reserved.

Type 'help' for a list of available commands.
Type 'help' followed by a command name for more
information on commands.

CPLEX> New value for default parallel thread count: 1
CPLEX> New value for time limit in seconds: 3600
CPLEX> Problem 'eil76_m16.lp' read.
Read time = 0.13 sec. (10.22 ticks)
CPLEX> CPXPARAM_TimeLimit                               3600
CPXPARAM_Threads                                 1
CPXPARAM_Read_APIEncoding                        "UTF-8"
Tried aggregator 1 time.
MIP Presolve modified 93600 coefficients.
Reduced MIP has 6948 rows, 91276 columns, and 551308 nonzeros.
Reduced MIP has 91200 binaries, 75 generals, 0 SOSs, and 0 indicators.
Presolve time = 0.31 sec. (403.21 ticks)
Tried aggregator 1 time.
Reduced MIP has 6948 rows, 91276 columns, and 551308 nonzeros.
Reduced MIP has 91200 binaries, 76 generals, 0 SOSs, and 0 indicators.
Presolve time = 0.32 sec. (287.20 ticks)
Probing time = 0.08 sec. (44.96 ticks)
Clique table members: 182694.
MIP emphasis: balance optimality and feasibility.
MIP search method: dynamic search.
Parallel mode: none, using 1 thread.
Root relaxation solution time = 12.15 sec. (20781.32 ticks)

        Nodes                                         Cuts/
   Node  Left     Objective  IInf  Best Integer    Best Bound    ItCnt     Gap

      0     0       47.4510   248                     47.4510    22831         
      0     0       49.7521   236                    Cuts: 87    37914         
      0     0       50.0000   309                   Cuts: 101    58594         
      0     0       50.0000   309                    Cuts: 89    74966         
      0     0       50.0000   259                    Cuts: 20    85469         
      0     0       50.0000   283                    Cuts: 90    97969         
Heuristic still looking.
Heuristic still looking.
Heuristic still looking.
      0     2       50.0000   211                     50.0000    97969         
Elapsed time = 212.20 sec. (368693.17 ticks, tree = 0.01 MB, solutions = 0)
      1     3       50.0164   214                     50.0000   102519         
      2     4       50.0000   243                     50.0000   108640         
      3     5       50.1250   206                     50.0000   115306         
      4     6       50.0164   211                     50.0164   121658         
      5     7       50.1319   264                     50.0164   122329         
      6     8       50.0169   250                     50.0164   122833         
      7     9       50.3082   383                     50.0164   124061         
      8    10       50.0241   276                     50.0164   124419         
      9    11       50.0624   483                     50.0164   124703         
     12    14       50.1472   263                     50.0164   125642         
Elapsed time = 276.05 sec. (492628.53 ticks, tree = 1.37 MB, solutions = 0)
     14    16       55.0667   293                     50.0164   138033         
     15    17       50.0891   494                     50.0164   138535         
     17    19       50.2190   481                     50.0164   139103         
     18    20       50.5578   247                     50.0164   141667         
     20    22       52.1333   368                     50.0164   166478         
     23    25       68.1750   513                     50.0164   188520         
     25    27       50.3181   382                     50.0164   189051         
     26    28       50.4226   455                     50.0164   190343         
     27    29       52.0000   341                     50.0164   194854         
     28    30       50.5010   544                     50.0164   195539         
Elapsed time = 348.71 sec. (621822.40 ticks, tree = 3.11 MB, solutions = 0)
     29    31       64.2000   471                     50.0164   206349         
     30    32       50.5519   442                     50.0164   206958         
     31    33       50.5573   650                     50.0164   208313         
     32    34       50.7866   605                     50.0164   210167         
     34    36       51.1718   449                     50.0164   211307         
     36    38       50.8749   346                     50.0164   213665         
     41    43       50.8983   385                     50.0164   214122         
     44    46       54.6667   342                     50.0164   223380         
     49    51       51.3061   445                     50.0164   224477         
     53    55       51.1545   406                     50.0164   225062         
Elapsed time = 377.02 sec. (672824.55 ticks, tree = 6.14 MB, solutions = 0)
     57    59       51.1493   394                     50.0164   225617         
     58    60       51.7609   234                     50.0164   226779         
     62    64       52.0953   231                     50.0164   227553         
     68    70       52.0538   263                     50.0164   228205         
     74    76       54.2208   215                     50.0164   228785         
     80    80       54.2208   280                     50.0164   235976         
     81    81       54.2208   284                     50.0164   246203         
     82    82       54.2208   251                     50.0164   254319         
     84    84       54.2208   256                     50.0164   263836         
     88    88       54.2208   254                     50.0164   264419         
Elapsed time = 409.38 sec. (728931.27 ticks, tree = 9.89 MB, solutions = 0)
     89    89       55.0306   257                     50.0164   273850         
     90    90       54.2208   246                     50.0164   274545         
     91    91       54.2208   254                     50.0164   277376         
     92    92       54.2208   237                     50.0164   283180         
     94    94       58.8667   314                     50.0164   290368         
     95    95       54.2208   276                     50.0164   291345         
     97    97       54.2208   253                     50.0164   297851         
     98    98       54.2208   284                     50.0164   303522         
    101   101       54.2208   229                     50.0164   304818         
    104   102       54.2208   245                     50.0164   305785         
Elapsed time = 440.68 sec. (782133.86 ticks, tree = 11.54 MB, solutions = 0)
    105   103       54.3361   210                     50.0164   310665         
    107   105       54.4694   234                     50.0164   312618         
    109   107       54.4694   220                     50.0164   316563         
    111   109       54.3694   228                     50.0164   317319         
    114   112       54.3361   221                     50.0164   322584         
    116   114       54.3361   204                     50.0164   323601         
    118   116       54.3528   222                     50.0164   324512         
    120   118       54.3528   208                     50.0164   326364         
    121   119       54.3528   212                     50.0164   329541         
    123   121       54.3528   203                     50.0164   333451         
Elapsed time = 457.45 sec. (809575.61 ticks, tree = 13.92 MB, solutions = 0)
    124   122       54.3528   227                     50.0164   335139         
    125   123       54.3611   225                     50.0164   336368         
    127   125       54.3611   218                     50.0164   339393         
    154   145      133.6667   148                     50.0164   340142         
    160   149      143.5000   138                     50.0164   340216         
    202   180    infeasible                           50.0164   340679         
    250   218      185.0000    54                     50.0164   341177         
*   282   239      integral     0      245.0000       50.0164   341409   79.59%
    283   240       50.0169   240      245.0000       50.0164   341676   79.59%
    285   242       50.0586   227      245.0000       50.0164   342266   79.59%
    288   245       50.0657   280      245.0000       50.0164   342798   79.59%
Elapsed time = 465.66 sec. (822658.37 ticks, tree = 28.96 MB, solutions = 1)
    289   246       50.3113   232      245.0000       50.0164   346373   79.59%
    290   247       50.0830   346      245.0000       50.0164   346793   79.59%
    291   248       52.0333   248      245.0000       50.0164   356610   79.59%
    293   250       50.0830   517      245.0000       50.0164   357685   79.59%
    294   251       50.2199   276      245.0000       50.0164   361050   79.59%
    296   253       77.0500   485      245.0000       50.0164   380546   79.59%
    297   254       50.2489   484      245.0000       50.0164   381891   79.59%
    299   256       50.2585   482      245.0000       50.0164   382382   79.59%
    300   257       50.5740   457      245.0000       50.0164   383416   79.59%
    302   259       50.2955   485      245.0000       50.0164   383918   79.59%
Elapsed time = 498.53 sec. (880190.53 ticks, tree = 30.71 MB, solutions = 1)
    304   261       50.3036   453      245.0000       50.0164   384688   79.59%
    305   262       50.3502   426      245.0000       50.0164   385241   79.59%
    308   265       62.2000   454      245.0000       50.0164   404339   79.59%
    310   267       51.1768   489      245.0000       50.0164   409378   79.59%
    311   268       50.5367   267      245.0000       50.0164   410564   79.59%
    313   270       50.5600   432      245.0000       50.0164   411148   79.59%
    314   271       50.9744   261      245.0000       50.0164   412034   79.59%
    316   273       52.2000   345      245.0000       50.0164   422076   79.59%
    317   274       50.5880   446      245.0000       50.0164   422903   79.59%
    319   276       50.5881   452      245.0000       50.0164   423430   79.59%
Elapsed time = 530.61 sec. (937760.59 ticks, tree = 32.56 MB, solutions = 1)
    322   279       50.6209   478      245.0000       50.0164   424609   79.59%
    323   280       51.1108   460      245.0000       50.0164   425278   79.59%
    325   282       50.6780   479      245.0000       50.0164   426354   79.59%
    326   283       52.2333   309      245.0000       50.0164   441745   79.59%
    328   285       64.1000   470      245.0000       50.0164   461135   79.59%
    331   288       50.9205   493      245.0000       50.0164   461648   79.59%
    332   289       58.0000   283      245.0000       50.0164   477102   79.59%
    335   292       50.9373   470      245.0000       50.0164   477706   79.59%
    337   293       60.0333   636      245.0000       50.0164   495508   79.59%
    340   296       51.5859   464      245.0000       50.0164   497836   79.59%
Elapsed time = 589.98 sec. (1042210.76 ticks, tree = 35.00 MB, solutions = 1)
    342   298       68.0000   456      245.0000       50.0164   506891   79.59%
    344   300       66.0000   530      245.0000       50.0164   518678   79.59%
    347   303       51.2447   448      245.0000       50.0164   520917   79.59%
    349   305       66.3333   600      245.0000       50.0164   529242   79.59%
    355   311       92.0000   425      245.0000       50.0164   544959   79.59%
    358   314       76.0000   573      245.0000       50.0164   559913   79.59%
    360   316       51.5305   466      245.0000       50.0164   560611   79.59%
    361   317       76.0000   618      245.0000       50.0164   574337   79.59%
    368   324       59.0000   372      245.0000       50.0164   591243   79.59%
    373   329       87.0000   422      245.0000       50.0164   605009   79.59%
Elapsed time = 710.55 sec. (1246208.47 ticks, tree = 38.84 MB, solutions = 1)
    375   331       84.0000   602      245.0000       50.0164   618193   79.59%
    379   335       67.0000   441      245.0000       50.0164   630842   79.59%
    383   339       73.1833   443      245.0000       50.0164   641803   79.59%
    387   343       59.0000   371      245.0000       50.0164   657856   79.59%
    389   345       97.0250   504      245.0000       50.0164   667382   79.59%
    394   350       98.0000   398      245.0000       50.0164   684836   79.59%
    399   355      104.0000   568      245.0000       50.0164   719382   79.59%
    402   357       68.1333   570      245.0000       50.0164   741957   79.59%
    404   358      102.0000   378      245.0000       50.0164   755335   79.59%
    406   360      106.0000   489      245.0000       50.0164   785631   79.59%
Elapsed time = 836.74 sec. (1449816.29 ticks, tree = 42.45 MB, solutions = 1)
    409   363      107.0000   384      245.0000       50.0164   830925   79.59%
    417   371       52.4993   447      245.0000       50.0164   833122   79.59%
    420   374      112.0000   450      245.0000       50.0164   858794   79.59%
    425   379      117.0000   507      245.0000       50.0164   872304   79.59%
    433   387       53.1508   421      245.0000       50.0164   874787   79.59%
    434   388      126.0000   373      245.0000       50.0164   882462   79.59%
    442   396      117.0000   475      245.0000       50.0164   893835   79.59%
    444   398      121.0000   374      245.0000       50.0164   903489   79.59%
    460   412       54.1611   391      245.0000       50.0164   905968   79.59%
    464   416       56.7988   281      245.0000       50.0164   910362   79.59%
Elapsed time = 920.23 sec. (1581750.49 ticks, tree = 48.87 MB, solutions = 1)
    465   417      141.0000   417      245.0000       50.0164   926290   79.59%
    496   448       59.3960   345      245.0000       50.0164   928636   79.59%
    508   459       50.0000   182      245.0000       50.0164   993143   79.59%
    509   460       50.0000   249      245.0000       50.0164   997762   79.59%
    511   462       50.0000   256      245.0000       50.0164   999172   79.59%
    512   463       50.0000   256      245.0000       50.0164  1000224   79.59%
    513   463       50.0827   241      245.0000       50.0164  1007074   79.59%
    514   463       50.0000   252      245.0000       50.0164  1008714   79.59%
    515   463       50.0000   251      245.0000       50.0164  1016317   79.59%
    516   464       50.0000   272      245.0000       50.0164  1018508   79.59%
Elapsed time = 1333.09 sec. (2241849.02 ticks, tree = 54.36 MB, solutions = 1)
    517   465       50.0053   253      245.0000       50.0164  1023019   79.59%
    518   465       50.0000   274      245.0000       50.0164  1025804   79.59%
    520   466       50.0000   264      245.0000       50.0164  1028186   79.59%
    521   465       51.0000   259      245.0000       50.0164  1037542   79.59%
    525   467       51.0000   301      245.0000       50.0164  1039005   79.59%
    527   468       51.0000   267      245.0000       50.0164  1040245   79.59%
    528   469       51.0000   260      245.0000       50.0164  1047326   79.59%
    531   471       51.0000   255      245.0000       50.0164  1048003   79.59%
    535   473       52.0000   248      245.0000       50.0164  1048629   79.59%
    538   473       52.0000   244      245.0000       50.0164  1054690   79.59%
Elapsed time = 1387.07 sec. (2339759.99 ticks, tree = 55.48 MB, solutions = 1)
    539   473       52.0000   232      245.0000       50.0164  1057386   79.59%
    541   473       52.0000   248      245.0000       50.0164  1059457   79.59%
    544   474       52.0000   258      245.0000       50.0164  1062031   79.59%
    548   475       52.0000   300      245.0000       50.0164  1063164   79.59%
    550   475       52.0000   254      245.0000       50.0164  1066135   79.59%
    558   477       52.0000   221      245.0000       50.0164  1071076   79.59%
    562   478       52.0000   211      245.0000       50.0164  1072893   79.59%
    566   481       52.0000   217      245.0000       50.0164  1075486   79.59%
    571   483       53.0000   160      245.0000       50.0164  1077535   79.59%
    581   487       55.0000   206      245.0000       50.0164  1080940   79.59%
Elapsed time = 1418.94 sec. (2393190.45 ticks, tree = 57.22 MB, solutions = 1)
    587   488       55.0000   202      245.0000       50.0164  1081959   79.59%
    591   490       55.0000   210      245.0000       50.0164  1091009   79.59%
    594   491       55.0000   191      245.0000       50.0164  1094375   79.59%
    604   487       58.0000   220      245.0000       50.0164  1097313   79.59%
    611   490       58.0000   225      245.0000       50.0164  1099021   79.59%
    619   494       93.7500   220      245.0000       50.0164  1100751   79.59%
    624   496       63.5500   137      245.0000       50.0164  1104177   79.59%
    636   498       63.0000   160      245.0000       50.0164  1107042   79.59%
    653   498       75.0000   164      245.0000       50.0164  1107834   79.59%
    663   499      140.1500   147      245.0000       50.0164  1111180   79.59%
Elapsed time = 1450.11 sec. (2438935.02 ticks, tree = 58.61 MB, solutions = 1)
    690   508      103.0000   148      245.0000       50.0164  1111829   79.59%
    746   524      170.2833    88      245.0000       50.0164  1112610   79.59%
    809   524       50.3160   252      245.0000       50.0164  1122687   79.59%
    813   528       51.0000   329      245.0000       50.0164  1123077   79.59%
    816   529       51.0000   304      245.0000       50.0164  1131178   79.59%
    818   530       51.0000   266      245.0000       50.0164  1134735   79.59%
    819   529       51.4800   421      245.0000       50.0164  1144767   79.59%
    822   531       51.0000   264      245.0000       50.0164  1147404   79.59%
    824   531       51.4994   420      245.0000       50.0164  1155460   79.59%
    830   534       51.0000   292      245.0000       50.0164  1157668   79.59%
Elapsed time = 1531.80 sec. (2596186.30 ticks, tree = 62.97 MB, solutions = 1)
    831   535       51.0000   257      245.0000       50.0164  1160969   79.59%
    833   535       51.0000   241      245.0000       50.0164  1164956   79.59%
    835   537       51.0000   257      245.0000       50.0164  1166261   79.59%
    836   537       51.0000   247      245.0000       50.0164  1172156   79.59%
    838   536       51.1426   205      245.0000       50.0164  1180561   79.59%
    843   535       52.0000   282      245.0000       50.0164  1181805   79.59%
    844   535       52.0000   291      245.0000       50.0164  1188122   79.59%
    848   537       52.0000   264      245.0000       50.0164  1190394   79.59%
    854   540       52.0000   302      245.0000       50.0164  1191618   79.59%
    856   540       53.2583   271      245.0000       50.0164  1197160   79.59%
Elapsed time = 1574.43 sec. (2674372.68 ticks, tree = 63.76 MB, solutions = 1)
    859   541       65.0250   397      245.0000       50.0164  1204858   79.59%
    860   542       52.0000   263      245.0000       50.0164  1210486   79.59%
    863   545       52.0000   236      245.0000       50.0164  1213434   79.59%
    865   545       52.0000   210      245.0000       50.0164  1216478   79.59%
    867   546       52.0227   204      245.0000       50.0164  1218852   79.59%
    870   549       52.0000   203      245.0000       50.0164  1221793   79.59%
    879   551       52.0000   215      245.0000       50.0164  1223545   79.59%
    887   556       53.0000   254      245.0000       50.0164  1226294   79.59%
    891   558       53.0000   234      245.0000       50.0164  1227859   79.59%
    896   561       53.0000   218      245.0000       50.0164  1230632   79.59%
Elapsed time = 1606.61 sec. (2729271.18 ticks, tree = 66.22 MB, solutions = 1)
    905   565       53.8667   204      245.0000       50.0164  1234679   79.59%
    914   568       55.0250   187      245.0000       50.0164  1238418   79.59%
    924   570      100.0833   135      245.0000       50.0164  1242631   79.59%
    940   574       71.0000   161      245.0000       50.0164  1247624   79.59%
    988   592       89.0000   155      245.0000       50.0164  1248360   79.59%
   1050   599        cutoff            245.0000       50.0164  1249163   79.59%
   1051   599       50.6600   244      245.0000       50.0164  1260096   79.59%
   1052   597    infeasible            245.0000       50.0164  1263227   79.59%
   1053   598       50.0000   406      245.0000       50.0164  1289106   79.59%
   1054   597       50.3750   756      245.0000       50.0164  1315101   79.59%
Elapsed time = 1719.13 sec. (2948710.65 ticks, tree = 70.91 MB, solutions = 1)
   1056   597       51.4375   683      245.0000       50.0164  1345551   79.59%
   1058   597       52.0000   468      245.0000       50.0164  1351813   79.59%
   1059   598       52.0000   480      245.0000       50.0164  1361375   79.59%
   1060   598       52.0000   581      245.0000       50.0164  1381493   79.59%
   1063   600       52.0000   314      245.0000       50.0164  1387393   79.59%
   1064   600       52.0028   266      245.0000       50.0164  1411846   79.59%
   1068   599       53.0000   300      245.0000       50.0164  1420362   79.59%
   1073   600       53.0000   327      245.0000       50.0164  1436924   79.59%
   1075   601       53.0000   309      245.0000       50.0164  1450060   79.59%
   1076   602       53.0000   298      245.0000       50.0164  1454389   79.59%
Elapsed time = 1892.89 sec. (3268373.97 ticks, tree = 71.31 MB, solutions = 1)
   1077   601       57.0000   346      245.0000       50.0164  1459613   79.59%
   1081   604       57.0000   364      245.0000       50.0164  1470526   79.59%
   1084   605       57.0000   318      245.0000       50.0164  1470853   79.59%
   1087   607       57.0000   315      245.0000       50.0164  1480325   79.59%
   1098   615       57.0000   304      245.0000       50.0164  1480491   79.59%
   1104   620       57.0000   307      245.0000       50.0164  1488322   79.59%
   1106   622       57.0000   290      245.0000       50.0164  1491385   79.59%
   1109   624       57.0000   204      245.0000       50.0164  1493917   79.59%
   1110   624       57.0000   221      245.0000       50.0164  1502037   79.59%
   1119   623       57.0000   219      245.0000       50.0164  1504291   79.59%
Elapsed time = 1945.36 sec. (3355216.63 ticks, tree = 73.76 MB, solutions = 1)
   1123   622       59.3000   207      245.0000       50.0164  1508639   79.59%
   1128   625       78.0000   241      245.0000       50.0164  1511745   79.59%
   1135   628       78.0000   237      245.0000       50.0164  1515556   79.59%
   1145   634       78.0000   215      245.0000       50.0164  1516980   79.59%
   1153   638       85.1000   169      245.0000       50.0164  1520231   79.59%
   1163   641       96.0000   191      245.0000       50.0164  1523105   79.59%
   1167   643      112.0000   136      245.0000       50.0164  1528039   79.59%
   1188   647      163.1000   124      245.0000       50.0164  1528614   79.59%
   1242   666      213.0000    86      245.0000       50.0164  1528904   79.59%
   1274   667       50.3678   403      245.0000       50.0164  1543105   79.59%
Elapsed time = 1984.74 sec. (3417442.41 ticks, tree = 79.54 MB, solutions = 1)
   1279   670       52.6527   457      245.0000       50.0164  1569377   79.59%
   1280   671       51.0000   281      245.0000       50.0164  1577020   79.59%
   1282   673       51.0000   285      245.0000       50.0164  1583250   79.59%
   1283   674       51.0000   291      245.0000       50.0164  1600777   79.59%
   1284   675       51.0000   245      245.0000       50.0164  1604628   79.59%
   1285   675       51.0000   283      245.0000       50.0164  1612480   79.59%
   1287   676       51.0000   269      245.0000       50.0164  1620770   79.59%
   1288   677       51.0000   301      245.0000       50.0164  1620843   79.59%
   1292   676       51.0000   276      245.0000       50.0164  1628015   79.59%
   1294   676       51.0000   269      245.0000       50.0164  1632141   79.59%
Elapsed time = 2099.60 sec. (3596149.44 ticks, tree = 80.44 MB, solutions = 1)
   1295   676       51.0000   245      245.0000       50.0164  1634051   79.59%
   1296   676       51.0221   407      245.0000       50.0164  1646953   79.59%
   1297   677       51.0000   288      245.0000       50.0164  1658919   79.59%
   1298   678       51.0000   285      245.0000       50.0164  1669804   79.59%
   1299   678       51.0000   312      245.0000       50.0164  1676101   79.59%
   1300   679       51.0000   270      245.0000       50.0164  1691291   79.59%
   1302   678       51.3080   263      245.0000       50.0164  1699261   79.59%
   1305   679       52.0000   305      245.0000       50.0164  1710499   79.59%
   1308   681       52.0000   298      245.0000       50.0164  1718885   79.59%
   1309   682       52.0000   318      245.0000       50.0164  1724998   79.59%
Elapsed time = 2181.32 sec. (3745582.44 ticks, tree = 81.12 MB, solutions = 1)
   1311   682       52.6667   277      245.0000       50.0164  1735433   79.59%
   1313   681       52.7551   484      245.0000       50.0164  1741850   79.59%
   1316   680       57.1000   302      245.0000       50.0164  1750921   79.59%
   1324   685       58.0000   286      245.0000       50.0164  1757497   79.59%
   1325   686       58.0000   250      245.0000       50.0164  1764241   79.59%
   1326   686       58.0000   286      245.0000       50.0164  1770986   79.59%
   1328   687       58.0000   238      245.0000       50.0164  1778656   79.59%
   1331   688       58.0000   211      245.0000       50.0164  1782291   79.59%
   1334   687       59.1167   214      245.0000       50.0164  1791307   79.59%
   1338   689       59.5292   244      245.0000       50.0164  1798176   79.59%
Elapsed time = 2244.81 sec. (3854351.25 ticks, tree = 81.93 MB, solutions = 1)
   1345   690       77.1250   237      245.0000       50.0164  1805531   79.59%
   1348   690       67.3500   269      245.0000       50.0164  1815419   79.59%
   1353   691       58.0000   235      245.0000       50.0164  1823189   79.59%
   1354   692       58.0000   248      245.0000       50.0164  1829001   79.59%
   1358   693       58.0000   264      245.0000       50.0164  1831096   79.59%
   1360   694       58.0000   258      245.0000       50.0164  1837668   79.59%
   1361   695       58.0000   225      245.0000       50.0164  1845377   79.59%
   1366   694       58.4000   234      245.0000       50.0164  1852553   79.59%
   1367   695       58.0000   230      245.0000       50.0164  1858606   79.59%
   1370   695       58.0000   218      245.0000       50.0164  1864365   79.59%
Elapsed time = 2292.08 sec. (3927897.65 ticks, tree = 82.65 MB, solutions = 1)
   1371   696       58.0000   217      245.0000       50.0164  1869445   79.59%
   1375   698       58.0000   199      245.0000       50.0164  1876399   79.59%
   1385   700       58.0000   196      245.0000       50.0164  1878778   79.59%
   1388   702       58.0000   188      245.0000       50.0164  1884038   79.59%
   1400   707       58.0000   195      245.0000       50.0164  1886742   79.59%
   1405   707       58.9000   181      245.0000       50.0164  1891262   79.59%
   1424   709      113.1111   161      245.0000       50.0164  1891736   79.59%
   1445   721      115.8167   141      245.0000       50.0164  1892230   79.59%
   1471   735      130.2000   123      245.0000       50.0164  1892738   79.59%
   1508   763      201.0000   116      245.0000       50.0164  1893065   79.59%
Elapsed time = 2362.35 sec. (4027926.75 ticks, tree = 90.99 MB, solutions = 1)
   1510   764       50.4767   286      245.0000       50.0164  1903946   79.59%
   1513   767       51.0000   334      245.0000       50.0164  1907293   79.59%
   1519   773       51.0000   306      245.0000       50.0164  1912269   79.59%
   1524   778       51.0000   335      245.0000       50.0164  1913291   79.59%
   1527   781       51.0000   261      245.0000       50.0164  1914495   79.59%
   1528   782       51.0000   267      245.0000       50.0164  1917944   79.59%
   1531   785       51.0000   295      245.0000       50.0164  1925015   79.59%
   1532   785       51.0595   246      245.0000       50.0164  1930418   79.59%
   1534   787       52.0000   316      245.0000       50.0164  1935862   79.59%
   1540   793       52.0000   349      245.0000       50.0164  1936806   79.59%
Elapsed time = 2408.46 sec. (4115123.07 ticks, tree = 94.48 MB, solutions = 1)
   1545   798       52.0000   266      245.0000       50.0164  1941390   79.59%
   1547   799       52.0000   285      245.0000       50.0164  1943880   79.59%
   1549   801       52.0000   263      245.0000       50.0164  1946300   79.59%
   1551   803       52.0000   242      245.0000       50.0164  1949524   79.59%
   1554   805       52.0000   255      245.0000       50.0164  1954277   79.59%
   1558   809       52.0000   275      245.0000       50.0164  1956289   79.59%
   1559   810       52.0000   235      245.0000       50.0164  1960718   79.59%
   1564   814       53.0000   251      245.0000       50.0164  1966042   79.59%
   1569   818       53.0000   231      245.0000       50.0164  1970855   79.59%
   1577   826       53.0000   269      245.0000       50.0164  1972259   79.59%
Elapsed time = 2441.97 sec. (4174817.62 ticks, tree = 98.34 MB, solutions = 1)
   1581   829       54.0000   292      245.0000       50.0164  1977306   79.59%
   1588   833       58.4667   247      245.0000       50.0164  1982991   79.59%
   1606   845       81.0000   217      245.0000       50.0164  1983172   79.59%
   1624   859      116.0000   214      245.0000       50.0164  1983501   79.59%
   1634   867      120.0000   243      245.0000       50.0164  1983666   79.59%
   1649   882      120.0000   246      245.0000       50.0164  1984067   79.59%
   1666   898      120.0000   181      245.0000       50.0164  1984498   79.59%
   1690   915      120.0000   113      245.0000       50.0164  1985158   79.59%
   1710   929       50.6841   287      245.0000       50.0164  1991395   79.59%
   1714   932       51.0000   276      245.0000       50.0164  1992730   79.59%
Elapsed time = 2476.34 sec. (4229041.12 ticks, tree = 111.03 MB, solutions = 1)
   1717   935       51.0000   263      245.0000       50.0164  1994159   79.59%
   1723   941       51.0000   282      245.0000       50.0164  1997291   79.59%
   1724   941       51.0016   304      245.0000       50.0164  2001681   79.59%
   1727   944       52.0000   255      245.0000       50.0164  2007455   79.59%
   1729   946       52.0000   234      245.0000       50.0164  2010687   79.59%
   1734   951       52.0000   226      245.0000       50.0164  2015631   79.59%
   1737   954       52.0000   260      245.0000       50.0164  2023456   79.59%
   1740   957       53.0000   272      245.0000       50.0164  2045837   79.59%
   1742   959       53.0000   278      245.0000       50.0164  2055139   79.59%
   1748   965       53.0000   269      245.0000       50.0164  2065908   79.59%
Elapsed time = 2544.43 sec. (4353386.06 ticks, tree = 114.86 MB, solutions = 1)
   1750   967       53.0000   267      245.0000       50.0164  2076426   79.59%
   1752   969       53.0000   303      245.0000       50.0164  2085525   79.59%
   1753   970       53.0000   290      245.0000       50.0164  2096389   79.59%
   1754   971       53.0000   295      245.0000       50.0164  2108663   79.59%
   1755   971       53.0790   301      245.0000       50.0164  2125048   79.59%
   1759   975       54.0000   283      245.0000       50.0164  2131126   79.59%
   1765   981       54.0000   296      245.0000       50.0164  2133804   79.59%
   1767   983       54.0000   287      245.0000       50.0164  2141272   79.59%
   1768   984       54.0000   239      245.0000       50.0164  2143963   79.59%
   1771   986       54.0000   238      245.0000       50.0164  2149177   79.59%
Elapsed time = 2617.26 sec. (4484227.23 ticks, tree = 117.42 MB, solutions = 1)
   1772   986       54.2630   281      245.0000       50.0164  2152244   79.59%
   1780   994       55.0000   325      245.0000       50.0164  2153202   79.59%
   1783   997       55.0000   296      245.0000       50.0164  2156984   79.59%
   1784   997       55.0000   333      245.0000       50.0164  2161462   79.59%
   1785   997       60.1250   278      245.0000       50.0164  2168426   79.59%
   1788  1000       61.0000   215      245.0000       50.0164  2168474   79.59%
   1791  1002       61.0000   269      245.0000       50.0164  2172113   79.59%
   1795  1006       61.0000   238      245.0000       50.0164  2177711   79.59%
   1797  1008       61.0000   258      245.0000       50.0164  2186201   79.59%
   1798  1009       61.0000   252      245.0000       50.0164  2191083   79.59%
Elapsed time = 2672.67 sec. (4573741.57 ticks, tree = 120.00 MB, solutions = 1)
   1802  1013       61.0000   274      245.0000       50.0164  2196398   79.59%
   1803  1014       61.0000   243      245.0000       50.0164  2202605   79.59%
   1804  1015       61.0000   274      245.0000       50.0164  2209184   79.59%
   1810  1021       61.0000   260      245.0000       50.0164  2212417   79.59%
   1812  1023       61.0000   237      245.0000       50.0164  2216299   79.59%
   1813  1024       61.0000   219      245.0000       50.0164  2220627   79.59%
   1815  1025       70.4000   239      245.0000       50.0164  2225964   79.59%
   1816  1026       71.0000   226      245.0000       50.0164  2225969   79.59%
   1829  1038       77.0000   232      245.0000       50.0164  2226634   79.59%
   1842  1048       85.0000   250      245.0000       50.0164  2227059   79.59%
Elapsed time = 2717.64 sec. (4638351.76 ticks, tree = 124.78 MB, solutions = 1)
   1843  1048       91.1000   235      245.0000       50.0164  2231823   79.59%
   1856  1061       92.0000   230      245.0000       50.0164  2234813   79.59%
   1861  1066       92.0000   173      245.0000       50.0164  2238119   79.59%
   1868  1073       92.0000   197      245.0000       50.0164  2238575   79.59%
   1873  1077      101.0000   178      245.0000       50.0164  2244238   79.59%
   1892  1095      102.0000   146      245.0000       50.0164  2244748   79.59%
   1910  1104       50.5094   271      245.0000       50.0164  2255026   79.59%
   1915  1109       51.0000   294      245.0000       50.0164  2261052   79.59%
   1921  1115       51.0000   337      245.0000       50.0164  2261921   79.59%
   1929  1123       51.0000   279      245.0000       50.0164  2267618   79.59%
Elapsed time = 2763.46 sec. (4713394.93 ticks, tree = 133.60 MB, solutions = 1)
   1934  1128       51.0000   271      245.0000       50.0164  2268955   79.59%
   1939  1132       51.0241   328      245.0000       50.0164  2275660   79.59%
   1943  1136       52.0000   251      245.0000       50.0164  2280901   79.59%
   1945  1138       52.0000   278      245.0000       50.0164  2289388   79.59%
   1947  1140       52.0000   405      245.0000       50.0164  2295061   79.59%
   1951  1144       52.0000   430      245.0000       50.0164  2296715   79.59%
   1952  1145       52.0000   370      245.0000       50.0164  2300448   79.59%
   1953  1146       52.0000   485      245.0000       50.0164  2303132   79.59%
   1954  1147       52.0000   423      245.0000       50.0164  2307383   79.59%
   1955  1148       52.0000   390      245.0000       50.0164  2309500   79.59%
Elapsed time = 2805.40 sec. (4792908.76 ticks, tree = 136.49 MB, solutions = 1)
   1957  1149       53.0000   365      245.0000       50.0164  2311278   79.59%
   1958  1150       53.0000   249      245.0000       50.0164  2316268   79.59%
   1961  1153       53.0000   257      245.0000       50.0164  2318433   79.59%
   1965  1157       53.0000   247      245.0000       50.0164  2322454   79.59%
   1973  1165       53.0000   261      245.0000       50.0164  2324490   79.59%
   1974  1165       53.4473   319      245.0000       50.0164  2332008   79.59%
   1976  1166       62.5000   335      245.0000       50.0164  2342184   79.59%
   1981  1170       64.0000   333      245.0000       50.0164  2342886   79.59%
   1983  1172       64.0000   275      245.0000       50.0164  2349357   79.59%
   1986  1175       64.0000   287      245.0000       50.0164  2355280   79.59%
Elapsed time = 2851.15 sec. (4873959.76 ticks, tree = 139.63 MB, solutions = 1)
   1987  1176       64.0000   293      245.0000       50.0164  2362870   79.59%
   1990  1179       64.0000   242      245.0000       50.0164  2372785   79.59%
   1994  1183       64.0000   322      245.0000       50.0164  2374325   79.59%
   1995  1184       64.0000   232      245.0000       50.0164  2380887   79.59%
   1998  1187       64.0000   316      245.0000       50.0164  2384342   79.59%
   2001  1190       64.0000   286      245.0000       50.0164  2386705   79.59%
   2003  1192       64.0000   247      245.0000       50.0164  2395942   79.59%
   2009  1198       64.0000   287      245.0000       50.0164  2398413   79.59%
   2010  1199       64.0000   253      245.0000       50.0164  2406060   79.59%
   2020  1208      112.0000   268      245.0000       50.0164  2406625   79.59%
Elapsed time = 2902.74 sec. (4959070.17 ticks, tree = 143.50 MB, solutions = 1)
   2032  1220      112.0000   268      245.0000       50.0164  2406847   79.59%
   2045  1232      112.0000   232      245.0000       50.0164  2407276   79.59%
   2061  1247      112.0000   197      245.0000       50.0164  2407829   79.59%
   2080  1260      159.0000   124      245.0000       50.0164  2408353   79.59%
   2110  1280       50.1382   298      245.0000       50.0164  2435897   79.59%
   2114  1284       51.0000   337      245.0000       50.0164  2444180   79.59%
   2119  1289       51.0000   369      245.0000       50.0164  2459246   79.59%
   2121  1291       51.0000   330      245.0000       50.0164  2466976   79.59%
   2125  1295       51.0000   263      245.0000       50.0164  2471531   79.59%
   2126  1296       51.0000   291      245.0000       50.0164  2471843   79.59%
Elapsed time = 3019.53 sec. (5131980.11 ticks, tree = 154.02 MB, solutions = 1)
   2128  1298       51.0000   272      245.0000       50.0164  2474611   79.59%
   2132  1302       51.0000   274      245.0000       50.0164  2484515   79.59%
   2136  1306       51.0000   268      245.0000       50.0164  2488982   79.59%
   2140  1310       51.0000   286      245.0000       50.0164  2490281   79.59%
   2143  1313       51.0000   327      245.0000       50.0164  2492059   79.59%
   2148  1318       51.0000   326      245.0000       50.0164  2500996   79.59%
   2149  1319       51.0000   266      245.0000       50.0164  2506357   79.59%
   2151  1321       51.0000   280      245.0000       50.0164  2510384   79.59%
   2152  1322       51.0000   268      245.0000       50.0164  2514374   79.59%
   2154  1324       51.0000   331      245.0000       50.0164  2516609   79.59%
Elapsed time = 3065.95 sec. (5220739.18 ticks, tree = 157.26 MB, solutions = 1)
   2155  1324       51.1922   403      245.0000       50.0164  2522557   79.59%
   2158  1327       52.0000   369      245.0000       50.0164  2536719   79.59%
   2160  1329       52.0000   353      245.0000       50.0164  2544816   79.59%
   2162  1331       52.0000   292      245.0000       50.0164  2547525   79.59%
   2164  1333       52.0000   357      245.0000       50.0164  2557756   79.59%
   2165  1333       52.0936   319      245.0000       50.0164  2566013   79.59%
   2168  1336       53.0000   423      245.0000       50.0164  2567314   79.59%
   2169  1337       53.0000   341      245.0000       50.0164  2580515   79.59%
   2171  1339       53.0000   344      245.0000       50.0164  2595841   79.59%
   2172  1340       53.0000   349      245.0000       50.0164  2608423   79.59%
Elapsed time = 3151.10 sec. (5375662.77 ticks, tree = 159.11 MB, solutions = 1)
   2173  1341       53.0000   327      245.0000       50.0164  2621310   79.59%
   2177  1345       53.0000   335      245.0000       50.0164  2623054   79.59%
   2178  1345       54.2750   323      245.0000       50.0164  2632269   79.59%
   2180  1347       55.0000   383      245.0000       50.0164  2642240   79.59%
   2181  1348       55.0000   376      245.0000       50.0164  2648917   79.59%
   2185  1352       55.0000   317      245.0000       50.0164  2652143   79.59%
   2191  1358       55.0000   352      245.0000       50.0164  2653200   79.59%
   2192  1359       55.0000   332      245.0000       50.0164  2661296   79.59%
   2195  1362       55.0000   345      245.0000       50.0164  2662795   79.59%
   2200  1367       55.0000   324      245.0000       50.0164  2664703   79.59%
Elapsed time = 3210.80 sec. (5482371.17 ticks, tree = 162.24 MB, solutions = 1)
   2201  1368       55.0110   301      245.0000       50.0164  2668240   79.59%
   2208  1373       56.1258   308      245.0000       50.0164  2673919   79.59%
   2210  1375       57.0000   340      245.0000       50.0164  2678324   79.59%
   2211  1376       57.0000   357      245.0000       50.0164  2681494   79.59%
   2213  1377       57.6061   302      245.0000       50.0164  2687754   79.59%
   2218  1382       58.0000   309      245.0000       50.0164  2690905   79.59%
   2219  1383       58.0000   322      245.0000       50.0164  2695962   79.59%
   2231  1392       76.0000   307      245.0000       50.0164  2696564   79.59%
   2241  1401       95.0000   310      245.0000       50.0164  2696836   79.59%
   2251  1409       96.0000   326      245.0000       50.0164  2697202   79.59%
Elapsed time = 3249.76 sec. (5551846.67 ticks, tree = 167.14 MB, solutions = 1)
   2263  1421      117.0000   315      245.0000       50.0164  2697509   79.59%
   2277  1433      117.0000   295      245.0000       50.0164  2697743   79.59%
   2293  1445      123.4833   279      245.0000       50.0164  2698065   79.59%
   2310  1459       50.3750   273      245.0000       50.0164  2698941   79.59%
   2317  1465       51.0000   265      245.0000       50.0164  2706961   79.59%
   2323  1471       51.0000   301      245.0000       50.0164  2707595   79.59%
   2324  1471       51.1850   266      245.0000       50.0164  2724805   79.59%
   2326  1473       51.0000   286      245.0000       50.0164  2727086   79.59%
   2328  1475       51.0000   349      245.0000       50.0164  2733751   79.59%
   2332  1479       51.0000   291      245.0000       50.0164  2736148   79.59%
Elapsed time = 3297.11 sec. (5635083.87 ticks, tree = 175.38 MB, solutions = 1)
   2333  1480       51.0000   296      245.0000       50.0164  2739978   79.59%
   2335  1482       51.0158   366      245.0000       50.0164  2747816   79.59%
   2339  1485       52.0000   423      245.0000       50.0164  2748955   79.59%
   2341  1487       52.0000   391      245.0000       50.0164  2751056   79.59%
   2342  1488       52.0000   451      245.0000       50.0164  2759656   79.59%
   2346  1492       52.0000   514      245.0000       50.0164  2767492   79.59%
   2347  1493       52.0000   401      245.0000       50.0164  2770377   79.59%
   2350  1496       52.0000   359      245.0000       50.0164  2779874   79.59%
   2351  1497       52.0000   303      245.0000       50.0164  2782553   79.59%
   2352  1498       52.0000   339      245.0000       50.0164  2786473   79.59%
Elapsed time = 3348.03 sec. (5732622.70 ticks, tree = 177.58 MB, solutions = 1)
   2354  1500       52.0000   316      245.0000       50.0164  2790584   79.59%
   2355  1500       52.1472   417      245.0000       50.0164  2796775   79.59%
   2360  1505       53.0000   260      245.0000       50.0164  2800845   79.59%
   2362  1507       53.0000   252      245.0000       50.0164  2803461   79.59%
   2364  1509       53.0000   264      245.0000       50.0164  2805263   79.59%
   2368  1512       53.0000   293      245.0000       50.0164  2806834   79.59%
   2370  1514       53.0000   278      245.0000       50.0164  2809218   79.59%
   2375  1519       53.0000   283      245.0000       50.0164  2811750   79.59%
   2376  1520       53.0000   263      245.0000       50.0164  2815723   79.59%
   2378  1522       53.4905   268      245.0000       50.0164  2825796   79.59%
Elapsed time = 3386.25 sec. (5805603.42 ticks, tree = 180.25 MB, solutions = 1)
   2379  1522       53.0489   262      245.0000       50.0164  2828999   79.59%
   2387  1529       54.0000   314      245.0000       50.0164  2832174   79.59%
   2391  1531       54.1253   256      245.0000       50.0164  2840606   79.59%
   2393  1532       62.1917   364      245.0000       50.0164  2847341   79.59%
   2398  1536       55.0103   262      245.0000       50.0164  2856441   79.59%
   2401  1539       56.0000   302      245.0000       50.0164  2861584   79.59%
   2404  1542       56.0000   374      245.0000       50.0164  2866073   79.59%
   2408  1546       56.0000   341      245.0000       50.0164  2868675   79.59%
   2409  1547       56.0000   384      245.0000       50.0164  2871656   79.59%
   2412  1549       56.2684   369      245.0000       50.0164  2880588   79.59%
Elapsed time = 3436.17 sec. (5895409.80 ticks, tree = 183.52 MB, solutions = 1)
   2415  1551       56.0071   357      245.0000       50.0164  2883598   79.59%
   2416  1551       56.7620   376      245.0000       50.0164  2888753   79.59%
   2420  1554       57.0000   286      245.0000       50.0164  2888971   79.59%
   2423  1556       58.0000   323      245.0000       50.0164  2895430   79.59%
   2425  1556       58.6059   245      245.0000       50.0164  2901073   79.59%
   2432  1562       59.0000   255      245.0000       50.0164  2903656   79.59%
   2436  1565       60.1344   292      245.0000       50.0164  2908716   79.59%
   2438  1567       59.0000   265      245.0000       50.0164  2912042   79.59%
   2440  1568       59.0000   281      245.0000       50.0164  2915691   79.59%
   2443  1571       59.0000   255      245.0000       50.0164  2920629   79.59%
Elapsed time = 3470.57 sec. (5956831.50 ticks, tree = 186.10 MB, solutions = 1)
   2445  1572       59.0292   236      245.0000       50.0164  2923397   79.59%
   2458  1579       82.1333   226      245.0000       50.0164  2923989   79.59%
   2473  1591       96.0000   259      245.0000       50.0164  2924313   79.59%
   2483  1601       96.0000   246      245.0000       50.0164  2925347   79.59%
   2490  1606       99.0000   209      245.0000       50.0164  2927523   79.59%
   2492  1608       99.0000   235      245.0000       50.0164  2932283   79.59%
   2498  1613       99.0000   233      245.0000       50.0164  2934680   79.59%
   2501  1615      118.0000   244      245.0000       50.0164  2939913   79.59%

Clique cuts applied:  21
Cover cuts applied:  4
Implied bound cuts applied:  2
Flow cuts applied:  1
Mixed integer rounding cuts applied:  41
Zero-half cuts applied:  54
Gomory fractional cuts applied:  5

Root node processing (before b&c):
  Real time             =  202.43 sec. (360824.28 ticks)
Sequential b&c:
  Real time             = 3397.58 sec. (5791393.12 ticks)
                          ------------
Total (root+branch&cut) = 3600.02 sec. (6152217.41 ticks)

Solution pool: 1 solution saved.

MIP - Time limit exceeded, integer feasible:  Objective =  2.4500000000e+02
Current MIP best bound =  5.0016376663e+01 (gap = 194.984, 79.59%)
Solution time = 3600.02 sec.  Iterations = 2940453  Nodes = 2508 (1621)
Deterministic time = 6152217.67 ticks  (1708.94 ticks/sec)

CPLEX> Incumbent solution
Variable Name           Solution Value
y                           245.000000
x19                           1.000000
x5827                         1.000000
x11625                        1.000000
x17402                        1.000000
x23152                        1.000000
x28890                        1.000000
x34691                        1.000000
x40446                        1.000000
x46252                        1.000000
x52060                        1.000000
x57801                        1.000000
x63592                        1.000000
x69376                        1.000000
x75149                        1.000000
x80898                        1.000000
x86702                        1.000000
x1369                         1.000000
x6157                         1.000000
x17025                        1.000000
x19533                        1.000000
x28425                        1.000000
x31693                        1.000000
x35113                        1.000000
x45297                        1.000000
x47957                        1.000000
x56925                        1.000000
x57913                        1.000000
x67717                        1.000000
x74101                        1.000000
x76609                        1.000000
x82841                        1.000000
x87781                        1.000000
x89074                        1.000000
x58979                        1.000000
x55408                        1.000000
x91129                        1.000000
x9582                         1.000000
x35195                        1.000000
x37248                        1.000000
x76693                        1.000000
x55491                        1.000000
x62104                        1.000000
x56025                        1.000000
x52911                        1.000000
x91748                        1.000000
x60741                        1.000000
x61502                        1.000000
x56260                        1.000000
x77769                        1.000000
x77162                        1.000000
x90311                        1.000000
x48588                        1.000000
x62497                        1.000000
x57710                        1.000000
x83399                        1.000000
x79676                        1.000000
x26705                        1.000000
x20702                        1.000000
x61895                        1.000000
x49508                        1.000000
x89789                        1.000000
x80520                        1.000000
x86753                        1.000000
x29602                        1.000000
x75735                        1.000000
x58636                        1.000000
x89874                        1.000000
x88355                        1.000000
x22921                        1.000000
x57046                        1.000000
x53475                        1.000000
x91325                        1.000000
x59634                        1.000000
x86996                        1.000000
x44893                        1.000000
x52266                        1.000000
x59107                        1.000000
x53105                        1.000000
x60098                        1.000000
x41479                        1.000000
x91944                        1.000000
x60863                        1.000000
x44449                        1.000000
x52810                        1.000000
x53951                        1.000000
x92332                        1.000000
x25301                        1.000000
x89446                        1.000000
x28343                        1.000000
x78048                        1.000000
x90591                        1.000000
u2                            6.000000
u3                           11.000000
u4                            4.000000
u5                           55.000000
u6                            1.000000
u7                            2.000000
u8                            1.000000
u9                            3.000000
u11                          11.000000
u12                           8.000000
u13                           6.000000
u15                           7.000000
u16                          59.000000
u17                          10.000000
u18                           4.000000
u20                           9.000000
u21                           7.000000
u22                           2.000000
u23                           2.000000
u24                           2.000000
u25                           2.000000
u26                           1.000000
u27                           1.000000
u28                           1.000000
u29                           8.000000
u30                           2.000000
u31                           6.000000
u32                           1.000000
u33                           5.000000
u36                           6.000000
u37                           7.000000
u38                          59.000000
u39                           4.000000
u40                           9.000000
u42                           4.000000
u43                           3.000000
u45                           1.000000
u46                           3.000000
u47                          10.000000
u49                           1.000000
u50                           3.000000
u52                          56.000000
u53                           2.000000
u54                           5.000000
u55                           5.000000
u57                           8.000000
u58                           7.000000
u59                           1.000000
u60                          54.000000
u63                           1.000000
u65                           3.000000
u66                          12.000000
u67                           2.000000
u68                          58.000000
u69                           9.000000
u70                           8.000000
u71                          10.000000
u72                           5.000000
u75                          57.000000
All other variables in the range 1-91276 are 0.
CPLEX> 