
Welcome to IBM(R) ILOG(R) CPLEX(R) Interactive Optimizer 12.7.1.0
  with Simplex, Mixed Integer & Barrier Optimizers
5725-A06 5725-A29 5724-Y48 5724-Y49 5724-Y54 5724-Y55 5655-Y21
Copyright IBM Corp. 1988, 2017.  All Rights Reserved.

Type 'help' for a list of available commands.
Type 'help' followed by a command name for more
information on commands.

CPLEX> New value for default parallel thread count: 1
CPLEX> New value for time limit in seconds: 3600
CPLEX> Problem 'eil76_m8.lp' read.
Read time = 0.06 sec. (5.30 ticks)
CPLEX> CPXPARAM_TimeLimit                               3600
CPXPARAM_Threads                                 1
CPXPARAM_Read_APIEncoding                        "UTF-8"
Tried aggregator 1 time.
MIP Presolve modified 46800 coefficients.
Reduced MIP has 6324 rows, 45676 columns, and 281204 nonzeros.
Reduced MIP has 45600 binaries, 75 generals, 0 SOSs, and 0 indicators.
Presolve time = 0.15 sec. (206.73 ticks)
Tried aggregator 1 time.
Reduced MIP has 6324 rows, 45676 columns, and 281204 nonzeros.
Reduced MIP has 45600 binaries, 76 generals, 0 SOSs, and 0 indicators.
Presolve time = 0.15 sec. (148.16 ticks)
Probing time = 0.04 sec. (23.52 ticks)
Clique table members: 92976.
MIP emphasis: balance optimality and feasibility.
MIP search method: dynamic search.
Parallel mode: none, using 1 thread.
Root relaxation solution time = 3.73 sec. (5909.75 ticks)

        Nodes                                         Cuts/
   Node  Left     Objective  IInf  Best Integer    Best Bound    ItCnt     Gap

      0     0       71.6489   203                     71.6489    10895         
      0     0       76.7537   201                    Cuts: 94    19755         
      0     0       77.0000   228                    Cuts: 91    30853         
      0     0       77.0000   225                    Cuts: 80    36779         
      0     0       77.0000   202                    Cuts: 76    43926         
      0     0       77.0000   217                    Cuts: 82    54900         
      0     0       77.0000   194                ZeroHalf: 28    58714         
      0     0       77.0000   206                   Cuts: 100    66955         
Heuristic still looking.
      0     2       77.0000   167                     77.0000    66955         
Elapsed time = 68.01 sec. (117313.71 ticks, tree = 0.01 MB, solutions = 0)
      1     3       77.0248   227                     77.0000    81665         
      2     4       77.0042   369                     77.0042    92140         
      3     5       77.0094   347                     77.0042    92387         
      4     6       77.3440   338                     77.0094    93890         
      5     7       77.1302   327                     77.0094    96287         
      6     8       77.2331   306                     77.0248    97338         
      7     9       77.5000   342                     77.0248    98442         
      8    10       77.3639   274                     77.0248    99977         
     10    12       77.7500   248                     77.0248   100636         
     14    16       77.5641   243                     77.0248   101340         
Elapsed time = 85.71 sec. (150206.96 ticks, tree = 0.45 MB, solutions = 0)
     21    23       77.6740   242                     77.0248   102075         
     27    29       78.4483   223                     77.0248   102972         
     38    40       77.9152   257                     77.0248   103940         
     48    50       77.9756   248                     77.0248   104984         
     51    53       78.0151   247                     77.0248   105344         
     59    61       78.5389   281                     77.0248   106446         
     71    73       78.7819   253                     77.0248   107395         
     82    84       78.8473   277                     77.0248   108704         
     94    96       78.4498   244                     77.0248   109800         
    104   106       82.2353   232                     77.0248   111125         
Elapsed time = 91.71 sec. (160605.11 ticks, tree = 8.48 MB, solutions = 0)
    118   120       78.9828   203                     77.0248   112204         
    120   122       78.9856   201                     77.0248   112436         
    134   136       79.5601   181                     77.0248   113644         
    142   144       79.1750   242                     77.0248   114892         
    151   153       80.0224   199                     77.0248   116337         
    160   162       79.4733   243                     77.0248   117311         
    178   180       80.2931   169                     77.0248   118587         
    200   202       80.1206   189                     77.0248   119841         
    220   222       84.1912   223                     77.0248   121452         
    247   249       81.8710   163                     77.0248   122858         
Elapsed time = 102.36 sec. (177503.91 ticks, tree = 21.90 MB, solutions = 0)
    280   276      150.4118   153                     77.0248   124550         
    285   281      150.4118   148                     77.0248   127207         
    378   359      246.0000    42                     77.0248   128569         
*   424   370      integral     0      250.0000       77.0248   128866   69.19%
    427   372       77.1438   249      250.0000       77.0248   130503   69.19%
    429   374       77.1812   263      250.0000       77.0248   132006   69.19%
    433   378       77.1667   261      250.0000       77.0248   132857   69.19%
    436   381       77.2557   274      250.0000       77.0248   133908   69.19%
    439   384       77.4847   255      250.0000       77.0248   134819   69.19%
    451   396       77.7365   237      250.0000       77.0248   135747   69.19%
    464   409       78.0230   222      250.0000       77.0248   136856   69.19%
Elapsed time = 108.97 sec. (188951.88 ticks, tree = 37.14 MB, solutions = 1)
    480   423       78.4271   173      250.0000       77.0248   137839   69.19%
    484   427       95.1618   350      250.0000       77.0248   144056   69.19%
    508   451       81.1324   199      250.0000       77.0248   145215   69.19%
    531   474       78.8344   181      250.0000       77.0248   146359   69.19%
    534   477       77.0000   158      250.0000       77.0248   196914   69.19%
    535   478       77.0000   254      250.0000       77.0248   209937   69.19%
    536   479       77.0000   244      250.0000       77.0248   216261   69.19%
    537   480       77.0000   224      250.0000       77.0248   216736   69.19%
    538   481       77.0000   215      250.0000       77.0248   217228   69.19%
    539   482       77.0000   195      250.0000       77.0248   218220   69.19%
Elapsed time = 240.84 sec. (402141.31 ticks, tree = 43.58 MB, solutions = 1)
    540   482       77.0000   232      250.0000       77.0248   222828   69.19%
    541   482       77.0000   297      250.0000       77.0248   233955   69.19%
    542   482       77.0000   307      250.0000       77.0248   234118   69.19%
    543   482       77.0000   266      250.0000       77.0248   241577   69.19%
    545   482       77.0000   267      250.0000       77.0248   242175   69.19%
    546   482       78.0000   240      250.0000       77.0248   258454   69.19%
    549   483       78.0000   273      250.0000       77.0248   270174   69.19%
    551   483       79.0000   203      250.0000       77.0248   271317   69.19%
    553   483       79.0000   281      250.0000       77.0248   284620   69.19%
    555   484       79.0000   226      250.0000       77.0248   285248   69.19%
Elapsed time = 277.97 sec. (465587.40 ticks, tree = 42.95 MB, solutions = 1)
    557   486       79.0000   209      250.0000       77.0248   286624   69.19%
    559   487       79.0000   190      250.0000       77.0248   288691   69.19%
    561   487       79.0000   269      250.0000       77.0248   309836   69.19%
    563   488       79.0000   210      250.0000       77.0248   311333   69.19%
    565   488       79.0000   237      250.0000       77.0248   312634   69.19%
    567   489       79.0000   237      250.0000       77.0248   313890   69.19%
    569   490       79.0000   215      250.0000       77.0248   315389   69.19%
    571   490       80.0000   211      250.0000       77.0248   316336   69.19%
    575   494       80.0000   218      250.0000       77.0248   317433   69.19%
    578   481       81.0000   172      250.0000       77.0248   318698   69.19%
Elapsed time = 296.15 sec. (493312.73 ticks, tree = 41.31 MB, solutions = 1)
    582   483       81.0000   194      250.0000       77.0248   319668   69.19%
    586   484       81.0000   206      250.0000       77.0248   320275   69.19%
    590   485      102.0000   200      250.0000       77.0248   320511   69.19%
    594   486      103.0000   189      250.0000       77.0248   321126   69.19%
    601   490      103.0000   206      250.0000       77.0248   321427   69.19%
    605   481      103.0000   220      250.0000       77.0248   321928   69.19%
    611   483      104.0000   201      250.0000       77.0248   322122   69.19%
    616   485      106.0000   195      250.0000       77.0248   322466   69.19%
    623   490      168.0000   171      250.0000       77.0248   322972   69.19%
    628   486      106.0000   182      250.0000       77.0248   323387   69.19%
Elapsed time = 303.53 sec. (504765.23 ticks, tree = 38.85 MB, solutions = 1)
    631   489      106.0000   139      250.0000       77.0248   324139   69.19%
    636   490      106.0000   193      250.0000       77.0248   324660   69.19%
    640   485      106.0000   170      250.0000       77.0248   325937   69.19%
    646   488      106.0000   184      250.0000       77.0248   326310   69.19%
    651   491      106.0000   146      250.0000       77.0248   327043   69.19%
    658   486      106.0000   166      250.0000       77.0248   327592   69.19%
    663   486      106.0000   136      250.0000       77.0248   328547   69.19%
    671   489      114.3456   111      250.0000       77.0248   329340   69.19%
    677   489      106.0000   111      250.0000       77.0248   330960   69.19%
    684   485      129.9926   111      250.0000       77.0248   331537   69.19%
Elapsed time = 311.16 sec. (516094.78 ticks, tree = 36.12 MB, solutions = 1)
    691   487      131.0000   112      250.0000       77.0248   332953   69.19%
    698   489      135.9154   113      250.0000       77.0248   333337   69.19%
    715   492      140.8235    94      250.0000       77.0248   334065   69.19%
    729   495      142.0000    95      250.0000       77.0248   335316   69.19%
    740   500      143.0000    87      250.0000       77.0248   336207   69.19%
    750   491    infeasible            250.0000       77.0248   338921   69.19%
    763   494      194.0000    81      250.0000       77.0248   339830   69.19%
    780   493        cutoff            250.0000       77.0248   342570   69.19%
    796   480       77.0567   207      250.0000       77.0248   352003   69.19%
    807   487      143.0000   282      250.0000       77.0248   353535   69.19%
Elapsed time = 341.56 sec. (567118.52 ticks, tree = 30.80 MB, solutions = 1)
    814   490       78.0000   195      250.0000       77.0248   355450   69.19%
    821   493       78.0000   196      250.0000       77.0248   358753   69.19%
    831   495       78.0000   199      250.0000       77.0248   363036   69.19%
    844   500       79.0000   160      250.0000       77.0248   367999   69.19%
    854   505       79.8096   149      250.0000       77.0248   371609   69.19%
    867   507       79.0000   178      250.0000       77.0248   377341   69.19%
    874   509       79.0000   164      250.0000       77.0248   380349   69.19%
    886   514       79.0000   172      250.0000       77.0248   387288   69.19%
    893   515       79.9692   165      250.0000       77.0248   394605   69.19%
    896   516       79.8099   190      250.0000       77.0248   397185   69.19%
Elapsed time = 373.54 sec. (615965.50 ticks, tree = 28.35 MB, solutions = 1)
    907   520       80.0000   195      250.0000       77.0248   400583   69.19%
    917   525       80.0000   199      250.0000       77.0248   404091   69.19%
    928   530       94.7941   161      250.0000       77.0248   409785   69.19%
    946   541       84.0000   165      250.0000       77.0248   412214   69.19%
    963   546       87.0000   147      250.0000       77.0248   417551   69.19%
    994   553      104.0000   180      250.0000       77.0248   421643   69.19%
   1027   560      106.3088   119      250.0000       77.0248   426767   69.19%
   1092   563      133.1176    90      250.0000       77.0248   430259   69.19%
   1156   581      199.0000    23      250.0000       77.0248   440455   69.19%
*  1182   546      integral     0      243.0000       77.0248   444544   68.30%
*  1187   518      integral     0      232.0000       77.0248   446071   66.80%
*  1189   488      integral     0      210.0000       77.0248   447867   63.32%
   1190   485       77.1493   164      210.0000       77.0248   450560   63.32%
Elapsed time = 402.68 sec. (658541.60 ticks, tree = 11.74 MB, solutions = 4)
   1192   486       77.0029   227      210.0000       77.0248   454809   63.32%
   1194   486       78.0000   356      210.0000       77.0248   457871   63.32%
   1197   489       78.0000   335      210.0000       77.0248   459864   63.32%
   1200   487       79.7513   456      210.0000       77.0248   463111   63.32%
   1207   492       80.0000   365      210.0000       77.0248   465271   63.32%
   1214   496       80.0000   350      210.0000       77.0248   468047   63.32%
   1222   502       80.0048   236      210.0000       77.0248   472880   63.32%
   1231   507       82.0000   240      210.0000       77.0248   476713   63.32%
   1240   512       82.0000   245      210.0000       77.0248   480799   63.32%
   1254   519       83.0000   273      210.0000       77.0248   482491   63.32%
Elapsed time = 436.94 sec. (718399.43 ticks, tree = 10.59 MB, solutions = 4)
   1262   523       83.0000   250      210.0000       77.0248   484305   63.32%
   1271   528       85.0000   224      210.0000       77.0248   487445   63.32%
   1283   535       86.0000   233      210.0000       77.0248   489876   63.32%
   1295   546       87.0000   250      210.0000       77.0248   492608   63.32%
   1305   556       87.0000   215      210.0000       77.0248   495329   63.32%
   1319   569       88.0000   203      210.0000       77.0248   500395   63.32%
   1332   581       89.0000   270      210.0000       77.0248   504049   63.32%
   1334   583       89.0000   283      210.0000       77.0248   504079   63.32%
   1337   585       77.0013   259      210.0000       77.0248   507557   63.32%
   1346   593       78.0000   231      210.0000       77.0248   511003   63.32%
Elapsed time = 462.90 sec. (761190.13 ticks, tree = 11.28 MB, solutions = 4)
   1357   603       81.9667   230      210.0000       77.0248   517057   63.32%
   1367   613       78.0000   231      210.0000       77.0248   520232   63.32%
   1374   620       78.0000   279      210.0000       77.0248   524355   63.32%
   1386   632       78.0000   293      210.0000       77.0248   527816   63.32%
   1399   645       78.0000   224      210.0000       77.0248   531703   63.32%
   1408   652       78.5455   238      210.0000       77.0248   536656   63.32%
   1424   667       78.0000   245      210.0000       77.0248   541182   63.32%
   1441   683       88.0000   275      210.0000       77.0248   543494   63.32%
   1458   699       88.0000   262      210.0000       77.0248   545502   63.32%
   1477   716       88.0000   174      210.0000       77.0248   550636   63.32%
Elapsed time = 488.76 sec. (803263.03 ticks, tree = 13.50 MB, solutions = 4)
   1494   733       88.0000   187      210.0000       77.0248   556902   63.32%
   1512   746       88.0000   202      210.0000       77.0248   564302   63.32%
   1531   760       89.0000   171      210.0000       77.0248   570770   63.32%
   1534   762       89.0000   165      210.0000       77.0248   571518   63.32%
   1536   763       77.5575   240      210.0000       77.0248   574733   63.32%
   1547   774       78.0000   237      210.0000       77.0248   578582   63.32%
   1561   787       79.0000   243      210.0000       77.0248   581551   63.32%
   1578   804       79.0000   219      210.0000       77.0248   586056   63.32%
   1593   819       80.0000   199      210.0000       77.0248   591195   63.32%
   1609   835       80.0000   162      210.0000       77.0248   594249   63.32%
Elapsed time = 534.03 sec. (871095.23 ticks, tree = 15.73 MB, solutions = 4)
   1627   852       82.0000   207      210.0000       77.0248   598009   63.32%
   1643   865       83.0000   191      210.0000       77.0248   604226   63.32%
   1684   897      118.5882   112      210.0000       77.0248   606238   63.32%
   1736   939       77.0837   187      210.0000       77.0248   612337   63.32%
   1746   949       78.0000   235      210.0000       77.0248   615700   63.32%
   1758   961       78.0000   207      210.0000       77.0248   619911   63.32%
   1777   980       78.0000   213      210.0000       77.0248   624764   63.32%
   1801  1004       79.0000   198      210.0000       77.0248   628856   63.32%
   1816  1018       80.0000   240      210.0000       77.0248   633259   63.32%
   1838  1039       88.0000   261      210.0000       77.0248   635588   63.32%
Elapsed time = 567.24 sec. (917212.26 ticks, tree = 19.64 MB, solutions = 4)
   1855  1054       97.5147   199      210.0000       77.0248   637668   63.32%
   1879  1075      104.0000   175      210.0000       77.0248   638849   63.32%
   1922  1110      118.0000   103      210.0000       77.0248   640598   63.32%
   1936  1118       77.4734   170      210.0000       77.0248   642805   63.32%
   1951  1133       78.0000   209      210.0000       77.0248   648168   63.32%
   1969  1150       79.0000   229      210.0000       77.0248   653372   63.32%
   1991  1172       79.0000   162      210.0000       77.0248   658334   63.32%
   2010  1190       80.0000   193      210.0000       77.0248   665286   63.32%
   2039  1219       80.0000   226      210.0000       77.0248   670611   63.32%
   2070  1245      107.0000   158      210.0000       77.0248   673417   63.32%
Elapsed time = 593.64 sec. (957943.87 ticks, tree = 23.54 MB, solutions = 4)
   2136  1287       77.8004   234      210.0000       77.0248   679608   63.32%
   2150  1301       79.0000   195      210.0000       77.0248   684158   63.32%
   2169  1320       79.0000   270      210.0000       77.0248   688015   63.32%
   2184  1334       80.0000   216      210.0000       77.0248   692212   63.32%
   2200  1350       80.0000   211      210.0000       77.0248   697990   63.32%
   2217  1367       80.0584   187      210.0000       77.0248   702990   63.32%
   2236  1385       82.0000   210      210.0000       77.0248   708438   63.32%
   2255  1401       83.0000   157      210.0000       77.0248   714325   63.32%
   2309  1436      150.0000    95      210.0000       77.0248   718609   63.32%
   2334  1448       77.8623   212      210.0000       77.0248   722345   63.32%
Elapsed time = 621.90 sec. (1001639.21 ticks, tree = 27.46 MB, solutions = 4)
   2344  1457       79.0000   177      210.0000       77.0248   728431   63.32%
   2355  1468       79.0000   191      210.0000       77.0248   734549   63.32%
   2372  1484       79.0995   200      210.0000       77.0248   740611   63.32%
   2394  1504       80.1545   210      210.0000       77.0248   746734   63.32%
   2406  1514      101.0441   285      210.0000       77.0248   750732   63.32%
   2424  1531       80.0085   187      210.0000       77.0248   757354   63.32%
   2435  1540       96.1127   234      210.0000       77.0248   762431   63.32%
   2450  1554       81.0000   182      210.0000       77.0248   767039   63.32%
   2473  1572    infeasible            210.0000       77.0248   771860   63.32%
   2490  1584       83.0000   191      210.0000       77.0248   778911   63.32%
Elapsed time = 649.08 sec. (1043146.30 ticks, tree = 29.95 MB, solutions = 4)
   2516  1605       85.7410   167      210.0000       77.0248   783299   63.32%
   2536  1620       77.3286   225      210.0000       77.0248   790590   63.32%
   2548  1632       78.0000   253      210.0000       77.0248   795296   63.32%
   2563  1647       78.0000   259      210.0000       77.0248   799914   63.32%
   2576  1660       78.0000   250      210.0000       77.0248   804871   63.32%
   2596  1680       78.0000   238      210.0000       77.0248   808992   63.32%
   2608  1692       78.0000   226      210.0000       77.0248   814093   63.32%
   2626  1710       79.0000   231      210.0000       77.0248   818022   63.32%
   2650  1734       80.0000   267      210.0000       77.0248   820633   63.32%
   2664  1747       81.0000   237      210.0000       77.0248   825468   63.32%
Elapsed time = 675.93 sec. (1085493.18 ticks, tree = 32.89 MB, solutions = 4)
   2692  1771       84.0000   190      210.0000       77.0248   830870   63.32%
   2724  1794      104.0441   167      210.0000       77.0248   834306   63.32%
   2736  1802       77.2402   219      210.0000       77.0248   837664   63.32%
   2737  1803       78.0000   201      210.0000       77.0248   837668   63.32%
   2748  1814       78.0000   245      210.0000       77.0248   842286   63.32%
   2757  1822       79.0000   303      210.0000       77.0248   847441   63.32%
   2766  1831       79.4116   317      210.0000       77.0248   851850   63.32%
   2779  1844       80.0000   278      210.0000       77.0248   854746   63.32%
   2794  1859       80.0000   326      210.0000       77.0248   859390   63.32%
   2808  1873       81.0000   330      210.0000       77.0248   863523   63.32%
Elapsed time = 710.01 sec. (1131561.14 ticks, tree = 35.19 MB, solutions = 4)
   2821  1886       81.0000   288      210.0000       77.0248   867689   63.32%
   2836  1901       81.0000   287      210.0000       77.0248   872778   63.32%
   2847  1911       82.0000   280      210.0000       77.0248   877163   63.32%
   2860  1923       83.0000   321      210.0000       77.0248   881072   63.32%
   2875  1938       83.0000   295      210.0000       77.0248   885094   63.32%
   2890  1953       84.0000   330      210.0000       77.0248   888045   63.32%
   2902  1965       84.0000   222      210.0000       77.0248   890989   63.32%
   2912  1975       85.0000   233      210.0000       77.0248   896534   63.32%
   2931  1994       85.0000   207      210.0000       77.0248   901367   63.32%
   2936  1997       77.2671   248      210.0000       77.0248   906340   63.32%
Elapsed time = 737.10 sec. (1174067.75 ticks, tree = 37.43 MB, solutions = 4)
   2947  2008       78.0000   245      210.0000       77.0248   910462   63.32%
   2953  2014       78.0463   194      210.0000       77.0248   915945   63.32%
   2966  2027       79.0000   209      210.0000       77.0248   919473   63.32%
   2978  2039       79.0000   267      210.0000       77.0248   925503   63.32%
   2988  2049       80.0000   280      210.0000       77.0248   930637   63.32%
   3000  2060       81.0000   295      210.0000       77.0248   935419   63.32%
   3012  2072       82.0000   257      210.0000       77.0248   939776   63.32%
   3031  2091       82.0000   261      210.0000       77.0248   943643   63.32%
   3046  2106       82.0133   252      210.0000       77.0248   949683   63.32%
   3069  2129       83.0000   252      210.0000       77.0248   953377   63.32%
Elapsed time = 762.19 sec. (1214839.91 ticks, tree = 39.84 MB, solutions = 4)
   3077  2137       84.0000   309      210.0000       77.0248   957549   63.32%
   3089  2149       84.0544   245      210.0000       77.0248   963444   63.32%
   3108  2167       86.0000   209      210.0000       77.0248   967633   63.32%
   3136  2194       77.0038   318      210.0000       77.0248   974177   63.32%
   3139  2197       78.0000   314      210.0000       77.0248   977831   63.32%
   3148  2206       78.0000   203      210.0000       77.0248   980993   63.32%
   3161  2219       78.0000   205      210.0000       77.0248   985043   63.32%
   3174  2232       78.0000   204      210.0000       77.0248   988961   63.32%
   3193  2251       78.0000   218      210.0000       77.0248   993856   63.32%
   3201  2259       78.2226   204      210.0000       77.0248   999664   63.32%
Elapsed time = 789.06 sec. (1258058.91 ticks, tree = 42.18 MB, solutions = 4)
   3218  2276       79.0000   210      210.0000       77.0248  1002529   63.32%
   3233  2291       79.0000   257      210.0000       77.0248  1006136   63.32%
   3249  2307       80.0000   242      210.0000       77.0248  1010937   63.32%
   3261  2319       81.0000   230      210.0000       77.0248  1015606   63.32%
   3275  2330      104.2426   206      210.0000       77.0248  1017992   63.32%
   3298  2351      112.0515   227      210.0000       77.0248  1019065   63.32%
   3326  2377      117.0000   141      210.0000       77.0248  1020735   63.32%
   3336  2383       77.1203   204      210.0000       77.0622  1024155   63.30%
   3345  2392       78.0000   264      210.0000       77.0622  1028573   63.30%
   3353  2400       78.0000   277      210.0000       77.0622  1033750   63.30%
Elapsed time = 814.63 sec. (1298615.44 ticks, tree = 44.75 MB, solutions = 4)
   3364  2410       78.0000   275      210.0000       77.0622  1038231   63.30%
   3373  2418       78.3631   254      210.0000       77.0622  1043492   63.30%
   3388  2433       79.0000   303      210.0000       77.0622  1047297   63.30%
   3399  2444       79.3076   178      210.0000       77.0622  1052305   63.30%
   3414  2457       79.2729   222      210.0000       77.0622  1058059   63.30%
   3439  2480       80.0000   233      210.0000       77.0622  1062585   63.30%
   3457  2497       81.0000   189      210.0000       77.0622  1068157   63.30%
   3476  2514       81.2929   169      210.0000       77.0622  1075987   63.30%
   3505  2543       83.3005   155      210.0000       77.0622  1081204   63.30%
   3528  2564       84.0000   187      210.0000       77.0622  1086400   63.30%
Elapsed time = 841.66 sec. (1339766.64 ticks, tree = 47.76 MB, solutions = 4)
   3537  2569       78.0000   344      210.0000       78.0000  1091649   62.86%
   3543  2575       78.0000   246      210.0000       78.0000  1095355   62.86%
   3556  2588       78.0000   277      210.0000       78.0000  1099023   62.86%
   3566  2598       78.0000   190      210.0000       78.0000  1103938   62.86%
   3571  2602       78.0274   230      210.0000       78.0000  1108449   62.86%
   3587  2618       79.0000   230      210.0000       78.0000  1111776   62.86%
   3604  2633       91.2647   263      210.0000       78.0000  1114357   62.86%
   3622  2651       92.0000   303      210.0000       78.0000  1115245   62.86%
   3638  2666       95.0000   252      210.0000       78.0000  1116840   62.86%
   3657  2685       95.0000   227      210.0000       78.0000  1118638   62.86%
Elapsed time = 899.58 sec. (1440346.07 ticks, tree = 49.93 MB, solutions = 4)
   3685  2711       95.0000   160      210.0000       78.0000  1122725   62.86%
   3732  2742      152.0000   101      210.0000       78.0000  1128586   62.86%
   3784  2773      185.5735    36      210.0000       78.0000  1137673   62.86%
   3786  2773       78.0000   211      210.0000       78.0000  1140069   62.86%
   3805  2792       81.0000   246      210.0000       78.0000  1146004   62.86%
   3825  2812       81.0000   227      210.0000       78.0000  1150099   62.86%
   3849  2836       82.0000   207      210.0000       78.0000  1155396   62.86%
   3872  2859       82.0000   217      210.0000       78.0000  1161373   62.86%
   3883  2870       83.0000   178      210.0000       78.0000  1167035   62.86%
   3907  2893      105.0000   200      210.0000       78.0000  1170796   62.86%
Elapsed time = 947.08 sec. (1516378.25 ticks, tree = 53.88 MB, solutions = 4)
   3927  2911      137.0000   246      210.0000       78.0000  1172413   62.86%
   3964  2947      140.0000   198      210.0000       78.0000  1173823   62.86%
   3993  2975      141.0000   201      210.0000       78.0000  1175157   62.86%
   4024  3003      145.0000   195      210.0000       78.0000  1176710   62.86%
   4049  3027      146.0000   183      210.0000       78.0000  1178687   62.86%
   4077  3055      146.0000   174      210.0000       78.0000  1180844   62.86%
   4104  3080      150.0000   164      210.0000       78.0000  1184683   62.86%
   4136  3111       78.0000   397      210.0000       78.0000  1210449   62.86%
   4144  3119       78.0000   268      210.0000       78.0000  1214680   62.86%
   4152  3127       78.0000   270      210.0000       78.0000  1220239   62.86%
Elapsed time = 1026.94 sec. (1655027.02 ticks, tree = 58.33 MB, solutions = 4)
   4163  3138       79.0000   261      210.0000       78.0000  1223989   62.86%
   4177  3152       79.0000   245      210.0000       78.0000  1227866   62.86%
   4186  3161       80.0000   294      210.0000       78.0000  1231914   62.86%
   4198  3173       80.0000   216      210.0000       78.0000  1235004   62.86%
   4209  3184       80.2267   230      210.0000       78.0000  1239804   62.86%
   4221  3196       81.0000   288      210.0000       78.0000  1242796   62.86%
   4234  3209       81.0000   267      210.0000       78.0000  1246471   62.86%
   4244  3219       81.0000   228      210.0000       78.0000  1249389   62.86%
   4255  3230       82.0000   274      210.0000       78.0000  1253596   62.86%
   4264  3239       82.0000   240      210.0000       78.0000  1258625   62.86%
Elapsed time = 1058.14 sec. (1700442.64 ticks, tree = 60.30 MB, solutions = 4)
   4278  3253       84.0000   247      210.0000       78.0000  1263361   62.86%
   4292  3267       85.0000   214      210.0000       78.0000  1268324   62.86%
   4316  3290       87.0000   200      210.0000       78.0000  1274368   62.86%
   4336  3306       78.3767   304      210.0000       78.0000  1277949   62.86%
   4352  3322       79.0000   256      210.0000       78.0000  1282536   62.86%
   4358  3328       79.0000   265      210.0000       78.0000  1287903   62.86%
   4364  3334       79.2051   229      210.0000       78.0000  1293509   62.86%
   4379  3349       79.0000   257      210.0000       78.0000  1298832   62.86%
   4391  3361       79.0000   264      210.0000       78.0000  1304259   62.86%
   4404  3374       80.0000   266      210.0000       78.0000  1309070   62.86%
Elapsed time = 1085.21 sec. (1742001.40 ticks, tree = 62.77 MB, solutions = 4)
   4420  3390       80.0000   247      210.0000       78.0000  1312454   62.86%
   4429  3399       80.0000   237      210.0000       78.0000  1317070   62.86%
   4442  3411       80.1277   184      210.0000       78.0000  1321775   62.86%
   4451  3418       80.3894   207      210.0000       78.0000  1326362   62.86%
   4460  3425       81.0000   216      210.0000       78.0000  1330292   62.86%
   4471  3434       81.3335   202      210.0000       78.0000  1335440   62.86%
   4486  3446       83.7941   252      210.0000       78.0000  1339781   62.86%
   4500  3459       82.0000   226      210.0000       78.0000  1344797   62.86%
   4520  3478       83.1109   202      210.0000       78.0000  1350212   62.86%
   4536  3491       78.7658   283      210.0000       78.0000  1357114   62.86%
Elapsed time = 1113.22 sec. (1786717.65 ticks, tree = 64.93 MB, solutions = 4)
   4543  3497       79.1808   258      210.0000       78.0000  1360967   62.86%
   4561  3515       80.0000   223      210.0000       78.0000  1364059   62.86%
   4574  3528       80.0000   214      210.0000       78.0000  1368305   62.86%
   4582  3535       80.0000   266      210.0000       78.0000  1372504   62.86%
   4597  3550       80.0000   237      210.0000       78.0000  1376733   62.86%
   4606  3558       81.0000   221      210.0000       78.0000  1380396   62.86%
   4621  3573       81.0000   209      210.0000       78.0000  1384557   62.86%
   4640  3591       82.0000   230      210.0000       78.0000  1388686   62.86%
   4654  3605       82.0000   245      210.0000       78.0000  1393447   62.86%
   4669  3619       83.8523   228      210.0000       78.0000  1397927   62.86%
Elapsed time = 1138.86 sec. (1828280.96 ticks, tree = 67.21 MB, solutions = 4)
   4689  3633       94.0000   248      210.0000       78.0000  1399409   62.86%
   4713  3657       94.0000   195      210.0000       78.0000  1401524   62.86%
   4736  3678       78.0000   234      210.0000       78.0000  1405610   62.86%
   4747  3689       79.1899   235      210.0000       78.0000  1411322   62.86%
   4754  3696       80.0000   197      210.0000       78.0000  1416800   62.86%
   4776  3715       83.4347   208      210.0000       78.0000  1422919   62.86%
   4804  3743       84.0000   221      210.0000       78.0000  1428690   62.86%
   4821  3758       87.0000   246      210.0000       78.0000  1432824   62.86%
   4852  3789       87.0000   201      210.0000       78.0000  1437619   62.86%
   4871  3807       88.0000   197      210.0000       78.0000  1443364   62.86%
Elapsed time = 1189.36 sec. (1910388.88 ticks, tree = 70.65 MB, solutions = 4)
   4895  3831       90.0000   179      210.0000       78.0000  1448263   62.86%
   4928  3857      111.0000   150      210.0000       78.0000  1452939   62.86%
   4936  3864       78.0000   259      210.0000       78.0000  1454013   62.86%
   4947  3875       78.0000   217      210.0000       78.0000  1459483   62.86%
   4954  3882       78.0000   213      210.0000       78.0000  1463799   62.86%
   4960  3888       78.0000   222      210.0000       78.0000  1467784   62.86%
   4972  3899       79.0000   203      210.0000       78.0000  1470479   62.86%
   4984  3911       79.0000   282      210.0000       78.0000  1474469   62.86%
   4996  3922       79.0284   251      210.0000       78.0000  1478352   62.86%
   5009  3934       80.0000   244      210.0000       78.0000  1482920   62.86%
Elapsed time = 1230.13 sec. (1979267.75 ticks, tree = 72.99 MB, solutions = 4)
   5030  3953       80.0544   222      210.0000       78.0000  1487876   62.86%
   5061  3984       81.0000   267      210.0000       78.0000  1490919   62.86%
   5073  3995       81.0886   276      210.0000       78.0000  1496057   62.86%
   5085  4006       82.1046   253      210.0000       78.0000  1499889   62.86%
   5104  4025       83.0000   258      210.0000       78.0000  1503334   62.86%
   5115  4036       84.0000   254      210.0000       78.0000  1508352   62.86%
   5125  4045       85.0000   235      210.0000       78.0000  1512450   62.86%
*  5134+ 4051                          207.0000       78.0000            62.32%
   5136  4054       78.8626   229      207.0000       78.0000  1517240   62.32%
   5146  4062       82.0000   210      207.0000       78.0000  1521487   62.32%
   5160  4076       82.0000   238      207.0000       78.0000  1526283   62.32%
Elapsed time = 1256.79 sec. (2020885.04 ticks, tree = 75.57 MB, solutions = 5)
   5178  4093       83.0000   221      207.0000       78.0000  1530833   62.32%
   5198  4112       84.0000   198      207.0000       78.0000  1535857   62.32%
   5236  4149       85.0000   191      207.0000       78.0000  1540933   62.32%
   5281  4190       91.1471   183      207.0000       78.0000  1546529   62.32%
   5336  4234       78.2651   174      207.0000       78.0000  1551828   62.32%
   5348  4246       80.0000   210      207.0000       78.0000  1557396   62.32%
   5358  4256       80.0000   204      207.0000       78.0000  1563841   62.32%
   5368  4265       80.0000   170      207.0000       78.0000  1569511   62.32%
   5382  4275       81.0000   169      207.0000       78.0000  1575103   62.32%
   5393  4285       81.0000   164      207.0000       78.0000  1580412   62.32%
Elapsed time = 1287.17 sec. (2064303.24 ticks, tree = 79.66 MB, solutions = 5)
   5405  4296       81.0000   173      207.0000       78.0000  1586141   62.32%
   5421  4309       81.0000   198      207.0000       78.0000  1591983   62.32%
   5439  4323       82.0000   178      207.0000       78.0000  1597279   62.32%
   5459  4341       82.0000   212      207.0000       78.0000  1602181   62.32%
   5481  4358       82.0000   208      207.0000       78.0000  1607579   62.32%
   5499  4372       90.6618   217      207.0000       78.0000  1613034   62.32%
   5522  4392       84.3932   210      207.0000       78.0000  1619455   62.32%
   5534  4402       85.0000   226      207.0000       78.0000  1621228   62.32%
   5536  4404       78.0000   258      207.0000       78.0000  1622438   62.32%
   5546  4412       79.0000   245      207.0000       78.0000  1626068   62.32%
Elapsed time = 1369.11 sec. (2193926.10 ticks, tree = 82.06 MB, solutions = 5)
   5566  4432       79.0000   230      207.0000       78.0000  1629067   62.32%
   5576  4441       80.0000   240      207.0000       78.0000  1633129   62.32%
   5584  4448       81.0000   240      207.0000       78.0000  1637144   62.32%
   5596  4459       81.0017   232      207.0000       78.0000  1642074   62.32%
   5616  4479       82.0000   231      207.0000       78.0000  1645614   62.32%
   5625  4488       82.0000   185      207.0000       78.0000  1650906   62.32%
   5643  4504       83.1617   198      207.0000       78.0000  1656678   62.32%
   5658  4518       84.0000   173      207.0000       78.0000  1661100   62.32%
   5677  4536       87.0000   191      207.0000       78.0000  1664563   62.32%
   5705  4563       87.0000   170      207.0000       78.0000  1669239   62.32%
Elapsed time = 1397.15 sec. (2237624.29 ticks, tree = 84.84 MB, solutions = 5)
   5727  4585       87.0000   173      207.0000       78.0000  1676805   62.32%
   5736  4592       82.9622   265      207.0000       78.0000  1682470   62.32%
   5744  4598       85.0000   227      207.0000       78.0000  1686994   62.32%
   5754  4608       85.0000   306      207.0000       78.0000  1690958   62.32%
   5768  4622       85.0000   331      207.0000       78.0000  1694623   62.32%
   5782  4635       86.0000   267      207.0000       78.0000  1698251   62.32%
   5796  4648       87.0000   288      207.0000       78.0000  1701850   62.32%
   5817  4667       88.5565   262      207.0000       78.0000  1714669   62.32%
   5845  4694       90.0000   281      207.0000       78.0000  1717892   62.32%
   5868  4717       90.0000   278      207.0000       78.0000  1720242   62.32%
Elapsed time = 1431.28 sec. (2286168.71 ticks, tree = 87.67 MB, solutions = 5)
   5908  4757       90.0000   249      207.0000       78.0000  1723832   62.32%
   5941  4788       80.1896   195      207.0000       78.0000  1728184   62.32%
   5973  4819       92.0000   256      207.0000       78.0000  1730500   62.32%
   6015  4861       92.0000   257      207.0000       78.0000  1731839   62.32%
   6060  4904       92.0000   175      207.0000       78.0000  1734191   62.32%
   6095  4937       92.0000   187      207.0000       78.0000  1741253   62.32%
   6136  4970       78.2328   277      207.0000       78.0000  1747956   62.32%
   6144  4978       79.2152   246      207.0000       78.0000  1752556   62.32%
   6163  4997       80.0000   270      207.0000       78.0000  1756631   62.32%
   6186  5020       80.0000   270      207.0000       78.0000  1760665   62.32%
Elapsed time = 1459.76 sec. (2328982.69 ticks, tree = 93.37 MB, solutions = 5)
   6217  5051       80.0000   233      207.0000       78.0000  1765425   62.32%
   6231  5065       80.0000   247      207.0000       78.0000  1769433   62.32%
   6243  5077       80.0000   230      207.0000       78.0000  1774753   62.32%
   6256  5089       81.0000   176      207.0000       78.0000  1779390   62.32%
   6269  5101       82.0000   224      207.0000       78.0000  1783630   62.32%
   6283  5114       83.0000   233      207.0000       78.0000  1787663   62.32%
   6296  5126       84.0000   255      207.0000       78.0000  1791699   62.32%
   6314  5143       85.0000   214      207.0000       78.0000  1795403   62.32%
   6333  5162       86.0000   200      207.0000       78.0000  1800845   62.32%
   6339  5167       80.0000   293      207.0000       78.0000  1803872   62.32%
Elapsed time = 1485.61 sec. (2368694.26 ticks, tree = 96.03 MB, solutions = 5)
   6348  5176       80.0000   250      207.0000       78.0000  1807353   62.32%
   6358  5186       80.0000   268      207.0000       78.0000  1812001   62.32%
   6367  5194       80.0224   230      207.0000       78.0000  1818006   62.32%
   6381  5206       81.0000   216      207.0000       78.0000  1821272   62.32%
   6391  5216       81.0000   209      207.0000       78.0000  1825263   62.32%
   6398  5222       81.0000   213      207.0000       78.0000  1830925   62.32%
   6409  5232       82.5556   206      207.0000       78.0000  1837232   62.32%
   6419  5241       82.0000   267      207.0000       78.0000  1842422   62.32%
   6430  5251       83.0000   171      207.0000       78.0000  1845226   62.32%
   6445  5264       89.2426   195      207.0000       78.0000  1849517   62.32%
Elapsed time = 1512.89 sec. (2411035.92 ticks, tree = 97.78 MB, solutions = 5)
   6461  5278       83.0000   222      207.0000       78.0000  1854410   62.32%
   6477  5291       83.0000   226      207.0000       78.0000  1859522   62.32%
   6494  5305       83.0000   201      207.0000       78.0000  1865379   62.32%
   6518  5327       83.6470   176      207.0000       78.0000  1870881   62.32%
   6537  5341       78.6809   217      207.0000       78.0000  1878008   62.32%
   6548  5351       80.0000   219      207.0000       78.0000  1882356   62.32%
   6557  5360       80.0000   203      207.0000       78.0000  1886984   62.32%
   6566  5368       80.2016   209      207.0000       78.0000  1891794   62.32%
   6580  5381       82.0000   257      207.0000       78.0000  1894956   62.32%
   6594  5394       83.0000   245      207.0000       78.0000  1899290   62.32%
Elapsed time = 1540.69 sec. (2453697.74 ticks, tree = 100.17 MB, solutions = 5)
   6611  5410       84.0000   188      207.0000       78.0000  1903871   62.32%
   6625  5424       84.0000   221      207.0000       78.0000  1909674   62.32%
   6642  5439       95.0000   251      207.0000       78.0000  1912636   62.32%
   6659  5454       95.0000   193      207.0000       78.0000  1913852   62.32%
   6691  5486       95.0000   222      207.0000       78.0000  1915880   62.32%
   6743  5531      107.1912   111      207.0000       78.0000  1919165   62.32%
   6820  5567       78.5435   273      207.0000       78.0000  1924581   62.32%
   6835  5581       80.0000   271      207.0000       78.0000  1929440   62.32%
   6843  5589       80.0000   271      207.0000       78.0000  1935425   62.32%
   6854  5599       81.0000   261      207.0000       78.0000  1939327   62.32%
Elapsed time = 1567.70 sec. (2494779.56 ticks, tree = 104.09 MB, solutions = 5)
   6871  5616       81.0000   272      207.0000       78.0000  1943322   62.32%
   6900  5644       82.0000   235      207.0000       78.0000  1946958   62.32%
   6913  5656       88.0000   290      207.0000       78.0000  1950642   62.32%
   6930  5672       89.0000   224      207.0000       78.0000  1955289   62.32%
   6938  5678       89.0000   216      207.0000       78.0000  1960685   62.32%
   6952  5691       90.0000   250      207.0000       78.0000  1966300   62.32%
   6976  5715       90.0000   204      207.0000       78.0000  1970363   62.32%
   7007  5746       90.0000   217      207.0000       78.0000  1974294   62.32%
   7032  5770       95.0000   191      207.0000       78.0000  1977821   62.32%
   7062  5797      148.0000   151      207.0000       78.0000  1982000   62.32%
Elapsed time = 1595.68 sec. (2535592.30 ticks, tree = 107.77 MB, solutions = 5)
   7127  5840       78.0000   227      207.0000       78.0000  1988200   62.32%
   7132  5845       78.0000   206      207.0000       78.0000  1994625   62.32%
   7142  5854       79.0000   243      207.0000       78.0000  1998706   62.32%
   7144  5856       79.0000   253      207.0000       78.0000  1999417   62.32%
   7165  5877       79.0000   256      207.0000       78.0000  2003793   62.32%
   7191  5903       79.0000   211      207.0000       78.0000  2009253   62.32%
   7210  5921       80.0000   239      207.0000       78.0000  2013509   62.32%
   7231  5942       80.0000   245      207.0000       78.0000  2017701   62.32%
   7243  5952       82.0000   214      207.0000       78.0000  2022645   62.32%
   7259  5967       83.0000   211      207.0000       78.0000  2025965   62.32%
Elapsed time = 1662.96 sec. (2641263.06 ticks, tree = 110.95 MB, solutions = 5)
   7284  5991       84.0000   219      207.0000       78.0000  2030846   62.32%
   7309  6014       85.0000   158      207.0000       78.0000  2035838   62.32%
   7318  6023       86.0000   236      207.0000       78.0000  2046744   62.32%
   7336  6039       78.3429   214      207.0000       78.0000  2062949   62.32%
   7346  6047       81.1618   227      207.0000       78.0000  2067200   62.32%
   7357  6057       79.0000   245      207.0000       78.0000  2071000   62.32%
   7364  6062       79.0000   221      207.0000       78.0000  2076019   62.32%
   7370  6067       79.0000   223      207.0000       78.0000  2080488   62.32%
   7374  6069       80.8151   192      207.0000       78.0000  2085564   62.32%
   7382  6076       79.0000   220      207.0000       78.0000  2090246   62.32%
Elapsed time = 1721.58 sec. (2736606.54 ticks, tree = 112.95 MB, solutions = 5)
   7390  6082       79.0000   207      207.0000       78.0000  2095185   62.32%
   7399  6088       79.2828   204      207.0000       78.0000  2100117   62.32%
   7410  6098       82.0000   200      207.0000       78.0000  2103648   62.32%
   7425  6111       85.0000   190      207.0000       78.0000  2106475   62.32%
   7439  6125       85.0000   179      207.0000       78.0000  2109857   62.32%
   7457  6142       85.0000   184      207.0000       78.0000  2114577   62.32%
   7474  6157       86.0000   163      207.0000       78.0000  2119438   62.32%
   7491  6173       86.0000   185      207.0000       78.0000  2124794   62.32%
   7506  6186       86.0000   140      207.0000       78.0000  2130983   62.32%
   7531  6203       97.0000   162      207.0000       78.0000  2134538   62.32%
Elapsed time = 1748.11 sec. (2775854.70 ticks, tree = 115.33 MB, solutions = 5)
   7536  6207       78.4516   254      207.0000       78.0000  2151673   62.32%
   7550  6220       79.1644   212      207.0000       78.0000  2156360   62.32%
   7571  6241       80.0000   211      207.0000       78.0000  2160590   62.32%
   7580  6248       81.0000   207      207.0000       78.0000  2165550   62.32%
   7598  6265       82.0000   201      207.0000       78.0000  2170194   62.32%
   7624  6290       85.0000   195      207.0000       78.0000  2172852   62.32%
   7650  6313       86.0000   168      207.0000       78.0000  2177678   62.32%
   7687  6350       86.0000   178      207.0000       78.0000  2184171   62.32%
   7725  6387       94.0000   184      207.0000       78.0000  2188862   62.32%
*  7734+ 6393                          204.0000       78.0000            61.76%
   7736  6397       78.0000   328      204.0000       78.0000  2190958   61.76%
Elapsed time = 1838.69 sec. (2929192.07 ticks, tree = 118.98 MB, solutions = 6)
   7740  6401       78.0000   286      204.0000       78.0000  2195353   61.76%
   7745  6406       78.0000   275      204.0000       78.0000  2199216   61.76%
   7749  6409       78.0558   234      204.0000       78.0000  2202920   61.76%
   7754  6414       79.0000   254      204.0000       78.0000  2206176   61.76%
   7759  6419       79.0000   219      204.0000       78.0000  2210078   61.76%
   7763  6422       80.0000   319      204.0000       78.0000  2213965   61.76%
   7768  6426       81.0000   282      204.0000       78.0000  2218300   61.76%
   7778  6435       82.0000   265      204.0000       78.0000  2221726   61.76%
   7788  6444       82.0738   263      204.0000       78.0000  2226212   61.76%
   7802  6458       83.0000   278      204.0000       78.0000  2227553   61.76%
Elapsed time = 1864.17 sec. (2971109.07 ticks, tree = 120.06 MB, solutions = 6)
   7815  6471       84.0000   223      204.0000       78.0000  2231947   61.76%
   7837  6493       85.0000   343      204.0000       78.0000  2235735   61.76%
   7856  6512       85.0000   246      204.0000       78.0000  2239037   61.76%
   7873  6528       86.0000   224      204.0000       78.0000  2244033   61.76%
   7889  6544       87.0000   238      204.0000       78.0000  2249535   61.76%
   7907  6561       88.0000   229      204.0000       78.0000  2252838   61.76%
   7927  6576       91.2360   185      204.0000       78.0000  2258638   61.76%
   7936  6583       78.8816   320      204.0000       78.0000  2263392   61.76%
   7942  6588       80.0000   384      204.0000       78.0000  2267207   61.76%
   7945  6591       80.0000   397      204.0000       78.0000  2274179   61.76%
Elapsed time = 1892.35 sec. (3014382.42 ticks, tree = 122.49 MB, solutions = 6)
   7952  6597       81.0000   388      204.0000       78.0000  2276216   61.76%
   7963  6608       81.0000   297      204.0000       78.0000  2279164   61.76%
   7971  6616       81.0000   315      204.0000       78.0000  2282799   61.76%
   7980  6624       82.0000   267      204.0000       78.0000  2286879   61.76%
   7987  6631       82.0000   317      204.0000       78.0000  2290758   61.76%
   7996  6639       83.0000   295      204.0000       78.0000  2293403   61.76%
   8012  6655       83.0000   304      204.0000       78.0000  2297273   61.76%
   8018  6661       83.0000   295      204.0000       78.0000  2301650   61.76%
   8026  6668       84.0000   253      204.0000       78.0000  2304407   61.76%
   8039  6681       84.0000   287      204.0000       78.0000  2308389   61.76%
Elapsed time = 1918.16 sec. (3057118.22 ticks, tree = 124.08 MB, solutions = 6)
   8054  6696       84.0000   248      204.0000       78.0000  2312418   61.76%
   8069  6711       84.0000   276      204.0000       78.0000  2316611   61.76%
   8082  6723       85.0000   303      204.0000       78.0000  2319272   61.76%
   8102  6743       85.0000   245      204.0000       78.0000  2322657   61.76%
   8119  6759       85.4602   267      204.0000       78.0000  2328665   61.76%
   8129  6769      106.0000   253      204.0000       78.0000  2330863   61.76%
   8134  6774      106.0000   275      204.0000       78.0000  2331236   61.76%
   8146  6785       82.0000   253      204.0000       78.0000  2334548   61.76%
   8168  6807       82.0000   280      204.0000       78.0000  2338674   61.76%
   8188  6826       84.0000   258      204.0000       78.0000  2342491   61.76%
Elapsed time = 1948.02 sec. (3104206.69 ticks, tree = 126.69 MB, solutions = 6)
   8211  6849       84.0000   226      204.0000       78.0000  2345460   61.76%
   8229  6867       84.0000   220      204.0000       78.0000  2348964   61.76%
   8251  6889       84.0000   241      204.0000       78.0000  2352636   61.76%
   8268  6906       84.0000   236      204.0000       78.0000  2357293   61.76%
   8286  6924       84.0000   223      204.0000       78.0000  2363199   61.76%
   8317  6952       94.0000   272      204.0000       78.0000  2363981   61.76%
   8336  6970       78.4062   220      204.0000       78.0000  2367426   61.76%
   8347  6981       79.0000   248      204.0000       78.0000  2373142   61.76%
   8364  6998       80.0000   231      204.0000       78.0000  2378155   61.76%
   8377  7011       80.0000   214      204.0000       78.0000  2384105   61.76%
Elapsed time = 1975.31 sec. (3146335.20 ticks, tree = 130.06 MB, solutions = 6)
   8389  7023       80.0000   293      204.0000       78.0000  2389136   61.76%
   8401  7035       80.0000   280      204.0000       78.0000  2394526   61.76%
   8415  7047       80.5156   168      204.0000       78.0000  2399870   61.76%
   8429  7059       80.0000   215      204.0000       78.0000  2405001   61.76%
   8438  7066       82.5293   190      204.0000       78.0000  2414605   61.76%
   8456  7081       84.3964   170      204.0000       78.0000  2419023   61.76%
   8471  7094       84.0000   187      204.0000       78.0000  2424632   61.76%
   8486  7107      100.0000   219      204.0000       78.0000  2426925   61.76%
   8512  7124      132.0000   195      204.0000       78.0000  2428614   61.76%
   8534  7142      132.0000   170      204.0000       78.0000  2429824   61.76%
Elapsed time = 2005.71 sec. (3191387.54 ticks, tree = 132.50 MB, solutions = 6)
   8540  7147       79.0000   263      204.0000       78.0000  2433990   61.76%
   8554  7160       81.0000   252      204.0000       78.0000  2438477   61.76%
   8567  7172       82.0000   205      204.0000       78.0000  2443685   61.76%
   8589  7193       88.0000   288      204.0000       78.0000  2446855   61.76%
   8612  7216       88.0000   282      204.0000       78.0000  2448559   61.76%
   8640  7244       88.0000   261      204.0000       78.0000  2452284   61.76%
   8672  7274       95.0000   261      204.0000       78.0000  2454683   61.76%
   8705  7307       95.0000   213      204.0000       78.0000  2457478   61.76%
   8736  7338       78.0000   246      204.0000       78.0000  2462539   61.76%
   8743  7345       78.0000   243      204.0000       78.0000  2467516   61.76%
Elapsed time = 2062.61 sec. (3287624.31 ticks, tree = 136.24 MB, solutions = 6)
   8751  7353       79.0000   314      204.0000       78.0000  2472449   61.76%
   8758  7360       79.0000   188      204.0000       78.0000  2476209   61.76%
   8769  7371       79.0000   249      204.0000       78.0000  2481249   61.76%
   8788  7390       80.0000   226      204.0000       78.0000  2486659   61.76%
   8799  7401       80.0000   232      204.0000       78.0000  2492164   61.76%
   8816  7418       81.0000   301      204.0000       78.0000  2496362   61.76%
   8827  7429       81.0000   217      204.0000       78.0000  2498677   61.76%
   8833  7435       81.0000   242      204.0000       78.0000  2500580   61.76%
   8850  7452       81.0000   232      204.0000       78.0000  2505008   61.76%
   8864  7466       81.0000   239      204.0000       78.0000  2510222   61.76%
Elapsed time = 2093.33 sec. (3331602.15 ticks, tree = 138.39 MB, solutions = 6)
   8874  7476       82.0000   318      204.0000       78.0000  2514956   61.76%
   8895  7497       82.0000   293      204.0000       78.0000  2518914   61.76%
   8908  7510       82.0000   262      204.0000       78.0000  2523277   61.76%
   8925  7526       82.1369   280      204.0000       78.0000  2527067   61.76%
   8936  7537       78.0000   306      204.0000       78.0000  2561704   61.76%
   8942  7542       79.0000   220      204.0000       78.0000  2565159   61.76%
   8948  7547       79.1854   215      204.0000       78.0000  2568639   61.76%
   8961  7560       80.0000   211      204.0000       78.0000  2571259   61.76%
   8974  7571       80.0000   238      204.0000       78.0000  2574382   61.76%
   8986  7583       80.0000   237      204.0000       78.0000  2578383   61.76%
Elapsed time = 2133.83 sec. (3394376.97 ticks, tree = 140.48 MB, solutions = 6)
   8997  7593       81.0000   240      204.0000       78.0000  2582650   61.76%
   9010  7606       81.0000   214      204.0000       78.0000  2585702   61.76%
   9022  7618       81.0000   241      204.0000       78.0000  2590477   61.76%
   9030  7625       82.0000   234      204.0000       78.0000  2594650   61.76%
   9048  7643       82.0000   217      204.0000       78.0000  2597862   61.76%
   9071  7666       82.0000   242      204.0000       78.0000  2602572   61.76%
   9095  7689       83.0000   257      204.0000       78.0000  2604597   61.76%
   9112  7705       83.2901   246      204.0000       78.0000  2608333   61.76%
   9134  7727       84.0000   253      204.0000       78.0000  2611345   61.76%
   9136  7729       78.0000   223      204.0000       78.0000  2612567   61.76%
Elapsed time = 2177.97 sec. (3466718.57 ticks, tree = 143.12 MB, solutions = 6)
   9143  7736       78.0000   204      204.0000       78.0000  2616145   61.76%
   9148  7741       78.0000   272      204.0000       78.0000  2622247   61.76%
   9158  7750       79.0000   243      204.0000       78.0000  2625585   61.76%
   9167  7758       80.0000   217      204.0000       78.0000  2630620   61.76%
   9182  7772       81.0000   289      204.0000       78.0000  2633732   61.76%
   9198  7788       81.0000   230      204.0000       78.0000  2636560   61.76%
   9215  7805       81.0000   195      204.0000       78.0000  2639975   61.76%
   9229  7819       81.0000   222      204.0000       78.0000  2644757   61.76%
   9246  7836       81.0000   230      204.0000       78.0000  2648873   61.76%
   9265  7855       81.0000   219      204.0000       78.0000  2653919   61.76%
Elapsed time = 2203.74 sec. (3507716.95 ticks, tree = 145.38 MB, solutions = 6)
   9279  7867      145.1691   230      204.0000       78.0000  2658757   61.76%
   9296  7884      146.0000   254      204.0000       78.0000  2659428   61.76%
   9316  7903      154.0000   252      204.0000       78.0000  2660056   61.76%
   9334  7921      154.0000   260      204.0000       78.0000  2660744   61.76%
   9336  7923       78.0000   240      204.0000       78.0000  2662199   61.76%
   9346  7933       78.0000   243      204.0000       78.0000  2667180   61.76%
   9353  7940       78.0000   273      204.0000       78.0000  2673912   61.76%
   9360  7947       80.0000   269      204.0000       78.0000  2679353   61.76%
   9371  7958       80.0000   260      204.0000       78.0000  2684973   61.76%
   9381  7968       80.0000   281      204.0000       78.0000  2690393   61.76%
Elapsed time = 2242.56 sec. (3569745.95 ticks, tree = 147.42 MB, solutions = 6)
   9396  7982       80.0000   266      204.0000       78.0000  2695355   61.76%
   9405  7991       80.0000   256      204.0000       78.0000  2700707   61.76%
   9414  7999       81.6005   262      204.0000       78.0000  2705789   61.76%
   9422  8006       80.1143   253      204.0000       78.0000  2711777   61.76%
   9427  8011       80.2095   225      204.0000       78.0000  2717400   61.76%
   9434  8016       80.2039   223      204.0000       78.0000  2723617   61.76%
   9447  8027       83.4673   202      204.0000       78.0000  2728850   61.76%
   9462  8042       84.0000   178      204.0000       78.0000  2733696   61.76%
   9464  8043       87.0809   207      204.0000       78.0000  2735641   61.76%
   9476  8053       88.0000   209      204.0000       78.0000  2740414   61.76%
Elapsed time = 2272.11 sec. (3615321.03 ticks, tree = 148.97 MB, solutions = 6)
   9498  8069       95.0000   190      204.0000       78.0000  2742593   61.76%
   9523  8090       97.0000   187      204.0000       78.0000  2744153   61.76%
   9534  8099       97.0000   173      204.0000       78.0000  2745610   61.76%
   9548  8110       88.0000   221      204.0000       78.0000  2748635   61.76%
   9573  8135       88.0000   195      204.0000       78.0000  2753556   61.76%
   9592  8153       88.3971   185      204.0000       78.0000  2760414   61.76%
   9626  8187       89.3750   188      204.0000       78.0000  2763968   61.76%
   9663  8222       90.0000   188      204.0000       78.0000  2767577   61.76%
   9698  8257       90.0000   188      204.0000       78.0000  2770765   61.76%
   9734  8293       90.0000   225      204.0000       78.0000  2772564   61.76%
Elapsed time = 2323.99 sec. (3693262.63 ticks, tree = 153.76 MB, solutions = 6)
   9745  8303      100.0000   242      204.0000       78.0000  2774135   61.76%
   9767  8324      101.0000   258      204.0000       78.0000  2776147   61.76%
   9793  8350      101.0000   203      204.0000       78.0000  2779298   61.76%
   9826  8383      101.0000   213      204.0000       78.0000  2783401   61.76%
   9879  8435      102.0000   225      204.0000       78.0000  2787024   61.76%
   9916  8468      110.0000   201      204.0000       78.0000  2790324   61.76%
   9936  8486       78.6004   285      204.0000       78.0000  2794693   61.76%
   9947  8497       80.0000   271      204.0000       78.0000  2798575   61.76%
   9957  8507       80.0448   249      204.0000       78.0000  2804037   61.76%
   9980  8530       81.0000   267      204.0000       78.0000  2807963   61.76%
Elapsed time = 2350.73 sec. (3734187.87 ticks, tree = 158.14 MB, solutions = 6)
   9995  8545       82.0000   243      204.0000       78.0000  2812560   61.76%
  10021  8571       83.0000   183      204.0000       78.0000  2817814   61.76%
  10036  8586       84.0000   198      204.0000       78.0000  2823178   61.76%
  10063  8612       85.0000   202      204.0000       78.0000  2827439   61.76%
  10093  8642       85.0000   223      204.0000       78.0000  2832946   61.76%
  10114  8663       86.0000   201      204.0000       78.0000  2837007   61.76%
  10115  8663       78.2986   247      204.0000       78.0000  2839990   61.76%
  10122  8670       80.0000   261      204.0000       78.0000  2843994   61.76%
  10139  8686       81.1918   235      204.0000       78.0000  2849107   61.76%
  10161  8702       86.0000   252      204.0000       78.0000  2852119   61.76%
Elapsed time = 2705.57 sec. (4256593.04 ticks, tree = 161.30 MB, solutions = 6)
  10178  8719       86.0000   249      204.0000       78.0000  2853825   61.76%
  10207  8748       86.0000   267      204.0000       78.0000  2856050   61.76%
  10237  8778       86.0000   226      204.0000       78.0000  2860092   61.76%
  10272  8813       86.0000   248      204.0000       78.0000  2863113   61.76%
  10298  8838       97.0000   238      204.0000       78.0000  2864931   61.76%
  10339  8879       97.0000   239      204.0000       78.0000  2867141   61.76%
  10381  8921       97.0000   198      204.0000       78.0000  2870010   61.76%
  10422  8960       97.0000   186      204.0000       78.0000  2874332   61.76%
  10463  8997      106.0000   156      204.0000       78.0000  2879532   61.76%
  10531  9032       78.0000   235      204.0000       78.0000  2885971   61.76%
Elapsed time = 2747.62 sec. (4324238.33 ticks, tree = 167.53 MB, solutions = 6)
  10548  9049       79.0000   229      204.0000       78.0000  2890967   61.76%
  10564  9065       79.0000   236      204.0000       78.0000  2896466   61.76%
  10576  9076       81.0000   291      204.0000       78.0000  2901158   61.76%
  10590  9090       81.0000   233      204.0000       78.0000  2905176   61.76%
  10604  9104       81.0000   228      204.0000       78.0000  2910552   61.76%
  10625  9125       82.0000   243      204.0000       78.0000  2915092   61.76%
  10645  9145       83.0000   276      204.0000       78.0000  2920477   61.76%
  10671  9171       83.0000   249      204.0000       78.0000  2926228   61.76%
  10699  9198       83.0098   250      204.0000       78.0000  2931584   61.76%
  10723  9222       84.0000   254      204.0000       78.0000  2934920   61.76%
Elapsed time = 2774.58 sec. (4363941.09 ticks, tree = 171.00 MB, solutions = 6)
  10748  9247       84.0000   209      204.0000       78.0000  2939900   61.76%
  10772  9270       90.0000   273      204.0000       78.0000  2941606   61.76%
  10803  9301       90.0000   190      204.0000       78.0000  2945568   61.76%
  10839  9335       90.0000   174      204.0000       78.0000  2951620   61.76%
  10868  9362      101.0000   202      204.0000       78.0000  2957977   61.76%
  10899  9391      139.1618   145      204.0000       78.0000  2960754   61.76%
  10936  9413       78.9662   255      204.0000       78.0000  2965118   61.76%
  10945  9422       80.0000   241      204.0000       78.0000  2969874   61.76%
  10964  9441       81.0000   251      204.0000       78.0000  2975216   61.76%
  10984  9461       81.0000   252      204.0000       78.0000  2980033   61.76%
Elapsed time = 2802.25 sec. (4405679.43 ticks, tree = 175.51 MB, solutions = 6)
  10996  9473       82.0000   200      204.0000       78.0000  2985476   61.76%
  11014  9491       83.0000   219      204.0000       78.0000  2990025   61.76%
  11041  9518      130.0000   193      204.0000       78.0000  2994334   61.76%
  11059  9536      130.0000   274      204.0000       78.0000  2994775   61.76%
  11083  9560      130.0000   277      204.0000       78.0000  2995463   61.76%
  11113  9590      130.0000   265      204.0000       78.0000  2996975   61.76%
  11136  9610       80.1434   264      204.0000       78.0000  3001074   61.76%
  11143  9617       81.0000   253      204.0000       78.0000  3005942   61.76%
  11156  9630       81.0000   281      204.0000       78.0000  3011332   61.76%
  11173  9647       81.0000   271      204.0000       78.0000  3016385   61.76%
Elapsed time = 2827.71 sec. (4445594.17 ticks, tree = 178.92 MB, solutions = 6)
  11187  9661       81.0000   279      204.0000       78.0000  3021374   61.76%
  11210  9684       82.0000   245      204.0000       78.0000  3025382   61.76%
  11241  9715       83.0000   253      204.0000       78.0000  3029969   61.76%
  11261  9733       87.0000   234      204.0000       78.0000  3033807   61.76%
  11277  9749       87.0000   228      204.0000       78.0000  3038650   61.76%
  11287  9759       87.0000   210      204.0000       78.0000  3043847   61.76%
  11315  9787       87.0000   201      204.0000       78.0000  3048247   61.76%
  11336  9808       78.0000   234      204.0000       78.0000  3053255   61.76%
  11346  9817       79.0000   288      204.0000       78.0000  3057072   61.76%
  11356  9827       79.0000   270      204.0000       78.0000  3061900   61.76%
Elapsed time = 2867.26 sec. (4506286.43 ticks, tree = 182.21 MB, solutions = 6)
  11362  9833       79.0000   293      204.0000       78.0000  3066249   61.76%
  11373  9843       79.1958   246      204.0000       78.0000  3071885   61.76%
  11389  9859       80.0000   271      204.0000       78.0000  3074893   61.76%
  11403  9872       80.0000   249      204.0000       78.0000  3080013   61.76%
  11420  9883       80.2757   214      204.0000       78.0000  3085619   61.76%
  11434  9895       82.0000   210      204.0000       78.0000  3090183   61.76%
  11462  9923       82.0000   233      204.0000       78.0000  3092534   61.76%
  11475  9935       82.1399   205      204.0000       78.0000  3098883   61.76%
  11502  9961       82.1417   198      204.0000       78.0000  3105652   61.76%
  11530  9988       83.1509   167      204.0000       78.0000  3111041   61.76%
Elapsed time = 2900.31 sec. (4551341.00 ticks, tree = 185.21 MB, solutions = 6)
  11536  9992       78.4171   227      204.0000       78.0000  3115356   61.76%
  11544 10000       79.0000   237      204.0000       78.0000  3119037   61.76%
  11554 10009       80.0000   253      204.0000       78.0000  3123040   61.76%
  11561 10016       80.0000   236      204.0000       78.0000  3127402   61.76%
  11568 10022       81.0000   273      204.0000       78.0000  3131043   61.76%
  11580 10033       82.0000   308      204.0000       78.0000  3134164   61.76%
  11599 10052       83.0000   259      204.0000       78.0000  3137536   61.76%
  11619 10072       83.0000   248      204.0000       78.0000  3140813   61.76%
  11639 10090       97.0000   264      204.0000       78.0000  3142563   61.76%
  11653 10103      101.0000   294      204.0000       78.0000  3143449   61.76%
Elapsed time = 2925.70 sec. (4593038.19 ticks, tree = 187.28 MB, solutions = 6)
  11673 10123      101.0000   265      204.0000       78.0000  3144425   61.76%
  11694 10144      101.0000   216      204.0000       78.0000  3146859   61.76%
  11719 10169      101.0000   205      204.0000       78.0000  3150454   61.76%
  11736 10185       78.3717   244      204.0000       78.0000  3156977   61.76%
  11747 10196       79.0000   268      204.0000       78.0000  3162863   61.76%
  11764 10213       80.0000   239      204.0000       78.0000  3166583   61.76%
  11777 10226       81.0000   288      204.0000       78.0000  3170747   61.76%
  11792 10241       81.0000   242      204.0000       78.0000  3175586   61.76%
  11805 10253       82.0000   234      204.0000       78.0000  3179977   61.76%
  11822 10267       83.0000   321      204.0000       78.0000  3182955   61.76%
Elapsed time = 2952.41 sec. (4635315.68 ticks, tree = 190.25 MB, solutions = 6)
  11838 10282       83.6827   186      204.0000       78.0000  3187389   61.76%
  11854 10297       86.0000   206      204.0000       78.0000  3191887   61.76%
  11870 10313       86.0000   202      204.0000       78.0000  3196432   61.76%
  11882 10324       87.0000   216      204.0000       78.0000  3201352   61.76%
  11904 10345       88.0000   217      204.0000       78.0000  3205260   61.76%
  11931 10372       88.0000   245      204.0000       78.0000  3209865   61.76%
  11939 10379       80.0000   240      204.0000       78.0000  3213407   61.76%
  11951 10391       80.1590   234      204.0000       78.0000  3220046   61.76%
  11966 10406       81.0000   213      204.0000       78.0000  3224399   61.76%
  11980 10420       81.0000   224      204.0000       78.0000  3229671   61.76%
Elapsed time = 2979.97 sec. (4677012.72 ticks, tree = 193.04 MB, solutions = 6)
  11991 10430       82.0000   164      204.0000       78.0000  3235441   61.76%
  12005 10444       82.0000   160      204.0000       78.0000  3241864   61.76%
  12020 10458       82.0000   200      204.0000       78.0000  3246483   61.76%
  12045 10483       82.0000   222      204.0000       78.0000  3250911   61.76%
  12067 10503       84.0000   149      204.0000       78.0000  3256377   61.76%
  12086 10521       89.0000   233      204.0000       78.0000  3259334   61.76%
  12117 10550      100.0000   186      204.0000       78.0000  3262135   61.76%
  12136 10566       78.2020   255      204.0000       78.0000  3266790   61.76%
  12148 10578       79.0000   246      204.0000       78.0000  3270702   61.76%
  12162 10591       80.0000   282      204.0000       78.0000  3274764   61.76%
Elapsed time = 3007.67 sec. (4718056.14 ticks, tree = 196.23 MB, solutions = 6)
  12185 10614       80.0000   284      204.0000       78.0000  3278556   61.76%
  12195 10623       82.4819   245      204.0000       78.0000  3283301   61.76%
  12207 10634       83.4617   199      204.0000       78.0000  3288463   61.76%
  12227 10654       84.0000   191      204.0000       78.0000  3292221   61.76%
  12235 10662       84.0000   215      204.0000       78.0000  3297987   61.76%
  12249 10676       85.0000   246      204.0000       78.0000  3303075   61.76%
  12274 10701       85.0000   203      204.0000       78.0000  3308008   61.76%
  12291 10717       87.0000   218      204.0000       78.0000  3312800   61.76%
  12312 10737       88.0000   211      204.0000       78.0000  3316796   61.76%
  12336 10761       78.0000   258      204.0000       78.0000  3322947   61.76%
Elapsed time = 3055.55 sec. (4795235.88 ticks, tree = 199.36 MB, solutions = 6)
  12343 10767       79.0000   283      204.0000       78.0000  3326791   61.76%
  12353 10777       79.0000   244      204.0000       78.0000  3330620   61.76%
  12361 10783       79.0000   239      204.0000       78.0000  3334586   61.76%
  12372 10793       79.0156   254      204.0000       78.0000  3339843   61.76%
  12381 10801       80.0000   219      204.0000       78.0000  3344148   61.76%
  12394 10813       80.0000   243      204.0000       78.0000  3348429   61.76%
  12401 10819       80.0000   250      204.0000       78.0000  3353129   61.76%
  12408 10824       80.0000   227      204.0000       78.0000  3357700   61.76%
  12420 10833       80.4794   227      204.0000       78.0000  3363692   61.76%
  12430 10841       80.0000   293      204.0000       78.0000  3367407   61.76%
Elapsed time = 3080.69 sec. (4836199.20 ticks, tree = 200.80 MB, solutions = 6)
  12446 10853       81.0000   361      204.0000       78.0000  3369865   61.76%
  12459 10865       82.9081   237      204.0000       78.0000  3374203   61.76%
  12474 10880       81.0000   262      204.0000       78.0000  3378531   61.76%
  12489 10893       81.0000   253      204.0000       78.0000  3383935   61.76%
  12510 10912       81.0000   244      204.0000       78.0000  3388818   61.76%
  12526 10924       82.0000   240      204.0000       78.0000  3392940   61.76%
  12536 10934       78.0000   242      204.0000       78.0000  3397094   61.76%
  12541 10938       78.3577   170      204.0000       78.0000  3402053   61.76%
  12552 10949       79.0000   248      204.0000       78.0000  3406252   61.76%
  12566 10962       80.0000   199      204.0000       78.0000  3410010   61.76%
Elapsed time = 3111.02 sec. (4884182.15 ticks, tree = 203.02 MB, solutions = 6)
  12577 10972       81.0000   240      204.0000       78.0000  3413277   61.76%
  12587 10982       81.0000   241      204.0000       78.0000  3417753   61.76%
  12597 10991      102.0000   262      204.0000       78.0000  3420729   61.76%
  12610 11004      102.0000   261      204.0000       78.0000  3421725   61.76%
  12624 11018      102.0000   260      204.0000       78.0000  3423326   61.76%
  12652 11046      102.0000   244      204.0000       78.0000  3424619   61.76%
  12666 11059      105.0000   233      204.0000       78.0000  3427619   61.76%
  12689 11079      126.0000   218      204.0000       78.0000  3430326   61.76%
  12716 11106      126.0000   226      204.0000       78.0000  3431505   61.76%
  12736 11126       78.0000   191      204.0000       78.0000  3433225   61.76%
Elapsed time = 3146.93 sec. (4941410.10 ticks, tree = 206.04 MB, solutions = 6)
  12746 11136       79.0000   205      204.0000       78.0000  3439698   61.76%
  12759 11149       79.0000   221      204.0000       78.0000  3445252   61.76%
  12768 11158       80.0000   225      204.0000       78.0000  3449910   61.76%
  12774 11164       85.0000   249      204.0000       78.0000  3455408   61.76%
  12791 11181       85.0000   205      204.0000       78.0000  3459701   61.76%
  12809 11198      101.0000   229      204.0000       78.0000  3462047   61.76%
  12835 11224      101.0000   198      204.0000       78.0000  3463459   61.76%
  12863 11252      101.0000   225      204.0000       78.0000  3466311   61.76%
  12901 11289      120.0000   175      204.0000       78.0000  3469695   61.76%
  12936 11323       78.0221   165      204.0000       78.0000  3472312   61.76%
Elapsed time = 3173.65 sec. (4981869.65 ticks, tree = 209.68 MB, solutions = 6)
  12946 11333       79.0000   225      204.0000       78.0000  3476232   61.76%
  12957 11344       80.0000   198      204.0000       78.0000  3481931   61.76%
  12973 11360       81.0000   197      204.0000       78.0000  3486451   61.76%
  12988 11375       81.0000   226      204.0000       78.0000  3492195   61.76%
  13002 11386       85.0000   218      204.0000       78.0000  3498831   61.76%
  13019 11403       86.0000   218      204.0000       78.0000  3504878   61.76%
  13045 11429       86.0000   232      204.0000       78.0000  3511319   61.76%
  13079 11462       89.0000   196      204.0000       78.0000  3515202   61.76%
  13125 11507       90.0000   218      204.0000       78.0000  3520002   61.76%
  13136 11518       78.0000   183      204.0000       78.0000  3522501   61.76%
Elapsed time = 3214.03 sec. (5044793.54 ticks, tree = 213.30 MB, solutions = 6)
  13153 11535       79.0896   195      204.0000       78.0000  3528162   61.76%
  13170 11552       80.0000   191      204.0000       78.0000  3531180   61.76%
  13186 11568       80.0000   209      204.0000       78.0000  3536227   61.76%
  13202 11583      102.0000   302      204.0000       78.0000  3537322   61.76%
  13221 11602      102.0000   273      204.0000       78.0000  3538641   61.76%
  13246 11627      102.0000   238      204.0000       78.0000  3540065   61.76%
  13277 11658      102.0000   207      204.0000       78.0000  3541840   61.76%
  13313 11694      102.0000   263      204.0000       78.0000  3544290   61.76%
  13340 11720       79.0000   209      204.0000       78.0000  3547736   61.76%
  13358 11738       79.0000   242      204.0000       78.0000  3553664   61.76%
Elapsed time = 3239.37 sec. (5084256.55 ticks, tree = 217.31 MB, solutions = 6)
  13369 11748       79.0000   253      204.0000       78.0000  3557890   61.76%
  13382 11761       79.0000   227      204.0000       78.0000  3563459   61.76%
  13395 11773       79.0000   185      204.0000       78.0000  3568529   61.76%
  13412 11790       79.0000   222      204.0000       78.0000  3574503   61.76%
  13422 11800       79.7412   182      204.0000       78.0000  3581617   61.76%
  13434 11812       80.0000   231      204.0000       78.0000  3587609   61.76%
  13452 11829       81.0000   218      204.0000       78.0000  3592362   61.76%
  13465 11842       81.4702   210      204.0000       78.0000  3598340   61.76%
  13480 11855       82.0000   207      204.0000       78.0000  3603266   61.76%
  13500 11874       82.6883   193      204.0000       78.0000  3610338   61.76%
Elapsed time = 3266.93 sec. (5125559.04 ticks, tree = 219.81 MB, solutions = 6)
  13514 11886       82.0000   179      204.0000       78.0000  3616414   61.76%
  13531 11903       82.0000   189      204.0000       78.0000  3623486   61.76%
  13534 11906       82.0000   183      204.0000       78.0000  3625345   61.76%
  13538 11908       79.0000   252      204.0000       78.0000  3628960   61.76%
  13552 11921       80.0000   251      204.0000       78.0000  3633510   61.76%
  13563 11932       80.0000   214      204.0000       78.0000  3638393   61.76%
  13575 11942       81.1193   232      204.0000       78.0000  3643801   61.76%
  13592 11959       82.0000   223      204.0000       78.0000  3647236   61.76%
  13613 11980       82.0000   265      204.0000       78.0000  3651841   61.76%
  13627 11993       82.0098   191      204.0000       78.0000  3656949   61.76%
Elapsed time = 3370.95 sec. (5273392.72 ticks, tree = 222.01 MB, solutions = 6)
  13634 12000      105.0000   289      204.0000       78.0000  3657993   61.76%
  13646 12012      105.0000   278      204.0000       78.0000  3659118   61.76%
  13662 12028      105.0000   245      204.0000       78.0000  3660692   61.76%
  13675 12041      105.0000   247      204.0000       78.0000  3663182   61.76%
  13701 12067      105.0000   187      204.0000       78.0000  3665832   61.76%
  13736 12101       78.2787   215      204.0000       78.0000  3670500   61.76%
  13751 12116       80.0000   248      204.0000       78.0000  3676384   61.76%
  13770 12135       90.0000   248      204.0000       78.0000  3680069   61.76%
  13790 12154       91.0000   224      204.0000       78.0000  3681898   61.76%
  13810 12174       91.0000   199      204.0000       78.0000  3685481   61.76%
Elapsed time = 3412.24 sec. (5334712.16 ticks, tree = 225.35 MB, solutions = 6)
  13842 12206       91.0000   191      204.0000       78.0000  3689337   61.76%
  13878 12242       91.0000   211      204.0000       78.0000  3694075   61.76%
  13920 12284       91.0000   193      204.0000       78.0000  3698037   61.76%
  13936 12299       79.2285   203      204.0000       78.0000  3702029   61.76%
  13937 12300       80.0000   199      204.0000       78.0000  3702033   61.76%
  13946 12309       80.0000   215      204.0000       78.0000  3707636   61.76%
  13958 12321       81.0000   253      204.0000       78.0000  3712661   61.76%
  13973 12336       81.0000   280      204.0000       78.0000  3717320   61.76%
  13983 12346      106.0000   283      204.0000       78.0000  3719883   61.76%
  14000 12363      106.0000   274      204.0000       78.0000  3720749   61.76%
Elapsed time = 3444.42 sec. (5377694.01 ticks, tree = 228.82 MB, solutions = 6)
  14014 12377      106.0000   241      204.0000       78.0000  3722544   61.76%
  14039 12402      106.0000   271      204.0000       78.0000  3724119   61.76%
  14056 12419      106.0000   235      204.0000       78.0000  3726786   61.76%
  14091 12453      106.0000   235      204.0000       78.0000  3729231   61.76%
  14117 12479      106.0000   212      204.0000       78.0000  3734067   61.76%
  14136 12497       78.0818   211      204.0000       78.0000  3740375   61.76%
  14145 12506       80.0000   239      204.0000       78.0000  3745423   61.76%
  14159 12520       81.0000   225      204.0000       78.0000  3749800   61.76%
  14173 12534       81.0000   229      204.0000       78.0000  3754975   61.76%
  14183 12542       82.0000   259      204.0000       78.0000  3761463   61.76%
Elapsed time = 3472.86 sec. (5420411.75 ticks, tree = 232.09 MB, solutions = 6)
  14202 12560       89.0000   244      204.0000       78.0000  3764716   61.76%
  14232 12589      107.0000   267      204.0000       78.0000  3766392   61.76%
  14259 12615      111.2426   233      204.0000       78.0000  3768060   61.76%
  14285 12640      118.0000   287      204.0000       78.0000  3769574   61.76%
  14319 12673      121.0000   270      204.0000       78.0000  3771280   61.76%
  14339 12690       79.0000   266      204.0000       78.0000  3774308   61.76%
  14365 12716       80.0000   276      204.0000       78.0000  3778942   61.76%
  14388 12739       80.0000   252      204.0000       78.0000  3783553   61.76%
  14405 12756       87.0000   209      204.0000       78.0000  3787957   61.76%
  14414 12765       87.0000   219      204.0000       78.0000  3794586   61.76%
Elapsed time = 3498.47 sec. (5460316.82 ticks, tree = 236.17 MB, solutions = 6)
  14432 12781       87.0000   214      204.0000       78.0000  3801004   61.76%
  14450 12799       87.0000   204      204.0000       78.0000  3807154   61.76%
  14462 12810       88.0000   214      204.0000       78.0000  3812904   61.76%
  14487 12835       88.0000   198      204.0000       78.0000  3818306   61.76%
  14517 12864       89.0000   255      204.0000       78.0000  3822052   61.76%
  14538 12883       90.0000   187      204.0000       78.0000  3826148   61.76%
  14556 12901       90.0000   208      204.0000       78.0000  3831361   61.76%
  14584 12928       92.0000   239      204.0000       78.0000  3835331   61.76%
  14599 12941       96.0000   188      204.0000       78.0000  3840961   61.76%
  14639 12980       97.0000   181      204.0000       78.0000  3846091   61.76%
Elapsed time = 3526.56 sec. (5499609.52 ticks, tree = 240.21 MB, solutions = 6)
  14669 13005      148.0000   176      204.0000       78.0000  3849908   61.76%
  14718 13041      199.9118    65      204.0000       78.0000  3852192   61.76%
  14726 13044       78.0000   350      204.0000       78.0000  3868551   61.76%
  14736 13054       79.0000   291      204.0000       78.0000  3874167   61.76%
  14741 13059       79.0590   259      204.0000       78.0000  3879147   61.76%
  14755 13073       80.0000   227      204.0000       78.0000  3884349   61.76%
  14768 13086       80.0000   241      204.0000       78.0000  3889884   61.76%
  14779 13097       81.0000   240      204.0000       78.0000  3894085   61.76%
  14790 13108       81.0000   215      204.0000       78.0000  3898548   61.76%
  14812 13130       81.0000   243      204.0000       78.0000  3903874   61.76%
Elapsed time = 3576.21 sec. (5580994.35 ticks, tree = 243.04 MB, solutions = 6)
  14831 13149       82.0000   179      204.0000       78.0000  3908906   61.76%
  14850 13168       82.0000   185      204.0000       78.0000  3914433   61.76%
  14862 13178       82.0000   201      204.0000       78.0000  3919964   61.76%
  14885 13200       83.0000   161      204.0000       78.0000  3922459   61.76%
  14908 13220      113.0000   206      204.0000       78.0000  3926217   61.76%
  14931 13243      113.0000   198      204.0000       78.0000  3927454   61.76%

GUB cover cuts applied:  23
Clique cuts applied:  27
Cover cuts applied:  13
Implied bound cuts applied:  1
Flow cuts applied:  2
Mixed integer rounding cuts applied:  95
Zero-half cuts applied:  166
Gomory fractional cuts applied:  12

Root node processing (before b&c):
  Real time             =   64.20 sec. (114087.51 ticks)
Sequential b&c:
  Real time             = 3535.81 sec. (5503297.54 ticks)
                          ------------
Total (root+branch&cut) = 3600.01 sec. (5617385.05 ticks)

Solution pool: 6 solutions saved.

MIP - Time limit exceeded, integer feasible:  Objective =  2.0400000000e+02
Current MIP best bound =  7.8000000000e+01 (gap = 126, 61.76%)
Solution time = 3600.01 sec.  Iterations = 3929689  Nodes = 14936 (13247)
Deterministic time = 5617385.18 ticks  (1560.38 ticks/sec)

CPLEX> Incumbent solution
Variable Name           Solution Value
y                           204.000000
x2                            1.000000
x5783                         1.000000
x11567                        1.000000
x17388                        1.000000
x23137                        1.000000
x28953                        1.000000
x34678                        1.000000
x40503                        1.000000
x1825                         1.000000
x7905                         1.000000
x15733                        1.000000
x17557                        1.000000
x26525                        1.000000
x32073                        1.000000
x37773                        1.000000
x45069                        1.000000
x2663                         1.000000
x20676                        1.000000
x35573                        1.000000
x32686                        1.000000
x41808                        1.000000
x26153                        1.000000
x25394                        1.000000
x36263                        1.000000
x29272                        1.000000
x38697                        1.000000
x44398                        1.000000
x13316                        1.000000
x31861                        1.000000
x4122                         1.000000
x41439                        1.000000
x12636                        1.000000
x31257                        1.000000
x15831                        1.000000
x13248                        1.000000
x3749                         1.000000
x8386                         1.000000
x23055                        1.000000
x8008                         1.000000
x9377                         1.000000
x8618                         1.000000
x26023                        1.000000
x32180                        1.000000
x38566                        1.000000
x6267                         1.000000
x5204                         1.000000
x22609                        1.000000
x7714                         1.000000
x23751                        1.000000
x34012                        1.000000
x25577                        1.000000
x35002                        1.000000
x30443                        1.000000
x29760                        1.000000
x19349                        1.000000
x28166                        1.000000
x5595                         1.000000
x10384                        1.000000
x12741                        1.000000
x1342                         1.000000
x30147                        1.000000
x35468                        1.000000
x45349                        1.000000
x37218                        1.000000
x207                          1.000000
x16320                        1.000000
x13053                        1.000000
x23846                        1.000000
x45811                        1.000000
x7889                         1.000000
x41026                        1.000000
x15263                        1.000000
x20128                        1.000000
x45437                        1.000000
x44906                        1.000000
x28567                        1.000000
x34572                        1.000000
x3565                         1.000000
x21882                        1.000000
x27508                        1.000000
x150                          1.000000
x34427                        1.000000
x22192                        1.000000
u3                           63.000000
u4                           67.000000
u5                           66.000000
u6                           62.000000
u8                           66.000000
u9                            2.000000
u10                           5.000000
u11                           1.000000
u12                          63.000000
u13                          65.000000
u14                           5.000000
u16                           5.000000
u17                           4.000000
u18                          65.000000
u19                           6.000000
u20                           1.000000
u21                          66.000000
u23                           3.000000
u24                           4.000000
u25                          67.000000
u26                           2.000000
u27                          65.000000
u28                          64.000000
u29                          67.000000
u30                          63.000000
u31                           4.000000
u32                          65.000000
u34                          63.000000
u35                           1.000000
u36                          62.000000
u37                           2.000000
u38                           3.000000
u39                           3.000000
u40                           3.000000
u41                           1.000000
u42                          67.000000
u43                          67.000000
u44                          64.000000
u45                          66.000000
u46                          67.000000
u47                           2.000000
u48                          66.000000
u49                           6.000000
u50                          66.000000
u51                           5.000000
u52                           2.000000
u53                           4.000000
u54                          64.000000
u55                          64.000000
u56                          67.000000
u57                           2.000000
u58                           6.000000
u59                           1.000000
u61                          65.000000
u62                          67.000000
u63                          66.000000
u64                           3.000000
u65                           3.000000
u66                           2.000000
u67                          66.000000
u68                           2.000000
u69                           3.000000
u70                           1.000000
u72                          65.000000
u74                           1.000000
u75                           1.000000
u76                          64.000000
All other variables in the range 1-45676 are 0.
CPLEX> 