
Welcome to IBM(R) ILOG(R) CPLEX(R) Interactive Optimizer 12.7.1.0
  with Simplex, Mixed Integer & Barrier Optimizers
5725-A06 5725-A29 5724-Y48 5724-Y49 5724-Y54 5724-Y55 5655-Y21
Copyright IBM Corp. 1988, 2017.  All Rights Reserved.

Type 'help' for a list of available commands.
Type 'help' followed by a command name for more
information on commands.

CPLEX> New value for default parallel thread count: 1
CPLEX> New value for time limit in seconds: 3600
CPLEX> Problem 'gr24_m2.lp' read.
Read time = 0.01 sec. (0.15 ticks)
CPLEX> CPXPARAM_TimeLimit                               3600
CPXPARAM_Threads                                 1
CPXPARAM_Read_APIEncoding                        "UTF-8"
Tried aggregator 1 time.
Reduced MIP has 604 rows, 1128 columns, and 7454 nonzeros.
Reduced MIP has 1104 binaries, 23 generals, 0 SOSs, and 0 indicators.
Presolve time = 0.01 sec. (3.35 ticks)
Probing time = 0.00 sec. (2.80 ticks)
Cover probing fixed 0 vars, tightened 1 bounds.
Tried aggregator 1 time.
Reduced MIP has 604 rows, 1128 columns, and 7454 nonzeros.
Reduced MIP has 1104 binaries, 24 generals, 0 SOSs, and 0 indicators.
Presolve time = 0.00 sec. (4.51 ticks)
Probing time = 0.00 sec. (2.75 ticks)
Clique table members: 3851.
MIP emphasis: balance optimality and feasibility.
MIP search method: dynamic search.
Parallel mode: none, using 1 thread.
Root relaxation solution time = 0.01 sec. (8.81 ticks)

        Nodes                                         Cuts/
   Node  Left     Objective  IInf  Best Integer    Best Bound    ItCnt     Gap

      0     0      598.3636    61                    598.3636      285         
      0     0      653.5000    54                    Cuts: 53      580         
      0     0      655.0000    69                    Cuts: 35     1008         
      0     0      655.7500    70                    Cuts: 30     1051         
      0     0      655.7500    65                    Cuts: 28     1080         
      0     0      655.7500    71                    Cuts: 14     1093         
      0     0      655.7500    60                 ZeroHalf: 4     1113         
      0     0      656.5000    70                    Cuts: 28     1197         
      0     0      656.5000    60                    Cuts: 20     1240         
      0     0      656.5000    64                    Cuts: 38     1309         
      0     2      656.5000    42                    656.5000     1309         
Elapsed time = 0.40 sec. (459.63 ticks, tree = 0.01 MB, solutions = 0)
*    65    51      integral     0     1445.0000      658.4205     2519   54.43%
*   130    98      integral     0     1365.0000      658.4205     3582   51.76%
    202   167      984.4857    31     1365.0000      658.4205     4873   51.76%
*   472   355      integral     0     1176.0000      658.4205     8020   44.01%
    495   378      718.1238    63     1176.0000      658.4205     8216   44.01%
*   582+  305                         1122.0000      685.0000            38.95%
*   582+  202                         1113.0000      685.0000            38.45%
*   582+  134                         1108.0000      685.0000            38.18%
*   582+   89                         1100.0000      685.0000            37.73%
    582    90      685.0000    61     1100.0000      685.0000    11421   37.73%
    586    92      686.0000    86     1100.0000      685.0000    12272   37.73%
    592    94      687.0000    97     1100.0000      685.0000    12341   37.73%
    605    97      764.2727    83     1100.0000      685.0000    12796   37.73%
    642   115      698.0000    79     1100.0000      685.0000    13774   37.73%
    717   140      746.5208    42     1100.0000      685.0000    15687   37.73%
    796   149      686.3449    49     1100.0000      685.0000    17085   37.73%
   1182   477      786.0000    60     1100.0000      685.1818    22594   37.71%
Elapsed time = 3.58 sec. (5170.04 ticks, tree = 1.38 MB, solutions = 7)
   1864  1068      989.0564    44     1100.0000      687.2396    30270   37.52%
   2723  1839      928.0831    51     1100.0000      690.0000    39105   37.27%
   4075  3131     1009.6741    35     1100.0000      690.0000    49784   37.27%
   5252  4251      914.1305    18     1100.0000      691.3427    60265   37.15%
   6396  5331      950.7873    35     1100.0000      694.0000    71448   36.91%
*  7348  4301      integral     0      859.0000      695.5000    79752   19.03%
   7732  4666      813.8752    48      859.0000      696.0000    83221   18.98%
   8812  5649      796.1812    52      859.0000      698.0000    95333   18.74%
   9942  6654      718.4545    74      859.0000      699.6649   108313   18.55%
  10202  6864      723.0114    21      859.0000      699.7939   111639   18.53%
  10703  7235      855.8481    47      859.0000      700.0000   121655   18.51%
Elapsed time = 10.30 sec. (15247.02 ticks, tree = 6.29 MB, solutions = 8)
  11582  7998      720.8695    61      859.0000      701.0000   132373   18.39%
  12527  8815        cutoff            859.0000      701.9621   146278   18.28%
  13476  9615      806.1030    55      859.0000      703.5000   159212   18.10%
  14330 10255      721.9781    64      859.0000      704.2249   170996   18.02%
  15358 11142      734.6389    73      859.0000      704.8783   182204   17.94%
  16180 11834      754.6154    67      859.0000      705.4516   192615   17.88%
  16993 12520      752.8314    78      859.0000      706.2500   203349   17.78%
  18034 13444      751.0000    82      859.0000      706.6591   213371   17.73%
  18763 14059      766.7188    66      859.0000      707.0543   223913   17.69%
  19599 14777      771.0000    65      859.0000      708.4023   233177   17.53%
Elapsed time = 16.73 sec. (24838.43 ticks, tree = 59.95 MB, solutions = 8)
* 19826+ 9984                          850.0000      708.5000            16.65%
  19826  9985      690.0000    82      850.0000      708.5000   238725   16.65%
  19861  9640      698.0000    84      850.0000      708.5000   241307   16.65%
  19983  9421      820.1477    28      850.0000      708.5000   242682   16.65%
  20114  9258      716.5268    60      850.0000      708.5000   244130   16.65%
  20277  9128      759.9924    67      850.0000      708.5000   246250   16.65%
  20431  9094      751.5416    77      850.0000      708.5000   248169   16.65%
  20665  9139      798.9577    50      850.0000      708.5000   250434   16.65%
  20899  9108      829.0261    28      850.0000      708.5000   254073   16.65%
  21240  9060      728.6713    81      850.0000      708.5000   257784   16.65%
* 21557  6511      integral     0      849.0000      708.5000   259899   16.55%
  21585  6502      746.8122    73      849.0000      708.5000   260185   16.55%
Elapsed time = 24.02 sec. (36206.28 ticks, tree = 23.15 MB, solutions = 10)
  21923  6594      751.2345    68      849.0000      708.5000   263507   16.55%
* 22322  5063      integral     0      843.0000      708.5000   265821   15.95%
  22356  5068      763.6563    71      843.0000      708.5000   266425   15.95%
  22854  5207      767.4634    48      843.0000      708.5000   271104   15.95%
  23406  5418      730.6267    77      843.0000      708.5000   275663   15.95%
  23916  5629      746.4888    53      843.0000      708.5000   279832   15.95%
  24487  5868      730.2607    66      843.0000      708.5000   284588   15.95%
  25015  6094        cutoff            843.0000      708.5000   289960   15.95%
  25534  6296      770.6364    25      843.0000      708.5000   294386   15.95%
  26037  6541      733.2706    82      843.0000      708.7500   299271   15.93%
  26602  6774      749.5682    46      843.0000      709.1807   304024   15.87%
Elapsed time = 30.63 sec. (45767.19 ticks, tree = 10.09 MB, solutions = 11)
  27137  7005      723.2864    61      843.0000      709.3745   309243   15.85%
  27774  7282      734.4246    67      843.0000      709.9569   313891   15.78%
  28493  7591      771.6279    75      843.0000      710.6250   320757   15.70%
  29140  7858      736.2541    44      843.0000      711.0833   327521   15.65%
  29913  8390      737.0904    76      843.0000      711.4937   333997   15.60%
  30635  9029      766.1121    51      843.0000      712.5000   340713   15.48%
  31375  9709      783.5208    59      843.0000      712.9311   346902   15.43%
  32100 10380      797.7814    87      843.0000      713.4414   353561   15.37%
  32860 11072      768.1486    77      843.0000      714.3978   360955   15.26%
  33599 11757      802.4890    71      843.0000      714.7837   367005   15.21%
Elapsed time = 37.97 sec. (55310.42 ticks, tree = 9.27 MB, solutions = 11)
  34312 12412      738.5333    33      843.0000      715.4545   373781   15.13%
  34843 12883      747.9677    56      843.0000      715.6847   377714   15.10%
  35481 13436      768.4455    82      843.0000      715.8333   382515   15.09%
  35974 13855      738.2453    55      843.0000      716.0773   386302   15.06%
  36659 14452      749.6897    44      843.0000      716.3379   391127   15.03%
  37254 14981      810.2390    53      843.0000      716.6060   395517   14.99%
  38015 15641      810.6906    54      843.0000      716.9144   401035   14.96%
  38650 16182      745.7569    60      843.0000      717.4059   406231   14.90%
  39366 16821      818.1554    67      843.0000      717.7464   413165   14.86%
  40185 17570      787.5037    43      843.0000      718.1916   420169   14.81%
Elapsed time = 45.12 sec. (64860.75 ticks, tree = 56.99 MB, solutions = 11)
  40826 18145      755.8628    47      843.0000      718.3510   425149   14.79%
  41606 18854      739.0860    85      843.0000      718.5632   431257   14.76%
  42406 19596      768.7576    68      843.0000      719.0000   439174   14.71%
  43195 20331      770.9340    55      843.0000      719.3282   445302   14.67%
  44058 21108      756.8864    68      843.0000      719.5000   451226   14.65%
  44879 21838      764.2236    58      843.0000      719.7978   458531   14.61%
  45727 22602      746.5026    49      843.0000      720.1330   465191   14.57%
  46600 23392      741.3637    78      843.0000      720.3648   471966   14.55%
  47152 23895    infeasible            843.0000      720.5627   476989   14.52%
  48006 24674      789.9091    47      843.0000      720.8206   483435   14.49%
Elapsed time = 52.37 sec. (74411.92 ticks, tree = 107.21 MB, solutions = 11)
  48922 25501      803.1591    39      843.0000      721.2500   490514   14.44%
  49933 26438      778.2452    29      843.0000      721.3416   498182   14.43%
* 50346 26760      integral     0      841.0000      721.4470   502551   14.22%
  50791 27185      750.9091    61      841.0000      721.5077   505815   14.21%
  51736 28043      758.2203    67      841.0000      721.7500   514387   14.18%
  52635 28870      822.7279    42      841.0000      721.7500   524264   14.18%
  53526 29667      746.0483    75      841.0000      721.7500   533047   14.18%
  54427 30500      756.5353    38      841.0000      721.9000   541867   14.16%
  55322 31323      760.6098    65      841.0000      722.0694   550113   14.14%
  56200 32131      782.4094    61      841.0000      722.4194   556753   14.10%
* 56798 32238      integral     0      832.0000      722.5256   563120   13.16%
Elapsed time = 59.54 sec. (83736.34 ticks, tree = 130.55 MB, solutions = 13)
  57585 32930      775.9848    69      832.0000      722.7727   571603   13.13%
  58428 33701      765.4935    51      832.0000      722.9545   579405   13.11%
  59267 34487      811.2053    41      832.0000      723.0631   585260   13.09%
  59972 35091      782.9091    40      832.0000      723.2291   590613   13.07%
  60877 35897      761.1160    61      832.0000      723.4304   597478   13.05%
  61803 36746      779.3182    18      832.0000      723.4809   604487   13.04%
  62560 37418      745.2304    62      832.0000      723.6091   613069   13.03%
  63427 38177      768.6289    68      832.0000      723.7590   621881   13.01%
  64438 39107      804.2281    38      832.0000      723.9091   629955   12.99%
  67606 41889      793.4159    46      832.0000      724.3822   659533   12.93%
Elapsed time = 68.94 sec. (96138.57 ticks, tree = 177.53 MB, solutions = 13)
  70806 44788      770.7514    70      832.0000      724.9014   688217   12.87%
  74516 48184      819.2584    50      832.0000      725.2946   722224   12.83%
  77885 51208      781.8315    47      832.0000      725.7500   755627   12.77%
  81043 53982      733.2169    48      832.0000      726.2500   786687   12.71%
  84609 57159        cutoff            832.0000      726.7500   821675   12.65%
  87826 60008      761.4270    39      832.0000      727.3000   853881   12.58%
  91184 63028      806.8734    39      832.0000      727.8286   883576   12.52%
* 92818 60834      integral     0      814.0000      728.1535   901826   10.55%
  94206 61983      794.3586    62      814.0000      728.2715   916534   10.53%
  97266 64582      785.9636    69      814.0000      728.8841   951918   10.46%
 100249 67007      768.8316    75      814.0000      729.6293   990963   10.36%
Elapsed time = 97.67 sec. (134416.81 ticks, tree = 259.85 MB, solutions = 14)
 103132 69315      811.0178    39      814.0000      730.2692  1031353   10.29%
 105896 71512      798.9668    40      814.0000      730.8024  1064482   10.22%
 108381 73411      768.6364    53      814.0000      731.3355  1091555   10.16%
 111259 75687      759.7318    69      814.0000      731.7545  1123667   10.10%
*113552 75880      integral     0      810.0000      732.0299  1150324    9.63%
 114402 76566      804.8592    23      810.0000      732.2253  1159709    9.60%
 116855 78510      765.4914    43      810.0000      732.7727  1186782    9.53%
 119684 80698        cutoff            810.0000      733.2698  1223233    9.47%
 122376 82810      769.7515    58      810.0000      733.8596  1258566    9.40%
 125182 84987      799.3920    39      810.0000      734.3360  1294745    9.34%
 127826 86995      749.6014    42      810.0000      734.7749  1331037    9.29%
Elapsed time = 125.33 sec. (172612.14 ticks, tree = 331.79 MB, solutions = 15)
 130564 89086      775.3317    29      810.0000      735.1456  1368458    9.24%
 133361 91192      801.5190    52      810.0000      735.5695  1407209    9.19%
 136032 93170      791.3551    57      810.0000      736.0773  1448389    9.13%
*137165 92417      integral     0      807.0000      736.3079  1466584    8.76%
 139727 94291      779.4206    40      807.0000      736.7961  1503125    8.70%
 142318 96248      758.0821    57      807.0000      737.1959  1539432    8.65%
 144808 98045      788.4837    52      807.0000      737.6652  1579413    8.59%
*145715 48720      integral     0      773.0000      737.8103  1590664    4.55%
 147101 49210      739.3212    26      773.0000      738.6788  1617763    4.44%
*148631 43339      integral     0      770.0000      739.5520  1650967    3.95%
 151060 43840      762.1739    37      770.0000      740.7500  1696606    3.80%
Elapsed time = 150.81 sec. (208294.22 ticks, tree = 146.90 MB, solutions = 18)
 153335 43919      768.7783    50      770.0000      741.7851  1744224    3.66%
 155588 44166      753.3975    56      770.0000      742.8182  1790159    3.53%
 157668 44295        cutoff            770.0000      743.7500  1829322    3.41%
 159416 44290        cutoff            770.0000      744.4538  1854052    3.32%
 161188 44295      751.3150    64      770.0000      745.1387  1879732    3.23%
 163201 43863      754.9306    49      770.0000      746.0000  1913030    3.12%
 165321 43516        cutoff            770.0000      746.7997  1950171    3.01%
 167653 42976        cutoff            770.0000      747.7893  1996949    2.88%
 169899 42416        cutoff            770.0000      748.7281  2035951    2.76%
 172114 41691      757.2428    53      770.0000      749.6157  2072575    2.65%
Elapsed time = 177.44 sec. (246462.53 ticks, tree = 148.90 MB, solutions = 18)
 174524 41010      759.2273    51      770.0000      750.5000  2116678    2.53%
 176825 40012      755.6920    23      770.0000      751.3257  2155188    2.43%
 179290 38963        cutoff            770.0000      752.2500  2195761    2.31%
 181799 37739        cutoff            770.0000      753.1936  2235789    2.18%
 184131 36660      764.1080    38      770.0000      753.9716  2273663    2.08%
 186698 35547        cutoff            770.0000      754.7727  2316758    1.98%
 189321 33978        cutoff            770.0000      755.5000  2360065    1.88%
 191879 32479      762.2500    19      770.0000      756.3427  2397017    1.77%
 194315 30882        cutoff            770.0000      757.0720  2431499    1.68%
 197011 29033        cutoff            770.0000      757.9765  2469561    1.56%
Elapsed time = 203.64 sec. (284623.60 ticks, tree = 99.32 MB, solutions = 18)
 200029 26884        cutoff            770.0000      758.8182  2511452    1.45%
 202750 24852      762.9195    56      770.0000      759.5632  2547004    1.36%
 205571 22732        cutoff            770.0000      760.4182  2582516    1.24%
 208425 20476        cutoff            770.0000      761.2823  2617365    1.13%
 211299 18032        cutoff            770.0000      762.0261  2650985    1.04%
 214550 15352      765.2386    42      770.0000      763.0514  2684161    0.90%
 217919 12342        cutoff            770.0000      764.2727  2712608    0.74%
 221333  9215        cutoff            770.0000      765.5000  2742162    0.58%
 224519  6207        cutoff            770.0000      766.5870  2767356    0.44%
 228057  2872        cutoff            770.0000      767.9594  2790081    0.27%
Elapsed time = 229.75 sec. (322776.65 ticks, tree = 14.32 MB, solutions = 18)

GUB cover cuts applied:  86
Clique cuts applied:  2
Cover cuts applied:  45
Implied bound cuts applied:  1
Mixed integer rounding cuts applied:  238
Zero-half cuts applied:  78
Lift and project cuts applied:  17
Gomory fractional cuts applied:  15

Root node processing (before b&c):
  Real time             =    0.40 sec. (459.93 ticks)
Sequential b&c:
  Real time             =  231.23 sec. (325535.61 ticks)
                          ------------
Total (root+branch&cut) =  231.63 sec. (325995.54 ticks)

Solution pool: 18 solutions saved.

MIP - Integer optimal solution:  Objective =  7.7000000000e+02
Solution time =  231.63 sec.  Iterations = 2802686  Nodes = 230953
Deterministic time = 325995.54 ticks  (1407.42 ticks/sec)

CPLEX> Incumbent solution
Variable Name           Solution Value
y                           770.000000
x12                           1.000000
x582                          1.000000
x361                          1.000000
x1129                         1.000000
x914                          1.000000
x387                          1.000000
x268                          1.000000
x1037                         1.000000
x703                          1.000000
x728                          1.000000
x537                          1.000000
x322                          1.000000
x59                           1.000000
x205                          1.000000
x302                          1.000000
x1023                         1.000000
x256                          1.000000
x233                          1.000000
x1074                         1.000000
x1099                         1.000000
x620                          1.000000
x765                          1.000000
x1006                         1.000000
x95                           1.000000
x696                          1.000000
u2                           18.000000
u3                            8.000000
u4                            1.000000
u5                           20.000000
u7                            1.000000
u8                            2.000000
u9                            3.000000
u10                           6.000000
u11                           9.000000
u13                           4.000000
u14                           5.000000
u15                          17.000000
u16                          10.000000
u17                           7.000000
u18                          14.000000
u19                          16.000000
u20                          19.000000
u21                           3.000000
u22                          15.000000
u23                           2.000000
u24                          21.000000
All other variables in the range 1-1128 are 0.
CPLEX> 