
Welcome to IBM(R) ILOG(R) CPLEX(R) Interactive Optimizer 12.7.1.0
  with Simplex, Mixed Integer & Barrier Optimizers
5725-A06 5725-A29 5724-Y48 5724-Y49 5724-Y54 5724-Y55 5655-Y21
Copyright IBM Corp. 1988, 2017.  All Rights Reserved.

Type 'help' for a list of available commands.
Type 'help' followed by a command name for more
information on commands.

CPLEX> New value for default parallel thread count: 1
CPLEX> New value for time limit in seconds: 3600
CPLEX> Problem 'pr152_m8.lp' read.
Read time = 0.27 sec. (21.57 ticks)
CPLEX> CPXPARAM_TimeLimit                               3600
CPXPARAM_Threads                                 1
CPXPARAM_Read_APIEncoding                        "UTF-8"
Tried aggregator 1 time.
Reduced MIP has 24184 rows, 183768 columns, and 1142172 nonzeros.
Reduced MIP has 183616 binaries, 151 generals, 0 SOSs, and 0 indicators.
Presolve time = 0.41 sec. (441.60 ticks)
Tried aggregator 1 time.
Reduced MIP has 24184 rows, 183768 columns, and 1142172 nonzeros.
Reduced MIP has 183616 binaries, 151 generals, 0 SOSs, and 0 indicators.
Presolve time = 0.73 sec. (631.50 ticks)
Probing time = 0.17 sec. (70.35 ticks)
Cover probing fixed 0 vars, tightened 1 bounds.
Clique table members: 274063.
MIP emphasis: balance optimality and feasibility.
MIP search method: dynamic search.
Parallel mode: none, using 1 thread.
Root relaxation solution time = 30.87 sec. (41613.46 ticks)

        Nodes                                         Cuts/
   Node  Left     Objective  IInf  Best Integer    Best Bound    ItCnt     Gap

      0     0     7038.8889   376                   7038.8889    24507         
      0     0     7123.6250   411                   Cuts: 217    25045         
      0     0     7221.2500   474                   Cuts: 312    25406         
      0     0     7221.2500   478                    Cuts: 92    25537         
      0     0     7221.2500   418                ZeroHalf: 13    25550         
      0     0     7221.2500   419                   Cuts: 108    25652         
      0     2     7221.2500   419                   7221.2500    25652         
Elapsed time = 201.10 sec. (214018.80 ticks, tree = 0.01 MB, solutions = 0)
      2     4     7221.3359   405                   7221.3359    25740         
      4     6     7221.3789   408                   7221.3359    25813         
      7     9     7221.4219   405                   7221.3359    25887         
     12    14     7221.7138   406                   7221.3359    26001         
     15    17     7221.7138   421                   7221.3359    26069         
     19    21     7222.0056   399                   7221.3359    26150         
     22    24     7222.3108   400                   7221.3359    26224         
     26    28     7222.3108   404                   7221.3359    26291         
     28    30     7222.3108   406                   7221.3359    26341         
     41    43     7222.8027   390                   7221.3359    26545         
Elapsed time = 204.95 sec. (217779.84 ticks, tree = 4.21 MB, solutions = 0)
     51    53     7223.3865   389                   7221.3359    26758         
     60    62     7223.6784   398                   7221.3359    27030         
     73    75     7224.1189   389                   7221.3359    27275         
     85    87     7224.1189   390                   7221.3359    27496         
     93    95     7224.1363   408                   7221.3359    27704         
    106   108     7224.6163   378                   7221.3359    27933         
    110   110     7255.5085   373                   7221.3359    28204         
    121   115    infeasible                         7221.3359    28519         
    124   118     7616.3266   388                   7221.3359    32715         
    125   118     7827.5938   524                   7221.3359    61269         
Elapsed time = 273.56 sec. (314813.29 ticks, tree = 11.78 MB, solutions = 0)
    130   123     7887.8350   365                   7221.3359    61641         
    142   133    12283.8125   788                   7221.3359    97713         
    144   134    12401.9965   536                   7221.3359   124655         
    145   135    12428.4896   524                   7221.3359   125511         
    146   136    12428.4896   505                   7221.3359   130454         
    148   136    12428.4896   532                   7221.3359   131202         
    150   136    13142.5347   451                   7221.3359   155480         
    151   136    13151.4340   436                   7221.3359   156470         
    152   137    13371.3229   472                   7221.3359   177112         
    153   136    infeasible                         7221.3359   177308         
Elapsed time = 485.53 sec. (612983.26 ticks, tree = 13.15 MB, solutions = 0)
    154   137    13706.2500   436                   7221.3359   215080         
    155   138    13725.8750   478                   7221.3359   238105         
    156   139    14279.2500   509                   7221.3359   264308         
    158   139    14304.1458   502                   7221.3359   287115         
    159   140    14304.1458   452                   7221.3359   314201         
    161   140    15511.4162   518                   7221.3359   339747         
    162   141    17657.4687   512                   7221.3359   361914         
    163   142    16919.1458   509                   7221.3359   389535         
    165   144    16919.1458   497                   7221.3359   390029         
    166   145    16919.1458   701                   7221.3359   413851         
Elapsed time = 858.13 sec. (1136247.84 ticks, tree = 13.66 MB, solutions = 0)
    167   146    16919.1458   646                   7221.3359   446163         
    168   147    16919.1458   691                   7221.3359   446627         
    169   148    16919.1458   720                   7221.3359   469271         
    170   149    16919.1458   450                   7221.3359   495936         
    171   150    16919.1458   636                   7221.3359   541902         
    172   151    16919.1458   495                   7221.3359   569377         
    173   152    16919.1458   579                   7221.3359   589140         
    174   153    16919.1458   524                   7221.3359   617212         
    175   154    16919.1458   514                   7221.3359   641113         
    176   155    16923.0903   649                   7221.3359   642101         
Elapsed time = 1228.67 sec. (1651334.72 ticks, tree = 14.94 MB, solutions = 0)
    177   156    16929.3843   453                   7221.3359   673638         
    178   157    16929.3843   425                   7221.3359   713161         
    179   158    16939.1508   488                   7221.3359   714251         
    180   159    16970.1458   532                   7221.3359   733624         
    181   160    16939.7658   456                   7221.3359   754457         
    182   161    17021.4157   463                   7221.3359   773638         
    183   162    17019.5069   488                   7221.3359   786679         
    184   163    17021.4157   564                   7221.3359   802000         
    185   164    17021.4157   453                   7221.3359   822004         
    186   165    17080.4217   515                   7221.3359   839896         
Elapsed time = 1511.11 sec. (2060084.85 ticks, tree = 16.22 MB, solutions = 0)
    187   166    17464.1458   478                   7221.3359   843682         
    188   167    17464.1458   470                   7221.3359   850932         
    189   168    17464.1458   481                   7221.3359   851821         
    190   169    17464.1458   465                   7221.3359   853673         
    192   171    17464.1458   453                   7221.3359   855181         
    193   172    17464.7847   468                   7221.3359   855608         
    194   173    17464.1458   509                   7221.3359   856008         
    195   174    17464.7847   458                   7221.3359   857391         
    196   175    17466.3889   457                   7221.3359   858963         
    198   177    17466.3889   336                   7221.3359   860852         
Elapsed time = 1551.37 sec. (2114485.43 ticks, tree = 17.45 MB, solutions = 0)
    200   179    17466.3889   345                   7221.3359   861304         
    203   180    17466.3889   352                   7221.3359   862924         
    204   180    17466.3889   504                   7221.3359   884074         
    205   181    17466.3889   488                   7221.3359   901986         
    206   182    17466.3889   509                   7221.3359   917840         
    207   183    17466.3889   420                   7221.3359   933904         
    209   185    17466.3889   456                   7221.3359   945268         
    210   185    17466.3889   523                   7221.3359   945855         
    211   185    17466.3889   455                   7221.3359   946395         
    212   186    17495.3993   496                   7221.3359   952992         
Elapsed time = 1683.82 sec. (2295423.92 ticks, tree = 18.39 MB, solutions = 0)
    215   187    17505.5035   418                   7221.3359   954271         
    216   188    17505.5035   416                   7221.3359   955082         
    217   189    17505.5035   433                   7221.3359   955876         
    218   190    17505.5035   473                   7221.3359   960379         
    220   191    18923.7292   425                   7221.3359   960577         
    226   195    22664.6667   421                   7221.3359   961310         
    229   198    22664.6667   421                   7221.3359   961810         
    236   202    27119.8854   411                   7221.3359   962350         
    240   205    27695.9896   396                   7221.3359   962429         
    246   209    27695.9896   378                   7221.3359   962927         
Elapsed time = 1734.03 sec. (2360787.51 ticks, tree = 26.53 MB, solutions = 0)
    250   211    27695.9896   366                   7221.3359   963611         
    254   214    27923.5729   382                   7221.3359   964397         
    260   217    38716.9896   369                   7221.3359   964846         
    272   227    46598.1562   361                   7221.3359   965329         
    284   237    48068.8889   365                   7221.3359   965744         
    295   245    48265.0625   347                   7221.3359   966246         
    308   255    50811.1667   355                   7221.3359   966687         
    320   263    53174.8194   301                   7221.3359   966948         
    336   273    58465.8750   266                   7221.3359   967464         
    340   275    60581.1771   271                   7221.3359   967578         
Elapsed time = 1745.25 sec. (2375004.80 ticks, tree = 50.35 MB, solutions = 0)
    360   289    64554.1250   233                   7221.3359   968085         
    432   333    infeasible                         7221.3359   969450         
*   494   326      integral     0   105874.0000     7221.3359   969818   93.18%
    503   334     7226.0859   423   105874.0000     7221.3359   970001   93.18%
    539   370     7222.9847   398   105874.0000     7221.3359   970648   93.18%
    560   391     7223.4910   428   105874.0000     7221.3359   970937   93.18%
    603   434     7233.6904   395   105874.0000     7221.3359   971699   93.18%
    636   462     8000.9722   493   105874.0000     7221.3359   973489   93.18%
    638   463     8226.1562   494   105874.0000     7221.3359  1007684   93.18%
    652   472    12898.0382   505   105874.0000     7221.3359  1008614   93.18%
    680   487    19276.8507   449   105874.0000     7221.3359  1009668   93.18%
Elapsed time = 1927.06 sec. (2625470.30 ticks, tree = 124.99 MB, solutions = 1)
    720   508    40937.5799   423   105874.0000     7221.3359  1010697   93.18%
    771   539    46285.1632   344   105874.0000     7221.3359  1011933   93.18%
    825   575    59696.4444   253   105874.0000     7221.3359  1013118   93.18%
    884   614    83161.6667   194   105874.0000     7221.3359  1014391   93.18%
    935   650     7221.4520   429   105874.0000     7221.3359  1015548   93.18%
    972   687     7316.2354   417   105874.0000     7316.2354  1056742   93.09%
    973   688     7316.3292   402   105874.0000     7316.2354  1056764   93.09%
    974   688     7320.4125   400   105874.0000     7316.2354  1056846   93.09%
    976   688     7320.5225   400   105874.0000     7316.2354  1056901   93.09%
    979   689     7325.5286   386   105874.0000     7316.2354  1056993   93.09%
Elapsed time = 2379.35 sec. (3105281.26 ticks, tree = 195.43 MB, solutions = 1)
    982   692     7338.9603   390   105874.0000     7316.2354  1057160   93.09%
    987   696     7335.6820   418   105874.0000     7316.2354  1057380   93.09%
    990   699     7342.5154   397   105874.0000     7316.2354  1057489   93.09%
    992   701     7349.7387   403   105874.0000     7316.2354  1057624   93.09%
    995   703     7353.6098   431   105874.0000     7316.2354  1057939   93.09%
   1001   708     7354.1147   417   105874.0000     7316.2354  1058102   93.09%
   1009   712     7364.0209   426   105874.0000     7316.2354  1058178   93.09%
   1012   715     7368.8139   430   105874.0000     7316.2354  1058198   93.09%
   1019   720     7380.8881   436   105874.0000     7316.2354  1058237   93.09%
   1025   725     7820.0170   396   105874.0000     7316.2354  1058635   93.09%
Elapsed time = 2407.21 sec. (3149151.01 ticks, tree = 196.47 MB, solutions = 1)
   1030   713     7844.6345   411   105874.0000     7316.2354  1058965   93.09%
   1036   714     7846.0746   409   105874.0000     7316.2354  1059057   93.09%
   1044   721     7847.0691   417   105874.0000     7316.2354  1059141   93.09%
   1051   725     7850.4111   410   105874.0000     7316.2354  1059271   93.09%
   1058   729     7865.4745   421   105874.0000     7316.2354  1059340   93.09%
   1065   733     7868.7497   416   105874.0000     7316.2354  1059447   93.09%
   1067   733     8205.1319   426   105874.0000     7316.2354  1060082   93.09%
   1068   734    13424.3229   734   105874.0000     7316.2354  1095404   93.09%
   1074   739     8216.8472   497   105874.0000     7316.2354  1095567   93.09%
   1077   740     8227.3958   516   105874.0000     7316.2354  1139784   93.09%
Elapsed time = 2675.95 sec. (3503822.26 ticks, tree = 191.63 MB, solutions = 1)
   1079   742     8233.8125   445   105874.0000     7316.2354  1139958   93.09%
   1081   743     8233.8125   485   105874.0000     7316.2354  1144954   93.09%
   1082   743     8233.8125   487   105874.0000     7316.2354  1144985   93.09%
   1083   743     8233.8125   474   105874.0000     7316.2354  1149724   93.09%
   1084   743     8233.8125   475   105874.0000     7316.2354  1174165   93.09%
   1085   743     8235.0764   548   105874.0000     7316.2354  1297586   93.09%
   1086   744     8236.5347   539   105874.0000     7316.2354  1335915   93.09%
   1087   744     8236.5347   526   105874.0000     7316.2354  1336053   93.09%
   1088   745     8236.5347   515   105874.0000     7316.2354  1377060   93.09%
   1090   745     8236.5347   527   105874.0000     7316.2354  1414104   93.09%
Elapsed time = 3483.08 sec. (4490990.86 ticks, tree = 190.53 MB, solutions = 1)
   1092   746     8236.5347   466   105874.0000     7316.2354  1414179   93.09%

GUB cover cuts applied:  2
Clique cuts applied:  20
Cover cuts applied:  10
Implied bound cuts applied:  2
Flow cuts applied:  5
Mixed integer rounding cuts applied:  48
Zero-half cuts applied:  202
Lift and project cuts applied:  29
Gomory fractional cuts applied:  57

Root node processing (before b&c):
  Real time             =  197.74 sec. (211857.85 ticks)
Sequential b&c:
  Real time             = 3402.28 sec. (4430383.48 ticks)
                          ------------
Total (root+branch&cut) = 3600.02 sec. (4642241.34 ticks)

Solution pool: 1 solution saved.

MIP - Time limit exceeded, integer feasible:  Objective =  1.0587400000e+05
Current MIP best bound =  7.3162354167e+03 (gap = 98557.8, 93.09%)
Solution time = 3600.02 sec.  Iterations = 1432053  Nodes = 1093 (746)
Deterministic time = 4642241.86 ticks  (1289.51 ticks/sec)

CPLEX> Incumbent solution
Variable Name           Solution Value
y                        105874.000000
x13                           1.000000
x23177                        1.000000
x46243                        1.000000
x69346                        1.000000
x92533                        1.000000
x115557                       1.000000
x138736                       1.000000
x161730                       1.000000
x11553                        1.000000
x34049                        1.000000
x68097                        1.000000
x76761                        1.000000
x113849                       1.000000
x120385                       1.000000
x143945                       1.000000
x173433                       1.000000
x142883                       1.000000
x117044                       1.000000
x1677                         1.000000
x62630                        1.000000
x89839                        1.000000
x70536                        1.000000
x70689                        1.000000
x70234                        1.000000
x125715                       1.000000
x1836                         1.000000
x119638                       1.000000
x117511                       1.000000
x108392                       1.000000
x48809                        1.000000
x52002                        1.000000
x70395                        1.000000
x121012                       1.000000
x121469                       1.000000
x72070                        1.000000
x119039                       1.000000
x118584                       1.000000
x74353                        1.000000
x72986                        1.000000
x73139                        1.000000
x121172                       1.000000
x143061                       1.000000
x143366                       1.000000
x138959                       1.000000
x145952                       1.000000
x117681                       1.000000
x143220                       1.000000
x116014                       1.000000
x47007                        1.000000
x118448                       1.000000
x128329                       1.000000
x124530                       1.000000
x149915                       1.000000
x54612                        1.000000
x123773                       1.000000
x126358                       1.000000
x170439                       1.000000
x152960                       1.000000
x149769                       1.000000
x72554                        1.000000
x145059                       1.000000
x73316                        1.000000
x128949                       1.000000
x125910                       1.000000
x125303                       1.000000
x56752                        1.000000
x130777                       1.000000
x170602                       1.000000
x171211                       1.000000
x124700                       1.000000
x124853                       1.000000
x131390                       1.000000
x173191                       1.000000
x121664                       1.000000
x124097                       1.000000
x125618                       1.000000
x129115                       1.000000
x121820                       1.000000
x122429                       1.000000
x48710                        1.000000
x123495                       1.000000
x129272                       1.000000
x152834                       1.000000
x152683                       1.000000
x161956                       1.000000
x13909                        1.000000
x179286                       1.000000
x83983                        1.000000
x132776                       1.000000
x175033                       1.000000
x155578                       1.000000
x105419                       1.000000
x51460                        1.000000
x118949                       1.000000
x112870                       1.000000
x131263                       1.000000
x177168                       1.000000
x130657                       1.000000
x123666                       1.000000
x130507                       1.000000
x700                          1.000000
x151029                       1.000000
x145862                       1.000000
x146319                       1.000000
x126256                       1.000000
x77161                        1.000000
x127626                       1.000000
x132643                       1.000000
x122308                       1.000000
x132341                       1.000000
x168822                       1.000000
x125503                       1.000000
x131128                       1.000000
x128697                       1.000000
x104986                       1.000000
x125203                       1.000000
x62884                        1.000000
x62581                        1.000000
x58934                        1.000000
x131743                       1.000000
x130377                       1.000000
x136610                       1.000000
x184339                       1.000000
x179172                       1.000000
x135854                       1.000000
x136311                       1.000000
x110168                       1.000000
x130081                       1.000000
x65786                        1.000000
x181155                       1.000000
x137836                       1.000000
x181461                       1.000000
x184502                       1.000000
x180399                       1.000000
x184656                       1.000000
x52873                        1.000000
x181618                       1.000000
x181771                       1.000000
x174020                       1.000000
x91029                        1.000000
x137390                       1.000000
x110639                       1.000000
x91488                        1.000000
x136785                       1.000000
x133442                       1.000000
x136483                       1.000000
x133900                       1.000000
x94837                        1.000000
x113838                       1.000000
x81311                        1.000000
x134360                       1.000000
x64745                        1.000000
x89522                        1.000000
x138011                       1.000000
x133604                       1.000000
x180877                       1.000000
x181030                       1.000000
x184831                       1.000000
x180728                       1.000000
u3                           14.000000
u4                          138.000000
u5                            2.000000
u6                            5.000000
u7                          137.000000
u8                          140.000000
u9                          139.000000
u10                         138.000000
u11                         137.000000
u12                           1.000000
u14                         141.000000
u15                         142.000000
u16                           6.000000
u17                           8.000000
u18                           7.000000
u19                         141.000000
u20                           1.000000
u21                          85.000000
u22                         142.000000
u23                          87.000000
u24                          86.000000
u25                           1.000000
u26                           2.000000
u27                           3.000000
u28                         140.000000
u29                          13.000000
u30                          12.000000
u31                          15.000000
u32                          11.000000
u33                         143.000000
u36                          16.000000
u38                         139.000000
u39                           6.000000
u40                          84.000000
u41                          89.000000
u42                         135.000000
u43                           4.000000
u44                          11.000000
u45                          97.000000
u46                         122.000000
u47                           5.000000
u48                           7.000000
u49                          10.000000
u50                         143.000000
u51                           5.000000
u52                           4.000000
u53                         100.000000
u54                         124.000000
u55                          96.000000
u56                          10.000000
u57                          94.000000
u58                           4.000000
u59                           3.000000
u60                         134.000000
u61                         133.000000
u62                         132.000000
u63                           2.000000
u64                          90.000000
u65                          95.000000
u66                         127.000000
u67                         126.000000
u68                         136.000000
u69                         123.000000
u70                           9.000000
u71                         101.000000
u72                         121.000000
u74                           9.000000
u75                           3.000000
u76                           1.000000
u77                           4.000000
u78                         143.000000
u79                           6.000000
u80                         116.000000
u81                           8.000000
u82                           1.000000
u83                           4.000000
u84                           1.000000
u85                          88.000000
u86                           3.000000
u87                         130.000000
u88                           7.000000
u89                          99.000000
u90                         125.000000
u91                         120.000000
u92                           3.000000
u93                           2.000000
u94                           8.000000
u95                           6.000000
u96                         102.000000
u97                           5.000000
u98                         117.000000
u99                         119.000000
u100                         98.000000
u101                         93.000000
u102                          6.000000
u103                        128.000000
u104                        129.000000
u105                        131.000000
u106                          5.000000
u107                         91.000000
u108                          3.000000
u109                          4.000000
u110                          2.000000
u111                         92.000000
u113                        118.000000
u114                        115.000000
u115                        141.000000
u116                        142.000000
u118                        112.000000
u119                        106.000000
u120                          1.000000
u121                        103.000000
u122                        142.000000
u123                        136.000000
u124                        109.000000
u125                        132.000000
u126                        139.000000
u127                        137.000000
u128                        135.000000
u129                        141.000000
u130                        131.000000
u131                        130.000000
u132                          9.000000
u133                          8.000000
u134                        111.000000
u135                          2.000000
u136                        136.000000
u137                        105.000000
u138                        113.000000
u139                        114.000000
u140                        104.000000
u141                          7.000000
u142                        143.000000
u143                          7.000000
u144                        110.000000
u145                        143.000000
u146                          9.000000
u147                        108.000000
u148                        107.000000
u149                        140.000000
u150                        138.000000
u151                        134.000000
u152                        133.000000
All other variables in the range 1-183768 are 0.
CPLEX> 