
Welcome to IBM(R) ILOG(R) CPLEX(R) Interactive Optimizer 12.7.1.0
  with Simplex, Mixed Integer & Barrier Optimizers
5725-A06 5725-A29 5724-Y48 5724-Y49 5724-Y54 5724-Y55 5655-Y21
Copyright IBM Corp. 1988, 2017.  All Rights Reserved.

Type 'help' for a list of available commands.
Type 'help' followed by a command name for more
information on commands.

CPLEX> New value for default parallel thread count: 1
CPLEX> New value for time limit in seconds: 3600
CPLEX> Problem 'rat99_m20.lp' read.
Read time = 0.26 sec. (21.64 ticks)
CPLEX> CPXPARAM_TimeLimit                               3600
CPXPARAM_Threads                                 1
CPXPARAM_Read_APIEncoding                        "UTF-8"
Tried aggregator 1 time.
MIP Presolve modified 262640 coefficients.
Reduced MIP has 11722 rows, 194139 columns, and 1173072 nonzeros.
Reduced MIP has 194040 binaries, 98 generals, 0 SOSs, and 0 indicators.
Presolve time = 0.78 sec. (1026.12 ticks)
Tried aggregator 1 time.
Reduced MIP has 11722 rows, 194139 columns, and 1173072 nonzeros.
Reduced MIP has 194040 binaries, 99 generals, 0 SOSs, and 0 indicators.
Presolve time = 0.74 sec. (610.64 ticks)
Probing time = 0.20 sec. (84.96 ticks)
Clique table members: 344010.
MIP emphasis: balance optimality and feasibility.
MIP search method: dynamic search.
Parallel mode: none, using 1 thread.
Root relaxation solution time = 37.58 sec. (55262.36 ticks)

        Nodes                                         Cuts/
   Node  Left     Objective  IInf  Best Integer    Best Bound    ItCnt     Gap

      0     0      131.5139   361                    131.5139    32628         
      0     0      136.0320   426                   Cuts: 100   107858         
      0     0      137.0000   609                   Cuts: 103   170437         
      0     0      137.0000   617                    Cuts: 96   196052         
      0     0      137.0000   385                     Cuts: 7   203330         
      0     0      137.0000   505                   Cuts: 159   242738         
Heuristic still looking.
Heuristic still looking.
      0     2      137.0000   311                    137.0000   242738         
Elapsed time = 931.90 sec. (1382405.05 ticks, tree = 0.01 MB, solutions = 0)
      1     3      137.0000   374                    137.0000   244342         
      2     4      137.0000   448                    137.0000   260181         
      3     5      137.0000   394                    137.0000   261197         
      4     6      137.0000   360                    137.0000   276961         
      5     7      137.0000   382                    137.0000   277641         
      6     8      137.0000   339                    137.0000   277704         
      7     9      137.0000   389                    137.0000   301521         
      8    10      137.0000   406                    137.0000   301657         
      9    11      137.0000   403                    137.0000   312384         
     10    12      137.0000   399                    137.0000   336404         
Elapsed time = 1144.06 sec. (1722150.00 ticks, tree = 2.04 MB, solutions = 0)
     11    13      137.0000   387                    137.0000   337056         
     13    15      137.0000   386                    137.0000   337522         
     14    16      137.0000   424                    137.0000   359763         
     15    17      137.0000   397                    137.0000   360257         
     16    18      137.0000   364                    137.0000   361396         
     17    19      137.0000   359                    137.0000   369303         
     18    20      137.0000   375                    137.0000   369948         
     19    21      137.0000   373                    137.0000   370589         
     20    22      137.0000   393                    137.0000   374965         
     21    23      137.0000   363                    137.0000   375834         
Elapsed time = 1224.60 sec. (1852394.39 ticks, tree = 4.33 MB, solutions = 0)
     22    24      137.0000   363                    137.0000   380410         
     23    25      137.0000   337                    137.0000   382988         
     24    26      137.0000   337                    137.0000   383185         
     25    27      137.0000   338                    137.0000   383325         
     26    28      137.0140   356                    137.0000   387978         
     28    30      137.0000   357                    137.0000   388599         
     29    31      137.0000   356                    137.0000   389730         
     30    32      137.0000   340                    137.0000   390054         
     31    33      137.0000   389                    137.0000   391445         
     33    33      137.0000   388                    137.0000   391711         
Elapsed time = 1293.12 sec. (1978518.96 ticks, tree = 6.42 MB, solutions = 0)
     34    34      137.0000   391                    137.0000   391954         
     35    35      137.0000   382                    137.0000   393030         
     36    36      137.0000   390                    137.0000   393973         
     37    37      137.0000   399                    137.0000   397282         
     38    38      137.0000   388                    137.0000   397681         
     39    39      137.0000   384                    137.0000   403781         
     40    40      137.0000   403                    137.0000   408466         
     41    41      137.2966   359                    137.0000   426318         
     42    42      137.0000   380                    137.0000   431256         
     43    43      137.0262   404                    137.0000   435127         
Elapsed time = 1377.97 sec. (2126018.20 ticks, tree = 8.30 MB, solutions = 0)
     44    44      137.0017   360                    137.0000   437740         
     45    45      137.0999   369                    137.0000   438038         
     47    47      137.0263   387                    137.0000   438307         
     49    49      137.2029   380                    137.0000   438990         
     50    50      137.1136   373                    137.0000   439073         
     53    53      142.0000   316                    137.0000   439422         
     57    57      156.0000   361                    137.0000   439922         
     61    61      137.1100   400                    137.0000   440160         
     64    64      137.0514   400                    137.0000   440398         
     69    69      137.1346   381                    137.0000   440710         
Elapsed time = 1434.19 sec. (2216867.06 ticks, tree = 13.75 MB, solutions = 0)
     70    70      137.0537   376                    137.0000   440726         
     74    74      137.0537   352                    137.0000   441010         
     77    77      137.1724   340                    137.0000   441489         
     78    78      137.8659   336                    137.0000   442011         
     80    80      174.1899   542                    137.0000   459462         
     82    82      212.8101   401                    137.0000   473831         
     84    84      176.2532   345                    137.0000   474793         
     88    88      160.0000   438                    137.0000   486684         
     92    92      174.0000   343                    137.0000   487161         
     96    96      137.5212   395                    137.0000   487934         
Elapsed time = 1540.13 sec. (2383756.72 ticks, tree = 19.45 MB, solutions = 0)
    100   100      137.6907   366                    137.0000   488627         
    104   104      138.6582   335                    137.0000   489583         
    106   106      148.0000   294                    137.0000   497366         
    107   107      148.0000   313                    137.0000   498350         
    108   108      148.0000   322                    137.0000   513710         
    109   109      148.0000   342                    137.0000   533511         
    110   110      148.0000   317                    137.0000   544101         
    112   112      148.0000   336                    137.0000   559822         
    115   115      148.4304   376                    137.0000   586535         
    116   116      153.0000   333                    137.0000   607372         
Elapsed time = 1703.88 sec. (2647503.47 ticks, tree = 23.68 MB, solutions = 0)
    119   117      153.0190   369                    137.0000   620141         
    122   119      168.1266   409                    137.0000   620937         
    124   121      168.1266   452                    137.0000   622010         
    126   123      173.2025   441                    137.0000   637836         
    129   125      187.1266   425                    137.0000   638231         
    131   127      187.1266   417                    137.0000   638642         
    134   130      187.1582   388                    137.0000   639033         
    135   131      192.1266   453                    137.0000   639657         
    138   133      196.3038   305                    137.0000   648630         
    141   136      205.3038   358                    137.0000   667516         
Elapsed time = 1781.33 sec. (2767477.77 ticks, tree = 28.15 MB, solutions = 0)
    142   137      204.5316   336                    137.0000   680993         
    145   138      212.3291   403                    137.0000   681984         
    147   140      226.1772   348                    137.0000   682393         
    149   140      226.1772   361                    137.0000   692077         
    151   142      230.1772   323                    137.0000   704441         
    153   144      230.1772   415                    137.0000   705693         
    156   147      230.1772   376                    137.0000   706552         
    157   148      230.1772   330                    137.0000   723123         
    158   149      230.1772   406                    137.0000   723941         
    159   150      230.3101   341                    137.0000   725086         
Elapsed time = 1850.70 sec. (2873129.92 ticks, tree = 31.14 MB, solutions = 0)
    160   151      230.3101   397                    137.0000   745763         
    161   152      230.3101   325                    137.0000   746259         
    163   154      230.3101   315                    137.0000   747126         
    164   155      230.3101   298                    137.0000   758535         
    165   156      230.3101   300                    137.0000   759092         
    166   157      230.3101   380                    137.0000   774873         
    167   158      230.3101   365                    137.0000   775921         
    168   159      230.3101   360                    137.0000   776964         
    170   161      230.3101   326                    137.0000   777892         
    180   169      245.9241   324                    137.0000   779921         
Elapsed time = 1955.96 sec. (3016165.48 ticks, tree = 35.42 MB, solutions = 0)
    211   194      401.0000   292                    137.0000   781892         
    266   233      662.7468   171                    137.0000   783770         
    349   308      863.0000    53                    137.0000   785020         
    388   341      137.0000   384                    137.0000   801039         
    390   343      137.0000   404                    137.0000   814273         
    391   344      137.0000   394                    137.0000   825559         
    393   346      137.0000   430                    137.0000   837300         
    396   349      137.0000   399                    137.0000   841629         
    397   350      137.0000   433                    137.0000   850954         
    398   351      137.0000   367                    137.0000   854572         
Elapsed time = 2136.19 sec. (3299007.10 ticks, tree = 75.04 MB, solutions = 0)
    399   352      137.0000   388                    137.0000   864978         
    402   355      137.0000   358                    137.0000   867791         
    403   356      137.0635   345                    137.0000   869880         
    404   357      137.0000   394                    137.0000   872487         
    405   358      137.1797   356                    137.0000   875834         
    406   359      137.0000   357                    137.0000   883848         
    408   361      137.1298   319                    137.0000   893066         
    409   362      137.0000   353                    137.0000   898370         
    411   364      137.3227   287                    137.0000   906093         
    413   366      137.2903   326                    137.0000   925558         
Elapsed time = 2257.77 sec. (3507010.47 ticks, tree = 78.19 MB, solutions = 0)
    415   368      137.3207   339                    137.0000   935942         
    416   369      137.0112   385                    137.0000   941473         
    417   370      137.0314   354                    137.0000   943759         
    424   377      168.7342   321                    137.0000   944756         
    427   380      168.2532   456                    137.0000   969964         
    429   382      158.5316   456                    137.0000   988725         
    433   386      177.0000   499                    137.0000   991597         
    439   392      194.4810   788                    137.0000  1039855         
    445   398      167.1329   478                    137.0000  1064875         
    452   405      176.2532   434                    137.0000  1104564         
Elapsed time = 2572.13 sec. (3990253.28 ticks, tree = 86.37 MB, solutions = 0)
    460   413      137.4394   396                    137.0000  1105835         
    461   414      156.2532   565                    137.0000  1120116         
    465   418      154.1899   327                    137.0000  1121668         
    471   424      170.2532   599                    137.0000  1136321         
    473   426      186.0759   455                    137.0000  1155332         
    477   430      196.2532   592                    137.0000  1202201         
    480   433      138.0812   356                    137.0000  1202885         
    482   435      202.4810   762                    137.0000  1221626         
    484   437      168.1329   594                    137.0000  1241740         
    488   441      149.0000   402                    137.0000  1248812         
Elapsed time = 2864.46 sec. (4438101.15 ticks, tree = 93.94 MB, solutions = 0)
    490   443      181.1329   594                    137.0000  1272961         
    492   445      170.7342   572                    137.0000  1292112         
    494   447      170.2532   568                    137.0000  1312386         

Clique cuts applied:  24
Cover cuts applied:  1
Implied bound cuts applied:  1
Mixed integer rounding cuts applied:  69
Zero-half cuts applied:  69
Lift and project cuts applied:  1
Gomory fractional cuts applied:  4

Root node processing (before b&c):
  Real time             =  881.17 sec. (1345838.89 ticks)
Sequential b&c:
  Real time             = 2718.89 sec. (4173860.60 ticks)
                          ------------
Total (root+branch&cut) = 3600.06 sec. (5519699.48 ticks)


MIP - Time limit exceeded, no integer solution.
Current MIP best bound =  1.3700000000e+02 (gap is infinite)
Solution time = 3600.06 sec.  Iterations = 1405523  Nodes = 495 (448)
Deterministic time = 5519700.04 ticks  (1533.23 ticks/sec)

CPLEX> No integer feasible solution exists.
CPLEX> 