
Welcome to IBM(R) ILOG(R) CPLEX(R) Interactive Optimizer 12.7.1.0
  with Simplex, Mixed Integer & Barrier Optimizers
5725-A06 5725-A29 5724-Y48 5724-Y49 5724-Y54 5724-Y55 5655-Y21
Copyright IBM Corp. 1988, 2017.  All Rights Reserved.

Type 'help' for a list of available commands.
Type 'help' followed by a command name for more
information on commands.

CPLEX> New value for default parallel thread count: 1
CPLEX> New value for time limit in seconds: 3600
CPLEX> Problem 'rat99_m10.lp' read.
Read time = 0.13 sec. (11.16 ticks)
CPLEX> CPXPARAM_TimeLimit                               3600
CPXPARAM_Threads                                 1
CPXPARAM_Read_APIEncoding                        "UTF-8"
Tried aggregator 1 time.
MIP Presolve modified 131320 coefficients.
Reduced MIP has 10712 rows, 97119 columns, and 596042 nonzeros.
Reduced MIP has 97020 binaries, 98 generals, 0 SOSs, and 0 indicators.
Presolve time = 0.33 sec. (520.69 ticks)
Tried aggregator 1 time.
Reduced MIP has 10712 rows, 97119 columns, and 596042 nonzeros.
Reduced MIP has 97020 binaries, 99 generals, 0 SOSs, and 0 indicators.
Presolve time = 0.35 sec. (313.32 ticks)
Probing time = 0.08 sec. (43.38 ticks)
Clique table members: 172517.
MIP emphasis: balance optimality and feasibility.
MIP search method: dynamic search.
Parallel mode: none, using 1 thread.
Root relaxation solution time = 12.41 sec. (20202.22 ticks)

        Nodes                                         Cuts/
   Node  Left     Objective  IInf  Best Integer    Best Bound    ItCnt     Gap

      0     0      156.1258   325                    156.1258    18149         
      0     0      166.3646   376                   Cuts: 118    35929         
      0     0      167.1250   409                   Cuts: 132    80596         
      0     0      167.1750   458                    Cuts: 63    81250         
      0     0      167.1750   441                    Cuts: 58    81561         
      0     0      167.1750   401                    Cuts: 51    81771         
      0     0      167.1750   382                    Cuts: 32    81997         
      0     0      167.1750   459                    Cuts: 56    82349         
      0     0      167.1750   297                    Cuts: 16    82567         
      0     0      167.1750   350                   Cuts: 123    82947         
      0     2      167.1750   279                    167.1750    82947         
Elapsed time = 139.96 sec. (223648.14 ticks, tree = 0.01 MB, solutions = 0)
      1     3      167.3057   375                    167.1750    85273         
      2     4      167.1833   438                    167.1833    86069         
      3     5      167.1833   511                    167.1833    86434         
      4     6      167.4482   473                    167.1833    87959         
      5     7      167.1833   509                    167.1833    92998         
      6     8      167.1833   504                    167.1833    93651         
      7     9      167.3006   498                    167.1833    94633         
      8    10      167.5096   477                    167.1833    95439         
      9    11      167.3500   384                    167.1833    95781         
     10    12      167.5624   413                    167.1833    96344         
Elapsed time = 151.12 sec. (244119.85 ticks, tree = 0.60 MB, solutions = 0)
     11    13      167.4000   376                    167.1833    97103         
     12    14      167.5396   509                    167.1833    98587         
     14    16      167.4250   393                    167.1833    98983         
     15    17      167.7034   386                    167.1833    99446         
     16    18      167.6192   447                    167.1833   100241         
     17    19      167.6548   471                    167.1833   100657         
     21    23      167.7944   405                    167.1833   101025         
     26    28      167.7944   413                    167.1833   101528         
     28    30      167.8290   432                    167.1833   102219         
     32    34      167.8499   375                    167.1833   102674         
Elapsed time = 158.75 sec. (258679.41 ticks, tree = 3.64 MB, solutions = 0)
     37    39      167.9785   459                    167.1833   103098         
     40    42      168.7944   380                    167.1833   103730         
     45    47      168.1326   431                    167.1833   104409         
     49    51      168.6521   465                    167.1833   105102         
     51    53      168.8603   386                    167.1833   105666         
     56    58      169.0592   555                    167.1833   106509         
     61    63      169.0191   444                    167.1833   106955         
     66    68      169.3389   402                    167.1833   107442         
     71    73      168.9723   419                    167.1833   108214         
     77    79      169.6680   332                    167.1833   108834         
Elapsed time = 179.43 sec. (296276.50 ticks, tree = 10.97 MB, solutions = 0)
     82    84      169.4301   371                    167.1833   109458         
     87    89      170.0758   331                    167.1833   110054         
     95    97      169.9305   271                    167.1833   110580         
    100   102      169.9305   274                    167.1833   111207         
    107   109      171.1412   294                    167.1833   111873         
    114   116      170.1906   296                    167.1833   112304         
    121   123      170.4559   291                    167.1833   112803         
    129   131      171.1659   298                    167.1833   113438         
    142   144      171.6213   269                    167.1833   114076         
    152   154      172.6959   243                    167.1833   114590         
Elapsed time = 185.90 sec. (307813.73 ticks, tree = 23.27 MB, solutions = 0)
    163   165      173.7490   242                    167.1833   115260         
    171   173      184.4045   326                    167.1833   116436         
    178   178      176.6890   193                    167.1833   120262         
    190   190      177.0110   233                    167.1833   121106         
    198   198      178.2657   224                    167.1833   122148         
    204   204      209.2584   297                    167.1833   125884         
    209   209      178.8064   226                    167.1833   126901         
    224   222      181.7401   230                    167.1833   127706         
    226   224      225.8708   347                    167.1833   133681         
    236   234      184.3264   235                    167.1833   134663         
Elapsed time = 198.93 sec. (327445.84 ticks, tree = 36.55 MB, solutions = 0)
    239   235      190.0494   264                    167.1833   138596         
    244   240      190.3904   263                    167.1833   142326         
    267   260      376.0000   326                    167.1833   157259         
    278   267      232.1742   250                    167.1833   158271         
    280   267      232.1742   221                    167.1833   158339         
    290   277      232.1742   236                    167.1833   160678         
    300   285      232.3371   218                    167.1833   162962         
    303   288      232.3371   204                    167.1833   165224         
    306   291      244.5535   217                    167.1833   168685         
    313   298      249.2247   224                    167.1833   170002         
Elapsed time = 219.31 sec. (354104.16 ticks, tree = 47.26 MB, solutions = 0)
    320   304      232.8764   197                    167.1833   170096         
    342   320      240.6742   175                    167.1833   171197         
    370   345      345.4270   128                    167.1833   172431         
    412   380      427.8708    95                    167.1833   172899         
    431   388      167.3167   568                    167.1833   173487         
    434   391      167.3702   511                    167.1833   176689         
    435   392      167.6426   537                    167.1833   178587         
    440   397      167.7601   471                    167.1833   180193         
    444   401      167.7163   453                    167.1833   181563         
    448   405      167.8162   457                    167.1833   182041         
Elapsed time = 245.50 sec. (399116.40 ticks, tree = 64.72 MB, solutions = 0)
    453   410      167.4624   445                    167.1833   182639         
    454   411      167.6951   446                    167.1833   183773         
    456   413      167.9562   452                    167.1833   184730         
    460   417      167.4892   434                    167.1833   185670         
    462   419      168.0051   377                    167.1833   186351         
    465   422      167.6772   551                    167.1833   187066         
    468   425      167.7839   391                    167.1833   187512         
    470   427      167.8275   421                    167.1833   188025         
    476   433      168.0016   422                    167.1833   188480         
    480   437      168.1701   373                    167.1833   189171         
Elapsed time = 253.03 sec. (413752.14 ticks, tree = 69.75 MB, solutions = 0)
    483   440      168.1654   368                    167.1833   189716         
    488   445      168.4935   368                    167.1833   190182         
    493   450      168.6777   327                    167.1833   190763         
    499   456      168.3977   326                    167.1833   191281         
    506   463      168.8834   378                    167.1833   191768         
    511   468      168.8718   267                    167.1833   192334         
    515   472      169.9997   350                    167.1833   192912         
    523   480      169.1407   304                    167.1833   193468         
    532   489      170.4558   305                    167.1833   194004         
    543   500      170.3857   242                    167.1833   194518         
Elapsed time = 258.78 sec. (424580.43 ticks, tree = 80.23 MB, solutions = 0)
    549   506      170.2101   279                    167.1833   195124         
    557   514      172.9297   262                    167.1833   195775         
    567   524      178.3858   299                    167.1833   210646         
    588   544      185.8876   257                    167.1833   211345         
    602   553      293.3258   315                    167.1833   212201         
    635   574      572.4775   216                    167.1833   213047         
    671   597      836.3371   177                    167.1833   213930         
    700   621     1078.9326   120                    167.1833   214668         
    750   658     1301.6067    71                    167.1833   215396         
*   809   667      integral     0     1390.0000      167.1833   215718   87.97%
    810   668      167.3759   466     1390.0000      167.3057   218371   87.96%
Elapsed time = 278.18 sec. (455090.26 ticks, tree = 108.80 MB, solutions = 1)
    812   670      167.5727   393     1390.0000      167.3057   219974   87.96%
    816   674      167.3280   443     1390.0000      167.3057   221644   87.96%
    822   680      168.0041   406     1390.0000      167.3057   223337   87.96%
    833   691      168.3280   416     1390.0000      167.3057   225018   87.96%
    851   709      168.1616   345     1390.0000      167.3057   226708   87.96%
    864   722      167.9770   436     1390.0000      167.3057   228556   87.96%
    885   743      168.5273   367     1390.0000      167.3057   230443   87.96%
    906   764      170.3225   359     1390.0000      167.3057   232490   87.96%
    925   783      171.2773   316     1390.0000      167.3057   234675   87.96%
    943   801      170.9196   281     1390.0000      167.3057   236661   87.96%
Elapsed time = 299.03 sec. (495377.56 ticks, tree = 128.96 MB, solutions = 1)
    957   815      174.4653   320     1390.0000      167.3057   238991   87.96%
    996   854      175.5036   252     1390.0000      167.3057   241532   87.96%
   1010   868      167.4090   488     1390.0000      167.3112   243102   87.96%
   1025   883      168.2734   437     1390.0000      167.3112   244647   87.96%
   1032   890      169.0608   399     1390.0000      167.3112   246398   87.96%
   1041   899      169.8260   421     1390.0000      167.3112   248023   87.96%
   1048   906      171.3272   541     1390.0000      167.3112   249796   87.96%
   1050   908      168.0000   268     1390.0000      168.0000   339704   87.91%
   1051   909      168.0000   398     1390.0000      168.0000   372136   87.91%
   1052   910      168.0000   362     1390.0000      168.0000   394157   87.91%
Elapsed time = 652.41 sec. (1053738.89 ticks, tree = 140.73 MB, solutions = 1)
   1053   911      168.0000   419     1390.0000      168.0000   414836   87.91%
   1054   911      168.0000   472     1390.0000      168.0000   414974   87.91%
   1055   911      168.0000   367     1390.0000      168.0000   419980   87.91%
   1056   912      168.0000   340     1390.0000      168.0000   422066   87.91%
   1057   912      168.0000   338     1390.0000      168.0000   439727   87.91%
   1058   913      168.0000   338     1390.0000      168.0000   451101   87.91%
   1059   913      168.0000   320     1390.0000      168.0000   452670   87.91%
   1060   914      168.0000   339     1390.0000      168.0000   453210   87.91%
   1061   914      168.0000   302     1390.0000      168.0000   455017   87.91%
   1063   915      168.0000   298     1390.0000      168.0000   460296   87.91%
Elapsed time = 721.19 sec. (1172097.77 ticks, tree = 141.33 MB, solutions = 1)
   1065   915      168.0000   345     1390.0000      168.0000   487212   87.91%
   1067   916      168.0000   332     1390.0000      168.0000   488723   87.91%
   1068   917      168.0000   371     1390.0000      168.0000   515873   87.91%
   1069   918      168.0000   349     1390.0000      168.0000   517416   87.91%
   1070   918      168.0000   292     1390.0000      168.0000   527590   87.91%
   1072   919      168.0000   315     1390.0000      168.0000   528957   87.91%
   1074   921      168.0000   307     1390.0000      168.0000   531361   87.91%
   1076   922      168.0000   333     1390.0000      168.0000   546716   87.91%
   1078   923      168.0000   282     1390.0000      168.0000   554503   87.91%
   1079   922      168.1376   264     1390.0000      168.0000   575201   87.91%
Elapsed time = 767.59 sec. (1235114.63 ticks, tree = 142.86 MB, solutions = 1)
   1080   922      169.0000   266     1390.0000      168.0000   576136   87.91%
   1084   923      169.0000   284     1390.0000      168.0000   577803   87.91%
   1086   922      170.0000   279     1390.0000      168.0000   580165   87.91%
   1092   925      170.0000   317     1390.0000      168.0000   580391   87.91%
   1096   927      172.0000   291     1390.0000      168.0000   582199   87.91%
   1098   928      172.0000   257     1390.0000      168.0000   584531   87.91%
   1103   930      172.0000   271     1390.0000      168.0000   585826   87.91%
   1107   931      176.0000   269     1390.0000      168.0000   587586   87.91%
   1110   933      176.0000   269     1390.0000      168.0000   590560   87.91%
   1113   933      177.0000   277     1390.0000      168.0000   593375   87.91%
Elapsed time = 827.71 sec. (1320298.22 ticks, tree = 144.70 MB, solutions = 1)
   1117   936      177.0000   286     1390.0000      168.0000   595110   87.91%
   1122   937      177.0000   281     1390.0000      168.0000   596697   87.91%
   1125   938      181.0000   283     1390.0000      168.0000   598992   87.91%
   1130   939      183.0000   271     1390.0000      168.0000   600981   87.91%
   1133   938      192.0000   275     1390.0000      168.0000   603674   87.91%
   1137   940      192.0000   258     1390.0000      168.0000   606835   87.91%
   1140   942      192.0000   235     1390.0000      168.0000   611182   87.91%
   1146   943      192.0000   240     1390.0000      168.0000   614216   87.91%
   1151   947      192.0000   245     1390.0000      168.0000   618239   87.91%
   1157   949      192.1550   204     1390.0000      168.0000   622870   87.91%
Elapsed time = 863.66 sec. (1366971.27 ticks, tree = 147.40 MB, solutions = 1)
   1163   949      193.0000   239     1390.0000      168.0000   625272   87.91%
   1171   952      194.0000   241     1390.0000      168.0000   626819   87.91%
   1177   952      194.0000   205     1390.0000      168.0000   629173   87.91%
   1180   954      194.0000   206     1390.0000      168.0000   634179   87.91%
   1183   953      194.1735   201     1390.0000      168.0000   638445   87.91%
   1190   956      195.0000   217     1390.0000      168.0000   641024   87.91%
   1198   961      195.0000   230     1390.0000      168.0000   642866   87.91%
   1206   964      195.5001   197     1390.0000      168.0000   647249   87.91%
   1213   969      195.0000   206     1390.0000      168.0000   650410   87.91%
   1216   970      202.8989   218     1390.0000      168.0000   654792   87.91%
Elapsed time = 900.75 sec. (1411099.09 ticks, tree = 151.34 MB, solutions = 1)
   1224   970      219.2809   236     1390.0000      168.0000   656056   87.91%
   1233   972      237.0000   205     1390.0000      168.0000   657009   87.91%
   1240   970      288.8708   214     1390.0000      168.0000   658754   87.91%
   1250   973      291.0000   198     1390.0000      168.0000   659470   87.91%
   1257   972      298.3371   202     1390.0000      168.0000   661698   87.91%
   1267   975      299.0000   210     1390.0000      168.0000   661849   87.91%
   1278   982      299.0000   181     1390.0000      168.0000   662417   87.91%
   1290   985      299.0000   185     1390.0000      168.0000   663678   87.91%
   1300   988      299.1054   156     1390.0000      168.0000   666479   87.91%
   1313   991      405.9888   145     1390.0000      168.0000   667536   87.91%
Elapsed time = 931.65 sec. (1452082.49 ticks, tree = 155.39 MB, solutions = 1)
   1325   990      446.3371   136     1390.0000      168.0000   671287   87.91%
   1338   995      447.0000   130     1390.0000      168.0000   674457   87.91%
   1351  1000      447.0000   117     1390.0000      168.0000   677874   87.91%
   1361   999      498.7753    82     1390.0000      168.0000   686301   87.91%
   1374   998      721.6854    82     1390.0000      168.0000   690616   87.91%
   1388  1001      763.0000    61     1390.0000      168.0000   697043   87.91%
   1393   992      168.8971   282     1390.0000      168.0000   710018   87.91%
   1395   993      169.0000   326     1390.0000      168.0000   711052   87.91%
   1398   993      170.0000   310     1390.0000      168.0000   713591   87.91%
   1402   995      170.0000   309     1390.0000      168.0000   714559   87.91%
Elapsed time = 1008.26 sec. (1571579.68 ticks, tree = 156.36 MB, solutions = 1)
   1407   998      171.1642   324     1390.0000      168.0000   718970   87.91%
   1410   999      172.0000   373     1390.0000      168.0000   719778   87.91%
   1412  1001      172.0000   290     1390.0000      168.0000   722174   87.91%
   1415  1002      172.0000   308     1390.0000      168.0000   723687   87.91%
   1419  1004      172.0000   292     1390.0000      168.0000   725836   87.91%
   1422  1005      310.0000   384     1390.0000      168.0000   726668   87.91%
   1426  1009      172.0000   292     1390.0000      168.0000   728010   87.91%
   1430  1010      174.2495   307     1390.0000      168.0000   732849   87.91%
   1432  1012      366.0000   360     1390.0000      168.0000   734434   87.91%
   1436  1013      172.0000   271     1390.0000      168.0000   736090   87.91%
Elapsed time = 1055.44 sec. (1644096.05 ticks, tree = 159.41 MB, solutions = 1)
   1438  1014      172.6918   269     1390.0000      168.0000   738911   87.91%
   1443  1016      173.0000   268     1390.0000      168.0000   740430   87.91%
   1445  1015      173.0954   259     1390.0000      168.0000   743074   87.91%
   1451  1018      174.0000   311     1390.0000      168.0000   743473   87.91%
   1453  1019      174.0000   293     1390.0000      168.0000   746063   87.91%
   1458  1021      214.0169   306     1390.0000      168.0000   747359   87.91%
   1463  1024      174.0000   325     1390.0000      168.0000   747757   87.91%
   1469  1029      178.6072   276     1390.0000      168.0000   751316   87.91%
   1474  1029      174.0000   235     1390.0000      168.0000   752003   87.91%
   1476  1028      179.3258   249     1390.0000      168.0000   754600   87.91%
Elapsed time = 1089.38 sec. (1692899.87 ticks, tree = 162.03 MB, solutions = 1)
   1479  1028      174.0257   245     1390.0000      168.0000   757866   87.91%
   1485  1028      175.0000   316     1390.0000      168.0000   759378   87.91%
   1489  1031      175.0000   284     1390.0000      168.0000   761307   87.91%
   1491  1031      176.4327   268     1390.0000      168.0000   764137   87.91%
   1496  1033      177.0000   285     1390.0000      168.0000   765319   87.91%
   1502  1036      177.0000   264     1390.0000      168.0000   766501   87.91%
   1504  1036      177.0000   256     1390.0000      168.0000   769267   87.91%
   1507  1037      177.0000   258     1390.0000      168.0000   772157   87.91%
   1511  1040      177.0000   261     1390.0000      168.0000   775008   87.91%
   1516  1040      177.7899   269     1390.0000      168.0000   776976   87.91%
Elapsed time = 1122.08 sec. (1737203.26 ticks, tree = 164.22 MB, solutions = 1)
   1520  1042      177.0000   281     1390.0000      168.0000   779678   87.91%
   1525  1045      177.6026   257     1390.0000      168.0000   783375   87.91%
   1528  1044      177.0589   241     1390.0000      168.0000   788252   87.91%
   1533  1046      177.0000   281     1390.0000      168.0000   790712   87.91%
   1537  1048      177.0000   318     1390.0000      168.0000   793422   87.91%
   1539  1049      177.0000   280     1390.0000      168.0000   796429   87.91%
   1544  1051      178.0000   301     1390.0000      168.0000   799307   87.91%
   1548  1053      178.0000   254     1390.0000      168.0000   801917   87.91%
   1551  1054      178.1611   247     1390.0000      168.0000   805487   87.91%
   1554  1053      178.3396   256     1390.0000      168.0000   811288   87.91%
Elapsed time = 1159.81 sec. (1786112.12 ticks, tree = 166.70 MB, solutions = 1)
   1559  1058      179.0000   227     1390.0000      168.0000   813420   87.91%
   1563  1060      179.0000   237     1390.0000      168.0000   816919   87.91%
   1568  1061      179.0000   244     1390.0000      168.0000   820286   87.91%
   1571  1062      179.0000   244     1390.0000      168.0000   823957   87.91%
   1575  1062      179.3769   215     1390.0000      168.0000   827014   87.91%
   1578  1062      180.0000   249     1390.0000      168.0000   830709   87.91%
   1583  1062      180.4921   213     1390.0000      168.0000   833662   87.91%
   1588  1065      181.0000   210     1390.0000      168.0000   836758   87.91%
   1593  1067      181.0000   217     1390.0000      168.0000   839433   87.91%
   1596  1067      190.0000   212     1390.0000      168.0000   843085   87.91%
Elapsed time = 1194.45 sec. (1830928.95 ticks, tree = 169.26 MB, solutions = 1)
   1607  1069      192.0000   209     1390.0000      168.0000   843596   87.91%
   1613  1071      192.4719   212     1390.0000      168.0000   844928   87.91%
   1619  1073      193.0000   225     1390.0000      168.0000   847583   87.91%
   1624  1074      193.0000   176     1390.0000      168.0000   852232   87.91%
   1628  1076      193.0000   196     1390.0000      168.0000   857754   87.91%
   1635  1080      193.0000   178     1390.0000      168.0000   862699   87.91%
   1642  1085      193.0000   169     1390.0000      168.0000   866232   87.91%
   1649  1082      193.0000   177     1390.0000      168.0000   871586   87.91%
   1659  1081      262.1124   164     1390.0000      168.0000   872139   87.91%
   1670  1085      319.7416   180     1390.0000      168.0000   873010   87.91%
Elapsed time = 1229.09 sec. (1874502.92 ticks, tree = 172.53 MB, solutions = 1)
   1676  1083      320.2584   186     1390.0000      168.0000   875511   87.91%
   1685  1088      321.0000   161     1390.0000      168.0000   876529   87.91%
   1691  1088      368.2472   153     1390.0000      168.0000   879678   87.91%
   1701  1087      485.0337   136     1390.0000      168.0000   883804   87.91%
   1713  1087      544.0000   120     1390.0000      168.0000   885602   87.91%
   1721  1088      550.0787   134     1390.0000      168.0000   890172   87.91%
   1737  1088      912.0000   120     1390.0000      168.0000   893832   87.91%
   1757  1096      912.0000   108     1390.0000      168.0000   895324   87.91%
   1771  1102      912.0000    81     1390.0000      168.0000   901899   87.91%
   1785  1103      912.0000    41     1390.0000      168.0000   907171   87.91%
Elapsed time = 1268.75 sec. (1920777.08 ticks, tree = 175.85 MB, solutions = 1)
   1799  1106      912.0000    31     1390.0000      168.0000   915794   87.91%
   1803  1107      912.0000    20     1390.0000      168.0000   924476   87.91%
   1807  1110      912.0000    12     1390.0000      168.0000   932899   87.91%
*  1810+  870                          912.0000      168.0000            81.58%
   1811   866      171.8383   325      912.0000      168.0000   935508   81.58%
   1812   866      168.0000   386      912.0000      168.0000   947746   81.58%
   1814   866      172.3760   305      912.0000      168.0000   950783   81.58%
   1817   869      173.7824   316      912.0000      168.0000   953459   81.58%
   1819   869      173.7824   314      912.0000      168.0000   957718   81.58%
   1822   869      175.0000   294      912.0000      168.0000   959605   81.58%
   1824   869      176.0070   310      912.0000      168.0000   962744   81.58%
Elapsed time = 1352.38 sec. (2055021.35 ticks, tree = 139.53 MB, solutions = 2)
   1827   871      177.0000   306      912.0000      168.0000   965621   81.58%
   1832   875      177.0000   328      912.0000      168.0000   965762   81.58%
   1840   878      177.0000   307      912.0000      168.0000   966484   81.58%
   1845   879      177.0000   289      912.0000      168.0000   967737   81.58%
   1848   881      177.0000   277      912.0000      168.0000   970444   81.58%
   1852   883      169.2767   343      912.0000      168.0000   974767   81.58%
   1855   884      169.7681   329      912.0000      168.0000   977932   81.58%
   1858   885      170.0000   334      912.0000      168.0000   979441   81.58%
   1860   887      170.0000   330      912.0000      168.0000   979895   81.58%
   1862   886      170.0800   312      912.0000      168.0000   983388   81.58%
Elapsed time = 1392.83 sec. (2114492.64 ticks, tree = 142.34 MB, solutions = 2)
   1865   888      170.0000   350      912.0000      168.0000   986312   81.58%
   1868   889      170.2782   342      912.0000      168.0000   988940   81.58%
   1872   890      171.0000   377      912.0000      168.0000   989736   81.58%
   1877   892      171.0000   345      912.0000      168.0000   991476   81.58%
   1880   893      171.0000   361      912.0000      168.0000   993106   81.58%
   1884   894      171.0000   368      912.0000      168.0000   994314   81.58%
   1888   894      172.3004   331      912.0000      168.0000   997539   81.58%
   1890   895      171.0000   349      912.0000      168.0000  1000023   81.58%
   1893   897      171.3880   291      912.0000      168.0000  1002779   81.58%
   1897   898      171.0000   355      912.0000      168.0000  1005076   81.58%
Elapsed time = 1428.19 sec. (2165815.77 ticks, tree = 144.48 MB, solutions = 2)
   1901   901      171.0000   361      912.0000      168.0000  1005961   81.58%
   1905   902      171.0129   369      912.0000      168.0000  1008455   81.58%
   1910   904      172.0000   413      912.0000      168.0000  1008837   81.58%
   1916   908      172.0000   368      912.0000      168.0000  1011252   81.58%
   1919   910      172.0000   323      912.0000      168.0000  1014264   81.58%
   1920   911      172.0000   318      912.0000      168.0000  1014265   81.58%
   1926   913      172.0000   303      912.0000      168.0000  1015287   81.58%
   1930   914      172.0000   320      912.0000      168.0000  1016758   81.58%
   1933   914      172.0000   320      912.0000      168.0000  1019032   81.58%
   1935   915      172.8615   300      912.0000      168.0000  1021246   81.58%
Elapsed time = 1464.57 sec. (2218334.59 ticks, tree = 147.42 MB, solutions = 2)
   1940   916      172.0000   323      912.0000      168.0000  1021579   81.58%
   1943   916      172.0000   312      912.0000      168.0000  1023698   81.58%
   1947   914    infeasible            912.0000      168.0000  1026134   81.58%
   1950   915      173.0000   321      912.0000      168.0000  1026748   81.58%
   1953   915      174.0000   306      912.0000      168.0000  1029241   81.58%
   1956   916      175.0000   323      912.0000      168.0000  1031599   81.58%
   1961   917      175.0000   294      912.0000      168.0000  1032857   81.58%
   1964   919      175.0000   313      912.0000      168.0000  1035603   81.58%
   1967   920      178.2166   289      912.0000      168.0000  1038115   81.58%
   1969   921      291.0000   303      912.0000      168.0000  1038791   81.58%
Elapsed time = 1516.75 sec. (2288846.37 ticks, tree = 148.42 MB, solutions = 2)
   1972   921      175.0000   306      912.0000      168.0000  1042450   81.58%
   1975   922      175.0000   300      912.0000      168.0000  1045951   81.58%
   1978   924      175.0000   264      912.0000      168.0000  1048138   81.58%
   1980   925      175.3277   255      912.0000      168.0000  1051379   81.58%
   1984   927      175.0000   281      912.0000      168.0000  1054876   81.58%
   1987   928      175.0000   286      912.0000      168.0000  1058336   81.58%
   1991   929      175.0000   294      912.0000      168.0000  1061744   81.58%
   1993   928      175.0628   236      912.0000      168.0000  1065836   81.58%
   1998   930      175.0000   288      912.0000      168.0000  1067460   81.58%
   2001   931      175.0000   267      912.0000      168.0000  1072650   81.58%
Elapsed time = 1554.86 sec. (2337467.87 ticks, tree = 150.41 MB, solutions = 2)
   2004   932      175.4791   245      912.0000      168.0000  1075955   81.58%
   2007   935      175.7171   242      912.0000      168.0000  1080429   81.58%
   2011   937      175.0000   274      912.0000      168.0000  1083311   81.58%
   2014   938      175.0000   267      912.0000      168.0000  1086448   81.58%
   2019   939      175.0000   279      912.0000      168.0000  1089201   81.58%
   2022   939      175.0772   259      912.0000      168.0000  1092735   81.58%
   2027   939      176.0000   295      912.0000      168.0000  1094549   81.58%
   2033   942      176.0000   333      912.0000      168.0000  1094919   81.58%
   2038   943      176.5606   259      912.0000      168.0000  1097013   81.58%
   2042   946      176.0000   338      912.0000      168.0000  1099191   81.58%
Elapsed time = 1590.81 sec. (2384235.98 ticks, tree = 153.06 MB, solutions = 2)
   2045   948      176.0000   242      912.0000      168.0000  1101312   81.58%
   2050   948    infeasible            912.0000      168.0000  1103094   81.58%
   2052   948      169.4611   337      912.0000      168.0000  1106888   81.58%
   2055   949      169.9574   340      912.0000      168.0000  1108976   81.58%
   2057   951      169.9998   329      912.0000      168.0000  1111075   81.58%
   2060   952      169.9998   332      912.0000      168.0000  1112517   81.58%
   2062   952      169.9998   324      912.0000      168.0000  1115494   81.58%
   2066   953      171.0000   402      912.0000      168.0000  1116766   81.58%
   2069   955      171.0000   341      912.0000      168.0000  1118563   81.58%
   2071   956      172.0000   327      912.0000      168.0000  1120568   81.58%
Elapsed time = 1623.99 sec. (2430881.54 ticks, tree = 154.84 MB, solutions = 2)
   2075   958      172.0000   318      912.0000      168.0000  1121700   81.58%
   2080   962      172.0000   325      912.0000      168.0000  1122145   81.58%
   2084   963      172.0000   276      912.0000      168.0000  1124480   81.58%
   2086   963      172.1204   257      912.0000      168.0000  1127352   81.58%
   2090   964      173.0000   281      912.0000      168.0000  1128403   81.58%
   2093   965      173.0716   269      912.0000      168.0000  1131608   81.58%
   2098   966      174.0000   300      912.0000      168.0000  1133667   81.58%
   2101   968      174.0000   277      912.0000      168.0000  1136569   81.58%
   2105   969      174.0000   289      912.0000      168.0000  1139457   81.58%
   2109   970      174.0016   283      912.0000      168.0000  1142106   81.58%
Elapsed time = 1659.68 sec. (2478145.84 ticks, tree = 157.22 MB, solutions = 2)
   2114   972      175.0000   294      912.0000      168.0000  1143138   81.58%
   2118   972      176.2489   253      912.0000      168.0000  1146425   81.58%
   2122   974      177.0000   276      912.0000      168.0000  1148142   81.58%
   2126   974      177.0568   261      912.0000      168.0000  1151034   81.58%
   2132   976      178.0000   245      912.0000      168.0000  1152440   81.58%
   2138   978      178.0000   241      912.0000      168.0000  1154794   81.58%
   2145   983      178.0000   262      912.0000      168.0000  1156080   81.58%
   2148   985      291.0000   287      912.0000      168.0000  1156973   81.58%
   2156   991      291.0000   296      912.0000      168.0000  1157199   81.58%
   2165   994      291.0000   305      912.0000      168.0000  1157375   81.58%
Elapsed time = 1692.97 sec. (2524354.71 ticks, tree = 161.33 MB, solutions = 2)
   2172   995      291.0000   269      912.0000      168.0000  1159136   81.58%
   2179   998      291.0000   284      912.0000      168.0000  1159484   81.58%
   2188  1001      291.0000   282      912.0000      168.0000  1159628   81.58%
   2197  1008      291.0000   290      912.0000      168.0000  1159842   81.58%
   2208  1013      291.0000   305      912.0000      168.0000  1160055   81.58%
   2216  1016      291.0000   283      912.0000      168.0000  1160515   81.58%
   2225  1021      291.0000   285      912.0000      168.0000  1160704   81.58%
   2236  1027      291.0000   295      912.0000      168.0000  1161137   81.58%
   2244  1031      291.0000   287      912.0000      168.0000  1161436   81.58%
   2250  1033      291.0000   276      912.0000      168.0000  1161780   81.58%
Elapsed time = 1721.10 sec. (2565797.31 ticks, tree = 168.02 MB, solutions = 2)
   2252  1034      171.6113   331      912.0000      168.0000  1171164   81.58%
   2256  1035      171.7291   366      912.0000      168.0000  1175576   81.58%
   2258  1035      172.4037   347      912.0000      168.0000  1178057   81.58%
   2260  1037      173.0000   311      912.0000      168.0000  1180775   81.58%
   2263  1039      173.0000   307      912.0000      168.0000  1182200   81.58%
   2267  1043      173.0000   321      912.0000      168.0000  1183217   81.58%
   2272  1046      173.0000   347      912.0000      168.0000  1185204   81.58%
   2276  1049      173.0000   308      912.0000      168.0000  1187254   81.58%
   2279  1050      173.4627   301      912.0000      168.0000  1190030   81.58%
   2285  1054      174.0000   301      912.0000      168.0000  1191164   81.58%
Elapsed time = 1759.49 sec. (2621890.33 ticks, tree = 170.70 MB, solutions = 2)
   2289  1056      174.0000   296      912.0000      168.0000  1193226   81.58%
   2290  1057      174.0000   300      912.0000      168.0000  1193299   81.58%
   2295  1059      175.0000   367      912.0000      168.0000  1195790   81.58%
   2299  1060      175.0000   311      912.0000      168.0000  1197939   81.58%
   2305  1063      175.0000   297      912.0000      168.0000  1199738   81.58%
   2307  1064      175.6589   308      912.0000      168.0000  1202865   81.58%
   2313  1068      176.0000   303      912.0000      168.0000  1204146   81.58%
   2319  1070      176.0000   309      912.0000      168.0000  1207112   81.58%
   2324  1071      177.0000   309      912.0000      168.0000  1208907   81.58%
   2328  1074      177.0000   299      912.0000      168.0000  1211087   81.58%
Elapsed time = 1793.10 sec. (2667050.08 ticks, tree = 173.44 MB, solutions = 2)
   2330  1076      177.0000   303      912.0000      168.0000  1211462   81.58%
   2336  1078      177.0000   312      912.0000      168.0000  1213185   81.58%
   2343  1079      180.9983   275      912.0000      168.0000  1215826   81.58%
   2352  1083      182.0000   286      912.0000      168.0000  1217269   81.58%
   2360  1085      184.0000   284      912.0000      168.0000  1219044   81.58%
   2365  1088      185.0000   268      912.0000      168.0000  1222410   81.58%
   2371  1090      186.0000   256      912.0000      168.0000  1225954   81.58%
   2377  1089      197.4157   290      912.0000      168.0000  1227923   81.58%
   2385  1094      198.0000   306      912.0000      168.0000  1228372   81.58%
   2394  1099      198.0000   292      912.0000      168.0000  1228856   81.58%
Elapsed time = 1829.44 sec. (2716424.96 ticks, tree = 176.25 MB, solutions = 2)
   2400  1101      198.0000   329      912.0000      168.0000  1229324   81.58%
   2403  1102      201.0169   279      912.0000      168.0000  1231829   81.58%
   2410  1101      204.0000   278      912.0000      168.0000  1232461   81.58%
   2417  1103      204.0000   295      912.0000      168.0000  1232977   81.58%
   2421  1107      204.0000   294      912.0000      168.0000  1233760   81.58%
   2427  1107      204.0000   293      912.0000      168.0000  1234321   81.58%
   2436  1113      204.0000   299      912.0000      168.0000  1234731   81.58%
   2442  1118      204.0000   296      912.0000      168.0000  1235337   81.58%
   2450  1118      230.0000   251      912.0000      168.0000  1235629   81.58%
   2452  1119      169.6312   346      912.0000      168.0000  1239495   81.58%
Elapsed time = 1865.64 sec. (2769637.94 ticks, tree = 179.45 MB, solutions = 2)
   2456  1123      169.8244   327      912.0000      168.0000  1242748   81.58%
   2459  1124      170.2617   317      912.0000      168.0000  1245368   81.58%
   2463  1128      171.0000   343      912.0000      168.0000  1246566   81.58%
   2468  1129      171.0679   287      912.0000      168.0000  1248906   81.58%
   2472  1130      172.0000   315      912.0000      168.0000  1250349   81.58%
   2475  1131      172.0000   300      912.0000      168.0000  1252611   81.58%
   2479  1132      172.0000   303      912.0000      168.0000  1255205   81.58%
   2487  1137      172.0000   285      912.0000      168.0000  1257495   81.58%
   2490  1138      172.0000   309      912.0000      168.0000  1260198   81.58%
   2496  1139      173.1039   293      912.0000      168.0000  1264954   81.58%
Elapsed time = 1899.58 sec. (2816837.09 ticks, tree = 181.55 MB, solutions = 2)
   2502  1142      174.0000   295      912.0000      168.0000  1266343   81.58%
   2506  1145      174.0000   317      912.0000      168.0000  1268928   81.58%
   2513  1150      174.0000   314      912.0000      168.0000  1271560   81.58%
   2516  1151      175.0000   350      912.0000      168.0000  1274684   81.58%
   2520  1153      175.0000   332      912.0000      168.0000  1277734   81.58%
   2526  1159      176.0000   310      912.0000      168.0000  1279562   81.58%
   2530  1161      176.0000   337      912.0000      168.0000  1280027   81.58%
   2537  1164      176.0000   296      912.0000      168.0000  1281284   81.58%
   2541  1167      176.0000   290      912.0000      168.0000  1284178   81.58%
   2546  1171      176.0000   279      912.0000      168.0000  1287289   81.58%
Elapsed time = 1931.82 sec. (2861115.86 ticks, tree = 185.56 MB, solutions = 2)
   2552  1173      177.0000   324      912.0000      168.0000  1289112   81.58%
   2559  1177      177.0000   290      912.0000      168.0000  1291516   81.58%
   2567  1178      179.0000   348      912.0000      168.0000  1293927   81.58%
   2570  1181      179.0000   346      912.0000      168.0000  1293962   81.58%
   2581  1192      179.0000   342      912.0000      168.0000  1294306   81.58%
   2586  1197      179.0000   316      912.0000      168.0000  1295941   81.58%
   2594  1205      179.0000   301      912.0000      168.0000  1298539   81.58%
   2600  1211      179.0000   317      912.0000      168.0000  1302952   81.58%
   2609  1220      179.0000   273      912.0000      168.0000  1305612   81.58%
   2613  1224      179.0000   294      912.0000      168.0000  1306479   81.58%
Elapsed time = 1994.70 sec. (2946560.35 ticks, tree = 191.77 MB, solutions = 2)
   2621  1232      180.0000   299      912.0000      168.0000  1309662   81.58%
   2627  1238      180.0000   286      912.0000      168.0000  1310818   81.58%
   2636  1247      180.0000   256      912.0000      168.0000  1312228   81.58%
   2642  1253      180.0000   259      912.0000      168.0000  1314981   81.58%
   2650  1261      180.0000   295      912.0000      168.0000  1315867   81.58%
   2652  1263      170.4929   309      912.0000      168.0000  1328884   81.58%
   2655  1266      171.1525   276      912.0000      168.0000  1332769   81.58%
   2658  1269      172.0000   348      912.0000      168.0000  1334446   81.58%
   2660  1271      172.0000   327      912.0000      168.0000  1337274   81.58%
   2664  1275      172.2804   297      912.0000      168.0000  1339393   81.58%
Elapsed time = 2040.47 sec. (3012136.98 ticks, tree = 198.30 MB, solutions = 2)
   2667  1277      173.0000   317      912.0000      168.0000  1341153   81.58%
   2673  1283      173.0000   316      912.0000      168.0000  1342201   81.58%
   2675  1285      173.0000   299      912.0000      168.0000  1344555   81.58%
   2680  1290      173.0000   317      912.0000      168.0000  1346188   81.58%
   2684  1294      173.0000   302      912.0000      168.0000  1348399   81.58%
   2687  1296      174.0000   315      912.0000      168.0000  1349980   81.58%
   2695  1302      174.0000   312      912.0000      168.0000  1351822   81.58%
   2704  1310      175.0000   344      912.0000      168.0000  1353483   81.58%
   2710  1316      175.0000   318      912.0000      168.0000  1354411   81.58%
   2716  1321      175.0163   314      912.0000      168.0000  1357479   81.58%
Elapsed time = 2070.88 sec. (3054687.55 ticks, tree = 204.38 MB, solutions = 2)
   2724  1329      176.0000   295      912.0000      168.0000  1361032   81.58%
   2729  1334      176.0000   287      912.0000      168.0000  1363224   81.58%
   2734  1338      177.0000   295      912.0000      168.0000  1365453   81.58%
   2739  1343      177.0000   285      912.0000      168.0000  1367246   81.58%
   2748  1350      177.3493   283      912.0000      168.0000  1370246   81.58%
   2753  1355      291.0000   261      912.0000      168.0000  1370968   81.58%
   2758  1360      291.0000   288      912.0000      168.0000  1371369   81.58%
   2767  1369      291.0000   310      912.0000      168.0000  1371708   81.58%
   2775  1377      291.0000   327      912.0000      168.0000  1371934   81.58%
   2780  1382      291.0000   321      912.0000      168.0000  1372201   81.58%
Elapsed time = 2103.26 sec. (3100025.95 ticks, tree = 212.79 MB, solutions = 2)
   2787  1389      291.0000   330      912.0000      168.0000  1372476   81.58%
   2792  1394      291.0000   348      912.0000      168.0000  1372746   81.58%
   2800  1402      291.0000   330      912.0000      168.0000  1373034   81.58%
   2810  1412      291.0000   335      912.0000      168.0000  1373337   81.58%
   2818  1420      291.0000   310      912.0000      168.0000  1373604   81.58%
   2824  1426      291.0000   290      912.0000      168.0000  1374005   81.58%
   2833  1435      291.0000   267      912.0000      168.0000  1374413   81.58%
   2843  1445      291.0000   272      912.0000      168.0000  1374905   81.58%
   2852  1454      172.2362   323      912.0000      168.0000  1389689   81.58%
   2859  1459      173.7388   312      912.0000      168.0000  1392640   81.58%
Elapsed time = 2143.11 sec. (3160244.51 ticks, tree = 224.33 MB, solutions = 2)
   2864  1464      174.0000   355      912.0000      168.0000  1394345   81.58%
   2868  1468      174.0000   320      912.0000      168.0000  1398075   81.58%
   2872  1472      174.0000   329      912.0000      168.0000  1411014   81.58%
   2876  1476      174.5820   315      912.0000      168.0000  1416294   81.58%
   2880  1480      175.8433   306      912.0000      168.0000  1420456   81.58%
   2884  1483      176.2503   326      912.0000      168.0000  1422816   81.58%
   2888  1487      175.0000   327      912.0000      168.0000  1424981   81.58%
   2893  1492      175.0000   305      912.0000      168.0000  1426672   81.58%
   2899  1498      175.0000   323      912.0000      168.0000  1428698   81.58%
   2905  1504      175.0000   297      912.0000      168.0000  1431240   81.58%
Elapsed time = 2180.99 sec. (3208292.64 ticks, tree = 229.59 MB, solutions = 2)
   2911  1510      175.0000   272      912.0000      168.0000  1434449   81.58%
   2914  1513      175.0000   293      912.0000      168.0000  1437804   81.58%
   2923  1522      176.0000   300      912.0000      168.0000  1441241   81.58%
   2926  1525      176.0000   267      912.0000      168.0000  1442861   81.58%
   2929  1528      176.0000   273      912.0000      168.0000  1446592   81.58%
   2933  1531      176.0000   278      912.0000      168.0000  1448000   81.58%
   2936  1533      176.0000   271      912.0000      168.0000  1450981   81.58%
   2940  1537      176.0000   257      912.0000      168.0000  1453073   81.58%
   2945  1542      176.0000   285      912.0000      168.0000  1456726   81.58%
   2948  1545      176.0000   296      912.0000      168.0000  1459663   81.58%
Elapsed time = 2214.36 sec. (3252515.92 ticks, tree = 234.67 MB, solutions = 2)
   2951  1547      177.0000   292      912.0000      168.0000  1461983   81.58%
   2955  1551      177.0000   301      912.0000      168.0000  1463112   81.58%
   2957  1553      177.0000   269      912.0000      168.0000  1466103   81.58%
   2961  1556      178.8530   284      912.0000      168.0000  1469341   81.58%
   2966  1561      177.0000   293      912.0000      168.0000  1471836   81.58%
   2970  1564      177.0000   286      912.0000      168.0000  1473901   81.58%
   2976  1569      177.0000   285      912.0000      168.0000  1476884   81.58%
   2980  1572      177.0000   269      912.0000      168.0000  1479757   81.58%
   2984  1575      177.0468   266      912.0000      168.0000  1483908   81.58%
   2988  1579      177.0000   299      912.0000      168.0000  1487585   81.58%
Elapsed time = 2249.76 sec. (3296648.12 ticks, tree = 240.16 MB, solutions = 2)
   2989  1580      177.2749   267      912.0000      168.0000  1492146   81.58%
   2994  1585      178.0000   291      912.0000      168.0000  1493209   81.58%
   3002  1593      178.0000   291      912.0000      168.0000  1494485   81.58%
   3007  1597      178.5189   246      912.0000      168.0000  1497218   81.58%
   3011  1601      178.0000   287      912.0000      168.0000  1500144   81.58%
   3015  1604      178.2559   260      912.0000      168.0000  1503811   81.58%
   3020  1609      178.0000   267      912.0000      168.0000  1515179   81.58%
   3028  1617      178.0000   265      912.0000      168.0000  1521053   81.58%
   3031  1619      184.9108   250      912.0000      168.0000  1539566   81.58%
   3035  1622      178.0000   264      912.0000      168.0000  1554057   81.58%
Elapsed time = 2286.90 sec. (3340487.67 ticks, tree = 247.08 MB, solutions = 2)
   3038  1625      181.3783   278      912.0000      168.0000  1574142   81.58%
   3043  1629      179.4139   257      912.0000      168.0000  1586730   81.58%
   3047  1632      178.1904   270      912.0000      168.0000  1604674   81.58%
   3050  1635      178.0000   249      912.0000      168.0000  1606976   81.58%
   3052  1637      175.0756   286      912.0000      168.0000  1640859   81.58%
   3056  1639      176.0000   299      912.0000      168.0000  1642733   81.58%
   3059  1640      177.7947   298      912.0000      168.0000  1645740   81.58%
   3065  1646      178.0000   300      912.0000      168.0000  1648038   81.58%
   3069  1649      179.0000   336      912.0000      168.0000  1650123   81.58%
   3072  1652      179.0000   296      912.0000      168.0000  1652469   81.58%
Elapsed time = 2368.77 sec. (3450196.68 ticks, tree = 252.05 MB, solutions = 2)
   3076  1655      180.4031   279      912.0000      168.0000  1654782   81.58%
   3082  1661      181.0000   288      912.0000      168.0000  1655328   81.58%
   3086  1665      181.0000   238      912.0000      168.0000  1658162   81.58%
   3089  1668      181.0000   264      912.0000      168.0000  1661220   81.58%
   3094  1672      182.0000   266      912.0000      168.0000  1663501   81.58%
   3099  1676      182.0000   277      912.0000      168.0000  1664784   81.58%
   3105  1681      195.0000   292      912.0000      168.0000  1665248   81.58%
   3109  1685      195.0000   321      912.0000      168.0000  1667929   81.58%
   3114  1690      195.0000   268      912.0000      168.0000  1669170   81.58%
   3117  1693      195.0000   261      912.0000      168.0000  1671808   81.58%
Elapsed time = 2403.75 sec. (3496466.88 ticks, tree = 258.72 MB, solutions = 2)
   3124  1700      195.0000   240      912.0000      168.0000  1672435   81.58%
   3129  1702      195.9185   231      912.0000      168.0000  1676051   81.58%
   3134  1707      196.0000   225      912.0000      168.0000  1680919   81.58%
   3141  1710      204.0000   252      912.0000      168.0000  1682013   81.58%
   3149  1717      205.0000   240      912.0000      168.0000  1683575   81.58%
   3163  1727      283.0000   216      912.0000      168.0000  1684630   81.58%
   3173  1736      284.0000   237      912.0000      168.0000  1685030   81.58%
   3182  1743      295.0000   268      912.0000      168.0000  1685325   81.58%
   3191  1752      295.0000   287      912.0000      168.0000  1685705   81.58%
   3200  1761      295.0000   275      912.0000      168.0000  1686053   81.58%
Elapsed time = 2437.52 sec. (3540221.47 ticks, tree = 269.29 MB, solutions = 2)
   3209  1770      295.0000   286      912.0000      168.0000  1686337   81.58%
   3210  1771      295.0000   287      912.0000      168.0000  1686339   81.58%
   3218  1779      295.0000   293      912.0000      168.0000  1686794   81.58%
   3227  1788      295.0000   299      912.0000      168.0000  1687220   81.58%
   3235  1796      295.0000   247      912.0000      168.0000  1687709   81.58%
   3242  1802      295.0000   209      912.0000      168.0000  1689567   81.58%
   3252  1812      173.0100   318      912.0000      168.0000  1693324   81.58%
   3256  1814      174.0000   392      912.0000      168.0000  1695154   81.58%
   3259  1817      174.0000   338      912.0000      168.0000  1696865   81.58%
   3263  1819      176.0000   351      912.0000      168.0000  1698951   81.58%
Elapsed time = 2471.86 sec. (3587853.18 ticks, tree = 278.85 MB, solutions = 2)
   3267  1822      177.0000   303      912.0000      168.0000  1701154   81.58%
   3271  1826      177.0000   310      912.0000      168.0000  1703289   81.58%
   3276  1831      177.0000   297      912.0000      168.0000  1705209   81.58%
   3280  1835      177.0000   273      912.0000      168.0000  1707745   81.58%
   3284  1838      178.0000   277      912.0000      168.0000  1709647   81.58%
   3287  1840      178.1856   274      912.0000      168.0000  1712604   81.58%
   3290  1843      179.0000   268      912.0000      168.0000  1712844   81.58%
   3295  1845      183.1124   288      912.0000      168.0000  1714259   81.58%
   3301  1851      184.0000   278      912.0000      168.0000  1714741   81.58%
   3308  1858      184.0000   273      912.0000      168.0000  1715456   81.58%
Elapsed time = 2510.58 sec. (3639796.93 ticks, tree = 284.92 MB, solutions = 2)
   3316  1866      184.0000   273      912.0000      168.0000  1715943   81.58%
   3322  1872      184.0000   215      912.0000      168.0000  1718829   81.58%
   3327  1877      184.0000   233      912.0000      168.0000  1721077   81.58%
   3336  1886      184.0000   236      912.0000      168.0000  1723144   81.58%
   3346  1894      184.0000   241      912.0000      168.0000  1725303   81.58%
   3358  1906      184.0000   230      912.0000      168.0000  1727257   81.58%
   3373  1920      185.0000   272      912.0000      168.0000  1728250   81.58%
   3382  1929      185.0000   299      912.0000      168.0000  1728957   81.58%
   3388  1935      185.0000   243      912.0000      168.0000  1729972   81.58%
   3396  1943      185.0000   262      912.0000      168.0000  1730840   81.58%
Elapsed time = 2541.88 sec. (3680601.52 ticks, tree = 297.41 MB, solutions = 2)
   3402  1949      185.0000   223      912.0000      168.0000  1732820   81.58%
   3411  1958      185.0000   203      912.0000      168.0000  1738027   81.58%
   3417  1964      185.0000   250      912.0000      168.0000  1739558   81.58%
   3426  1973      185.0000   264      912.0000      168.0000  1741735   81.58%
   3440  1987      185.0000   220      912.0000      168.0000  1743060   81.58%
   3450  1997      185.0000   231      912.0000      168.0000  1743965   81.58%
   3452  1999      168.9410   314      912.0000      168.0000  1758840   81.58%
   3455  2001      169.5949   311      912.0000      168.0000  1762404   81.58%
   3460  2006      170.0000   403      912.0000      168.0000  1765036   81.58%
   3464  2010      170.0000   380      912.0000      168.0000  1766854   81.58%
Elapsed time = 2601.27 sec. (3765638.10 ticks, tree = 306.63 MB, solutions = 2)
   3470  2016      170.0000   344      912.0000      168.0000  1769052   81.58%
   3473  2018      170.0556   344      912.0000      168.0000  1771441   81.58%
   3478  2023      171.2603   318      912.0000      168.0000  1774947   81.58%
   3480  2024      172.0000   295      912.0000      168.0000  1777546   81.58%
   3484  2028      172.2317   309      912.0000      168.0000  1780871   81.58%
   3488  2031      173.0000   314      912.0000      168.0000  1782763   81.58%
   3493  2035      174.0000   332      912.0000      168.0000  1784418   81.58%
   3497  2039      174.0000   342      912.0000      168.0000  1785925   81.58%
   3501  2042      175.0000   383      912.0000      168.0000  1787337   81.58%
   3504  2045      175.0000   327      912.0000      168.0000  1788709   81.58%
Elapsed time = 2636.36 sec. (3815298.13 ticks, tree = 311.63 MB, solutions = 2)
   3510  2050      175.0820   276      912.0000      168.0000  1790723   81.58%
   3516  2056      176.0000   347      912.0000      168.0000  1791132   81.58%
   3522  2062      176.0000   294      912.0000      168.0000  1792521   81.58%
   3526  2066      176.0000   311      912.0000      168.0000  1794878   81.58%
   3532  2072      176.0000   294      912.0000      168.0000  1796443   81.58%
   3539  2079      176.0000   316      912.0000      168.0000  1798044   81.58%
   3545  2084      176.7696   292      912.0000      168.0000  1801240   81.58%
   3555  2093      187.0000   330      912.0000      168.0000  1802879   81.58%
   3560  2098      187.0000   326      912.0000      168.0000  1804205   81.58%
   3566  2104      187.0000   305      912.0000      168.0000  1804893   81.58%
Elapsed time = 2668.40 sec. (3860110.62 ticks, tree = 319.94 MB, solutions = 2)
   3571  2109      187.0000   311      912.0000      168.0000  1805439   81.58%
   3576  2114      187.0000   329      912.0000      168.0000  1806294   81.58%
   3581  2117      203.2247   328      912.0000      168.0000  1806603   81.58%
   3589  2125      204.0000   321      912.0000      168.0000  1807074   81.58%
   3594  2130      204.0000   315      912.0000      168.0000  1807427   81.58%
   3601  2137      204.0000   309      912.0000      168.0000  1807864   81.58%
   3606  2142      204.0000   319      912.0000      168.0000  1808433   81.58%
   3612  2148      204.0000   344      912.0000      168.0000  1808817   81.58%
   3614  2150      204.0000   304      912.0000      168.0000  1811323   81.58%
   3622  2158      204.0000   340      912.0000      168.0000  1811801   81.58%
Elapsed time = 2696.57 sec. (3903055.70 ticks, tree = 328.63 MB, solutions = 2)
   3626  2161      204.0000   298      912.0000      168.0000  1812517   81.58%
   3633  2168      204.0000   323      912.0000      168.0000  1813141   81.58%
   3638  2173      204.0000   332      912.0000      168.0000  1813746   81.58%
   3644  2179      204.0000   299      912.0000      168.0000  1814851   81.58%
   3650  2182      228.1966   309      912.0000      168.0000  1815660   81.58%
   3652  2184      168.0000   417      912.0000      168.0000  1844010   81.58%
   3653  2185      168.0000   411      912.0000      168.0000  1844702   81.58%
   3655  2186      169.0000   423      912.0000      168.0000  1846084   81.58%
   3658  2189      169.0000   387      912.0000      168.0000  1847987   81.58%
   3661  2192      169.0000   429      912.0000      168.0000  1849051   81.58%
Elapsed time = 2846.78 sec. (4131299.37 ticks, tree = 334.01 MB, solutions = 2)
   3664  2195      169.0000   380      912.0000      168.0000  1850450   81.58%
   3668  2199      169.0000   367      912.0000      168.0000  1851784   81.58%
   3671  2202      169.0000   366      912.0000      168.0000  1854403   81.58%
   3673  2204      169.0000   344      912.0000      168.0000  1856183   81.58%
   3675  2206      169.0000   327      912.0000      168.0000  1858279   81.58%
   3678  2209      169.0000   338      912.0000      168.0000  1860861   81.58%
   3680  2210      169.0132   332      912.0000      168.0000  1863723   81.58%
   3685  2215      170.0000   370      912.0000      168.0000  1865047   81.58%
   3689  2219      170.0000   349      912.0000      168.0000  1867082   81.58%
   3690  2220      170.0000   353      912.0000      168.0000  1867112   81.58%
Elapsed time = 2896.61 sec. (4205297.36 ticks, tree = 338.08 MB, solutions = 2)
   3691  2220      170.6351   326      912.0000      168.0000  1869692   81.58%
   3696  2225      171.0000   337      912.0000      168.0000  1870924   81.58%
   3703  2232      171.0000   365      912.0000      168.0000  1872572   81.58%
   3707  2236      171.0000   327      912.0000      168.0000  1874543   81.58%
   3711  2240      171.0000   350      912.0000      168.0000  1877091   81.58%
   3717  2246      171.0000   307      912.0000      168.0000  1879252   81.58%
   3721  2250      171.0000   377      912.0000      168.0000  1882105   81.58%
   3727  2256      171.0000   331      912.0000      168.0000  1884634   81.58%
   3735  2264      171.0000   344      912.0000      168.0000  1886893   81.58%
   3739  2267      171.5694   325      912.0000      168.0000  1891921   81.58%
Elapsed time = 2930.83 sec. (4253137.33 ticks, tree = 343.92 MB, solutions = 2)
   3742  2269      173.0000   316      912.0000      168.0000  1893908   81.58%
   3746  2273      173.0000   343      912.0000      168.0000  1895643   81.58%
   3752  2279      173.0000   330      912.0000      168.0000  1897332   81.58%
   3755  2282      173.0000   351      912.0000      168.0000  1899526   81.58%
   3758  2285      173.0000   339      912.0000      168.0000  1902324   81.58%
   3762  2289      173.0000   358      912.0000      168.0000  1904208   81.58%
   3767  2293      174.0000   341      912.0000      168.0000  1906330   81.58%
   3771  2297      174.0000   373      912.0000      168.0000  1907212   81.58%
   3776  2302      174.0000   316      912.0000      168.0000  1909393   81.58%
   3781  2307      174.0000   324      912.0000      168.0000  1911639   81.58%
Elapsed time = 2962.23 sec. (4296861.38 ticks, tree = 349.83 MB, solutions = 2)
   3787  2313      174.0000   296      912.0000      168.0000  1913638   81.58%
   3794  2320      174.0000   304      912.0000      168.0000  1915466   81.58%
   3798  2324      174.0000   314      912.0000      168.0000  1918277   81.58%
   3805  2331      352.0000   332      912.0000      168.0000  1920948   81.58%
   3808  2334      352.0000   317      912.0000      168.0000  1921590   81.58%
   3814  2340      352.0000   331      912.0000      168.0000  1921896   81.58%
   3821  2346      352.0000   338      912.0000      168.0000  1922407   81.58%
   3826  2351      352.0000   369      912.0000      168.0000  1922782   81.58%
   3833  2358      352.0000   358      912.0000      168.0000  1923151   81.58%
   3839  2364      352.0000   411      912.0000      168.0000  1923326   81.58%
Elapsed time = 2993.94 sec. (4342756.54 ticks, tree = 358.36 MB, solutions = 2)
   3846  2371      352.0000   356      912.0000      168.0000  1923554   81.58%
   3850  2375      352.0000   405      912.0000      168.0000  1923688   81.58%
   3852  2377      172.0491   334      912.0000      168.0000  1935117   81.58%
   3863  2385      174.6000   312      912.0000      168.0000  1940265   81.58%
   3868  2389      175.0187   290      912.0000      168.0000  1951453   81.58%
   3874  2395      175.0000   325      912.0000      168.0000  1954877   81.58%
   3879  2400      176.0000   371      912.0000      168.0000  1957699   81.58%
   3883  2404      176.0000   313      912.0000      168.0000  1959752   81.58%
   3886  2407      176.0000   312      912.0000      168.0000  1963106   81.58%
   3891  2411      176.5340   262      912.0000      168.0000  1966742   81.58%
Elapsed time = 3067.51 sec. (4452041.22 ticks, tree = 364.27 MB, solutions = 2)
   3901  2420      177.3772   257      912.0000      168.0000  1969229   81.58%
   3904  2423      177.0000   320      912.0000      168.0000  1971765   81.58%
   3909  2427      177.5096   251      912.0000      168.0000  1975357   81.58%
   3914  2430      177.7247   239      912.0000      168.0000  1978901   81.58%
   3921  2436      178.1077   221      912.0000      168.0000  1981671   81.58%
   3923  2437      178.6807   237      912.0000      168.0000  1987744   81.58%
   3929  2443      178.0000   280      912.0000      168.0000  1989290   81.58%
   3934  2447      178.0247   229      912.0000      168.0000  1993086   81.58%
   3940  2453      178.0000   284      912.0000      168.0000  1995111   81.58%
   3948  2460      178.0000   281      912.0000      168.0000  1997623   81.58%
Elapsed time = 3103.51 sec. (4498996.03 ticks, tree = 370.70 MB, solutions = 2)
   3950  2461      178.0787   241      912.0000      168.0000  2000765   81.58%
   3956  2466      179.0000   257      912.0000      168.0000  2002299   81.58%
   3957  2467      179.1618   253      912.0000      168.0000  2009573   81.58%
   3961  2471      179.0000   281      912.0000      168.0000  2012329   81.58%
   3965  2474      179.2694   257      912.0000      168.0000  2014978   81.58%
   3970  2478      179.7179   249      912.0000      168.0000  2017970   81.58%
   3973  2480      179.5392   252      912.0000      168.0000  2021559   81.58%
   3976  2481      179.7921   225      912.0000      168.0000  2024815   81.58%
   3982  2487      180.0000   287      912.0000      168.0000  2026087   81.58%
   3984  2488      186.4975   262      912.0000      168.0000  2032427   81.58%
Elapsed time = 3141.10 sec. (4550311.90 ticks, tree = 375.09 MB, solutions = 2)
   3991  2495      180.0000   277      912.0000      168.0000  2033178   81.58%
   3994  2498      180.0000   296      912.0000      168.0000  2036055   81.58%
   4000  2503      180.2712   239      912.0000      168.0000  2038929   81.58%
   4008  2509      182.0000   278      912.0000      168.0000  2041219   81.58%
   4009  2510      182.0000   267      912.0000      168.0000  2048095   81.58%
   4014  2515      182.1247   236      912.0000      168.0000  2051782   81.58%
   4016  2517      182.2096   209      912.0000      168.0000  2055103   81.58%
   4020  2521      182.0000   257      912.0000      168.0000  2059415   81.58%
   4026  2527      182.0000   244      912.0000      168.0000  2063190   81.58%
   4029  2530      182.0000   246      912.0000      168.0000  2067119   81.58%
Elapsed time = 3179.06 sec. (4600483.02 ticks, tree = 381.28 MB, solutions = 2)
   4030  2530      182.6091   204      912.0000      168.0000  2071123   81.58%
   4040  2539      182.0000   244      912.0000      168.0000  2072769   81.58%
   4048  2543      196.7303   252      912.0000      168.0000  2080720   81.58%
   4052  2546      168.3480   351      912.0000      168.0000  2090369   81.58%
   4054  2548      168.3541   349      912.0000      168.0000  2091729   81.58%
   4056  2549      168.3880   361      912.0000      168.0000  2093925   81.58%
   4058  2550      169.8779   361      912.0000      168.0000  2096151   81.58%
   4062  2554      170.0000   350      912.0000      168.0000  2097031   81.58%
   4063  2555      170.1776   270      912.0000      168.0000  2100780   81.58%
   4067  2558      171.0000   343      912.0000      168.0000  2102138   81.58%
Elapsed time = 3221.00 sec. (4667349.35 ticks, tree = 386.08 MB, solutions = 2)
   4068  2559      171.0000   312      912.0000      168.0000  2107580   81.58%
   4072  2563      171.0000   360      912.0000      168.0000  2109165   81.58%
   4076  2567      171.0000   329      912.0000      168.0000  2113654   81.58%
   4079  2570      171.0000   331      912.0000      168.0000  2114814   81.58%
   4083  2574      171.0000   344      912.0000      168.0000  2116676   81.58%
   4087  2578      171.0000   330      912.0000      168.0000  2118419   81.58%
   4089  2580      275.0000   442      912.0000      168.0000  2134675   81.58%
   4091  2582      275.0000   517      912.0000      168.0000  2134959   81.58%
   4094  2585      275.0000   469      912.0000      168.0000  2135290   81.58%
   4097  2588      275.0000   443      912.0000      168.0000  2135750   81.58%
Elapsed time = 3272.61 sec. (4750685.17 ticks, tree = 391.01 MB, solutions = 2)
   4103  2594      275.0000   463      912.0000      168.0000  2135989   81.58%
   4106  2597      275.0000   390      912.0000      168.0000  2136882   81.58%
   4110  2601      275.0000   408      912.0000      168.0000  2137205   81.58%
   4115  2606      275.0000   388      912.0000      168.0000  2137499   81.58%
   4120  2611      275.0000   409      912.0000      168.0000  2137737   81.58%
   4126  2617      275.0000   399      912.0000      168.0000  2137804   81.58%
   4131  2622      275.0000   396      912.0000      168.0000  2138090   81.58%
   4136  2627      275.0000   361      912.0000      168.0000  2138655   81.58%
   4140  2631      275.0000   382      912.0000      168.0000  2139023   81.58%
   4144  2635      275.0000   363      912.0000      168.0000  2139557   81.58%
Elapsed time = 3298.90 sec. (4792379.15 ticks, tree = 398.74 MB, solutions = 2)
   4150  2641      275.0000   368      912.0000      168.0000  2139854   81.58%
   4154  2645      275.0000   355      912.0000      168.0000  2140285   81.58%
   4161  2652      275.0000   368      912.0000      168.0000  2140479   81.58%
   4167  2658      275.0000   354      912.0000      168.0000  2141025   81.58%
   4173  2664      275.0000   351      912.0000      168.0000  2141402   81.58%
   4178  2669      275.0000   367      912.0000      168.0000  2141786   81.58%
   4185  2676      275.0000   365      912.0000      168.0000  2142218   81.58%
   4189  2680      275.0000   366      912.0000      168.0000  2151779   81.58%
   4190  2681      275.0000   313      912.0000      168.0000  2153524   81.58%
   4193  2684      275.0000   354      912.0000      168.0000  2154031   81.58%
Elapsed time = 3334.97 sec. (4849503.07 ticks, tree = 406.82 MB, solutions = 2)
   4196  2687      275.0000   375      912.0000      168.0000  2154787   81.58%
   4201  2692      275.0000   375      912.0000      168.0000  2154998   81.58%
   4208  2699      275.0000   405      912.0000      168.0000  2155457   81.58%
   4211  2702      275.0000   342      912.0000      168.0000  2156283   81.58%
   4215  2706      275.0000   350      912.0000      168.0000  2156831   81.58%
   4223  2714      275.0000   339      912.0000      168.0000  2157367   81.58%
   4232  2723      275.0000   369      912.0000      168.0000  2157711   81.58%
   4235  2726      275.0000   294      912.0000      168.0000  2163812   81.58%
   4241  2732      275.0000   333      912.0000      168.0000  2164721   81.58%
   4244  2735      275.0000   317      912.0000      168.0000  2165826   81.58%
Elapsed time = 3366.68 sec. (4898141.54 ticks, tree = 414.61 MB, solutions = 2)
   4250  2741      275.0000   366      912.0000      168.0000  2166311   81.58%
   4252  2743      169.0836   355      912.0000      168.0000  2179873   81.58%
   4255  2746      169.6952   359      912.0000      168.0000  2183030   81.58%
   4257  2748      170.9405   357      912.0000      168.0000  2185349   81.58%
   4260  2751      170.9572   361      912.0000      168.0000  2187994   81.58%
   4265  2755      171.1750   319      912.0000      168.0000  2198208   81.58%
   4268  2758      171.1750   325      912.0000      168.0000  2201308   81.58%
   4273  2763      172.0000   307      912.0000      168.0000  2205253   81.58%
   4276  2766      172.0000   325      912.0000      168.0000  2207436   81.58%

Clique cuts applied:  30
Cover cuts applied:  9
Implied bound cuts applied:  64
Flow cuts applied:  6
Mixed integer rounding cuts applied:  63
Zero-half cuts applied:  157
Lift and project cuts applied:  5
Gomory fractional cuts applied:  20

Root node processing (before b&c):
  Real time             =  129.76 sec. (215759.69 ticks)
Sequential b&c:
  Real time             = 3470.25 sec. (5045200.29 ticks)
                          ------------
Total (root+branch&cut) = 3600.01 sec. (5260959.99 ticks)

Solution pool: 2 solutions saved.

MIP - Time limit exceeded, integer feasible:  Objective =  9.1200000000e+02
Current MIP best bound =  1.6800000000e+02 (gap = 744, 81.58%)
Solution time = 3600.01 sec.  Iterations = 2208638  Nodes = 4279 (2768)
Deterministic time = 5260960.26 ticks  (1461.37 ticks/sec)

CPLEX> Incumbent solution
Variable Name           Solution Value
y                           912.000000
x72                           1.000000
x9890                         1.000000
x19664                        1.000000
x29405                        1.000000
x39279                        1.000000
x49098                        1.000000
x58876                        1.000000
x68631                        1.000000
x78412                        1.000000
x88219                        1.000000
x2971                         1.000000
x10198                        1.000000
x25543                        1.000000
x31582                        1.000000
x48115                        1.000000
x58312                        1.000000
x66727                        1.000000
x70390                        1.000000
x78904                        1.000000
x94546                        1.000000
x4359                         1.000000
x11687                        1.000000
x80097                        1.000000
x7630                         1.000000
x59606                        1.000000
x65745                        1.000000
x89111                        1.000000
x80400                        1.000000
x30802                        1.000000
x78719                        1.000000
x32091                        1.000000
x79711                        1.000000
x79910                        1.000000
x87039                        1.000000
x76051                        1.000000
x19325                        1.000000
x81597                        1.000000
x30613                        1.000000
x31505                        1.000000
x70909                        1.000000
x82691                        1.000000
x80910                        1.000000
x33886                        1.000000
x91802                        1.000000
x4089                         1.000000
x2902                         1.000000
x82400                        1.000000
x81510                        1.000000
x29536                        1.000000
x81017                        1.000000
x80028                        1.000000
x89236                        1.000000
x33203                        1.000000
x33600                        1.000000
x73300                        1.000000
x81815                        1.000000
x240                          1.000000
x32713                        1.000000
x81917                        1.000000
x6777                         1.000000
x33112                        1.000000
x59546                        1.000000
x71031                        1.000000
x24502                        1.000000
x24602                        1.000000
x24702                        1.000000
x24802                        1.000000
x24902                        1.000000
x25794                        1.000000
x91036                        1.000000
x93611                        1.000000
x93711                        1.000000
x85099                        1.000000
x84110                        1.000000
x24414                        1.000000
x25504                        1.000000
x25704                        1.000000
x93817                        1.000000
x94709                        1.000000
x95502                        1.000000
x84217                        1.000000
x86990                        1.000000
x663                          1.000000
x65708                        1.000000
x47296                        1.000000
x94520                        1.000000
x76207                        1.000000
x76505                        1.000000
x7800                         1.000000
x7108                         1.000000
x72548                        1.000000
x63441                        1.000000
x46612                        1.000000
x46415                        1.000000
x47406                        1.000000
x47506                        1.000000
x47606                        1.000000
x87702                        1.000000
x85030                        1.000000
x18603                        1.000000
x48304                        1.000000
x47711                        1.000000
x79591                        1.000000
x58505                        1.000000
x58209                        1.000000
x19501                        1.000000
x19601                        1.000000
x18711                        1.000000
u3                           18.000000
u5                            6.000000
u6                           88.000000
u7                            3.000000
u8                           86.000000
u9                            2.000000
u11                           1.000000
u12                          13.000000
u13                           8.000000
u14                           1.000000
u15                           7.000000
u16                           2.000000
u17                           3.000000
u18                          87.000000
u19                           7.000000
u20                           5.000000
u21                          12.000000
u22                          87.000000
u23                          88.000000
u25                           1.000000
u26                           6.000000
u27                           7.000000
u28                           6.000000
u29                           3.000000
u30                          20.000000
u31                          88.000000
u32                          10.000000
u33                          11.000000
u34                           1.000000
u35                           8.000000
u36                           4.000000
u37                           2.000000
u38                           4.000000
u39                           3.000000
u40                           3.000000
u41                           9.000000
u42                          19.000000
u43                           2.000000
u44                           5.000000
u45                          17.000000
u46                           5.000000
u47                          87.000000
u48                           2.000000
u49                          12.000000
u50                          11.000000
u51                          10.000000
u52                           9.000000
u53                           8.000000
u54                           7.000000
u55                           4.000000
u56                           5.000000
u57                          84.000000
u58                          17.000000
u59                          18.000000
u60                          87.000000
u61                          88.000000
u62                           5.000000
u63                           6.000000
u64                          85.000000
u65                          88.000000
u66                          87.000000
u67                          19.000000
u68                          16.000000
u69                           4.000000
u71                           1.000000
u73                           2.000000
u74                          86.000000
u76                           6.000000
u77                           5.000000
u78                           2.000000
u79                           1.000000
u80                           4.000000
u81                          88.000000
u82                           1.000000
u83                          83.000000
u84                          84.000000
u85                          85.000000
u86                          86.000000
u87                          15.000000
u88                          86.000000
u90                           1.000000
u91                          88.000000
u92                          87.000000
u94                          14.000000
u95                          88.000000
u96                           1.000000
u97                           4.000000
u98                           3.000000
u99                           2.000000
All other variables in the range 1-97119 are 0.
CPLEX> 