
Welcome to IBM(R) ILOG(R) CPLEX(R) Interactive Optimizer 12.7.1.0
  with Simplex, Mixed Integer & Barrier Optimizers
5725-A06 5725-A29 5724-Y48 5724-Y49 5724-Y54 5724-Y55 5655-Y21
Copyright IBM Corp. 1988, 2017.  All Rights Reserved.

Type 'help' for a list of available commands.
Type 'help' followed by a command name for more
information on commands.

CPLEX> New value for default parallel thread count: 1
CPLEX> New value for time limit in seconds: 3600
CPLEX> Problem 'rat99_m15.lp' read.
Read time = 0.20 sec. (16.41 ticks)
CPLEX> CPXPARAM_TimeLimit                               3600
CPXPARAM_Threads                                 1
CPXPARAM_Read_APIEncoding                        "UTF-8"
Tried aggregator 1 time.
MIP Presolve modified 196980 coefficients.
Reduced MIP has 11217 rows, 145629 columns, and 884557 nonzeros.
Reduced MIP has 145530 binaries, 98 generals, 0 SOSs, and 0 indicators.
Presolve time = 0.51 sec. (770.05 ticks)
Tried aggregator 1 time.
Reduced MIP has 11217 rows, 145629 columns, and 884557 nonzeros.
Reduced MIP has 145530 binaries, 99 generals, 0 SOSs, and 0 indicators.
Presolve time = 0.56 sec. (460.56 ticks)
Probing time = 0.14 sec. (64.01 ticks)
Clique table members: 257478.
MIP emphasis: balance optimality and feasibility.
MIP search method: dynamic search.
Parallel mode: none, using 1 thread.
Root relaxation solution time = 23.81 sec. (37911.21 ticks)

        Nodes                                         Cuts/
   Node  Left     Objective  IInf  Best Integer    Best Bound    ItCnt     Gap

      0     0      136.0635   305                    136.0635    27190         
      0     0      141.7460   382                    Cuts: 99    61322         
      0     0      142.3667   408                   Cuts: 171   128663         
      0     0      142.4000   369                    Cuts: 62   129252         
      0     0      142.4000   371                    Cuts: 55   129591         
      0     0      142.4000   327                ZeroHalf: 10   129746         
      0     0      142.4000   383                   Cuts: 115   130424         
Heuristic still looking.
Heuristic still looking.
      0     2      142.4000   283                    142.4000   130424         
Elapsed time = 343.49 sec. (552537.45 ticks, tree = 0.01 MB, solutions = 0)
      1     3      142.9190   332                    142.4000   135557         
      2     4      142.4000   319                    142.4000   135734         
      3     5      142.6667   332                    142.4000   136082         
      4     6      142.6920   361                    142.6667   136421         
      5     7      142.6667   301                    142.6667   138169         
      6     8      142.6667   375                    142.6667   138389         
      7     9      143.4399   330                    142.6667   139787         
      8    10      148.3000   380                    142.6667   140241         
      9    11      142.6667   358                    142.6667   140370         
     11    13      142.6667   345                    142.6667   140685         
Elapsed time = 363.12 sec. (587189.20 ticks, tree = 1.99 MB, solutions = 0)
     13    15      147.1000   367                    142.6667   141656         
     14    16      142.6889   332                    142.6667   142007         
     15    17      143.0000   494                    142.6667   143874         
     17    19      146.6016   507                    142.6667   144488         
     18    20      142.8316   326                    142.6667   144922         
     20    22      142.8626   346                    142.6667   145411         
     21    23      142.6889   382                    142.6667   145963         
     22    24      142.8734   367                    142.6667   146762         
     23    25      142.6889   334                    142.6667   147152         
     27    29      142.9575   462                    142.6667   148920         
Elapsed time = 376.53 sec. (612114.23 ticks, tree = 4.78 MB, solutions = 0)
     29    31      142.9756   486                    142.6667   150148         
     31    33      142.7083   391                    142.6667   150445         
     33    35      142.7139   384                    142.6667   150792         
     37    39      142.7975   311                    142.6667   151528         
     39    41      143.5196   339                    142.6667   154285         
     41    43      142.7975   321                    142.6667   154706         
     43    45      142.8126   431                    142.6667   156377         
     45    47      142.8126   493                    142.6667   157258         
     47    49      142.8349   412                    142.6667   157970         
     49    51      142.9501   343                    142.6667   158383         
Elapsed time = 390.74 sec. (638834.00 ticks, tree = 8.89 MB, solutions = 0)
     50    52      142.7705   463                    142.6667   158925         
     52    54      146.5728   395                    142.6667   159415         
     54    56      145.0581   419                    142.6667   160081         
     57    59      142.8438   487                    142.6667   161039         
     59    61      142.8438   465                    142.6667   162286         
     61    63      142.9737   335                    142.6667   163526         
     63    65      143.2060   335                    142.6667   164043         
     65    67      143.6390   307                    142.6667   164608         
     67    69      147.0714   362                    142.6667   172505         
     70    72      142.9737   356                    142.6667   172853         
Elapsed time = 409.47 sec. (673376.56 ticks, tree = 13.00 MB, solutions = 0)
     71    73      143.1501   342                    142.6667   173946         
     75    77      143.1519   357                    142.6667   174834         
     77    79      145.0893   342                    142.6667   175185         
     80    82      142.9737   351                    142.6667   175453         
     83    85      143.6080   349                    142.6667   175828         
     87    89      143.1465   363                    142.6667   176513         
     92    94      143.5944   313                    142.6667   177602         
     96    98      142.9870   337                    142.6667   177974         
     97    99      146.0714   362                    142.6667   178570         
    102   104      143.1797   340                    142.6667   179176         
Elapsed time = 419.00 sec. (691092.70 ticks, tree = 18.81 MB, solutions = 0)
    106   108      143.4460   297                    142.6667   179666         
    109   111      143.4473   315                    142.6667   180263         
    110   112      142.9870   340                    142.6667   180344         
    113   115      143.5181   303                    142.6667   180943         
    115   117      148.2143   364                    142.6667   187729         
    117   119      143.1129   314                    142.6667   188199         
    120   122      149.0893   354                    142.6667   192191         
    127   129      144.8453   313                    142.6667   192829         
    131   133      143.6800   330                    142.6667   193187         
    136   137      167.0000   457                    142.6667   210535         
Elapsed time = 478.43 sec. (794254.98 ticks, tree = 25.19 MB, solutions = 0)
    140   139    infeasible                          142.6667   210871         
    145   144      144.0396   355                    142.6667   211413         
    149   148      143.9688   354                    142.6667   212036         
    153   152      144.3159   380                    142.6667   212611         
    155   154      144.1616   312                    142.6667   213049         
    158   157      143.7729   354                    142.6667   213421         
    162   161      163.1786   537                    142.6667   225323         
    167   166      144.1919   304                    142.6667   225903         
    171   170      158.3214   404                    142.6667   232979         
    172   171      143.8951   324                    142.6667   233088         
Elapsed time = 506.05 sec. (843055.04 ticks, tree = 31.38 MB, solutions = 0)
    173   172      162.0714   443                    142.6667   250612         
    174   173      143.8951   337                    142.6667   250631         
    175   174      144.1193   279                    142.6667   250791         
    176   175      144.1193   270                    142.6667   250826         
    182   181      144.3368   278                    142.6667   251189         
    189   188      144.4820   274                    142.6667   251637         
    197   196      144.7684   284                    142.6667   252006         
    199   198      168.0238   418                    142.6667   265309         
    204   203      154.3571   353                    142.6667   266331         
    209   208      147.3214   259                    142.6667   266940         
Elapsed time = 549.58 sec. (916505.76 ticks, tree = 38.54 MB, solutions = 0)
    217   216      145.0899   266                    142.6667   267375         
    223   222      145.0928   269                    142.6667   267766         
    229   228      170.1786   285                    142.6667   268554         
    231   230      165.0714   546                    142.6667   280364         
    233   232      145.2017   269                    142.6667   280938         
    235   234      167.0714   415                    142.6667   294352         
    241   240      149.2857   277                    142.6667   294797         
    243   242      167.2500   382                    142.6667   295370         
    248   247      175.3571   434                    142.6667   306122         
    253   252      145.2816   309                    142.6667   306523         
Elapsed time = 590.58 sec. (981681.29 ticks, tree = 46.68 MB, solutions = 0)
    259   258      149.0714   259                    142.6667   307122         
    261   260      149.0714   313                    142.6667   320443         
    263   262      149.0714   300                    142.6667   321056         
    264   263      149.0714   298                    142.6667   332822         
    265   264      149.0714   276                    142.6667   342850         
    266   265      149.0714   307                    142.6667   355981         
    267   266      149.5238   268                    142.6667   370083         
    269   268      150.5207   256                    142.6667   380882         
    276   275      158.1667   332                    142.6667   381824         
    298   291      170.2976   261                    142.6667   386308         
Elapsed time = 661.90 sec. (1089766.81 ticks, tree = 54.31 MB, solutions = 0)
    340   317      522.4286   166                    142.6667   387187         
    428   382     1019.0000    69                    142.6667   388407         
*   461   366      integral     0     1019.0000      142.6667   388531   86.00%
    464   369      142.8456   391     1019.0000      142.6667   389371   86.00%
    468   373      143.2839   382     1019.0000      142.6667   390938   86.00%
    475   380      142.9716   385     1019.0000      142.6667   392315   86.00%
    480   385      142.8485   382     1019.0000      142.6667   392904   86.00%
    493   398      142.9234   372     1019.0000      142.6667   394146   86.00%
    495   400      146.5951   368     1019.0000      142.6667   395695   86.00%
    501   406      143.6888   333     1019.0000      142.6667   397736   86.00%
    512   417      143.0601   342     1019.0000      142.6667   399333   86.00%
Elapsed time = 692.10 sec. (1142062.08 ticks, tree = 78.38 MB, solutions = 1)
    514   419      151.0179   381     1019.0000      142.6667   405473   86.00%
    523   428      161.0179   458     1019.0000      142.6667   424592   86.00%
    527   432      143.1785   396     1019.0000      142.6667   426173   86.00%
    532   437      145.9286   389     1019.0000      142.6667   434517   86.00%
    542   447      143.0490   416     1019.0000      142.6667   435850   86.00%
    548   453      148.1429   349     1019.0000      142.6667   443552   86.00%
    554   459      143.1528   382     1019.0000      142.6667   444968   86.00%
    560   465      143.1754   392     1019.0000      142.6667   445232   86.00%
    561   466      147.0000   443     1019.0000      142.6667   456396   86.00%
    571   476      143.0000   271     1019.0000      143.0000   568231   85.97%
Elapsed time = 1502.01 sec. (2372415.72 ticks, tree = 89.23 MB, solutions = 1)
    573   477      143.0000   362     1019.0000      143.0000   580380   85.97%
    574   478      143.0000   324     1019.0000      143.0000   582261   85.97%
    575   479      143.0000   308     1019.0000      143.0000   584261   85.97%
    576   479      143.0000   328     1019.0000      143.0000   584457   85.97%
    577   480      143.0000   325     1019.0000      143.0000   588148   85.97%
    578   480      143.0000   309     1019.0000      143.0000   595748   85.97%
    579   480      143.0000   306     1019.0000      143.0000   595977   85.97%
    581   482      143.0000   301     1019.0000      143.0000   599201   85.97%
    583   483      143.0000   311     1019.0000      143.0000   602602   85.97%
    584   484      143.0000   312     1019.0000      143.0000   608427   85.97%
Elapsed time = 1604.54 sec. (2556023.37 ticks, tree = 90.67 MB, solutions = 1)
    585   484      143.1223   301     1019.0000      143.0000   610939   85.97%
    586   485      143.0000   335     1019.0000      143.0000   611629   85.97%
    587   486      143.0000   328     1019.0000      143.0000   611858   85.97%
    588   486      143.0000   327     1019.0000      143.0000   611859   85.97%
    589   486      143.0969   314     1019.0000      143.0000   615000   85.97%
    590   486      144.0000   311     1019.0000      143.0000   615002   85.97%
    594   487      144.0000   360     1019.0000      143.0000   616225   85.97%
    595   488      144.0000   322     1019.0000      143.0000   627737   85.97%
    597   489      145.0000   311     1019.0000      143.0000   639632   85.97%
    601   491      145.0000   350     1019.0000      143.0000   652329   85.97%
Elapsed time = 1697.80 sec. (2725334.01 ticks, tree = 91.97 MB, solutions = 1)
    604   494      145.0000   365     1019.0000      143.0000   652399   85.97%
    608   496      145.0000   290     1019.0000      143.0000   660331   85.97%
    610   498      145.0000   297     1019.0000      143.0000   661408   85.97%
    612   500      264.0000   448     1019.0000      143.0000   671128   85.97%
    619   505      175.0000   383     1019.0000      143.0000   679696   85.97%
    621   504      176.5893   351     1019.0000      143.0000   679727   85.97%
    625   506      177.0000   312     1019.0000      143.0000   679770   85.97%
    626   507      177.0000   385     1019.0000      143.0000   688904   85.97%
    629   498      177.0000   314     1019.0000      143.0000   697289   85.97%
    632   499      177.0000   346     1019.0000      143.0000   705132   85.97%
Elapsed time = 1785.91 sec. (2863179.46 ticks, tree = 93.47 MB, solutions = 1)
    635   499      177.0000   306     1019.0000      143.0000   705339   85.97%
    636   500      177.0000   313     1019.0000      143.0000   710383   85.97%
    639   501      177.0000   307     1019.0000      143.0000   714539   85.97%
    641   501      196.0000   343     1019.0000      143.0000   723663   85.97%
    645   501      196.0000   299     1019.0000      143.0000   743308   85.97%
    647   502      196.0000   348     1019.0000      143.0000   744242   85.97%
    648   502      196.0000   306     1019.0000      143.0000   761262   85.97%
    651   504      196.0000   314     1019.0000      143.0000   772969   85.97%
    653   506      196.0000   324     1019.0000      143.0000   781544   85.97%
    655   506      197.0000   336     1019.0000      143.0000   790657   85.97%
Elapsed time = 1880.52 sec. (3005007.04 ticks, tree = 95.01 MB, solutions = 1)
    658   507      199.0000   357     1019.0000      143.0000   796694   85.97%
    660   507      199.0000   330     1019.0000      143.0000   801758   85.97%
    663   508      241.0000   372     1019.0000      143.0000   827667   85.97%
    667   512      241.0000   285     1019.0000      143.0000   832531   85.97%
    669   512      256.5744   406     1019.0000      143.0000   847357   85.97%
    671   513      241.0000   314     1019.0000      143.0000   852179   85.97%
    674   513      241.0000   342     1019.0000      143.0000   853486   85.97%
    678   515      241.0000   288     1019.0000      143.0000   854215   85.97%
    680   515      241.0000   282     1019.0000      143.0000   863548   85.97%
    686   511      241.4048   255     1019.0000      143.0000   871934   85.97%
Elapsed time = 1962.76 sec. (3119749.95 ticks, tree = 95.83 MB, solutions = 1)
    687   511      241.0000   276     1019.0000      143.0000   879177   85.97%
    689   512      266.2381   430     1019.0000      143.0000   884340   85.97%
    691   513      241.0000   286     1019.0000      143.0000   888110   85.97%
    701   511      241.0000   214     1019.0000      143.0000   888456   85.97%
    705   513      241.0000   260     1019.0000      143.0000   891242   85.97%
    706   513      241.0000   290     1019.0000      143.0000   895396   85.97%
    708   513      241.0417   271     1019.0000      143.0000   899577   85.97%
    713   509      241.0000   240     1019.0000      143.0000   903963   85.97%
    722   512      276.4762   229     1019.0000      143.0000   906729   85.97%
    732   511      249.5833   204     1019.0000      143.0000   912229   85.97%
Elapsed time = 2012.36 sec. (3186287.17 ticks, tree = 95.97 MB, solutions = 1)
    739   513      241.0000   186     1019.0000      143.0000   915147   85.97%
    744   516      242.0000   173     1019.0000      143.0000   918511   85.97%
    753   513      243.1451   194     1019.0000      143.0000   921573   85.97%
    758   515      242.9396   188     1019.0000      143.0000   927279   85.97%
    768   516      244.0000   178     1019.0000      143.0000   929236   85.97%
    776   516      255.0000   173     1019.0000      143.0000   932957   85.97%
    787   520      255.0000   177     1019.0000      143.0000   935205   85.97%
    793   517      281.6667   192     1019.0000      143.0000   945594   85.97%
    809   521      559.0000   110     1019.0000      143.0000   945911   85.97%
    823   525      560.0000    92     1019.0000      143.0000   946135   85.97%
Elapsed time = 2043.36 sec. (3229223.10 ticks, tree = 98.98 MB, solutions = 1)
    856   538      773.0000    68     1019.0000      143.0000   946404   85.97%
*   891+  416                          773.0000      143.0000            81.50%
    892   412      143.2604   301      773.0000      143.0000   967542   81.50%
    895   413      144.0000   360      773.0000      143.0000   967701   81.50%
    898   415      144.0000   403      773.0000      143.0000   967847   81.50%
    901   416      144.0000   351      773.0000      143.0000   983490   81.50%
    904   417      154.2670   770      773.0000      143.0000  1010716   81.50%
    907   417      152.2243   620      773.0000      143.0000  1034380   81.50%
    913   421      144.0000   421      773.0000      143.0000  1034495   81.50%
    915   422      144.0000   343      773.0000      143.0000  1036135   81.50%
    916   422      144.0000   342      773.0000      143.0000  1047347   81.50%
Elapsed time = 2278.46 sec. (3621933.06 ticks, tree = 79.68 MB, solutions = 2)
    918   424      144.0000   331      773.0000      143.0000  1056524   81.50%
    921   424      144.0000   331      773.0000      143.0000  1056745   81.50%
    922   425      144.0000   331      773.0000      143.0000  1060786   81.50%
    924   425      144.0000   329      773.0000      143.0000  1062804   81.50%
    927   427      144.3216   283      773.0000      143.0000  1068515   81.50%
    930   426      150.5963   576      773.0000      143.0000  1077584   81.50%
    932   428      144.0000   326      773.0000      143.0000  1080071   81.50%
    933   429      144.0000   333      773.0000      143.0000  1081192   81.50%
    934   429      144.0000   329      773.0000      143.0000  1082836   81.50%
    935   429      144.0000   374      773.0000      143.0000  1090204   81.50%
Elapsed time = 2361.24 sec. (3771096.98 ticks, tree = 80.98 MB, solutions = 2)
    937   430      330.0000   492      773.0000      143.0000  1102266   81.50%
    940   432      152.7550   552      773.0000      143.0000  1112829   81.50%
    944   433      144.4419   273      773.0000      143.0000  1120021   81.50%
    946   434      144.0000   298      773.0000      143.0000  1122634   81.50%
    948   436      144.0000   287      773.0000      143.0000  1123593   81.50%
    949   436      144.0000   327      773.0000      143.0000  1124902   81.50%
    952   438      144.0000   300      773.0000      143.0000  1130327   81.50%
    954   439      144.0000   331      773.0000      143.0000  1132045   81.50%
    955   440      144.0000   289      773.0000      143.0000  1134490   81.50%
    956   439      144.2162   246      773.0000      143.0000  1138402   81.50%
Elapsed time = 2427.75 sec. (3886489.07 ticks, tree = 82.88 MB, solutions = 2)
    959   441      144.1785   225      773.0000      143.0000  1141161   81.50%
    963   442      144.0000   290      773.0000      143.0000  1142431   81.50%
    967   444      144.0000   268      773.0000      143.0000  1144408   81.50%
    974   447      145.4158   230      773.0000      143.0000  1147246   81.50%
    977   448      146.0000   296      773.0000      143.0000  1152461   81.50%
    984   452      148.0000   256      773.0000      143.0000  1155468   81.50%
    985   453      365.0000   309      773.0000      143.0000  1185336   81.50%
    991   455      355.0000   490      773.0000      143.0000  1196450   81.50%
    999   461      148.0000   256      773.0000      143.0000  1198587   81.50%
   1007   464      150.9983   207      773.0000      143.0000  1201652   81.50%
Elapsed time = 2490.81 sec. (3980505.00 ticks, tree = 87.86 MB, solutions = 2)
   1017   465      161.3988   243      773.0000      143.0000  1202031   81.50%
   1020   467      162.0000   278      773.0000      143.0000  1204971   81.50%
   1021   467      162.0000   295      773.0000      143.0000  1205001   81.50%
   1024   468      164.6429   262      773.0000      143.0000  1211359   81.50%
   1025   467      382.2976   453      773.0000      143.0000  1223618   81.50%
   1029   469      194.1429   283      773.0000      143.0000  1227934   81.50%
   1032   470      163.1786   287      773.0000      143.0000  1232238   81.50%
   1039   473      162.0000   286      773.0000      143.0000  1233899   81.50%
   1040   473      162.0000   268      773.0000      143.0000  1237579   81.50%
   1043   474      244.2262   353      773.0000      143.0000  1241112   81.50%
Elapsed time = 2561.56 sec. (4079663.31 ticks, tree = 89.63 MB, solutions = 2)
   1049   476      162.0000   238      773.0000      143.0000  1245469   81.50%
   1058   481      162.0000   221      773.0000      143.0000  1247121   81.50%
   1068   487      162.0000   215      773.0000      143.0000  1247962   81.50%
   1075   491      182.7500   247      773.0000      143.0000  1250874   81.50%
   1085   491      162.4858   204      773.0000      143.0000  1252061   81.50%
   1094   493      178.0000   194      773.0000      143.0000  1253612   81.50%
   1097   492      199.0952   254      773.0000      143.0000  1258521   81.50%
   1104   496      224.1250   253      773.0000      143.0000  1270379   81.50%
   1119   503      200.0000   176      773.0000      143.0000  1270817   81.50%
   1128   507      212.7738   195      773.0000      143.0000  1278664   81.50%
Elapsed time = 2597.67 sec. (4129882.60 ticks, tree = 96.19 MB, solutions = 2)
   1141   503      304.0000   150      773.0000      143.0000  1278901   81.50%
   1164   510      352.0000   141      773.0000      143.0000  1279119   81.50%
   1196   521      408.0000   137      773.0000      143.0000  1279351   81.50%
   1237   542      425.0000   135      773.0000      143.0000  1279456   81.50%
   1280   564      431.0000   127      773.0000      143.0000  1279594   81.50%
   1311   569      143.4189   289      773.0000      143.0000  1294246   81.50%
   1312   569      143.5756   343      773.0000      143.0000  1306620   81.50%
   1313   568      143.8792   333      773.0000      143.0000  1315869   81.50%
   1316   571      144.0000   318      773.0000      143.0000  1316645   81.50%
   1318   571      144.1499   301      773.0000      143.0000  1330057   81.50%
Elapsed time = 2694.51 sec. (4296866.44 ticks, tree = 109.41 MB, solutions = 2)
   1323   573      145.0000   309      773.0000      143.0000  1331095   81.50%
   1327   576      145.0000   385      773.0000      143.0000  1331623   81.50%
   1332   580      145.0000   356      773.0000      143.0000  1332183   81.50%
   1334   581      145.0000   337      773.0000      143.0000  1341545   81.50%
   1335   580      145.4326   293      773.0000      143.0000  1350740   81.50%
   1341   584      146.0000   368      773.0000      143.0000  1350913   81.50%
   1344   586      146.0000   308      773.0000      143.0000  1361246   81.50%
   1345   587      146.0000   334      773.0000      143.0000  1372011   81.50%
   1348   589      146.0000   331      773.0000      143.0000  1375854   81.50%
   1349   590      146.0000   326      773.0000      143.0000  1384622   81.50%
Elapsed time = 2786.37 sec. (4451519.90 ticks, tree = 112.76 MB, solutions = 2)
   1352   591      146.0000   320      773.0000      143.0000  1387440   81.50%
   1354   592      146.0000   331      773.0000      143.0000  1391848   81.50%
   1357   594      146.0000   333      773.0000      143.0000  1393044   81.50%
   1363   597      147.0000   324      773.0000      143.0000  1401013   81.50%
   1370   601      147.0000   358      773.0000      143.0000  1401154   81.50%
   1371   601      147.0000   363      773.0000      143.0000  1401156   81.50%
   1373   601      144.9326   334      773.0000      143.0000  1410700   81.50%
   1375   601      145.0302   338      773.0000      143.0000  1416547   81.50%
   1377   601      146.0000   366      773.0000      143.0000  1422758   81.50%
   1379   602      146.0000   315      773.0000      143.0000  1430627   81.50%
Elapsed time = 2886.56 sec. (4628006.52 ticks, tree = 115.01 MB, solutions = 2)
   1383   603      146.0000   340      773.0000      143.0000  1432031   81.50%
   1384   603      146.0000   333      773.0000      143.0000  1436245   81.50%
   1389   607      146.0000   384      773.0000      143.0000  1437422   81.50%
   1391   608      146.0000   341      773.0000      143.0000  1442356   81.50%
   1392   608      146.8054   301      773.0000      143.0000  1445602   81.50%
   1395   609      147.5729   301      773.0000      143.0000  1449886   81.50%
   1402   615      184.0714   401      773.0000      143.0000  1458914   81.50%
   1406   618      156.5068   548      773.0000      143.0000  1467555   81.50%
   1408   620      148.0000   356      773.0000      143.0000  1469346   81.50%
   1409   621      148.0000   304      773.0000      143.0000  1477369   81.50%
Elapsed time = 2954.89 sec. (4749817.41 ticks, tree = 118.57 MB, solutions = 2)
   1413   625      148.0000   329      773.0000      143.0000  1478731   81.50%
   1417   628      154.8875   523      773.0000      143.0000  1483768   81.50%
   1420   631      148.0000   322      773.0000      143.0000  1488790   81.50%
   1425   636      148.0000   311      773.0000      143.0000  1489544   81.50%
   1426   637      148.0000   324      773.0000      143.0000  1492238   81.50%
   1430   640      148.0153   306      773.0000      143.0000  1493452   81.50%
   1431   640      148.8149   267      773.0000      143.0000  1496703   81.50%
   1434   642      152.0357   334      773.0000      143.0000  1516276   81.50%
   1437   644      149.5657   281      773.0000      143.0000  1519954   81.50%
   1440   646      156.7100   482      773.0000      143.0000  1526084   81.50%
Elapsed time = 3016.03 sec. (4858075.47 ticks, tree = 123.28 MB, solutions = 2)
   1442   647      149.2156   336      773.0000      143.0000  1533145   81.50%
   1449   654      150.0000   398      773.0000      143.0000  1533363   81.50%
   1450   654      158.2838   265      773.0000      143.0000  1550625   81.50%
   1456   660      150.0000   302      773.0000      143.0000  1559027   81.50%
   1459   663      150.0000   295      773.0000      143.0000  1570312   81.50%
   1465   669      150.0000   292      773.0000      143.0000  1573067   81.50%
   1468   671      155.6562   446      773.0000      143.0000  1583467   81.50%
   1472   675      150.0000   293      773.0000      143.0000  1584377   81.50%
   1474   676      150.0000   291      773.0000      143.0000  1586204   81.50%
   1477   679      150.0000   295      773.0000      143.0000  1588116   81.50%
Elapsed time = 3089.99 sec. (4984072.15 ticks, tree = 129.52 MB, solutions = 2)
   1479   680      150.7021   284      773.0000      143.0000  1592368   81.50%
   1482   682      150.0039   293      773.0000      143.0000  1603064   81.50%
   1487   686      150.1563   288      773.0000      143.0000  1607759   81.50%
   1491   689      154.6875   393      773.0000      143.0000  1614889   81.50%
   1494   691      150.0379   276      773.0000      143.0000  1617470   81.50%
   1498   695      151.0000   297      773.0000      143.0000  1619206   81.50%
   1502   698      262.0000   326      773.0000      143.0000  1627660   81.50%
   1506   702      151.0000   280      773.0000      143.0000  1629306   81.50%
   1508   703      151.3241   257      773.0000      143.0000  1633103   81.50%
   1511   704      151.3687   253      773.0000      143.0000  1637986   81.50%
Elapsed time = 3149.39 sec. (5085144.88 ticks, tree = 134.45 MB, solutions = 2)
   1516   709      152.0000   287      773.0000      143.0000  1639347   81.50%
   1517   710      268.0000   359      773.0000      143.0000  1647285   81.50%
   1520   713      152.0000   280      773.0000      143.0000  1649486   81.50%
   1522   714      167.1250   309      773.0000      143.0000  1654400   81.50%
   1523   714      152.4412   221      773.0000      143.0000  1662111   81.50%
   1527   718      152.0000   259      773.0000      143.0000  1664173   81.50%
   1530   719      152.3771   231      773.0000      143.0000  1666219   81.50%
   1536   724      153.0000   263      773.0000      143.0000  1668264   81.50%
   1538   725      153.8599   250      773.0000      143.0000  1672918   81.50%
   1543   728      155.0000   245      773.0000      143.0000  1674656   81.50%
Elapsed time = 3189.10 sec. (5146491.53 ticks, tree = 138.65 MB, solutions = 2)
   1549   734      155.0000   246      773.0000      143.0000  1677883   81.50%
   1553   737      155.7854   229      773.0000      143.0000  1680498   81.50%
   1560   743      157.8340   228      773.0000      143.0000  1687486   81.50%
   1569   751      155.3041   220      773.0000      143.0000  1690204   81.50%
   1571   752      155.1543   238      773.0000      143.0000  1690687   81.50%
   1573   752      143.0182   336      773.0000      143.0000  1702559   81.50%
   1580   759      144.0000   357      773.0000      143.0000  1702838   81.50%
   1583   762      144.0000   342      773.0000      143.0000  1714116   81.50%
   1584   763      144.0000   358      773.0000      143.0000  1721477   81.50%
   1589   768      144.0000   374      773.0000      143.0000  1721970   81.50%
Elapsed time = 3325.65 sec. (5359366.78 ticks, tree = 146.45 MB, solutions = 2)
   1593   772      144.0000   427      773.0000      143.0000  1722436   81.50%
   1594   773      144.0000   367      773.0000      143.0000  1726086   81.50%
   1597   776      144.0000   375      773.0000      143.0000  1726998   81.50%
   1598   777      144.0000   365      773.0000      143.0000  1731763   81.50%
   1599   778      144.0000   360      773.0000      143.0000  1737583   81.50%
   1601   780      144.0000   356      773.0000      143.0000  1744116   81.50%
   1605   784      144.0000   368      773.0000      143.0000  1751461   81.50%
   1606   785      144.0000   340      773.0000      143.0000  1753057   81.50%
   1610   789      144.0000   381      773.0000      143.0000  1759918   81.50%
   1615   794      144.0000   383      773.0000      143.0000  1760718   81.50%
Elapsed time = 3400.12 sec. (5490593.12 ticks, tree = 151.30 MB, solutions = 2)
   1616   795      144.0000   369      773.0000      143.0000  1769288   81.50%
   1617   796      144.0000   365      773.0000      143.0000  1772119   81.50%
   1618   796      144.1005   250      773.0000      143.0000  1779854   81.50%
   1619   797      145.0000   246      773.0000      143.0000  1779857   81.50%
   1620   798      145.0000   371      773.0000      143.0000  1781341   81.50%
   1622   800      145.0000   390      773.0000      143.0000  1782433   81.50%
   1623   800      199.2857   516      773.0000      143.0000  1795651   81.50%
   1625   802      200.0000   513      773.0000      143.0000  1795696   81.50%
   1629   806      200.0000   477      773.0000      143.0000  1796205   81.50%

Clique cuts applied:  31
Cover cuts applied:  3
Flow cuts applied:  1
Mixed integer rounding cuts applied:  69
Zero-half cuts applied:  169
Gomory fractional cuts applied:  19

Root node processing (before b&c):
  Real time             =  321.69 sec. (536558.50 ticks)
Sequential b&c:
  Real time             = 3278.32 sec. (5227138.05 ticks)
                          ------------
Total (root+branch&cut) = 3600.02 sec. (5763696.55 ticks)

Solution pool: 2 solutions saved.

MIP - Time limit exceeded, integer feasible:  Objective =  7.7300000000e+02
Current MIP best bound =  1.4300000000e+02 (gap = 630, 81.50%)
Solution time = 3600.02 sec.  Iterations = 1825379  Nodes = 1630 (806)
Deterministic time = 5763696.96 ticks  (1601.02 ticks/sec)

CPLEX> Incumbent solution
Variable Name           Solution Value
y                           773.000000
x59                           1.000000
x9811                         1.000000
x19610                        1.000000
x29417                        1.000000
x39223                        1.000000
x49069                        1.000000
x58811                        1.000000
x68640                        1.000000
x78410                        1.000000
x88275                        1.000000
x98073                        1.000000
x107868                       1.000000
x117615                       1.000000
x127424                       1.000000
x137257                       1.000000
x3070                         1.000000
x11881                        1.000000
x20296                        1.000000
x33760                        1.000000
x46927                        1.000000
x57421                        1.000000
x63361                        1.000000
x76231                        1.000000
x80290                        1.000000
x95239                        1.000000
x107317                       1.000000
x110782                       1.000000
x120286                       1.000000
x131176                       1.000000
x143254                       1.000000
x10696                        1.000000
x117816                       1.000000
x80791                        1.000000
x128412                       1.000000
x30702                        1.000000
x11992                        1.000000
x10113                        1.000000
x11797                        1.000000
x61397                        1.000000
x124956                       1.000000
x83081                        1.000000
x13881                        1.000000
x11011                        1.000000
x11309                        1.000000
x11211                        1.000000
x83482                        1.000000
x113183                       1.000000
x59229                        1.000000
x121204                       1.000000
x75467                        1.000000
x112593                       1.000000
x110713                       1.000000
x4883                         1.000000
x140614                       1.000000
x141407                       1.000000
x14094                        1.000000
x119332                       1.000000
x71417                        1.000000
x131313                       1.000000
x134878                       1.000000
x5684                         1.000000
x13308                        1.000000
x12122                        1.000000
x34695                        1.000000
x60436                        1.000000
x63308                        1.000000
x87960                        1.000000
x110335                       1.000000
x4010                         1.000000
x78558                        1.000000
x83410                        1.000000
x104201                       1.000000
x30546                        1.000000
x113311                       1.000000
x113411                       1.000000
x6790                         1.000000
x56292                        1.000000
x103219                       1.000000
x140543                       1.000000
x55307                        1.000000
x5809                         1.000000
x6602                         1.000000
x6702                         1.000000
x75607                        1.000000
x71846                        1.000000
x96201                        1.000000
x87193                        1.000000
x58781                        1.000000
x118182                       1.000000
x135805                       1.000000
x72347                        1.000000
x76209                        1.000000
x48886                        1.000000
x94724                        1.000000
x96111                        1.000000
x136405                       1.000000
x136901                       1.000000
x55425                        1.000000
x135517                       1.000000
x57605                        1.000000
x54933                        1.000000
x104038                       1.000000
x87308                        1.000000
x79092                        1.000000
x135622                       1.000000
x128297                       1.000000
x41079                        1.000000
x106717                       1.000000
x107312                       1.000000
x136518                       1.000000
x85633                        1.000000
x48410                        1.000000
x57321                        1.000000
u4                            1.000000
u6                            1.000000
u7                            4.000000
u9                            1.000000
u12                           1.000000
u13                          82.000000
u15                           2.000000
u16                           8.000000
u17                           2.000000
u18                           3.000000
u20                          83.000000
u21                           7.000000
u22                          83.000000
u23                           9.000000
u24                           3.000000
u25                           3.000000
u26                           4.000000
u27                           1.000000
u28                           5.000000
u29                           3.000000
u30                           6.000000
u31                           7.000000
u32                           8.000000
u34                           2.000000
u35                           1.000000
u36                           5.000000
u37                           4.000000
u38                           4.000000
u39                          19.000000
u40                          18.000000
u41                           6.000000
u42                           6.000000
u44                           4.000000
u45                           3.000000
u46                           3.000000
u47                           4.000000
u48                           9.000000
u49                           5.000000
u50                           7.000000
u51                           1.000000
u52                           2.000000
u53                           1.000000
u54                           2.000000
u55                           3.000000
u56                           2.000000
u58                           5.000000
u60                           5.000000
u61                           2.000000
u62                           3.000000
u65                           1.000000
u66                           1.000000
u67                           1.000000
u68                           2.000000
u69                           3.000000
u70                           2.000000
u71                           1.000000
u72                          83.000000
u73                           7.000000
u74                           4.000000
u75                           2.000000
u76                          17.000000
u77                           5.000000
u78                           6.000000
u79                          83.000000
u80                           2.000000
u81                           3.000000
u82                          15.000000
u83                          13.000000
u84                           2.000000
u85                          16.000000
u86                           7.000000
u87                           6.000000
u88                           3.000000
u89                           6.000000
u90                           5.000000
u91                          14.000000
u92                          11.000000
u93                           1.000000
u94                           4.000000
u95                          83.000000
u96                          12.000000
u97                           8.000000
u98                           2.000000
u99                           3.000000
All other variables in the range 1-145629 are 0.
CPLEX> 