
Welcome to IBM(R) ILOG(R) CPLEX(R) Interactive Optimizer 12.7.1.0
  with Simplex, Mixed Integer & Barrier Optimizers
5725-A06 5725-A29 5724-Y48 5724-Y49 5724-Y54 5724-Y55 5655-Y21
Copyright IBM Corp. 1988, 2017.  All Rights Reserved.

Type 'help' for a list of available commands.
Type 'help' followed by a command name for more
information on commands.

CPLEX> New value for default parallel thread count: 1
CPLEX> New value for time limit in seconds: 3600
CPLEX> Problem 'rat99_m5.lp' read.
Read time = 0.07 sec. (5.94 ticks)
CPLEX> CPXPARAM_TimeLimit                               3600
CPXPARAM_Threads                                 1
CPXPARAM_Read_APIEncoding                        "UTF-8"
Tried aggregator 1 time.
MIP Presolve modified 65660 coefficients.
Reduced MIP has 10207 rows, 48609 columns, and 307527 nonzeros.
Reduced MIP has 48510 binaries, 98 generals, 0 SOSs, and 0 indicators.
Presolve time = 0.17 sec. (288.34 ticks)
Probing time = 0.03 sec. (19.31 ticks)
Tried aggregator 1 time.
Reduced MIP has 10207 rows, 48609 columns, and 307527 nonzeros.
Reduced MIP has 48510 binaries, 99 generals, 0 SOSs, and 0 indicators.
Presolve time = 0.17 sec. (172.16 ticks)
Probing time = 0.04 sec. (22.60 ticks)
Clique table members: 135761.
MIP emphasis: balance optimality and feasibility.
MIP search method: dynamic search.
Parallel mode: none, using 1 thread.
Root relaxation solution time = 4.36 sec. (6521.44 ticks)

        Nodes                                         Cuts/
   Node  Left     Objective  IInf  Best Integer    Best Bound    ItCnt     Gap

      0     0      246.2298   236                    246.2298     9579         
      0     0      266.5234   320                   Cuts: 134    20142         
      0     0      268.0000   352                   Cuts: 223    34494         
      0     0      268.1000   367                    Cuts: 51    34666         
      0     0      268.1000   395                    Cuts: 45    34756         
      0     0      268.1000   325                    Cuts: 14    34861         
      0     0      268.1000   350                   Cuts: 131    35045         
      0     2      268.1000   272                    268.1000    35045         
Elapsed time = 41.65 sec. (63987.04 ticks, tree = 0.01 MB, solutions = 0)
      1     3      268.1500   302                    268.1000    35483         
      2     4      268.1500   344                    268.1500    35779         
      3     5      268.5165   330                    268.1500    37078         
      4     6      268.1784   374                    268.1500    37268         
      6     8      268.9391   329                    268.1500    37819         
      9    11      268.4354   451                    268.1500    38239         
     12    14      269.0634   304                    268.1500    38500         
     14    16      270.5152   383                    268.1500    39013         
     16    18      269.7508   348                    268.1500    39288         
     19    21      269.6985   319                    268.1500    40294         
Elapsed time = 44.96 sec. (70122.03 ticks, tree = 1.05 MB, solutions = 0)
     20    22      269.6742   322                    268.1500    40456         
     27    29      269.7023   336                    268.1500    41351         
     31    33      269.8246   345                    268.1500    42352         
     42    44      270.0967   304                    268.1500    43156         
     55    57      271.0365   340                    268.1500    44227         
     65    67      271.8617   304                    268.1500    45213         
     73    75      272.4728   328                    268.1500    46169         
     79    81      270.7400   344                    268.1500    47229         
     84    86      272.1378   259                    268.1500    47979         
     98   100      273.0012   299                    268.1500    48833         
Elapsed time = 57.60 sec. (90739.20 ticks, tree = 11.21 MB, solutions = 0)
    114   116      274.7839   214                    268.1500    49711         
    141   143      280.3255   204                    268.1500    50769         
    169   171      283.4175   218                    268.1500    52007         
    200   199      388.0638   287                    268.1500    53690         
    207   206      358.1702   246                    268.1500    57279         
    209   208      390.0638   333                    268.1500    60342         
    214   213      355.0000   231                    268.1500    62228         
    217   216      384.7234   303                    268.1500    63974         
    222   221      345.7979   222                    268.1500    65440         
    226   225      345.7979   232                    268.1500    67233         
Elapsed time = 65.70 sec. (103027.55 ticks, tree = 28.70 MB, solutions = 0)
    232   231      345.7979   234                    268.1500    69629         
    250   249      345.7979   217                    268.1500    71060         
    303   293      543.5957   166                    268.1500    72124         
    367   345      863.7872   111                    268.1500    73361         
*   424   371      integral     0     1439.0000      268.1500    73817   81.37%
    425   372      268.5054   366     1439.0000      268.1500    74174   81.37%
    427   374      269.7751   388     1439.0000      268.1500    75142   81.37%
    429   376      269.4608   402     1439.0000      268.1500    76155   81.37%
    433   380      269.7269   380     1439.0000      268.1500    76931   81.37%
    437   384      269.6771   323     1439.0000      268.1500    78122   81.37%
    445   392      270.1250   238     1439.0000      268.1500    78776   81.37%
Elapsed time = 72.51 sec. (114320.85 ticks, tree = 51.85 MB, solutions = 1)
    455   402      271.6885   271     1439.0000      268.1500    79627   81.37%
    476   423      273.6591   191     1439.0000      268.1500    80425   81.37%
    499   446      278.4634   193     1439.0000      268.1500    81069   81.37%
    522   469      291.7660   271     1439.0000      268.1500    82132   81.37%
    534   481      269.0000   254     1439.0000      269.0000   122426   81.31%
    535   482      269.0000   260     1439.0000      269.0000   122837   81.31%
    536   483      269.0000   345     1439.0000      269.0000   132159   81.31%
    537   484      269.0000   341     1439.0000      269.0000   142865   81.31%
    538   485      269.0000   371     1439.0000      269.0000   143855   81.31%
    539   485      269.0000   347     1439.0000      269.0000   156797   81.31%
Elapsed time = 193.51 sec. (301813.69 ticks, tree = 64.19 MB, solutions = 1)
    540   485      269.0000   383     1439.0000      269.0000   173410   81.31%
    541   485      269.0000   358     1439.0000      269.0000   188539   81.31%
    542   485      269.0000   391     1439.0000      269.0000   202586   81.31%
    543   486      269.0000   388     1439.0000      269.0000   217998   81.31%
    544   486      269.0000   364     1439.0000      269.0000   218047   81.31%
    545   487      269.0000   371     1439.0000      269.0000   218068   81.31%
    546   486      270.0000   249     1439.0000      269.0000   229236   81.31%
    548   487      270.0000   259     1439.0000      269.0000   229769   81.31%
    549   488      270.0000   336     1439.0000      269.0000   238553   81.31%
    550   487      271.0000   220     1439.0000      269.0000   239754   81.31%
Elapsed time = 260.81 sec. (411192.70 ticks, tree = 63.92 MB, solutions = 1)
    552   489      271.0000   216     1439.0000      269.0000   245223   81.31%
    553   490      271.0000   203     1439.0000      269.0000   246025   81.31%
    555   491      271.0000   194     1439.0000      269.0000   248393   81.31%
    556   492      271.0000   197     1439.0000      269.0000   252746   81.31%
    557   493      271.0000   297     1439.0000      269.0000   263688   81.31%
    558   494      271.0000   264     1439.0000      269.0000   264554   81.31%
    559   495      271.0000   312     1439.0000      269.0000   265984   81.31%
    560   496      271.0000   238     1439.0000      269.0000   268530   81.31%
    561   497      271.0000   253     1439.0000      269.0000   269346   81.31%
    562   497      271.0000   245     1439.0000      269.0000   270288   81.31%
Elapsed time = 276.64 sec. (431098.34 ticks, tree = 65.18 MB, solutions = 1)
    563   497      272.0000   218     1439.0000      269.0000   271309   81.31%
    564   498      272.0000   236     1439.0000      269.0000   271329   81.31%
    565   499      272.0000   256     1439.0000      269.0000   280346   81.31%
    567   500      273.0000   257     1439.0000      269.0000   281063   81.31%
    571   502      274.0000   208     1439.0000      269.0000   282157   81.31%
    574   503      275.0000   237     1439.0000      269.0000   283790   81.31%
    578   505      275.0000   302     1439.0000      269.0000   283922   81.31%
    579   505      275.7936   221     1439.0000      269.0000   285112   81.31%
    581   507      275.0000   241     1439.0000      269.0000   286043   81.31%
    582   507      275.1318   218     1439.0000      269.0000   287186   81.31%
Elapsed time = 295.95 sec. (453625.46 ticks, tree = 66.47 MB, solutions = 1)
    585   496      276.0000   202     1439.0000      269.0000   287728   81.31%
    586   495      277.4578   209     1439.0000      269.0000   288735   81.31%
    590   498      278.0000   199     1439.0000      269.0000   289903   81.31%
    591   498      279.0236   214     1439.0000      269.0000   290743   81.31%
    593   499      278.0402   214     1439.0000      269.0000   291614   81.31%
    595   499      279.0000   213     1439.0000      269.0000   292068   81.31%
    599   501      279.0000   196     1439.0000      269.0000   292327   81.31%
    601   502      279.0000   204     1439.0000      269.0000   293355   81.31%
    603   504      279.0000   186     1439.0000      269.0000   293589   81.31%
    606   505      279.0000   208     1439.0000      269.0000   294640   81.31%
Elapsed time = 306.80 sec. (465980.43 ticks, tree = 66.30 MB, solutions = 1)
    609   507      279.0000   213     1439.0000      269.0000   295334   81.31%
    611   507      283.9040   241     1439.0000      269.0000   296425   81.31%
    614   510      279.0000   211     1439.0000      269.0000   296620   81.31%
    618   511      279.0000   217     1439.0000      269.0000   296812   81.31%
    621   511      285.1522   206     1439.0000      269.0000   298051   81.31%
    624   513      279.0000   208     1439.0000      269.0000   298319   81.31%
    627   515      279.0000   195     1439.0000      269.0000   298605   81.31%
    629   515      279.0000   194     1439.0000      269.0000   299489   81.31%
    630   515      280.4181   221     1439.0000      269.0000   300611   81.31%
    638   518      286.4091   209     1439.0000      269.0000   303448   81.31%
Elapsed time = 320.58 sec. (480877.23 ticks, tree = 68.18 MB, solutions = 1)
    645   521      281.0000   217     1439.0000      269.0000   306635   81.31%
    654   524      281.0000   205     1439.0000      269.0000   308746   81.31%
    663   532      281.0000   225     1439.0000      269.0000   311890   81.31%
    671   532      291.0000   202     1439.0000      269.0000   314420   81.31%
    683   539      299.0000   235     1439.0000      269.0000   315322   81.31%
    691   545      299.0000   229     1439.0000      269.0000   317115   81.31%
    701   551      299.0000   172     1439.0000      269.0000   318376   81.31%
    710   554      303.8511   149     1439.0000      269.0000   321397   81.31%
    727   554      382.0000   188     1439.0000      269.0000   322179   81.31%
*   734+  420                         1409.0000      269.0000            80.91%
    749   424      418.0000   188     1409.0000      269.0000   323644   80.91%
Elapsed time = 358.79 sec. (521052.81 ticks, tree = 55.49 MB, solutions = 2)
    767   428      418.0000   158     1409.0000      269.0000   324608   80.91%
    795   435      419.0000   139     1409.0000      269.0000   326098   80.91%
    808   440      420.9681   131     1409.0000      269.0000   329499   80.91%
    826   449      452.0372   118     1409.0000      269.0000   333187   80.91%
    853   449      538.0000   106     1409.0000      269.0000   335835   80.91%
    890   460      671.0000    81     1409.0000      269.0000   340247   80.91%
    910   472      656.0000    92     1409.0000      269.0000   345015   80.91%
    935   478      865.0000    48     1409.0000      269.0000   351613   80.91%
    948   480      865.0000    28     1409.0000      269.0000   359366   80.91%
*   975   427      integral     0     1031.0000      269.0000   360987   73.91%
    976   427      269.0000   244     1031.0000      269.0000   361645   73.91%
Elapsed time = 405.07 sec. (576798.89 ticks, tree = 51.68 MB, solutions = 3)
    979   429      269.0000   294     1031.0000      269.0000   363805   73.91%
    986   433      270.0000   324     1031.0000      269.0000   365408   73.91%
    990   434      270.5498   308     1031.0000      269.0000   367943   73.91%
    999   437      271.0000   289     1031.0000      269.0000   369519   73.91%
   1008   442      271.4885   243     1031.0000      269.0000   372402   73.91%
   1018   445      272.0000   330     1031.0000      269.0000   374346   73.91%
   1025   449      272.1894   306     1031.0000      269.0000   377319   73.91%
   1037   455      272.0000   287     1031.0000      269.0000   379341   73.91%
   1049   462      272.0000   272     1031.0000      269.0000   381516   73.91%
   1064   464      274.4601   283     1031.0000      269.0000   384607   73.91%
Elapsed time = 441.72 sec. (621299.46 ticks, tree = 55.56 MB, solutions = 3)
   1073   467      273.8521   252     1031.0000      269.0000   387722   73.91%
   1089   474      272.0000   264     1031.0000      269.0000   390080   73.91%
   1098   477      272.4511   217     1031.0000      269.0000   394925   73.91%
   1111   482      274.5976   198     1031.0000      269.0000   398364   73.91%
   1120   483      274.5613   213     1031.0000      269.0000   401159   73.91%
   1129   486      275.0000   211     1031.0000      269.0000   403637   73.91%
   1134   489      275.0000   236     1031.0000      269.0000   404533   73.91%
   1145   491      277.0000   211     1031.0000      269.0000   407275   73.91%
   1154   496      277.0000   206     1031.0000      269.0000   410238   73.91%
   1165   501      278.0000   234     1031.0000      269.0000   414419   73.91%
Elapsed time = 479.43 sec. (668555.40 ticks, tree = 57.71 MB, solutions = 3)
   1177   506      278.0000   204     1031.0000      269.0000   417460   73.91%
   1193   514      278.7844   183     1031.0000      269.0000   420689   73.91%
   1206   514      279.0823   180     1031.0000      269.0000   424452   73.91%
   1221   527      282.6418   169     1031.0000      269.0000   429993   73.91%
   1234   538      281.5156   185     1031.0000      269.0000   434885   73.91%
   1251   552      283.0000   176     1031.0000      269.0000   438827   73.91%
   1266   564      283.0225   156     1031.0000      269.0000   444274   73.91%
   1277   574      283.0000   197     1031.0000      269.0000   448851   73.91%
   1288   580      286.4513   168     1031.0000      269.0000   453940   73.91%
   1304   592      292.2450   155     1031.0000      269.0000   458004   73.91%
Elapsed time = 516.95 sec. (709217.32 ticks, tree = 67.07 MB, solutions = 3)
   1319   604      294.0000   190     1031.0000      269.0000   460267   73.91%
   1337   617      296.0000   187     1031.0000      269.0000   463966   73.91%
   1354   632      297.0000   144     1031.0000      269.0000   468354   73.91%
   1373   650      298.0000   143     1031.0000      269.0000   471535   73.91%
   1383   657      298.0000   135     1031.0000      269.0000   476407   73.91%
   1408   676      322.0000   155     1031.0000      269.0000   479571   73.91%
   1438   698      380.0000   168     1031.0000      269.0000   482357   73.91%
   1461   712      454.3457   145     1031.0000      269.0000   483967   73.91%
   1505   746      518.0000   122     1031.0000      269.0000   486081   73.91%
   1534   766      563.0000    94     1031.0000      269.0000   488436   73.91%
Elapsed time = 566.34 sec. (765658.01 ticks, tree = 85.58 MB, solutions = 3)
   1557   779      269.0000   287     1031.0000      269.0000   491384   73.91%
   1558   780      269.0000   257     1031.0000      269.0000   492843   73.91%
   1559   781      269.0000   343     1031.0000      269.0000   496764   73.91%
   1560   782      269.0000   249     1031.0000      269.0000   498065   73.91%
   1561   783      269.0000   275     1031.0000      269.0000   499003   73.91%
   1571   793      272.0000   314     1031.0000      269.0000   502166   73.91%
   1581   802      273.0000   335     1031.0000      269.0000   504435   73.91%
   1595   816      273.0000   333     1031.0000      269.0000   506274   73.91%
   1619   840      273.0000   269     1031.0000      269.0000   509272   73.91%
   1637   858      273.0000   247     1031.0000      269.0000   512184   73.91%
Elapsed time = 646.98 sec. (892863.14 ticks, tree = 93.74 MB, solutions = 3)
   1657   877      274.6281   253     1031.0000      269.0000   515596   73.91%
   1672   892      275.0000   263     1031.0000      269.0000   516997   73.91%
   1697   916      275.9037   262     1031.0000      269.0000   521616   73.91%
   1714   932      277.0000   238     1031.0000      269.0000   523938   73.91%
   1736   952      269.0000   245     1031.0000      269.0000   527477   73.91%
   1749   965      271.0000   256     1031.0000      269.0000   531688   73.91%
   1761   977      272.0000   281     1031.0000      269.0000   535065   73.91%
   1773   989      272.0000   262     1031.0000      269.0000   539161   73.91%
   1792  1008      272.0000   302     1031.0000      269.0000   543466   73.91%
   1807  1022      275.0000   202     1031.0000      269.0000   547573   73.91%
Elapsed time = 692.50 sec. (947559.28 ticks, tree = 106.51 MB, solutions = 3)
   1826  1039      275.0000   202     1031.0000      269.0000   549564   73.91%
   1848  1060      277.0000   201     1031.0000      269.0000   552928   73.91%
   1859  1070      278.0000   274     1031.0000      269.0000   554937   73.91%
   1875  1086      278.0000   239     1031.0000      269.0000   558005   73.91%
   1894  1104      281.0000   244     1031.0000      269.0000   560558   73.91%
   1910  1117      282.0000   245     1031.0000      269.0000   563641   73.91%
   1925  1131      285.0000   216     1031.0000      269.0000   567098   73.91%
   1936  1141      269.0000   324     1031.0000      269.0000   568537   73.91%
   1949  1154      270.0000   313     1031.0000      269.0000   571463   73.91%
   1961  1166      270.0000   281     1031.0000      269.0000   575128   73.91%
Elapsed time = 740.77 sec. (1006987.33 ticks, tree = 118.95 MB, solutions = 3)
   1974  1179      270.0000   315     1031.0000      269.0000   577027   73.91%
   1998  1203      273.0000   274     1031.0000      269.0000   580642   73.91%
   2014  1219      273.0000   278     1031.0000      269.0000   582140   73.91%
   2029  1234      273.0000   241     1031.0000      269.0000   585863   73.91%
   2045  1250      273.0000   268     1031.0000      269.0000   589218   73.91%
   2054  1259      273.0000   319     1031.0000      269.0000   590512   73.91%
   2066  1271      274.0000   266     1031.0000      269.0000   593689   73.91%
   2076  1281      274.0000   242     1031.0000      269.0000   596683   73.91%
   2088  1293      275.3334   228     1031.0000      269.0000   601231   73.91%
   2113  1318      276.0000   227     1031.0000      269.0000   603427   73.91%
Elapsed time = 783.35 sec. (1055409.76 ticks, tree = 131.11 MB, solutions = 3)
   2125  1330      277.0000   181     1031.0000      269.0000   607474   73.91%
   2136  1341      269.0000   221     1031.0000      269.0000   610140   73.91%
   2141  1346      270.5000   211     1031.0000      269.0000   614388   73.91%
   2154  1359      272.0000   273     1031.0000      269.0000   617789   73.91%
   2161  1366      479.0000   298     1031.0000      269.0000   620131   73.91%
   2165  1370      479.0000   308     1031.0000      269.0000   620507   73.91%
   2171  1376      479.0000   325     1031.0000      269.0000   621095   73.91%
   2181  1386      479.0000   335     1031.0000      269.0000   621649   73.91%
   2191  1396      479.0000   321     1031.0000      269.0000   622187   73.91%
   2195  1400      479.0000   330     1031.0000      269.0000   623106   73.91%
Elapsed time = 834.06 sec. (1125050.34 ticks, tree = 139.27 MB, solutions = 3)
   2210  1415      479.0000   322     1031.0000      269.0000   623377   73.91%
   2220  1425      479.0000   312     1031.0000      269.0000   624134   73.91%
   2232  1437      479.0000   328     1031.0000      269.0000   624629   73.91%
   2242  1447      479.0000   307     1031.0000      269.0000   625077   73.91%
   2253  1458      479.0000   288     1031.0000      269.0000   625738   73.91%
   2265  1470      479.0000   303     1031.0000      269.0000   626302   73.91%
   2274  1479      479.0000   259     1031.0000      269.0000   626998   73.91%
   2281  1486      479.0000   230     1031.0000      269.0000   628351   73.91%
   2291  1494      479.0000   245     1031.0000      269.0000   629632   73.91%
   2303  1504      479.0000   227     1031.0000      269.0000   630551   73.91%
Elapsed time = 867.67 sec. (1167403.42 ticks, tree = 151.95 MB, solutions = 3)
   2319  1519      479.0000   197     1031.0000      269.0000   632222   73.91%
   2332  1530      479.0000   175     1031.0000      269.0000   634230   73.91%
   2339  1534      271.0000   282     1031.0000      269.0000   636181   73.91%
   2347  1542      271.0000   289     1031.0000      269.0000   639991   73.91%
   2357  1552      271.0795   224     1031.0000      269.0000   643724   73.91%
   2364  1558      271.0000   292     1031.0000      269.0000   647203   73.91%
   2374  1567      271.0000   334     1031.0000      269.0000   650008   73.91%
   2384  1576      271.4723   206     1031.0000      269.0000   654166   73.91%
   2392  1583      272.8468   169     1031.0000      269.0000   656877   73.91%
   2402  1593      272.0000   216     1031.0000      269.0000   659667   73.91%
Elapsed time = 899.16 sec. (1207819.76 ticks, tree = 160.03 MB, solutions = 3)
   2412  1603      272.0000   231     1031.0000      269.0000   663441   73.91%
   2419  1610      273.0000   218     1031.0000      269.0000   667548   73.91%
   2427  1617      273.0000   222     1031.0000      269.0000   671423   73.91%
   2438  1628      273.0000   249     1031.0000      269.0000   674791   73.91%
   2445  1633      274.1776   280     1031.0000      269.0000   679548   73.91%
   2454  1642      274.3695   279     1031.0000      269.0000   681298   73.91%
   2465  1652      274.0000   261     1031.0000      269.0000   684457   73.91%
   2481  1667      274.0000   247     1031.0000      269.0000   689195   73.91%
   2500  1686      275.6777   211     1031.0000      269.0000   693381   73.91%
   2513  1698      275.0000   193     1031.0000      269.0000   698164   73.91%
Elapsed time = 932.32 sec. (1249501.67 ticks, tree = 168.29 MB, solutions = 3)
   2524  1709      276.0000   245     1031.0000      269.0000   703130   73.91%
   2534  1718      279.6229   196     1031.0000      269.0000   706210   73.91%
   2539  1722      271.0000   233     1031.0000      269.0000   708699   73.91%
   2547  1730      272.0000   241     1031.0000      269.0000   713363   73.91%
   2558  1741      272.0000   260     1031.0000      269.0000   716955   73.91%
   2572  1755      272.0000   269     1031.0000      269.0000   719902   73.91%
   2589  1772      272.0000   254     1031.0000      269.0000   722567   73.91%
   2601  1784      273.0000   307     1031.0000      269.0000   726151   73.91%
   2617  1800      273.0000   283     1031.0000      269.0000   728052   73.91%
   2645  1828      274.0000   278     1031.0000      269.0000   730581   73.91%
Elapsed time = 965.21 sec. (1290002.98 ticks, tree = 177.27 MB, solutions = 3)
   2659  1842      274.0000   224     1031.0000      269.0000   734390   73.91%
   2680  1863      275.0000   265     1031.0000      269.0000   736326   73.91%
   2705  1887      279.0000   225     1031.0000      269.0000   740216   73.91%
   2721  1901      279.0000   197     1031.0000      269.0000   744489   73.91%
   2736  1915      269.0000   237     1031.0000      269.0000   748925   73.91%
   2740  1919      269.0000   292     1031.0000      269.0000   752724   73.91%
   2749  1928      271.0000   218     1031.0000      269.0000   756085   73.91%
   2756  1935      271.0000   359     1031.0000      269.0000   759111   73.91%
   2767  1946      271.4113   189     1031.0000      269.0000   763340   73.91%
   2782  1960      273.0000   230     1031.0000      269.0000   766073   73.91%
Elapsed time = 1008.81 sec. (1347309.30 ticks, tree = 187.38 MB, solutions = 3)
   2791  1969      273.0000   238     1031.0000      269.0000   768607   73.91%
   2795  1972      494.0000   352     1031.0000      269.0000   769473   73.91%
   2809  1985      495.0000   348     1031.0000      269.0000   769909   73.91%
   2818  1994      495.0000   356     1031.0000      269.0000   770382   73.91%
   2831  2007      495.0000   327     1031.0000      269.0000   770888   73.91%
   2842  2016      495.0000   311     1031.0000      269.0000   771538   73.91%
   2853  2027      495.0000   327     1031.0000      269.0000   772026   73.91%
   2865  2039      495.0000   300     1031.0000      269.0000   772995   73.91%
   2879  2053      495.0000   286     1031.0000      269.0000   773508   73.91%
   2890  2064      495.0000   298     1031.0000      269.0000   773976   73.91%
Elapsed time = 1045.49 sec. (1389144.08 ticks, tree = 199.91 MB, solutions = 3)
   2906  2078      495.0000   258     1031.0000      269.0000   774602   73.91%
   2919  2090      495.0000   248     1031.0000      269.0000   775420   73.91%
   2934  2105      495.0000   229     1031.0000      269.0000   776763   73.91%
   2937  2108      269.0000   228     1031.0000      269.0000   778488   73.91%
   2948  2119      270.0000   236     1031.0000      269.0000   782547   73.91%
   2960  2131      270.0000   226     1031.0000      269.0000   784848   73.91%
   2974  2145      270.0000   281     1031.0000      269.0000   787099   73.91%
   2987  2158      270.0000   295     1031.0000      269.0000   789170   73.91%
   2999  2169      271.0000   240     1031.0000      269.0000   793239   73.91%
   3013  2183      271.0000   236     1031.0000      269.0000   795593   73.91%
Elapsed time = 1081.81 sec. (1433086.58 ticks, tree = 211.81 MB, solutions = 3)
   3038  2208      271.0000   303     1031.0000      269.0000   797752   73.91%
   3063  2233      271.0000   254     1031.0000      269.0000   800751   73.91%
   3079  2249      272.0000   230     1031.0000      269.0000   803444   73.91%
   3095  2265      277.0000   182     1031.0000      269.0000   808419   73.91%
   3108  2278      278.0000   184     1031.0000      269.0000   811808   73.91%
   3126  2296      281.0000   194     1031.0000      269.0000   815827   73.91%
   3136  2305      269.9031   301     1031.0000      269.0000   819508   73.91%
   3149  2318      272.0000   299     1031.0000      269.0000   822211   73.91%
   3159  2327      274.0000   276     1031.0000      269.0000   825648   73.91%
   3167  2335      275.0000   315     1031.0000      269.0000   828619   73.91%
Elapsed time = 1118.30 sec. (1476091.67 ticks, tree = 223.38 MB, solutions = 3)
   3180  2348      275.0000   269     1031.0000      269.0000   831566   73.91%
   3191  2359      275.0000   274     1031.0000      269.0000   835052   73.91%
   3212  2380      275.0000   269     1031.0000      269.0000   837664   73.91%
   3230  2398      276.0000   233     1031.0000      269.0000   841659   73.91%
   3244  2411      278.0000   221     1031.0000      269.0000   845901   73.91%
   3261  2428      278.0000   237     1031.0000      269.0000   849301   73.91%
   3278  2445      278.0000   253     1031.0000      269.0000   852578   73.91%
   3293  2460      278.0000   281     1031.0000      269.0000   855703   73.91%
   3310  2477      278.0000   243     1031.0000      269.0000   859322   73.91%
   3334  2501      279.0000   230     1031.0000      269.0000   862924   73.91%
Elapsed time = 1155.26 sec. (1516944.44 ticks, tree = 234.75 MB, solutions = 3)
   3340  2507      269.0064   235     1031.0000      269.0000   867358   73.91%
   3351  2518      269.4074   233     1031.0000      269.0000   872317   73.91%
   3364  2531      272.0000   249     1031.0000      269.0000   876156   73.91%
   3376  2543      272.0000   267     1031.0000      269.0000   879634   73.91%
   3390  2557      272.6234   249     1031.0000      269.0000   883721   73.91%
   3398  2563      273.2927   209     1031.0000      269.0000   887245   73.91%
   3410  2574      273.6977   263     1031.0000      269.0000   892134   73.91%
   3421  2585      273.0000   273     1031.0000      269.0000   895113   73.91%
   3434  2597      273.0000   282     1031.0000      269.0000   898874   73.91%
   3449  2611      273.0000   261     1031.0000      269.0000   902292   73.91%
Elapsed time = 1188.55 sec. (1558041.24 ticks, tree = 242.37 MB, solutions = 3)
   3463  2625      273.0000   240     1031.0000      269.0000   906734   73.91%
   3477  2638      274.0000   244     1031.0000      269.0000   910696   73.91%
   3488  2646      275.2266   244     1031.0000      269.0000   914152   73.91%
   3504  2661      274.0000   250     1031.0000      269.0000   918494   73.91%
   3515  2670      275.7311   259     1031.0000      269.0000   923297   73.91%
   3531  2686      277.0000   288     1031.0000      269.0000   926832   73.91%
   3534  2688      277.0000   291     1031.0000      269.0000   928184   73.91%
   3536  2690      269.0000   229     1031.0000      269.0000   929163   73.91%
   3544  2698      269.0000   290     1031.0000      269.0000   933214   73.91%
   3554  2708      269.0000   265     1031.0000      269.0000   936411   73.91%
Elapsed time = 1250.70 sec. (1642729.52 ticks, tree = 249.04 MB, solutions = 3)
   3565  2719      269.0000   303     1031.0000      269.0000   939776   73.91%
   3590  2744      270.0000   288     1031.0000      269.0000   942782   73.91%
   3601  2755      270.0000   275     1031.0000      269.0000   945991   73.91%
   3622  2776      270.0000   316     1031.0000      269.0000   949526   73.91%
   3634  2788      270.0000   275     1031.0000      269.0000   954368   73.91%
   3653  2807      270.0000   244     1031.0000      269.0000   958245   73.91%
   3671  2825      271.0000   306     1031.0000      269.0000   962481   73.91%
   3695  2849      271.0000   227     1031.0000      269.0000   964920   73.91%
   3720  2873      274.0000   246     1031.0000      269.0000   969535   73.91%
   3734  2886      275.0000   261     1031.0000      269.0000   971333   73.91%
Elapsed time = 1293.01 sec. (1690739.77 ticks, tree = 260.28 MB, solutions = 3)
   3745  2896      271.0000   283     1031.0000      269.0000   974008   73.91%
   3773  2924      271.0000   268     1031.0000      269.0000   976851   73.91%
   3787  2938      272.0000   282     1031.0000      269.0000   979528   73.91%
   3805  2956      272.0000   244     1031.0000      269.0000   981005   73.91%
   3832  2983      272.0000   264     1031.0000      269.0000   984405   73.91%
   3862  3013      272.0000   311     1031.0000      269.0000   987207   73.91%
   3892  3042      276.0000   303     1031.0000      269.0000   990370   73.91%
   3909  3059      277.0000   289     1031.0000      269.0000   993055   73.91%
   3923  3073      277.0000   244     1031.0000      269.0000   994776   73.91%
   3936  3084      269.5714   243     1031.0000      269.0000  1000107   73.91%
Elapsed time = 1339.21 sec. (1739634.65 ticks, tree = 275.05 MB, solutions = 3)
   3946  3094      271.0000   271     1031.0000      269.0000  1003389   73.91%
   3956  3104      273.4370   304     1031.0000      269.0000  1007510   73.91%
   3968  3113      278.0000   250     1031.0000      269.0000  1011874   73.91%
   3984  3128      279.0000   275     1031.0000      269.0000  1015365   73.91%
   4008  3152      280.0000   250     1031.0000      269.0000  1018706   73.91%
   4025  3169      282.0000   248     1031.0000      269.0000  1022417   73.91%
   4046  3190      286.0000   244     1031.0000      269.0000  1026477   73.91%
   4063  3207      288.0000   239     1031.0000      269.0000  1030237   73.91%
   4084  3227      291.4254   251     1031.0000      269.0000  1033590   73.91%
   4098  3241      296.0000   254     1031.0000      269.0000  1036698   73.91%
Elapsed time = 1373.96 sec. (1780091.45 ticks, tree = 284.70 MB, solutions = 3)
   4122  3265      297.0000   222     1031.0000      269.0000  1040278   73.91%
   4134  3277      297.0000   212     1031.0000      269.0000  1042004   73.91%
   4141  3283      271.0000   290     1031.0000      269.0000  1044523   73.91%
   4148  3290      271.0000   238     1031.0000      269.0000  1047951   73.91%
   4161  3303      272.0000   274     1031.0000      269.0000  1051149   73.91%
   4176  3318      273.0000   290     1031.0000      269.0000  1054977   73.91%
   4195  3337      273.0000   267     1031.0000      269.0000  1057617   73.91%
   4207  3349      273.0000   250     1031.0000      269.0000  1061743   73.91%
   4224  3366      273.0000   259     1031.0000      269.0000  1066613   73.91%
   4247  3389      273.0000   270     1031.0000      269.0000  1070467   73.91%
Elapsed time = 1410.07 sec. (1820484.34 ticks, tree = 294.22 MB, solutions = 3)
   4271  3413      275.0000   256     1031.0000      269.0000  1075146   73.91%
   4293  3435      278.0000   238     1031.0000      269.0000  1078258   73.91%
   4316  3457      282.0000   225     1031.0000      269.0000  1081610   73.91%
   4336  3475      269.0222   243     1031.0000      269.0000  1088141   73.91%
   4349  3488      270.0000   235     1031.0000      269.0000  1091239   73.91%
   4357  3496      271.0000   253     1031.0000      269.0000  1095379   73.91%
   4367  3506      271.0000   279     1031.0000      269.0000  1099960   73.91%
   4378  3517      275.4495   279     1031.0000      269.0000  1103992   73.91%
   4388  3527      273.0000   290     1031.0000      269.0000  1108008   73.91%
   4404  3543      274.0000   285     1031.0000      269.0000  1111570   73.91%
Elapsed time = 1451.97 sec. (1877333.63 ticks, tree = 303.49 MB, solutions = 3)
   4414  3552      274.8864   287     1031.0000      269.0000  1115613   73.91%
   4428  3566      276.5514   248     1031.0000      269.0000  1119910   73.91%
   4444  3582      277.0681   237     1031.0000      269.0000  1123200   73.91%
   4459  3597      277.0000   273     1031.0000      269.0000  1128357   73.91%
   4471  3608      277.4595   239     1031.0000      269.0000  1132392   73.91%
   4490  3626      282.0000   223     1031.0000      269.0000  1136941   73.91%
   4511  3645      284.6709   227     1031.0000      269.0000  1140803   73.91%
   4528  3659      286.0000   228     1031.0000      269.0000  1144126   73.91%
   4532  3663      286.0000   234     1031.0000      269.0000  1147805   73.91%
   4536  3665      269.9200   263     1031.0000      269.0000  1151132   73.91%
Elapsed time = 1488.69 sec. (1919161.03 ticks, tree = 313.56 MB, solutions = 3)
   4546  3675      271.0000   290     1031.0000      269.0000  1154072   73.91%
   4554  3683      272.0000   295     1031.0000      269.0000  1156807   73.91%
   4565  3694      273.0000   293     1031.0000      269.0000  1159985   73.91%
   4577  3705      274.0000   243     1031.0000      269.0000  1163426   73.91%
   4587  3713      286.4700   253     1031.0000      269.0000  1166270   73.91%
   4608  3734      287.0000   318     1031.0000      269.0000  1169434   73.91%
   4624  3750      287.0000   309     1031.0000      269.0000  1172136   73.91%
   4643  3769      287.0000   292     1031.0000      269.0000  1176481   73.91%
   4657  3783      288.0000   279     1031.0000      269.0000  1179319   73.91%
   4682  3808      288.0000   298     1031.0000      269.0000  1181638   73.91%
Elapsed time = 1522.83 sec. (1959725.37 ticks, tree = 323.56 MB, solutions = 3)
   4709  3835      289.0000   268     1031.0000      269.0000  1184347   73.91%
   4729  3855      292.0000   262     1031.0000      269.0000  1189316   73.91%
   4736  3861      271.1902   287     1031.0000      269.0000  1192162   73.91%
   4745  3870      272.0000   340     1031.0000      269.0000  1194248   73.91%
   4754  3878      273.1179   272     1031.0000      269.0000  1196951   73.91%
   4764  3887      276.0000   263     1031.0000      269.0000  1198955   73.91%
   4774  3897      472.0000   323     1031.0000      269.0000  1202185   73.91%
   4781  3904      472.0000   339     1031.0000      269.0000  1202816   73.91%
   4790  3913      472.0000   340     1031.0000      269.0000  1203351   73.91%
   4799  3922      472.0000   354     1031.0000      269.0000  1203960   73.91%
Elapsed time = 1560.30 sec. (2007112.98 ticks, tree = 333.15 MB, solutions = 3)
   4810  3933      472.0000   357     1031.0000      269.0000  1204427   73.91%
   4821  3944      472.0000   353     1031.0000      269.0000  1204887   73.91%
   4831  3954      472.0000   344     1031.0000      269.0000  1205495   73.91%
   4841  3964      472.0000   326     1031.0000      269.0000  1206228   73.91%
   4851  3974      472.0000   311     1031.0000      269.0000  1206940   73.91%
   4866  3989      472.0000   315     1031.0000      269.0000  1207600   73.91%
   4878  4001      472.0000   273     1031.0000      269.0000  1208505   73.91%
   4890  4011      472.0000   286     1031.0000      269.0000  1209114   73.91%
   4899  4020      472.0000   268     1031.0000      269.0000  1210254   73.91%
   4910  4029      472.0000   252     1031.0000      269.0000  1211497   73.91%
Elapsed time = 1594.27 sec. (2050171.39 ticks, tree = 347.10 MB, solutions = 3)
   4923  4041      472.0000   249     1031.0000      269.0000  1212827   73.91%
   4934  4050      472.0000   215     1031.0000      269.0000  1214491   73.91%
   4936  4052      269.8636   302     1031.0000      269.0000  1217929   73.91%
   4944  4060      270.0000   327     1031.0000      269.0000  1221454   73.91%
   4953  4068      272.0000   304     1031.0000      269.0000  1223725   73.91%
   4963  4077      275.0000   406     1031.0000      269.0000  1226878   73.91%
   4974  4087      483.0851   308     1031.0000      269.0000  1230025   73.91%
   4987  4099      488.0000   334     1031.0000      269.0000  1230723   73.91%
   5003  4115      488.0000   337     1031.0000      269.0000  1231268   73.91%
   5017  4129      488.0000   321     1031.0000      269.0000  1232048   73.91%
Elapsed time = 1629.78 sec. (2093674.13 ticks, tree = 357.30 MB, solutions = 3)
   5032  4144      488.0000   317     1031.0000      269.0000  1232705   73.91%
   5041  4153      488.0000   284     1031.0000      269.0000  1233506   73.91%
   5056  4168      488.0000   272     1031.0000      269.0000  1234156   73.91%
   5067  4179      488.0000   251     1031.0000      269.0000  1235105   73.91%
   5082  4194      488.0000   262     1031.0000      269.0000  1236231   73.91%
   5092  4203      488.0000   240     1031.0000      269.0000  1238005   73.91%
   5102  4212      488.0000   233     1031.0000      269.0000  1239125   73.91%
   5119  4229      488.0000   210     1031.0000      269.0000  1240416   73.91%
   5131  4238      488.0000   221     1031.0000      269.0000  1244222   73.91%
   5136  4241      269.5000   305     1031.0000      269.0000  1252688   73.91%
Elapsed time = 1667.24 sec. (2142303.17 ticks, tree = 371.17 MB, solutions = 3)
   5144  4249      270.0000   285     1031.0000      269.0000  1255039   73.91%
   5157  4262      273.0000   326     1031.0000      269.0000  1258473   73.91%
   5173  4278      275.0000   319     1031.0000      269.0000  1262345   73.91%
   5183  4288      275.0000   310     1031.0000      269.0000  1265545   73.91%
   5201  4306      277.0000   310     1031.0000      269.0000  1267730   73.91%
   5225  4330      277.0000   270     1031.0000      269.0000  1270167   73.91%
   5248  4353      277.0000   270     1031.0000      269.0000  1273884   73.91%
   5266  4371      277.0000   274     1031.0000      269.0000  1278009   73.91%
   5282  4387      277.0000   267     1031.0000      269.0000  1283385   73.91%
   5306  4411      278.0000   244     1031.0000      269.0000  1285105   73.91%
Elapsed time = 1702.88 sec. (2183910.01 ticks, tree = 381.49 MB, solutions = 3)
   5336  4440      270.4957   263     1031.0000      269.0000  1289443   73.91%
   5341  4445      271.1788   253     1031.0000      269.0000  1292963   73.91%
   5345  4449      272.0000   378     1031.0000      269.0000  1296287   73.91%
   5352  4456      273.0000   247     1031.0000      269.0000  1300014   73.91%
   5362  4466      273.0000   302     1031.0000      269.0000  1304342   73.91%
   5374  4478      274.0000   327     1031.0000      269.0000  1308299   73.91%
   5384  4488      274.0000   279     1031.0000      269.0000  1311058   73.91%
   5397  4501      274.0000   280     1031.0000      269.0000  1314639   73.91%
   5409  4513      275.0547   285     1031.0000      269.0000  1319154   73.91%
   5419  4522      274.6162   283     1031.0000      269.0000  1322193   73.91%
Elapsed time = 1737.73 sec. (2229447.71 ticks, tree = 388.27 MB, solutions = 3)
   5430  4533      275.1894   255     1031.0000      269.0000  1325593   73.91%
   5436  4539      274.0000   277     1031.0000      269.0000  1327381   73.91%
   5447  4549      274.0000   328     1031.0000      269.0000  1330304   73.91%
   5457  4558      275.1979   260     1031.0000      269.0000  1333570   73.91%
   5471  4572      274.0000   270     1031.0000      269.0000  1336739   73.91%
   5481  4582      274.0000   269     1031.0000      269.0000  1340441   73.91%
   5494  4595      274.0000   243     1031.0000      269.0000  1344389   73.91%
   5508  4609      274.0000   284     1031.0000      269.0000  1348735   73.91%
   5521  4622      274.0000   221     1031.0000      269.0000  1353289   73.91%
   5531  4632      274.0000   216     1031.0000      269.0000  1358559   73.91%
Elapsed time = 1776.81 sec. (2279221.34 ticks, tree = 395.13 MB, solutions = 3)
   5536  4637      271.0244   323     1031.0000      269.0000  1362706   73.91%
   5544  4645      274.0000   383     1031.0000      269.0000  1365280   73.91%
   5551  4652      285.1945   256     1031.0000      269.0000  1368990   73.91%
   5563  4664      290.0000   236     1031.0000      269.0000  1373201   73.91%
   5573  4672      300.8739   327     1031.0000      269.0000  1377701   73.91%
   5584  4682      305.0000   300     1031.0000      269.0000  1381117   73.91%
   5599  4697      306.0000   318     1031.0000      269.0000  1384840   73.91%
   5623  4721      306.0000   332     1031.0000      269.0000  1386857   73.91%
   5644  4742      315.0000   331     1031.0000      269.0000  1389566   73.91%
   5670  4768      316.0000   284     1031.0000      269.0000  1392664   73.91%
Elapsed time = 1814.77 sec. (2324153.36 ticks, tree = 404.15 MB, solutions = 3)
   5685  4783      317.0000   296     1031.0000      269.0000  1395279   73.91%
   5717  4815      318.0000   243     1031.0000      269.0000  1398825   73.91%
   5736  4833      271.2524   272     1031.0000      269.0000  1403369   73.91%
   5746  4843      275.2865   256     1031.0000      269.0000  1406821   73.91%
   5754  4851      276.2514   312     1031.0000      269.0000  1410940   73.91%
   5763  4859      278.1193   414     1031.0000      269.0000  1414821   73.91%
   5777  4873      279.0000   319     1031.0000      269.0000  1417205   73.91%
   5797  4893      279.0000   308     1031.0000      269.0000  1420437   73.91%
   5823  4919      280.0000   279     1031.0000      269.0000  1422703   73.91%
   5844  4938      285.0000   249     1031.0000      269.0000  1425470   73.91%
Elapsed time = 1854.58 sec. (2368695.82 ticks, tree = 415.77 MB, solutions = 3)
   5865  4959      286.0000   246     1031.0000      269.0000  1427947   73.91%
   5892  4986      286.0000   247     1031.0000      269.0000  1431390   73.91%
   5920  5014      286.0000   251     1031.0000      269.0000  1434566   73.91%
   5936  5029      269.5211   267     1031.0000      269.0000  1448649   73.91%
   5944  5037      271.0000   432     1031.0000      269.0000  1450790   73.91%
   5955  5048      271.0000   336     1031.0000      269.0000  1453870   73.91%
   5969  5062      273.0000   341     1031.0000      269.0000  1457280   73.91%
   5978  5071      276.0000   305     1031.0000      269.0000  1459858   73.91%
   5990  5083      276.0000   259     1031.0000      269.0000  1463822   73.91%
   6008  5101      277.0000   293     1031.0000      269.0000  1468048   73.91%
Elapsed time = 1895.37 sec. (2425486.73 ticks, tree = 424.92 MB, solutions = 3)
   6023  5116      278.0000   243     1031.0000      269.0000  1472968   73.91%
   6031  5123      279.3280   271     1031.0000      269.0000  1475925   73.91%
   6044  5136      280.0000   248     1031.0000      269.0000  1478318   73.91%
   6051  5142      280.0794   261     1031.0000      269.0000  1483655   73.91%
   6069  5160      281.0000   229     1031.0000      269.0000  1486500   73.91%
   6097  5188      281.0000   284     1031.0000      269.0000  1489782   73.91%
   6123  5214      281.0000   231     1031.0000      269.0000  1492133   73.91%
*  6134+ 5223                         1004.0000      269.0000            73.21%
   6136  5227      269.0000   363     1004.0000      269.0000  1502213   73.21%
   6137  5228      269.0000   356     1004.0000      269.0000  1502223   73.21%
   6144  5235      270.0000   300     1004.0000      269.0000  1505107   73.21%
Elapsed time = 1939.99 sec. (2484108.94 ticks, tree = 433.76 MB, solutions = 4)
   6156  5246      271.0365   279     1004.0000      269.0000  1508054   73.21%
   6163  5253      274.0758   273     1004.0000      269.0000  1511040   73.21%
   6170  5260      275.0000   306     1004.0000      269.0000  1513828   73.21%
   6179  5269      275.0000   287     1004.0000      269.0000  1518259   73.21%
   6189  5278      276.0000   264     1004.0000      269.0000  1520712   73.21%
   6201  5289      287.5000   207     1004.0000      269.0000  1523564   73.21%
   6215  5303      288.0000   278     1004.0000      269.0000  1526243   73.21%
   6237  5325      288.0000   211     1004.0000      269.0000  1529729   73.21%
   6250  5337      288.0000   203     1004.0000      269.0000  1533175   73.21%
   6268  5354      289.0000   200     1004.0000      269.0000  1535615   73.21%
Elapsed time = 1975.67 sec. (2528068.54 ticks, tree = 442.55 MB, solutions = 4)
   6284  5370      289.0000   226     1004.0000      269.0000  1539258   73.21%
   6293  5377      291.0000   164     1004.0000      269.0000  1543122   73.21%
   6300  5383      304.0000   189     1004.0000      269.0000  1546473   73.21%
   6311  5391      312.1387   181     1004.0000      269.0000  1549340   73.21%
   6320  5398      315.0000   195     1004.0000      269.0000  1552796   73.21%
   6334  5411      316.0000   204     1004.0000      269.0000  1554616   73.21%
   6339  5415      271.4697   305     1004.0000      269.0000  1557031   73.21%
   6348  5423      273.0000   302     1004.0000      269.0000  1559841   73.21%
   6356  5428      275.2818   252     1004.0000      269.0000  1562770   73.21%
   6363  5431      277.0000   312     1004.0000      269.0000  1565474   73.21%
Elapsed time = 2017.19 sec. (2578535.97 ticks, tree = 449.68 MB, solutions = 4)
   6370  5436      278.1503   306     1004.0000      269.0000  1568715   73.21%
   6377  5441      278.0000   308     1004.0000      269.0000  1571350   73.21%
   6386  5450      278.0000   282     1004.0000      269.0000  1574249   73.21%
   6394  5456      278.3351   277     1004.0000      269.0000  1577761   73.21%
   6400  5461      278.0000   281     1004.0000      269.0000  1581018   73.21%
   6412  5472      281.0000   270     1004.0000      269.0000  1583619   73.21%
   6418  5476      285.4454   231     1004.0000      269.0000  1586652   73.21%
   6430  5486      287.0000   282     1004.0000      269.0000  1589289   73.21%
   6436  5489      288.4873   252     1004.0000      269.0000  1592942   73.21%
   6448  5500      288.5014   254     1004.0000      269.0000  1595862   73.21%
Elapsed time = 2053.03 sec. (2620757.76 ticks, tree = 457.61 MB, solutions = 4)
   6460  5511      288.0000   292     1004.0000      269.0000  1598494   73.21%
   6473  5519      290.0208   261     1004.0000      269.0000  1601721   73.21%
   6482  5527      289.0000   256     1004.0000      269.0000  1604203   73.21%
   6493  5536      290.1593   249     1004.0000      269.0000  1607407   73.21%
   6500  5542      290.4988   241     1004.0000      269.0000  1610871   73.21%
   6511  5550      293.0000   245     1004.0000      269.0000  1612983   73.21%
   6526  5564      293.0000   251     1004.0000      269.0000  1615363   73.21%
   6534  5571      293.0000   261     1004.0000      269.0000  1617645   73.21%
   6536  5572      269.8733   198     1004.0000      269.0000  1620040   73.21%
   6543  5577      281.0000   328     1004.0000      269.0000  1623033   73.21%
Elapsed time = 2089.42 sec. (2664252.75 ticks, tree = 465.84 MB, solutions = 4)
   6550  5584      281.0000   272     1004.0000      269.0000  1625366   73.21%
   6560  5594      282.0000   185     1004.0000      269.0000  1628557   73.21%
   6568  5601      290.0000   195     1004.0000      269.0000  1632374   73.21%
   6575  5607      290.2488   190     1004.0000      269.0000  1636283   73.21%
   6590  5621      292.0000   221     1004.0000      269.0000  1638657   73.21%
   6602  5633      292.0000   254     1004.0000      269.0000  1640871   73.21%
   6612  5643      292.0000   256     1004.0000      269.0000  1644072   73.21%
   6626  5656      292.1401   203     1004.0000      269.0000  1648065   73.21%
   6639  5668      306.5742   240     1004.0000      269.0000  1651436   73.21%
   6648  5677      307.0000   258     1004.0000      269.0000  1653594   73.21%
Elapsed time = 2126.09 sec. (2706051.63 ticks, tree = 476.81 MB, solutions = 4)
   6663  5692      307.0000   303     1004.0000      269.0000  1655722   73.21%
   6680  5708      308.0000   244     1004.0000      269.0000  1657245   73.21%
   6692  5720      308.0000   261     1004.0000      269.0000  1659186   73.21%
   6711  5739      308.0000   241     1004.0000      269.0000  1661444   73.21%
   6721  5749      308.0000   254     1004.0000      269.0000  1663930   73.21%
   6736  5763      270.8810   293     1004.0000      269.0000  1667325   73.21%
   6746  5771      272.3868   397     1004.0000      269.0000  1669517   73.21%
   6754  5779      275.0000   325     1004.0000      269.0000  1671548   73.21%
   6762  5785      276.7516   299     1004.0000      269.0000  1673855   73.21%
   6773  5793      281.0000   359     1004.0000      269.0000  1675975   73.21%
Elapsed time = 2168.10 sec. (2750651.91 ticks, tree = 489.82 MB, solutions = 4)
   6779  5798      282.0000   221     1004.0000      269.0000  1679151   73.21%
   6786  5805      282.0588   246     1004.0000      269.0000  1683376   73.21%
   6795  5814      283.0000   241     1004.0000      269.0000  1684472   73.21%
   6807  5826      283.0000   269     1004.0000      269.0000  1686828   73.21%
   6820  5839      283.0000   292     1004.0000      269.0000  1689950   73.21%
   6833  5852      284.0000   237     1004.0000      269.0000  1693855   73.21%
   6844  5863      284.0000   223     1004.0000      269.0000  1696767   73.21%
   6861  5879      284.0669   229     1004.0000      269.0000  1699925   73.21%
   6876  5894      285.0000   242     1004.0000      269.0000  1702375   73.21%
   6890  5908      285.0000   249     1004.0000      269.0000  1704180   73.21%
Elapsed time = 2204.95 sec. (2791889.64 ticks, tree = 501.93 MB, solutions = 4)
   6907  5925      285.0000   263     1004.0000      269.0000  1706249   73.21%
   6925  5943      285.0000   271     1004.0000      269.0000  1709391   73.21%
   6936  5953      271.8618   261     1004.0000      269.0000  1712013   73.21%
   6944  5960      273.0000   281     1004.0000      269.0000  1715017   73.21%
   6953  5968      274.0000   251     1004.0000      269.0000  1717446   73.21%
   6961  5975      550.1596   328     1004.0000      269.0000  1720175   73.21%
   6969  5983      551.0000   378     1004.0000      269.0000  1720609   73.21%
   6977  5991      551.0000   372     1004.0000      269.0000  1721032   73.21%
   6986  6000      551.0000   379     1004.0000      269.0000  1721442   73.21%
   7000  6014      551.0000   346     1004.0000      269.0000  1722023   73.21%
Elapsed time = 2244.16 sec. (2836369.14 ticks, tree = 513.26 MB, solutions = 4)
   7015  6029      551.0000   327     1004.0000      269.0000  1722551   73.21%
   7037  6051      551.0000   334     1004.0000      269.0000  1723035   73.21%
   7043  6057      551.0000   279     1004.0000      269.0000  1724475   73.21%
   7063  6077      551.0000   269     1004.0000      269.0000  1725297   73.21%
   7078  6092      551.0000   291     1004.0000      269.0000  1725988   73.21%
   7091  6104      552.0000   260     1004.0000      269.0000  1727311   73.21%
   7114  6125      554.0000   264     1004.0000      269.0000  1728205   73.21%
   7131  6142      554.0000   243     1004.0000      269.0000  1729756   73.21%
   7136  6146      271.6452   365     1004.0000      269.0000  1732200   73.21%
   7147  6157      283.6143   404     1004.0000      269.0000  1736936   73.21%
Elapsed time = 2279.93 sec. (2879413.58 ticks, tree = 529.62 MB, solutions = 4)
   7162  6172      286.0000   356     1004.0000      269.0000  1739282   73.21%
   7184  6194      286.0000   350     1004.0000      269.0000  1741610   73.21%
   7204  6214      286.0000   309     1004.0000      269.0000  1744665   73.21%
   7224  6234      286.0000   329     1004.0000      269.0000  1748130   73.21%
   7237  6247      286.0000   239     1004.0000      269.0000  1752212   73.21%
   7248  6258      287.0000   257     1004.0000      269.0000  1755388   73.21%
   7259  6269      287.0000   281     1004.0000      269.0000  1757548   73.21%
   7272  6282      287.0000   299     1004.0000      269.0000  1761539   73.21%
   7292  6302      287.0000   334     1004.0000      269.0000  1764983   73.21%
   7312  6322      288.0000   317     1004.0000      269.0000  1768038   73.21%
Elapsed time = 2313.36 sec. (2920304.38 ticks, tree = 539.28 MB, solutions = 4)
   7328  6338      288.0000   305     1004.0000      269.0000  1769916   73.21%
   7334  6344      288.0000   283     1004.0000      269.0000  1770508   73.21%
   7336  6346      271.3500   222     1004.0000      269.0000  1772600   73.21%
   7345  6355      275.0000   298     1004.0000      269.0000  1776432   73.21%
   7353  6363      276.0000   264     1004.0000      269.0000  1780019   73.21%
   7360  6370      276.0000   259     1004.0000      269.0000  1783525   73.21%
   7366  6376      277.0000   268     1004.0000      269.0000  1787249   73.21%
   7380  6389      317.2447   240     1004.0000      269.0000  1791114   73.21%
   7398  6407      293.0073   281     1004.0000      269.0000  1795251   73.21%
   7412  6421      294.0000   285     1004.0000      269.0000  1799083   73.21%
Elapsed time = 2347.42 sec. (2962249.85 ticks, tree = 546.57 MB, solutions = 4)
   7438  6447      296.1663   281     1004.0000      269.0000  1803278   73.21%
   7455  6464      295.0092   270     1004.0000      269.0000  1807298   73.21%
   7472  6480      296.0000   283     1004.0000      269.0000  1810070   73.21%
   7480  6488      296.0000   312     1004.0000      269.0000  1811044   73.21%
   7494  6500      299.1341   244     1004.0000      269.0000  1813532   73.21%
   7510  6514      296.0000   270     1004.0000      269.0000  1816546   73.21%
   7526  6528      297.0000   276     1004.0000      269.0000  1819741   73.21%
   7534  6535      297.0000   261     1004.0000      269.0000  1820775   73.21%
   7536  6537      269.0000   336     1004.0000      269.0000  1827445   73.21%
   7543  6543      270.0334   307     1004.0000      269.0000  1830804   73.21%
Elapsed time = 2423.82 sec. (3067891.66 ticks, tree = 555.25 MB, solutions = 4)
   7548  6547      271.0000   294     1004.0000      269.0000  1833415   73.21%
   7554  6553      272.0000   254     1004.0000      269.0000  1836919   73.21%
   7561  6560      272.0000   287     1004.0000      269.0000  1840860   73.21%
   7568  6567      272.0000   329     1004.0000      269.0000  1843736   73.21%
   7582  6581      273.0000   313     1004.0000      269.0000  1845999   73.21%
   7590  6589      273.0000   256     1004.0000      269.0000  1849275   73.21%
   7603  6602      274.0000   284     1004.0000      269.0000  1852506   73.21%
   7614  6613      274.0000   270     1004.0000      269.0000  1853867   73.21%
   7622  6621      274.0000   235     1004.0000      269.0000  1856139   73.21%
   7636  6635      274.0000   236     1004.0000      269.0000  1857799   73.21%
Elapsed time = 2458.93 sec. (3109439.02 ticks, tree = 563.64 MB, solutions = 4)
   7650  6649      274.0000   268     1004.0000      269.0000  1860494   73.21%
   7665  6664      274.0000   256     1004.0000      269.0000  1864243   73.21%
   7671  6670      274.0000   285     1004.0000      269.0000  1868636   73.21%
   7678  6676      275.0000   277     1004.0000      269.0000  1871968   73.21%
   7683  6679      276.2729   276     1004.0000      269.0000  1874784   73.21%
   7695  6689      278.1853   243     1004.0000      269.0000  1878363   73.21%
   7707  6700      280.0000   251     1004.0000      269.0000  1881889   73.21%
   7720  6713      281.0000   259     1004.0000      269.0000  1884709   73.21%
   7735  6727      283.0000   271     1004.0000      269.0000  1887534   73.21%
   7741  6732      271.0000   279     1004.0000      269.0000  1889192   73.21%
Elapsed time = 2495.47 sec. (3150412.48 ticks, tree = 571.79 MB, solutions = 4)
   7750  6740      273.0000   374     1004.0000      269.0000  1892182   73.21%
   7757  6745      277.0872   352     1004.0000      269.0000  1894708   73.21%
   7764  6752      278.0000   293     1004.0000      269.0000  1896687   73.21%
   7770  6757      279.0000   323     1004.0000      269.0000  1899147   73.21%
   7777  6763      281.0000   286     1004.0000      269.0000  1901739   73.21%
   7787  6770      284.0000   288     1004.0000      269.0000  1904817   73.21%
   7800  6783      286.0000   332     1004.0000      269.0000  1907517   73.21%
   7809  6789      291.0000   251     1004.0000      269.0000  1910940   73.21%
   7816  6794      295.9443   279     1004.0000      269.0000  1913648   73.21%
   7826  6801      301.0000   266     1004.0000      269.0000  1916113   73.21%
Elapsed time = 2530.96 sec. (3192037.96 ticks, tree = 577.64 MB, solutions = 4)
   7837  6811      301.1266   277     1004.0000      269.0000  1918663   73.21%
   7847  6820      303.0000   260     1004.0000      269.0000  1921641   73.21%
   7858  6830      304.0000   261     1004.0000      269.0000  1923619   73.21%
   7868  6838      307.0000   271     1004.0000      269.0000  1926855   73.21%
   7874  6844      307.0000   261     1004.0000      269.0000  1929588   73.21%
   7882  6849      310.0000   273     1004.0000      269.0000  1932518   73.21%
   7895  6860      313.0000   265     1004.0000      269.0000  1934908   73.21%
   7907  6870      315.0000   261     1004.0000      269.0000  1937322   73.21%
   7918  6880      319.0000   320     1004.0000      269.0000  1939995   73.21%
   7928  6888      326.4148   286     1004.0000      269.0000  1945670   73.21%
Elapsed time = 2572.50 sec. (3236788.04 ticks, tree = 586.46 MB, solutions = 4)
   7936  6895      271.0973   239     1004.0000      269.0000  1948350   73.21%
   7944  6902      273.0000   281     1004.0000      269.0000  1951147   73.21%
   7954  6912      274.0000   339     1004.0000      269.0000  1954080   73.21%
   7966  6924      274.0778   347     1004.0000      269.0000  1956776   73.21%
   7974  6930      287.0493   304     1004.0000      269.0000  1958919   73.21%
   7984  6940      288.0000   311     1004.0000      269.0000  1961279   73.21%
   7994  6949      288.0257   306     1004.0000      269.0000  1964304   73.21%
   8004  6958      292.6348   287     1004.0000      269.0000  1967872   73.21%
   8012  6966      293.0000   341     1004.0000      269.0000  1970180   73.21%
   8022  6976      294.0000   315     1004.0000      269.0000  1971710   73.21%
Elapsed time = 2609.04 sec. (3280219.53 ticks, tree = 594.51 MB, solutions = 4)
   8032  6986      294.0000   288     1004.0000      269.0000  1973887   73.21%
   8042  6996      294.0000   289     1004.0000      269.0000  1976525   73.21%
   8057  7011      294.0000   300     1004.0000      269.0000  1978935   73.21%
   8068  7020      297.4242   248     1004.0000      269.0000  1982724   73.21%
   8080  7032      298.0000   282     1004.0000      269.0000  1985250   73.21%
   8090  7041      299.0000   282     1004.0000      269.0000  1987859   73.21%
   8101  7051      301.0000   298     1004.0000      269.0000  1990281   73.21%
   8115  7064      304.0000   295     1004.0000      269.0000  1992177   73.21%
   8129  7078      304.0000   275     1004.0000      269.0000  1997599   73.21%
   8134  7083      304.0000   295     1004.0000      269.0000  1998899   73.21%
Elapsed time = 2650.33 sec. (3325294.25 ticks, tree = 605.19 MB, solutions = 4)
   8136  7084      269.5987   344     1004.0000      269.0000  2005953   73.21%
   8137  7085      270.0000   344     1004.0000      269.0000  2005957   73.21%
   8145  7092      271.0000   339     1004.0000      269.0000  2007143   73.21%
   8153  7099      272.0000   309     1004.0000      269.0000  2010039   73.21%
   8161  7106      274.0000   331     1004.0000      269.0000  2012385   73.21%
   8166  7109      286.6976   352     1004.0000      269.0000  2016372   73.21%
   8179  7122      288.0000   354     1004.0000      269.0000  2018717   73.21%
   8190  7133      288.0000   371     1004.0000      269.0000  2021380   73.21%
   8202  7145      288.0000   297     1004.0000      269.0000  2024401   73.21%
   8212  7155      289.0000   311     1004.0000      269.0000  2027418   73.21%
Elapsed time = 2691.83 sec. (3378017.55 ticks, tree = 611.84 MB, solutions = 4)
   8228  7170      289.4034   302     1004.0000      269.0000  2030616   73.21%
   8239  7180      294.0684   262     1004.0000      269.0000  2033485   73.21%
   8255  7196      295.0000   312     1004.0000      269.0000  2035174   73.21%
   8270  7210      296.0000   250     1004.0000      269.0000  2038116   73.21%
   8278  7217      302.7504   259     1004.0000      269.0000  2042092   73.21%
   8289  7227      304.0000   261     1004.0000      269.0000  2045418   73.21%
   8297  7233      306.0000   284     1004.0000      269.0000  2047983   73.21%
   8307  7243      307.0000   220     1004.0000      269.0000  2051580   73.21%
   8322  7257      308.0000   243     1004.0000      269.0000  2054060   73.21%
   8336  7271      269.0000   381     1004.0000      269.0000  2066040   73.21%
Elapsed time = 2753.70 sec. (3451729.22 ticks, tree = 624.56 MB, solutions = 4)
   8340  7274      270.0000   338     1004.0000      269.0000  2067545   73.21%
   8347  7281      276.3860   358     1004.0000      269.0000  2071090   73.21%
   8353  7286      271.0000   363     1004.0000      269.0000  2073855   73.21%
   8359  7291      272.9925   255     1004.0000      269.0000  2076073   73.21%
   8366  7297      271.0000   356     1004.0000      269.0000  2078861   73.21%
   8373  7301      276.3617   244     1004.0000      269.0000  2081157   73.21%
   8379  7305      277.4521   258     1004.0000      269.0000  2084630   73.21%
   8386  7309      278.1510   288     1004.0000      269.0000  2087738   73.21%
   8396  7317      280.0000   264     1004.0000      269.0000  2090912   73.21%
   8404  7322      281.0825   218     1004.0000      269.0000  2094272   73.21%
Elapsed time = 2791.59 sec. (3497583.21 ticks, tree = 630.45 MB, solutions = 4)
   8410  7328      281.0000   251     1004.0000      269.0000  2096613   73.21%
   8417  7334      282.0000   281     1004.0000      269.0000  2100095   73.21%
   8428  7344      283.0000   249     1004.0000      269.0000  2102771   73.21%
   8440  7353      284.3651   266     1004.0000      269.0000  2105466   73.21%
   8454  7366      283.0000   238     1004.0000      269.0000  2107939   73.21%
   8461  7370      283.0000   267     1004.0000      269.0000  2111893   73.21%
   8471  7377      283.0000   296     1004.0000      269.0000  2114531   73.21%
   8478  7379      290.3597   212     1004.0000      269.0000  2118149   73.21%
   8484  7384      294.4793   199     1004.0000      269.0000  2122180   73.21%
   8494  7392      292.0000   244     1004.0000      269.0000  2125238   73.21%
Elapsed time = 2829.80 sec. (3538965.16 ticks, tree = 638.58 MB, solutions = 4)
   8508  7404      292.0000   228     1004.0000      269.0000  2128746   73.21%
   8516  7410      294.6329   219     1004.0000      269.0000  2132818   73.21%
   8525  7418      293.0000   227     1004.0000      269.0000  2142544   73.21%
   8536  7427      270.5171   301     1004.0000      269.0000  2146459   73.21%
   8546  7436      281.7860   308     1004.0000      269.0000  2148878   73.21%
   8551  7439      284.2038   380     1004.0000      269.0000  2151018   73.21%
   8561  7448      289.0000   345     1004.0000      269.0000  2154213   73.21%
   8569  7455      290.0211   299     1004.0000      269.0000  2157344   73.21%
   8580  7466      291.0000   303     1004.0000      269.0000  2160267   73.21%
   8593  7479      292.0000   348     1004.0000      269.0000  2163491   73.21%
Elapsed time = 2870.59 sec. (3585924.84 ticks, tree = 647.29 MB, solutions = 4)
   8601  7486      292.0302   260     1004.0000      269.0000  2166465   73.21%
   8613  7498      293.0000   284     1004.0000      269.0000  2168789   73.21%
   8626  7510      295.0000   298     1004.0000      269.0000  2171954   73.21%
   8640  7524      296.0146   206     1004.0000      269.0000  2175085   73.21%
   8650  7533      298.0000   246     1004.0000      269.0000  2177483   73.21%
   8664  7544      302.4383   196     1004.0000      269.0000  2179844   73.21%
   8678  7558      303.0000   288     1004.0000      269.0000  2182640   73.21%
   8699  7579      303.0000   188     1004.0000      269.0000  2186630   73.21%
   8716  7596      304.0000   227     1004.0000      269.0000  2189565   73.21%
   8736  7615      269.3722   236     1004.0000      269.0000  2193268   73.21%
Elapsed time = 2912.77 sec. (3630609.19 ticks, tree = 659.59 MB, solutions = 4)
   8739  7618      271.0000   234     1004.0000      269.0000  2194537   73.21%
   8746  7623      273.0000   349     1004.0000      269.0000  2197002   73.21%
   8754  7630      274.0000   265     1004.0000      269.0000  2199776   73.21%
   8760  7635      275.0706   264     1004.0000      269.0000  2203169   73.21%
   8768  7643      276.0000   260     1004.0000      269.0000  2204726   73.21%
   8776  7649      277.0019   302     1004.0000      269.0000  2207535   73.21%
   8784  7657      278.0000   291     1004.0000      269.0000  2209364   73.21%
   8790  7662      281.0805   283     1004.0000      269.0000  2212223   73.21%
   8801  7673      282.0000   360     1004.0000      269.0000  2214394   73.21%
   8809  7681      282.0000   348     1004.0000      269.0000  2216117   73.21%
Elapsed time = 2952.25 sec. (3681507.88 ticks, tree = 666.11 MB, solutions = 4)
   8817  7689      282.0000   395     1004.0000      269.0000  2218166   73.21%
   8827  7697      284.0000   296     1004.0000      269.0000  2220152   73.21%
   8838  7707      285.0000   293     1004.0000      269.0000  2222021   73.21%
   8850  7718      286.0000   339     1004.0000      269.0000  2224186   73.21%
   8863  7731      286.0000   298     1004.0000      269.0000  2225888   73.21%
   8886  7754      286.0000   281     1004.0000      269.0000  2228212   73.21%
   8902  7770      286.0000   285     1004.0000      269.0000  2231382   73.21%
   8913  7781      287.0000   301     1004.0000      269.0000  2233438   73.21%
   8931  7799      287.0000   250     1004.0000      269.0000  2235351   73.21%
   8936  7804      270.4542   225     1004.0000      269.0000  2237508   73.21%
Elapsed time = 2988.99 sec. (3722456.07 ticks, tree = 678.45 MB, solutions = 4)
   8948  7816      274.0000   304     1004.0000      269.0000  2241182   73.21%
   8954  7822      275.0000   301     1004.0000      269.0000  2244037   73.21%
   8961  7829      276.0000   296     1004.0000      269.0000  2247814   73.21%
   8969  7837      277.0000   327     1004.0000      269.0000  2250095   73.21%
   8978  7845      287.2899   303     1004.0000      269.0000  2252728   73.21%
   8985  7851      288.7964   220     1004.0000      269.0000  2254524   73.21%
   8995  7860      291.0000   277     1004.0000      269.0000  2256860   73.21%
   9000  7864      292.0000   290     1004.0000      269.0000  2258980   73.21%
   9008  7872      292.0000   270     1004.0000      269.0000  2261620   73.21%
   9015  7877      293.1885   246     1004.0000      269.0000  2265339   73.21%
Elapsed time = 3021.41 sec. (3763458.04 ticks, tree = 685.40 MB, solutions = 4)
   9026  7888      294.0000   223     1004.0000      269.0000  2267761   73.21%
   9032  7894      294.0000   262     1004.0000      269.0000  2272456   73.21%
   9040  7901      295.0000   253     1004.0000      269.0000  2274031   73.21%
   9048  7909      295.0000   212     1004.0000      269.0000  2276484   73.21%
   9069  7930      295.0000   245     1004.0000      269.0000  2279066   73.21%
   9090  7950      296.0000   243     1004.0000      269.0000  2281914   73.21%
   9114  7974      296.0000   260     1004.0000      269.0000  2284732   73.21%
   9136  7995      270.7574   279     1004.0000      269.0000  2296335   73.21%
   9137  7996      271.0000   278     1004.0000      269.0000  2296336   73.21%
   9144  8003      274.0000   306     1004.0000      269.0000  2298853   73.21%
Elapsed time = 3066.42 sec. (3816462.82 ticks, tree = 696.97 MB, solutions = 4)
   9152  8009      277.0000   367     1004.0000      269.0000  2301130   73.21%
   9161  8018      278.0000   291     1004.0000      269.0000  2303556   73.21%
   9173  8030      278.0000   339     1004.0000      269.0000  2306202   73.21%
   9183  8040      279.0000   300     1004.0000      269.0000  2308388   73.21%
   9192  8049      291.0000   260     1004.0000      269.0000  2311934   73.21%
   9204  8061      291.0000   297     1004.0000      269.0000  2314210   73.21%
   9208  8064      516.0000   321     1004.0000      269.0000  2315804   73.21%
   9216  8072      516.0000   339     1004.0000      269.0000  2316159   73.21%
   9224  8077      529.0000   338     1004.0000      269.0000  2316839   73.21%
   9232  8085      529.0000   319     1004.0000      269.0000  2317436   73.21%
Elapsed time = 3104.93 sec. (3859373.46 ticks, tree = 706.53 MB, solutions = 4)
   9239  8092      529.0000   331     1004.0000      269.0000  2317937   73.21%
   9252  8101      570.0000   309     1004.0000      269.0000  2319239   73.21%
   9267  8116      570.0000   276     1004.0000      269.0000  2319986   73.21%
   9291  8140      570.0000   282     1004.0000      269.0000  2320853   73.21%
   9310  8159      570.0000   292     1004.0000      269.0000  2321445   73.21%
   9334  8183      570.0000   270     1004.0000      269.0000  2322165   73.21%
   9337  8185      271.0000   309     1004.0000      269.0000  2324668   73.21%
   9343  8191      276.0981   268     1004.0000      269.0000  2328618   73.21%
   9355  8203      277.0328   244     1004.0000      269.0000  2332551   73.21%
   9362  8210      278.1333   236     1004.0000      269.0000  2336518   73.21%
Elapsed time = 3146.02 sec. (3905525.87 ticks, tree = 719.26 MB, solutions = 4)
   9368  8216      278.5617   337     1004.0000      269.0000  2340815   73.21%
   9377  8225      279.9629   207     1004.0000      269.0000  2344464   73.21%
   9385  8233      281.0000   308     1004.0000      269.0000  2347300   73.21%
   9396  8244      281.0000   232     1004.0000      269.0000  2350829   73.21%
   9410  8258      281.1686   283     1004.0000      269.0000  2355313   73.21%
   9419  8267      281.3718   216     1004.0000      269.0000  2359916   73.21%
   9433  8280      284.0635   242     1004.0000      269.0000  2363369   73.21%
   9442  8287      283.0389   255     1004.0000      269.0000  2370003   73.21%
   9458  8303      284.0000   269     1004.0000      269.0000  2373868   73.21%
   9472  8317      286.5561   227     1004.0000      269.0000  2378552   73.21%
Elapsed time = 3180.27 sec. (3950165.74 ticks, tree = 724.68 MB, solutions = 4)
   9482  8325      287.0137   236     1004.0000      269.0000  2381470   73.21%
   9491  8332      288.0000   272     1004.0000      269.0000  2383937   73.21%
   9511  8350      290.0314   216     1004.0000      269.0000  2386970   73.21%
   9526  8363      288.0000   281     1004.0000      269.0000  2390083   73.21%
   9536  8370      269.0000   398     1004.0000      269.0000  2399914   73.21%
   9542  8375      270.0230   324     1004.0000      269.0000  2402625   73.21%
   9548  8380      272.0309   362     1004.0000      269.0000  2404728   73.21%
   9556  8386      275.0000   378     1004.0000      269.0000  2406932   73.21%
   9563  8392      276.0000   335     1004.0000      269.0000  2408834   73.21%
   9572  8399      280.0046   255     1004.0000      269.0000  2411306   73.21%
Elapsed time = 3225.21 sec. (4006827.64 ticks, tree = 732.82 MB, solutions = 4)
   9580  8407      281.0000   248     1004.0000      269.0000  2413767   73.21%
   9590  8417      281.0000   331     1004.0000      269.0000  2415722   73.21%
   9601  8427      281.0995   340     1004.0000      269.0000  2418105   73.21%
   9612  8438      282.0000   353     1004.0000      269.0000  2419293   73.21%
   9623  8449      282.0000   344     1004.0000      269.0000  2420747   73.21%
   9634  8457      290.8763   308     1004.0000      269.0000  2423335   73.21%
   9648  8471      292.0000   344     1004.0000      269.0000  2425222   73.21%
   9662  8485      292.0000   382     1004.0000      269.0000  2426509   73.21%
   9677  8499      295.0000   349     1004.0000      269.0000  2428118   73.21%
   9691  8511      300.1809   255     1004.0000      269.0000  2429812   73.21%
Elapsed time = 3262.55 sec. (4047478.73 ticks, tree = 744.46 MB, solutions = 4)
   9707  8524      304.0000   282     1004.0000      269.0000  2430794   73.21%
   9721  8538      304.0000   281     1004.0000      269.0000  2431831   73.21%
   9734  8551      304.0000   294     1004.0000      269.0000  2432832   73.21%
   9736  8552      269.0625   273     1004.0000      269.0000  2440842   73.21%
   9749  8565      273.0000   322     1004.0000      269.0000  2444127   73.21%
   9763  8579      274.0000   299     1004.0000      269.0000  2447189   73.21%
   9774  8590      275.0000   286     1004.0000      269.0000  2449634   73.21%
   9785  8601      275.0000   281     1004.0000      269.0000  2453424   73.21%
   9794  8609      286.5816   356     1004.0000      269.0000  2457624   73.21%
   9805  8617      290.0440   288     1004.0000      269.0000  2460885   73.21%
Elapsed time = 3495.86 sec. (4354283.77 ticks, tree = 754.51 MB, solutions = 4)
   9815  8625      293.0000   253     1004.0000      269.0000  2463900   73.21%
   9822  8632      293.0000   265     1004.0000      269.0000  2466238   73.21%
   9834  8644      293.0000   246     1004.0000      269.0000  2467925   73.21%
   9850  8660      293.0000   273     1004.0000      269.0000  2470459   73.21%
   9866  8676      293.0000   234     1004.0000      269.0000  2474699   73.21%
   9884  8693      294.0000   277     1004.0000      269.0000  2477258   73.21%
   9905  8714      294.0000   252     1004.0000      269.0000  2479993   73.21%
   9921  8729      296.0000   222     1004.0000      269.0000  2482343   73.21%
   9931  8739      297.0000   259     1004.0000      269.0000  2486421   73.21%
   9936  8743      270.2721   315     1004.0000      269.0000  2493423   73.21%
Elapsed time = 3540.05 sec. (4407978.63 ticks, tree = 766.23 MB, solutions = 4)
   9944  8750      272.0000   311     1004.0000      269.0000  2495622   73.21%
   9958  8763      274.0000   304     1004.0000      269.0000  2498351   73.21%
   9969  8774      275.0000   303     1004.0000      269.0000  2500952   73.21%
   9979  8783      277.0000   267     1004.0000      269.0000  2503690   73.21%
   9990  8794      278.0000   354     1004.0000      269.0000  2506395   73.21%
  10003  8807      278.0000   366     1004.0000      269.0000  2508826   73.21%
  10014  8818      279.0921   331     1004.0000      269.0000  2511391   73.21%
  10030  8834      280.0000   334     1004.0000      269.0000  2512946   73.21%
  10038  8841      281.0000   323     1004.0000      269.0000  2514856   73.21%
  10046  8848      282.0000   315     1004.0000      269.0000  2516810   73.21%
Elapsed time = 3574.51 sec. (4449141.81 ticks, tree = 775.61 MB, solutions = 4)
  10059  8861      282.0000   351     1004.0000      269.0000  2518357   73.21%
  10071  8873      282.0000   293     1004.0000      269.0000  2521102   73.21%
  10085  8887      284.0000   290     1004.0000      269.0000  2524154   73.21%
  10094  8896      285.0000   293     1004.0000      269.0000  2528019   73.21%
  10105  8907      286.0000   295     1004.0000      269.0000  2530000   73.21%
  10117  8919      286.0000   259     1004.0000      269.0000  2532986   73.21%
  10132  8933      290.0000   259     1004.0000      269.0000  2535607   73.21%

GUB cover cuts applied:  13
Clique cuts applied:  35
Cover cuts applied:  16
Implied bound cuts applied:  27
Flow cuts applied:  13
Mixed integer rounding cuts applied:  172
Zero-half cuts applied:  210
Gomory fractional cuts applied:  38

Root node processing (before b&c):
  Real time             =   39.40 sec. (62100.76 ticks)
Sequential b&c:
  Real time             = 3560.61 sec. (4416163.91 ticks)
                          ------------
Total (root+branch&cut) = 3600.01 sec. (4478264.67 ticks)

Solution pool: 4 solutions saved.

MIP - Time limit exceeded, integer feasible:  Objective =  1.0040000000e+03
Current MIP best bound =  2.6900000000e+02 (gap = 735, 73.21%)
Solution time = 3600.01 sec.  Iterations = 2535702  Nodes = 10134 (8934)
Deterministic time = 4478264.81 ticks  (1243.96 ticks/sec)

CPLEX> Incumbent solution
Variable Name           Solution Value
y                          1004.000000
x65                           1.000000
x9813                         1.000000
x19634                        1.000000
x29438                        1.000000
x39214                        1.000000
x3565                         1.000000
x10099                        1.000000
x27721                        1.000000
x29899                        1.000000
x44749                        1.000000
x26534                        1.000000
x4062                         1.000000
x10993                        1.000000
x40496                        1.000000
x30003                        1.000000
x30202                        1.000000
x30896                        1.000000
x30105                        1.000000
x209                          1.000000
x11893                        1.000000
x40109                        1.000000
x31596                        1.000000
x31003                        1.000000
x31103                        1.000000
x33975                        1.000000
x1999                         1.000000
x1010                         1.000000
x1902                         1.000000
x12595                        1.000000
x31703                        1.000000
x32001                        1.000000
x30814                        1.000000
x32795                        1.000000
x31905                        1.000000
x1810                         1.000000
x12701                        1.000000
x13494                        1.000000
x22702                        1.000000
x19734                        1.000000
x43693                        1.000000
x43398                        1.000000
x2710                         1.000000
x18551                        1.000000
x23502                        1.000000
x22810                        1.000000
x22613                        1.000000
x4695                         1.000000
x42514                        1.000000
x16577                        1.000000
x14103                        1.000000
x44695                        1.000000
x38954                        1.000000
x6582                         1.000000
x4900                         1.000000
x5000                         1.000000
x5100                         1.000000
x5200                         1.000000
x6191                         1.000000
x27576                        1.000000
x45496                        1.000000
x39656                        1.000000
x44607                        1.000000
x15601                        1.000000
x18176                        1.000000
x4812                         1.000000
x6397                         1.000000
x6002                         1.000000
x6102                         1.000000
x42733                        1.000000
x16500                        1.000000
x7789                         1.000000
x17294                        1.000000
x15513                        1.000000
x5911                         1.000000
x27494                        1.000000
x27198                        1.000000
x17101                        1.000000
x16310                        1.000000
x17004                        1.000000
x18094                        1.000000
x27302                        1.000000
x23442                        1.000000
x6910                         1.000000
x23642                        1.000000
x26712                        1.000000
x28594                        1.000000
x27704                        1.000000
x10974                        1.000000
x17212                        1.000000
x38795                        1.000000
x37905                        1.000000
x38005                        1.000000
x14246                        1.000000
x38106                        1.000000
x24940                        1.000000
x38702                        1.000000
x38505                        1.000000
x38902                        1.000000
x38606                        1.000000
x31875                        1.000000
x39103                        1.000000
x39203                        1.000000
x38313                        1.000000
u2                            6.000000
u3                           87.000000
u4                           93.000000
u5                            2.000000
u6                           93.000000
u7                           92.000000
u8                           90.000000
u9                           91.000000
u11                          88.000000
u13                          92.000000
u14                           1.000000
u15                           5.000000
u16                          89.000000
u17                          88.000000
u18                          87.000000
u19                          91.000000
u20                          89.000000
u21                          90.000000
u22                          91.000000
u23                           4.000000
u24                           3.000000
u25                           6.000000
u26                           1.000000
u27                           2.000000
u28                          92.000000
u29                          90.000000
u30                          89.000000
u31                           2.000000
u32                           1.000000
u33                           7.000000
u34                           5.000000
u36                          90.000000
u37                          93.000000
u38                          88.000000
u39                           9.000000
u40                           8.000000
u41                           3.000000
u42                          86.000000
u43                           6.000000
u44                          85.000000
u45                          86.000000
u46                           4.000000
u47                          86.000000
u48                          85.000000
u49                          80.000000
u50                           7.000000
u51                           6.000000
u52                           5.000000
u53                           4.000000
u54                          90.000000
u55                          92.000000
u56                           3.000000
u57                          93.000000
u58                          83.000000
u59                           9.000000
u60                          81.000000
u61                           1.000000
u62                           2.000000
u63                           3.000000
u64                          91.000000
u66                           4.000000
u67                          84.000000
u68                           3.000000
u69                          84.000000
u70                          82.000000
u71                           5.000000
u72                          88.000000
u73                           6.000000
u74                           5.000000
u75                           7.000000
u76                           2.000000
u77                          87.000000
u78                          10.000000
u79                          83.000000
u80                           4.000000
u81                          89.000000
u82                          92.000000
u83                          93.000000
u84                           1.000000
u85                           8.000000
u86                          79.000000
u87                          80.000000
u88                          81.000000
u89                          87.000000
u90                          82.000000
u91                          91.000000
u92                          76.000000
u93                          77.000000
u94                           8.000000
u95                          78.000000
u96                           7.000000
u97                          85.000000
u98                          84.000000
u99                          83.000000
All other variables in the range 1-48609 are 0.
CPLEX> 