
Welcome to IBM(R) ILOG(R) CPLEX(R) Interactive Optimizer 12.7.1.0
  with Simplex, Mixed Integer & Barrier Optimizers
5725-A06 5725-A29 5724-Y48 5724-Y49 5724-Y54 5724-Y55 5655-Y21
Copyright IBM Corp. 1988, 2017.  All Rights Reserved.

Type 'help' for a list of available commands.
Type 'help' followed by a command name for more
information on commands.

CPLEX> New value for default parallel thread count: 1
CPLEX> New value for time limit in seconds: 3600
CPLEX> Problem 'tsp225_m11.lp' read.
Read time = 0.99 sec. (63.74 ticks)
CPLEX> CPXPARAM_TimeLimit                               3600
CPXPARAM_Threads                                 1
CPXPARAM_Read_APIEncoding                        "UTF-8"
Tried aggregator 1 time.
Reduced MIP has 52897 rows, 554625 columns, and 3416459 nonzeros.
Reduced MIP has 554400 binaries, 224 generals, 0 SOSs, and 0 indicators.
Presolve time = 1.50 sec. (1311.76 ticks)
Tried aggregator 1 time.
Reduced MIP has 52897 rows, 554625 columns, and 3416459 nonzeros.
Reduced MIP has 554400 binaries, 224 generals, 0 SOSs, and 0 indicators.
Presolve time = 2.95 sec. (1887.29 ticks)
Probing time = 0.61 sec. (187.55 ticks)
Cover probing fixed 0 vars, tightened 1 bounds.
Clique table members: 734484.
MIP emphasis: balance optimality and feasibility.
MIP search method: dynamic search.
Parallel mode: none, using 1 thread.
Root relaxation solution time = 473.40 sec. (555419.59 ticks)

        Nodes                                         Cuts/
   Node  Left     Objective  IInf  Best Integer    Best Bound    ItCnt     Gap

      0     0    41319.6661   553                  41319.6661    82152         
      0     0    43754.5221   778                   Cuts: 334    84162         
      0     0    43986.9248   758                   Cuts: 144    85492         
      0     0    44040.2657   689                   Cuts: 157    86281         
      0     0    44075.3182   672                   Cuts: 156    87653         
      0     0    44076.0000   730                   Cuts: 146    88329         
      0     0    44076.7045   778                   Cuts: 142    89104         
Heuristic still looking.
Heuristic still looking.
      0     2    44076.7045   567                  44076.7045    89104         
Elapsed time = 1801.55 sec. (2711722.15 ticks, tree = 0.01 MB, solutions = 0)
      1     3    44079.8864   566                  44076.7045    89340         
      2     4    44076.7045   605                  44076.7045    89537         
      3     5    44092.9647   562                  44076.7045    89972         
      4     6    44076.7045   605                  44076.7045    90299         
      5     7    44093.9773   586                  44076.7045    90689         
      6     8    44081.1214   587                  44079.8864    92223         
      7     9    44121.2300   588                  44079.8864    92438         
      8    10    44092.9647   587                  44079.8864    92849         
      9    11    44093.0262   566                  44079.8864    92936         
     10    12    44093.0262   567                  44079.8864    93044         
Elapsed time = 1865.59 sec. (2790137.86 ticks, tree = 7.09 MB, solutions = 0)
     11    13    44093.0262   562                  44079.8864    93171         
     12    14    45360.9507   569                  44079.8864    93636         
     13    15    44093.0262   554                  44079.8864    93743         
     14    16    44093.0262   557                  44079.8864    93850         
     15    17    44866.1736   581                  44079.8864    94504         
     16    18    44093.0262   582                  44079.8864    94600         
     17    19    44520.1817   570                  44079.8864    95050         
     18    20    44093.0262   597                  44079.8864    95160         
     19    21    45238.6190   588                  44079.8864    96173         
     20    22    44093.1698   589                  44079.8864    96392         
Elapsed time = 1897.82 sec. (2834746.67 ticks, tree = 16.08 MB, solutions = 0)
     21    23    44106.4370   627                  44079.8864    96605         
     22    24    44093.1698   612                  44079.8864    96710         
     23    25    44106.4370   606                  44079.8864    96919         
     24    26    44093.1698   598                  44079.8864    97028         
     25    27    44093.1698   620                  44079.8864    97131         
     26    28    44278.7361   888                  44079.8864    97916         
     27    29    44106.4370   623                  44079.8864    98123         
     28    30    44093.1698   589                  44079.8864    98237         
     29    31    44106.4370   563                  44079.8864    99307         
     30    32    44113.9424   607                  44079.8864   100695         
Elapsed time = 1931.25 sec. (2879907.89 ticks, tree = 23.44 MB, solutions = 0)
     32    34    44116.7469   599                  44079.8864   101251         
     34    36    44114.8965   601                  44079.8864   102575         
     36    38    44115.9884   647                  44079.8864   103271         
     38    40    44122.8913   585                  44079.8864   103812         
     40    42    44115.0886   640                  44079.8864   105259         
     41    43    44106.4370   552                  44079.8864   105385         
     42    44    44116.1873   593                  44079.8864   105911         
     43    45    44108.1795   811                  44079.8864   106535         
     45    47    44116.1873   593                  44079.8864   106652         
     46    48    44134.0464   602                  44079.8864   106744         
Elapsed time = 1969.09 sec. (2929988.47 ticks, tree = 36.53 MB, solutions = 0)
     47    49    44123.2028   538                  44079.8864   106934         
     48    50    44126.9234   566                  44079.8864   107079         
     49    51    44123.2028   571                  44079.8864   107175         
     50    52    44209.9851   638                  44079.8864   107586         
     51    53    44128.8646   656                  44079.8864   107922         
     52    54    44182.2273   715                  44079.8864   108108         
     53    55    44132.0762   836                  44079.8864   108715         
     54    56    44164.9498   625                  44079.8864   109263         
     56    58    44150.0523   676                  44079.8864   109534         
     57    59    44140.8964   683                  44079.8864   109605         
Elapsed time = 1992.96 sec. (2962333.06 ticks, tree = 46.35 MB, solutions = 0)
     58    60    44141.0197   643                  44079.8864   109750         
     59    61    44176.8493   612                  44079.8864   110696         
     61    63    44176.8493   616                  44079.8864   111495         
     63    65    44178.1096   616                  44079.8864   112452         
     65    67    44176.8493   604                  44079.8864   114544         
     67    69    44178.5746   700                  44079.8864   115292         
     72    74    44176.8493   570                  44079.8864   117019         
     74    76    44176.8493   609                  44079.8864   118274         
     77    79    44150.2925   562                  44079.8864   119352         
     78    80    44217.7268   546                  44079.8864   120852         
Elapsed time = 2075.66 sec. (3072361.76 ticks, tree = 63.53 MB, solutions = 0)
     79    81    44256.3649   554                  44079.8864   121688         
     80    82    44255.4134   563                  44079.8864   122121         
     81    83    44299.5202   576                  44079.8864   122921         
     82    84    44275.9999   584                  44079.8864   123152         
     83    85    44360.1466   656                  44079.8864   123430         
     85    87    44284.0594   546                  44079.8864   123667         
     86    88    44326.3311   586                  44079.8864   124636         
     87    89    44286.2850   561                  44079.8864   124819         
     88    90    44312.6848   608                  44079.8864   124950         
     89    91    44298.4798   592                  44079.8864   125177         
Elapsed time = 2109.15 sec. (3116970.49 ticks, tree = 72.54 MB, solutions = 0)
     90    92    44368.5389   593                  44079.8864   125324         
     91    93    44300.9646   575                  44079.8864   125533         
     92    94    44339.2522   633                  44079.8864   125895         
     93    95    44303.6923   588                  44079.8864   126118         
     94    96    44325.1731   601                  44079.8864   126526         
     95    97    44303.6923   593                  44079.8864   126625         
     96    98    44304.0109   587                  44079.8864   126764         
     97    99    44307.6452   573                  44079.8864   127021         
     98   100    44307.6452   564                  44079.8864   127240         
     99   101    44329.3675   565                  44079.8864   127447         
Elapsed time = 2168.79 sec. (3192712.99 ticks, tree = 79.92 MB, solutions = 0)
    101   103    44329.3675   555                  44079.8864   127552         
    102   104    44369.8445   546                  44079.8864   127777         
    103   105    44493.2493   573                  44079.8864   128052         
    104   106    44369.8445   550                  44079.8864   128175         
    105   107    44462.5343   526                  44079.8864   128831         
    106   108    44585.8634   560                  44079.8864   129099         
    107   109    44462.5343   526                  44079.8864   129214         
    108   110    44462.6381   560                  44079.8864   129398         
    109   111    44462.5343   534                  44079.8864   129578         
    110   112    44485.0176   520                  44079.8864   129857         
Elapsed time = 2187.93 sec. (3218471.15 ticks, tree = 89.76 MB, solutions = 0)
    111   113    44495.1320   549                  44079.8864   130482         
    113   115    44535.4110   572                  44079.8864   131290         
    114   116    44514.9093   552                  44079.8864   131939         
    115   115    infeasible                        44079.8864   132142         
    116   116    44522.3522   545                  44079.8864   132362         
    117   117    44588.6069   549                  44079.8864   132953         
    119   119    44655.6999   557                  44079.8864   133274         
    120   120    44590.4157   536                  44079.8864   133380         
    121   121    44618.9425   544                  44079.8864   133773         
    122   122    44595.4316   572                  44079.8864   134142         
Elapsed time = 2220.14 sec. (3261820.21 ticks, tree = 97.97 MB, solutions = 0)
    123   123    44638.6626   545                  44079.8864   134584         
    125   125    44676.3904   524                  44079.8864   134957         
    127   127    44774.7897   529                  44079.8864   135395         
    129   129    44774.7897   535                  44079.8864   135896         
    131   131    44774.7897   541                  44079.8864   136426         
    133   133    44790.4500   520                  44079.8864   136839         
    135   135    44721.2831   523                  44079.8864   137393         
    139   139    44721.2831   522                  44079.8864   137870         
    142   142    44686.2609   514                  44079.8864   138354         
    143   143    44777.0580   557                  44079.8864   138806         
Elapsed time = 2255.46 sec. (3309328.00 ticks, tree = 114.39 MB, solutions = 0)
    145   145    44748.1456   531                  44079.8864   139639         
    147   147    44721.2831   513                  44079.8864   140090         
    149   149    44761.1628   521                  44079.8864   140788         
    151   151    44747.0963   497                  44079.8864   141284         
    153   153    44749.5639   525                  44079.8864   141772         
    156   156    44990.6561   535                  44079.8864   142370         
    160   160    45063.0553   525                  44079.8864   143199         
    163   163    44994.3348   527                  44079.8864   143634         
    168   168    45071.4437   517                  44079.8864   144475         
    175   175    45152.9197   468                  44079.8864   145064         
Elapsed time = 2299.77 sec. (3367910.58 ticks, tree = 140.69 MB, solutions = 0)
    182   182    45174.0389   465                  44079.8864   145570         
    185   185    45241.9239   485                  44079.8864   146187         
    189   189    45207.5556   466                  44079.8864   146620         
    193   193    45234.3420   481                  44079.8864   147402         
    196   196    45253.5008   486                  44079.8864   147981         
    202   202    45262.2392   478                  44079.8864   148548         
    207   207    45258.9448   451                  44079.8864   149044         
    212   212    45266.8100   453                  44079.8864   149566         
    223   223    45269.4219   448                  44079.8864   150050         
    231   231    45309.5643   434                  44079.8864   150572         
Elapsed time = 2334.59 sec. (3412158.89 ticks, tree = 187.67 MB, solutions = 0)
    237   237    45321.0496   413                  44079.8864   151703         
    245   245    45361.9526   436                  44079.8864   152256         
    254   254    45376.6330   452                  44079.8864   152767         
    264   264    45365.3872   421                  44079.8864   153363         
    271   271    45361.6941   422                  44079.8864   153953         
    278   278    45381.6612   433                  44079.8864   154519         
    285   285    45397.9657   440                  44079.8864   155311         
    291   291    45440.5754   431                  44079.8864   156080         
    293   293    45465.3002   453                  44079.8864   157102         
    299   299    45526.5565   415                  44079.8864   157912         
Elapsed time = 2375.24 sec. (3462206.75 ticks, tree = 243.85 MB, solutions = 0)
    301   301    45619.5279   408                  44079.8864   158682         
    308   308    45599.5369   398                  44079.8864   159234         
    314   314    45623.1117   443                  44079.8864   160258         
    318   318    45765.3746   416                  44079.8864   161060         
    328   328    45630.6003   439                  44079.8864   161678         
    336   336    45643.0776   411                  44079.8864   162353         
    339   339    45837.1947   391                  44079.8864   163279         
    341   341    45713.4091   398                  44079.8864   164099         
    345   345    46636.7710   549                  44079.8864   214921         
    349   349    45873.4120   407                  44079.8864   216285         
Elapsed time = 2632.04 sec. (3746990.62 ticks, tree = 285.23 MB, solutions = 0)
    354   354    45981.0726   397                  44079.8864   217350         
    363   363    45848.3910   401                  44079.8864   218090         
    372   372    45867.0843   401                  44079.8864   218960         
    380   380    45974.7973   401                  44079.8864   219672         
    391   391    46142.0726   352                  44079.8864   220683         
    395   395    47402.6285   513                  44079.8864   231297         
    403   403    46375.9629   375                  44079.8864   232522         
    410   410    49582.5280   587                  44079.8864   257697         
    413   413    47057.3037   522                  44079.8864   261912         
    417   415    48263.6028   547                  44079.8864   288468         
Elapsed time = 2882.59 sec. (4025499.83 ticks, tree = 339.96 MB, solutions = 0)
    420   417    46900.8154   465                  44079.8864   355843         
    424   420    48071.4486   499                  44079.8864   356958         
    425   419    infeasible                        44079.8864   370760         
    426   420    48071.4486   525                  44079.8864   372145         
    427   420    48071.4486   494                  44079.8864   374711         
    432   425    52161.9813   586                  44079.8864   385858         
    434   427    52161.9813   567                  44079.8864   388538         
    437   429    52939.9065   545                  44079.8864   403417         
    438   430    52939.9065   503                  44079.8864   418073         
    441   433    52939.9065   520                  44079.8864   419110         
Elapsed time = 3302.67 sec. (4473913.62 ticks, tree = 354.06 MB, solutions = 0)
    442   434    52939.9065   540                  44079.8864   437608         
    447   439    52939.9065   574                  44079.8864   439534         
    448   440    52939.9065   478                  44079.8864   446578         
    449   441    52939.9065   522                  44079.8864   447675         
    450   442    52939.9065   519                  44079.8864   449315         
    451   443    52939.9065   564                  44079.8864   451333         
    452   444    52958.9486   515                  44079.8864   460713         
    453   445    52958.9486   583                  44079.8864   461846         
    454   446    52958.9486   637                  44079.8864   465420         
    455   447    52958.9486   538                  44079.8864   483246         
Elapsed time = 3491.96 sec. (4691668.40 ticks, tree = 366.50 MB, solutions = 0)
    458   450    52958.9486   539                  44079.8864   486350         
    459   451    52958.9486   502                  44079.8864   498552         
    460   452    52958.9486   494                  44079.8864   500218         
    461   453    52958.9486   513                  44079.8864   502637         
    462   454    52958.9486   522                  44079.8864   505106         
    463   455    52958.9486   591                  44079.8864   507360         
    464   456    52958.9486   490                  44079.8864   509826         

Clique cuts applied:  83
Implied bound cuts applied:  6
Mixed integer rounding cuts applied:  74
Zero-half cuts applied:  376
Gomory fractional cuts applied:  7

Root node processing (before b&c):
  Real time             = 1744.57 sec. (2680906.84 ticks)
Sequential b&c:
  Real time             = 1855.46 sec. (2147912.82 ticks)
                          ------------
Total (root+branch&cut) = 3600.03 sec. (4828819.66 ticks)


MIP - Time limit exceeded, no integer solution.
Current MIP best bound =  4.4079886364e+04 (gap is infinite)
Solution time = 3600.03 sec.  Iterations = 515132  Nodes = 465 (456)
Deterministic time = 4828821.25 ticks  (1341.33 ticks/sec)

CPLEX> No integer feasible solution exists.
CPLEX> 